Performing C++ SOURCE FILE Test COMPILER_SUPPORTS_AVX512 failed with the following output:
Change Dir: /Pav-S_ws/build/nav2_mppi_controller/CMakeFiles/CMakeTmp

Run Build Command(s):/usr/bin/gmake -f Makefile cmTC_3e08d/fast && /usr/bin/gmake  -f CMakeFiles/cmTC_3e08d.dir/build.make CMakeFiles/cmTC_3e08d.dir/build
gmake[1]: Entering directory '/Pav-S_ws/build/nav2_mppi_controller/CMakeFiles/CMakeTmp'
Building CXX object CMakeFiles/cmTC_3e08d.dir/src.cxx.o
/usr/bin/c++ -DCOMPILER_SUPPORTS_AVX512  -mno-avx512f -o CMakeFiles/cmTC_3e08d.dir/src.cxx.o -c /Pav-S_ws/build/nav2_mppi_controller/CMakeFiles/CMakeTmp/src.cxx
c++: error: unrecognized command-line option '-mno-avx512f'
gmake[1]: *** [CMakeFiles/cmTC_3e08d.dir/build.make:78: CMakeFiles/cmTC_3e08d.dir/src.cxx.o] Error 1
gmake[1]: Leaving directory '/Pav-S_ws/build/nav2_mppi_controller/CMakeFiles/CMakeTmp'
gmake: *** [Makefile:127: cmTC_3e08d/fast] Error 2


Source file was:
int main() { return 0; }
Performing C++ SOURCE FILE Test COMPILER_SUPPORTS_SSE4 failed with the following output:
Change Dir: /Pav-S_ws/build/nav2_mppi_controller/CMakeFiles/CMakeTmp

Run Build Command(s):/usr/bin/gmake -f Makefile cmTC_825db/fast && /usr/bin/gmake  -f CMakeFiles/cmTC_825db.dir/build.make CMakeFiles/cmTC_825db.dir/build
gmake[1]: Entering directory '/Pav-S_ws/build/nav2_mppi_controller/CMakeFiles/CMakeTmp'
Building CXX object CMakeFiles/cmTC_825db.dir/src.cxx.o
/usr/bin/c++ -DCOMPILER_SUPPORTS_SSE4  -msse4.2 -o CMakeFiles/cmTC_825db.dir/src.cxx.o -c /Pav-S_ws/build/nav2_mppi_controller/CMakeFiles/CMakeTmp/src.cxx
c++: error: unrecognized command-line option '-msse4.2'
gmake[1]: *** [CMakeFiles/cmTC_825db.dir/build.make:78: CMakeFiles/cmTC_825db.dir/src.cxx.o] Error 1
gmake[1]: Leaving directory '/Pav-S_ws/build/nav2_mppi_controller/CMakeFiles/CMakeTmp'
gmake: *** [Makefile:127: cmTC_825db/fast] Error 2


Source file was:
int main() { return 0; }
Performing C++ SOURCE FILE Test COMPILER_SUPPORTS_AVX2 failed with the following output:
Change Dir: /Pav-S_ws/build/nav2_mppi_controller/CMakeFiles/CMakeTmp

Run Build Command(s):/usr/bin/gmake -f Makefile cmTC_cd069/fast && /usr/bin/gmake  -f CMakeFiles/cmTC_cd069.dir/build.make CMakeFiles/cmTC_cd069.dir/build
gmake[1]: Entering directory '/Pav-S_ws/build/nav2_mppi_controller/CMakeFiles/CMakeTmp'
Building CXX object CMakeFiles/cmTC_cd069.dir/src.cxx.o
/usr/bin/c++ -DCOMPILER_SUPPORTS_AVX2  -mavx2 -o CMakeFiles/cmTC_cd069.dir/src.cxx.o -c /Pav-S_ws/build/nav2_mppi_controller/CMakeFiles/CMakeTmp/src.cxx
c++: error: unrecognized command-line option '-mavx2'
gmake[1]: *** [CMakeFiles/cmTC_cd069.dir/build.make:78: CMakeFiles/cmTC_cd069.dir/src.cxx.o] Error 1
gmake[1]: Leaving directory '/Pav-S_ws/build/nav2_mppi_controller/CMakeFiles/CMakeTmp'
gmake: *** [Makefile:127: cmTC_cd069/fast] Error 2


Source file was:
int main() { return 0; }
Performing C++ SOURCE FILE Test COMPILER_SUPPORTS_FMA failed with the following output:
Change Dir: /Pav-S_ws/build/nav2_mppi_controller/CMakeFiles/CMakeTmp

Run Build Command(s):/usr/bin/gmake -f Makefile cmTC_b3f9b/fast && /usr/bin/gmake  -f CMakeFiles/cmTC_b3f9b.dir/build.make CMakeFiles/cmTC_b3f9b.dir/build
gmake[1]: Entering directory '/Pav-S_ws/build/nav2_mppi_controller/CMakeFiles/CMakeTmp'
Building CXX object CMakeFiles/cmTC_b3f9b.dir/src.cxx.o
/usr/bin/c++ -DCOMPILER_SUPPORTS_FMA  -mfma -o CMakeFiles/cmTC_b3f9b.dir/src.cxx.o -c /Pav-S_ws/build/nav2_mppi_controller/CMakeFiles/CMakeTmp/src.cxx
c++: error: unrecognized command-line option '-mfma'
gmake[1]: *** [CMakeFiles/cmTC_b3f9b.dir/build.make:78: CMakeFiles/cmTC_b3f9b.dir/src.cxx.o] Error 1
gmake[1]: Leaving directory '/Pav-S_ws/build/nav2_mppi_controller/CMakeFiles/CMakeTmp'
gmake: *** [Makefile:127: cmTC_b3f9b/fast] Error 2


Source file was:
int main() { return 0; }
