[35m[1mConsolidate compiler generated dependencies of target dynamic_speed_controller[0m
[35m[1mConsolidate compiler generated dependencies of target stop_line_detection[0m
[35m[1mConsolidate compiler generated dependencies of target navigation_behavior_nodes[0m
[35m[1mConsolidate compiler generated dependencies of target cruise_perception_navigator[0m
[ 12%] [32m[1mLinking CXX executable dynamic_speed_controller[0m
[ 25%] [32m[1mLinking CXX executable stop_line_detection[0m
[ 37%] [32m[1mLinking CXX executable cruise_perception_navigator[0m
[ 50%] [32mBuilding CXX object CMakeFiles/navigation_behavior_nodes.dir/src/navigation_behavior_nodes.cpp.o[0m
[ 62%] [32m[1mLinking CXX executable navigation_behavior_nodes[0m
/usr/bin/ld: /usr/lib/gcc/aarch64-linux-gnu/11/../../../aarch64-linux-gnu/Scrt1.o: in function `_start':
(.text+0x1c): undefined reference to `main'
/usr/bin/ld: (.text+0x20): undefined reference to `main'
collect2: error: ld returned 1 exit status
gmake[2]: *** [CMakeFiles/stop_line_detection.dir/build.make:553: stop_line_detection] Error 1
gmake[1]: *** [CMakeFiles/Makefile2:143: CMakeFiles/stop_line_detection.dir/all] Error 2
gmake[1]: *** Waiting for unfinished jobs....
/usr/bin/ld: /usr/lib/gcc/aarch64-linux-gnu/11/../../../aarch64-linux-gnu/Scrt1.o: in function `_start':
(.text+0x1c): undefined reference to `main'
/usr/bin/ld: (.text+0x20): undefined reference to `main'
collect2: error: ld returned 1 exit status
gmake[2]: *** [CMakeFiles/dynamic_speed_controller.dir/build.make:553: dynamic_speed_controller] Error 1
gmake[1]: *** [CMakeFiles/Makefile2:169: CMakeFiles/dynamic_speed_controller.dir/all] Error 2
/usr/bin/ld: /usr/lib/gcc/aarch64-linux-gnu/11/../../../aarch64-linux-gnu/Scrt1.o: in function `_start':
(.text+0x1c): undefined reference to `main'
/usr/bin/ld: (.text+0x20): undefined reference to `main'
collect2: error: ld returned 1 exit status
gmake[2]: *** [CMakeFiles/cruise_perception_navigator.dir/build.make:553: cruise_perception_navigator] Error 1
gmake[1]: *** [CMakeFiles/Makefile2:195: CMakeFiles/cruise_perception_navigator.dir/all] Error 2
/usr/bin/ld: /usr/lib/gcc/aarch64-linux-gnu/11/../../../aarch64-linux-gnu/Scrt1.o: in function `_start':
(.text+0x1c): undefined reference to `main'
/usr/bin/ld: (.text+0x20): undefined reference to `main'
collect2: error: ld returned 1 exit status
gmake[2]: *** [CMakeFiles/navigation_behavior_nodes.dir/build.make:553: navigation_behavior_nodes] Error 1
gmake[1]: *** [CMakeFiles/Makefile2:221: CMakeFiles/navigation_behavior_nodes.dir/all] Error 2
gmake: *** [Makefile:146: all] Error 2
