[0.039s] Invoking command in '/Pav-S_ws/build/navigation_manager': CMAKE_PREFIX_PATH=/Pav-S_ws/install/nav2_msgs:/Pav-S_ws/install/nav2_common:/Pav-S_ws/install/nav2_behavior_tree:/Pav-S_ws/install/nav2_dwb_controller:/Pav-S_ws/install/nav2_controller:/Pav-S_ws/install/nav2_planner:/Pav-S_ws/install/dwb_plugins:/Pav-S_ws/install/dwb_critics:/Pav-S_ws/install/dwb_core:/Pav-S_ws/install/nav_2d_utils:/Pav-S_ws/install/nav2_core:/Pav-S_ws/install/costmap_queue:/Pav-S_ws/install/nav2_costmap_2d:/Pav-S_ws/install/nav2_map_server:/Pav-S_ws/install/nav2_lifecycle_manager:/ws_livox/install/pointcloud_to_laserscan:/ws_livox/install/livox_ros_driver2:/Pav-S_ws/install/wheeltec_robot_urdf:/Pav-S_ws/install/turn_on_wheeltec_robot:/Pav-S_ws/install/wheeltec_robot_msg:/Pav-S_ws/install/usb_cam:/Pav-S_ws/install/serial:/Pav-S_ws/install/robot_kcf:/Pav-S_ws/install/dwb_msgs:/Pav-S_ws/install/nav_2d_msgs:/Pav-S_ws/install/nav2_voxel_grid:/Pav-S_ws/install/nav2_util:/Pav-S_ws/install/libuvc:/Pav-S_ws/install/fast_lio:/Pav-S_ws/install/astra_camera:/Pav-S_ws/install/astra_camera_msgs:/Pav-S_ws/install/yolo_detector:/Pav-S_ws/install/yolov5_lib:/Pav-S_ws/install/nav2_simple_commander:/opt/ros/humble LD_LIBRARY_PATH=/Pav-S_ws/install/nav2_msgs/lib:/Pav-S_ws/install/nav2_behavior_tree/lib:/Pav-S_ws/install/nav2_controller/lib:/Pav-S_ws/install/nav2_planner/lib:/Pav-S_ws/install/dwb_plugins/lib:/Pav-S_ws/install/dwb_critics/lib:/Pav-S_ws/install/dwb_core/lib:/Pav-S_ws/install/nav_2d_utils/lib:/Pav-S_ws/install/costmap_queue/lib:/Pav-S_ws/install/nav2_costmap_2d/lib:/Pav-S_ws/install/nav2_map_server/lib:/Pav-S_ws/install/nav2_lifecycle_manager/lib:/usr/local/cuda-12.2/lib64:/ws_livox/install/pointcloud_to_laserscan/lib:/ws_livox/install/livox_ros_driver2/lib:/Pav-S_ws/install/turn_on_wheeltec_robot/lib:/Pav-S_ws/install/wheeltec_robot_msg/lib:/Pav-S_ws/install/usb_cam/lib:/Pav-S_ws/install/serial/lib:/Pav-S_ws/install/dwb_msgs/lib:/Pav-S_ws/install/nav_2d_msgs/lib:/Pav-S_ws/install/nav2_voxel_grid/lib:/Pav-S_ws/install/nav2_util/lib:/Pav-S_ws/install/libuvc/lib:/Pav-S_ws/install/fast_lio/lib:/Pav-S_ws/install/astra_camera/lib:/Pav-S_ws/install/astra_camera_msgs/lib:/opt/ros/humble/opt/rviz_ogre_vendor/lib:/opt/ros/humble/lib/aarch64-linux-gnu:/opt/ros/humble/lib:/usr/local/cuda-12.2/lib64 /usr/bin/cmake --build /Pav-S_ws/build/navigation_manager -- -j6 -l6
[0.187s] [ 12%] [32mBuilding CXX object CMakeFiles/dynamic_speed_controller.dir/src/dynamic_speed_controller.cpp.o[0m
[0.199s] [ 37%] [32mBuilding CXX object CMakeFiles/navigation_behavior_nodes.dir/src/navigation_behavior_nodes.cpp.o[0m
[0.200s] [ 37%] [32mBuilding CXX object CMakeFiles/stop_line_detection.dir/src/stop_line_detection.cpp.o[0m
[0.205s] [ 50%] [32mBuilding CXX object CMakeFiles/cruise_perception_navigator.dir/src/cruise_perception_navigator.cpp.o[0m
[0.886s] In file included from [01m[K/Pav-S_ws/src/navigation2-humble/navigation_manager/src/cruise_perception_navigator.cpp:11[m[K:
[0.886s] [01m[K/opt/ros/humble/include/tf2_geometry_msgs/tf2_geometry_msgs/tf2_geometry_msgs.h:35:2:[m[K [01;35m[Kwarning: [m[K#warning This header is obsolete, please include tf2_geometry_msgs/tf2_geometry_msgs.hpp instead [[01;35m[K]8;;https://gcc.gnu.org/onlinedocs/gcc/Warning-Options.html#index-Wcpp-Wcpp]8;;[m[K]
[0.886s]    35 | #[01;35m[Kwarning[m[K This header is obsolete, please include tf2_geometry_msgs/tf2_geometry_msgs.hpp instead
[0.887s]       |  [01;35m[K^~~~~~~[m[K
[1.000s] In file included from [01m[K/Pav-S_ws/src/navigation2-humble/navigation_manager/src/stop_line_detection.cpp:14[m[K:
[1.001s] [01m[K/opt/ros/humble/include/tf2_geometry_msgs/tf2_geometry_msgs/tf2_geometry_msgs.h:35:2:[m[K [01;35m[Kwarning: [m[K#warning This header is obsolete, please include tf2_geometry_msgs/tf2_geometry_msgs.hpp instead [[01;35m[K]8;;https://gcc.gnu.org/onlinedocs/gcc/Warning-Options.html#index-Wcpp-Wcpp]8;;[m[K]
[1.001s]    35 | #[01;35m[Kwarning[m[K This header is obsolete, please include tf2_geometry_msgs/tf2_geometry_msgs.hpp instead
[1.001s]       |  [01;35m[K^~~~~~~[m[K
[1.005s] [01m[K/Pav-S_ws/src/navigation2-humble/navigation_manager/src/dynamic_speed_controller.cpp:11:10:[m[K [01;31m[Kfatal error: [m[Knav2_dwb_controller/dwb_controller.hpp: No such file or directory
[1.005s]    11 | #include [01;31m[K<nav2_dwb_controller/dwb_controller.hpp>[m[K
[1.005s]       |          [01;31m[K^~~~~~~~~~~~~~~~~~~~~~~~~~~~~~~~~~~~~~~~[m[K
[1.005s] compilation terminated.
[1.011s] gmake[2]: *** [CMakeFiles/dynamic_speed_controller.dir/build.make:76: CMakeFiles/dynamic_speed_controller.dir/src/dynamic_speed_controller.cpp.o] Error 1
[1.011s] gmake[1]: *** [CMakeFiles/Makefile2:169: CMakeFiles/dynamic_speed_controller.dir/all] Error 2
[1.011s] gmake[1]: *** Waiting for unfinished jobs....
[7.889s] [01m[K/Pav-S_ws/src/navigation2-humble/navigation_manager/src/stop_line_detection.cpp:143:26:[m[K [01;31m[Kerror: [m[Kâ€˜[01m[Knav_msgs[m[Kâ€™ was not declared in this scope; did you mean â€˜[01m[Knav2_msgs[m[Kâ€™?
[7.889s]   143 |     rclcpp::Subscription<[01;31m[Knav_msgs[m[K::msg::Odometry>::SharedPtr odom_sub_;
[7.889s]       |                          [01;31m[K^~~~~~~~[m[K
[7.890s]       |                          [32m[Knav2_msgs[m[K
[7.890s] [01m[K/Pav-S_ws/src/navigation2-humble/navigation_manager/src/stop_line_detection.cpp:143:49:[m[K [01;31m[Kerror: [m[Ktemplate argument 1 is invalid
[7.890s]   143 |     rclcpp::Subscription<nav_msgs::msg::Odometry[01;31m[K>[m[K::SharedPtr odom_sub_;
[7.890s]       |                                                 [01;31m[K^[m[K
[7.890s] [01m[K/Pav-S_ws/src/navigation2-humble/navigation_manager/src/stop_line_detection.cpp:143:49:[m[K [01;31m[Kerror: [m[Ktemplate argument 3 is invalid
[7.890s] [01m[K/Pav-S_ws/src/navigation2-humble/navigation_manager/src/stop_line_detection.cpp:143:49:[m[K [01;31m[Kerror: [m[Ktemplate argument 4 is invalid
[7.890s] [01m[K/Pav-S_ws/src/navigation2-humble/navigation_manager/src/stop_line_detection.cpp:143:49:[m[K [01;31m[Kerror: [m[Ktemplate argument 5 is invalid
[7.890s] [01m[K/Pav-S_ws/src/navigation2-humble/navigation_manager/src/stop_line_detection.cpp:143:52:[m[K [01;31m[Kerror: [m[Kexpected â€˜[01m[K;[m[Kâ€™ at end of member declaration
[7.890s]   143 |     rclcpp::Subscription<nav_msgs::msg::Odometry>::[01;31m[KSharedPtr[m[K odom_sub_;
[7.891s]       |                                                    [01;31m[K^~~~~~~~~[m[K
[7.891s]       |                                                             [32m[K;[m[K
[7.894s] [01m[K/Pav-S_ws/src/navigation2-humble/navigation_manager/src/stop_line_detection.cpp:143:62:[m[K [01;31m[Kerror: [m[Kâ€˜[01m[Kodom_sub_[m[Kâ€™ does not name a type
[7.894s]   143 |     rclcpp::Subscription<nav_msgs::msg::Odometry>::SharedPtr [01;31m[Kodom_sub_[m[K;
[7.895s]       |                                                              [01;31m[K^~~~~~~~~[m[K
[7.942s] [01m[K/Pav-S_ws/src/navigation2-humble/navigation_manager/src/stop_line_detection.cpp:[m[K In constructor â€˜[01m[KStopLineDetection::StopLineDetection()[m[Kâ€™:
[7.943s] [01m[K/Pav-S_ws/src/navigation2-humble/navigation_manager/src/stop_line_detection.cpp:32:9:[m[K [01;31m[Kerror: [m[Kâ€˜[01m[Kodom_sub_[m[Kâ€™ was not declared in this scope
[7.943s]    32 |         [01;31m[Kodom_sub_[m[K = create_subscription<nav_msgs::msg::Odometry>(
[7.943s]       |         [01;31m[K^~~~~~~~~[m[K
[7.959s] [01m[K/Pav-S_ws/src/navigation2-humble/navigation_manager/src/stop_line_detection.cpp:32:41:[m[K [01;31m[Kerror: [m[Kâ€˜[01m[Knav_msgs[m[Kâ€™ was not declared in this scope; did you mean â€˜[01m[Knav2_msgs[m[Kâ€™?
[7.959s]    32 |         odom_sub_ = create_subscription<[01;31m[Knav_msgs[m[K::msg::Odometry>(
[7.959s]       |                                         [01;31m[K^~~~~~~~[m[K
[7.959s]       |                                         [32m[Knav2_msgs[m[K
[7.960s] [01m[K/Pav-S_ws/src/navigation2-humble/navigation_manager/src/stop_line_detection.cpp:32:21:[m[K [01;31m[Kerror: [m[Kparse error in template argument list
[7.960s]    32 |         odom_sub_ = [01;31m[Kcreate_subscription<nav_msgs::msg::Odometry>[m[K(
[7.960s]       |                     [01;31m[K^~~~~~~~~~~~~~~~~~~~~~~~~~~~~~~~~~~~~~~~~~~~[m[K
[7.963s] [01m[K/Pav-S_ws/src/navigation2-humble/navigation_manager/src/stop_line_detection.cpp:34:26:[m[K [01;31m[Kerror: [m[Kâ€˜[01m[Knav_msgs[m[Kâ€™ does not name a type
[7.964s]    34 |             [this](const [01;31m[Knav_msgs[m[K::msg::Odometry::SharedPtr msg) {
[7.964s]       |                          [01;31m[K^~~~~~~~[m[K
[7.964s] [01m[K/Pav-S_ws/src/navigation2-humble/navigation_manager/src/stop_line_detection.cpp:[m[K In lambda function:
[7.964s] [01m[K/Pav-S_ws/src/navigation2-humble/navigation_manager/src/stop_line_detection.cpp:36:15:[m[K [01;31m[Kerror: [m[Kexpected â€˜[01m[K{[m[Kâ€™ before â€˜[01m[K;[m[Kâ€™ token
[7.964s]    36 |             })[01;31m[K;[m[K
[7.964s]       |               [01;31m[K^[m[K
[7.964s] [01m[K/Pav-S_ws/src/navigation2-humble/navigation_manager/src/stop_line_detection.cpp:[m[K In constructor â€˜[01m[KStopLineDetection::StopLineDetection()[m[Kâ€™:
[7.965s] [01m[K/Pav-S_ws/src/navigation2-humble/navigation_manager/src/stop_line_detection.cpp:36:15:[m[K [01;31m[Kerror: [m[Kexpected â€˜[01m[K)[m[Kâ€™ before â€˜[01m[K;[m[Kâ€™ token
[7.965s] [01m[K/Pav-S_ws/src/navigation2-humble/navigation_manager/src/stop_line_detection.cpp:32:65:[m[K [01;36m[Knote: [m[Kto match this â€˜[01m[K([m[Kâ€™
[7.965s]    32 |         odom_sub_ = create_subscription<nav_msgs::msg::Odometry>[01;36m[K([m[K
[7.965s]       |                                                                 [01;36m[K^[m[K
[7.974s] [01m[K/Pav-S_ws/src/navigation2-humble/navigation_manager/src/navigation_behavior_nodes.cpp:[m[K In lambda function:
[7.974s] [01m[K/Pav-S_ws/src/navigation2-humble/navigation_manager/src/navigation_behavior_nodes.cpp:26:47:[m[K [01;31m[Kerror: [m[Kâ€˜[01m[Kusing element_type = struct std_msgs::msg::String_<std::allocator<void> >[m[Kâ€™ {aka â€˜[01m[Kstruct std_msgs::msg::String_<std::allocator<void> >[m[Kâ€™} has no member named â€˜[01m[Kstring[m[Kâ€™; did you mean â€˜[01m[KString_[m[Kâ€™?
[7.974s]    26 |                 last_stop_line_signal_ = msg->[01;31m[Kstring[m[K;
[7.974s]       |                                               [01;31m[K^~~~~~[m[K
[7.974s]       |                                               [32m[KString_[m[K
[7.993s] [01m[K/Pav-S_ws/src/navigation2-humble/navigation_manager/src/navigation_behavior_nodes.cpp:[m[K At global scope:
[7.994s] [01m[K/Pav-S_ws/src/navigation2-humble/navigation_manager/src/navigation_behavior_nodes.cpp:224:41:[m[K [01;31m[Kerror: [m[Kâ€˜[01m[KFloat32[m[Kâ€™ is not a member of â€˜[01m[Kstd_msgs::msg[m[Kâ€™
[7.994s]   224 |     rclcpp::Subscription<std_msgs::msg::[01;31m[KFloat32[m[K>::SharedPtr obstacle_distance_sub_;
[7.994s]       |                                         [01;31m[K^~~~~~~[m[K
[7.994s] [01m[K/Pav-S_ws/src/navigation2-humble/navigation_manager/src/navigation_behavior_nodes.cpp:224:48:[m[K [01;31m[Kerror: [m[Ktemplate argument 1 is invalid
[7.994s]   224 |     rclcpp::Subscription<std_msgs::msg::Float32[01;31m[K>[m[K::SharedPtr obstacle_distance_sub_;
[7.994s]       |                                                [01;31m[K^[m[K
[7.994s] [01m[K/Pav-S_ws/src/navigation2-humble/navigation_manager/src/navigation_behavior_nodes.cpp:224:48:[m[K [01;31m[Kerror: [m[Ktemplate argument 3 is invalid
[7.995s] [01m[K/Pav-S_ws/src/navigation2-humble/navigation_manager/src/navigation_behavior_nodes.cpp:224:48:[m[K [01;31m[Kerror: [m[Ktemplate argument 4 is invalid
[7.995s] [01m[K/Pav-S_ws/src/navigation2-humble/navigation_manager/src/navigation_behavior_nodes.cpp:224:48:[m[K [01;31m[Kerror: [m[Ktemplate argument 5 is invalid
[7.995s] [01m[K/Pav-S_ws/src/navigation2-humble/navigation_manager/src/navigation_behavior_nodes.cpp:224:51:[m[K [01;31m[Kerror: [m[Kexpected â€˜[01m[K;[m[Kâ€™ at end of member declaration
[7.995s]   224 |     rclcpp::Subscription<std_msgs::msg::Float32>::[01;31m[KSharedPtr[m[K obstacle_distance_sub_;
[7.995s]       |                                                   [01;31m[K^~~~~~~~~[m[K
[7.995s]       |                                                            [32m[K;[m[K
[7.995s] [01m[K/Pav-S_ws/src/navigation2-humble/navigation_manager/src/stop_line_detection.cpp:[m[K In member function â€˜[01m[Kvoid StopLineDetection::stopSmoothParking()[m[Kâ€™:
[7.995s] [01m[K/Pav-S_ws/src/navigation2-humble/navigation_manager/src/stop_line_detection.cpp:134:34:[m[K [01;31m[Kerror: [m[Kexpected primary-expression before â€˜[01m[K>[m[Kâ€™ token
[7.996s]   134 |             stop_completed.data =[01;31m[K>[m[K false;
[7.996s]       |                                  [01;31m[K^[m[K
[7.996s] [01m[K/Pav-S_ws/src/navigation2-humble/navigation_manager/src/stop_line_detection.cpp:[m[K At global scope:
[7.996s] [01m[K/Pav-S_ws/src/navigation2-humble/navigation_manager/src/stop_line_detection.cpp:160:65:[m[K [01;31m[Kerror: [m[Kexpected template-name before â€˜[01m[K<[m[Kâ€™ token
[7.996s]   160 | class StopLineBehavior : public nav2_behavior_tree::BtActionNode[01;31m[K<[m[KNavigateToPose>
[7.996s]       |                                                                 [01;31m[K^[m[K
[7.996s] [01m[K/Pav-S_ws/src/navigation2-humble/navigation_manager/src/stop_line_detection.cpp:160:65:[m[K [01;31m[Kerror: [m[Kexpected â€˜[01m[K{[m[Kâ€™ before â€˜[01m[K<[m[Kâ€™ token
[7.996s] [01m[K/Pav-S_ws/src/navigation2-humble/navigation_manager/src/stop_line_detection.cpp:160:65:[m[K [01;31m[Kerror: [m[Kexpected unqualified-id before â€˜[01m[K<[m[Kâ€™ token
[8.004s] [01m[K/Pav-S_ws/src/navigation2-humble/navigation_manager/src/navigation_behavior_nodes.cpp:224:61:[m[K [01;31m[Kerror: [m[Kâ€˜[01m[Kobstacle_distance_sub_[m[Kâ€™ does not name a type
[8.004s]   224 |     rclcpp::Subscription<std_msgs::msg::Float32>::SharedPtr [01;31m[Kobstacle_distance_sub_[m[K;
[8.004s]       |                                                             [01;31m[K^~~~~~~~~~~~~~~~~~~~~~[m[K
[8.027s] [01m[K/Pav-S_ws/src/navigation2-humble/navigation_manager/src/navigation_behavior_nodes.cpp:[m[K In constructor â€˜[01m[KDynamicSpeedAdjustNode::DynamicSpeedAdjustNode(const string&, const BT::NodeConfiguration&)[m[Kâ€™:
[8.027s] [01m[K/Pav-S_ws/src/navigation2-humble/navigation_manager/src/navigation_behavior_nodes.cpp:137:9:[m[K [01;31m[Kerror: [m[Kâ€˜[01m[Kobstacle_distance_sub_[m[Kâ€™ was not declared in this scope; did you mean â€˜[01m[Kobstacle_distance_[m[Kâ€™?
[8.027s]   137 |         [01;31m[Kobstacle_distance_sub_[m[K = node_->create_subscription<std_msgs::msg::Float32>(
[8.028s]       |         [01;31m[K^~~~~~~~~~~~~~~~~~~~~~[m[K
[8.028s]       |         [32m[Kobstacle_distance_[m[K
[8.029s] [01m[K/Pav-S_ws/src/navigation2-humble/navigation_manager/src/navigation_behavior_nodes.cpp:137:76:[m[K [01;31m[Kerror: [m[Kâ€˜[01m[KFloat32[m[Kâ€™ is not a member of â€˜[01m[Kstd_msgs::msg[m[Kâ€™
[8.029s]   137 |         obstacle_distance_sub_ = node_->create_subscription<std_msgs::msg::[01;31m[KFloat32[m[K>(
[8.030s]       |                                                                            [01;31m[K^~~~~~~[m[K
[8.030s] [01m[K/Pav-S_ws/src/navigation2-humble/navigation_manager/src/navigation_behavior_nodes.cpp:139:41:[m[K [01;31m[Kerror: [m[Kâ€˜[01m[KFloat32[m[Kâ€™ in namespace â€˜[01m[Kstd_msgs::msg[m[Kâ€™ does not name a type
[8.030s]   139 |             [this](const std_msgs::msg::[01;31m[KFloat32[m[K::SharedPtr msg) {
[8.030s]       |                                         [01;31m[K^~~~~~~[m[K
[8.030s] [01m[K/Pav-S_ws/src/navigation2-humble/navigation_manager/src/navigation_behavior_nodes.cpp:[m[K In lambda function:
[8.030s] [01m[K/Pav-S_ws/src/navigation2-humble/navigation_manager/src/navigation_behavior_nodes.cpp:141:15:[m[K [01;31m[Kerror: [m[Kexpected â€˜[01m[K{[m[Kâ€™ before â€˜[01m[K;[m[Kâ€™ token
[8.030s]   141 |             })[01;31m[K;[m[K
[8.030s]       |               [01;31m[K^[m[K
[8.031s] [01m[K/Pav-S_ws/src/navigation2-humble/navigation_manager/src/navigation_behavior_nodes.cpp:[m[K In constructor â€˜[01m[KDynamicSpeedAdjustNode::DynamicSpeedAdjustNode(const string&, const BT::NodeConfiguration&)[m[Kâ€™:
[8.031s] [01m[K/Pav-S_ws/src/navigation2-humble/navigation_manager/src/navigation_behavior_nodes.cpp:141:15:[m[K [01;31m[Kerror: [m[Kexpected â€˜[01m[K)[m[Kâ€™ before â€˜[01m[K;[m[Kâ€™ token
[8.031s] [01m[K/Pav-S_ws/src/navigation2-humble/navigation_manager/src/navigation_behavior_nodes.cpp:137:84:[m[K [01;36m[Knote: [m[Kto match this â€˜[01m[K([m[Kâ€™
[8.031s]   137 |         obstacle_distance_sub_ = node_->create_subscription<std_msgs::msg::Float32>[01;36m[K([m[K
[8.031s]       |                                                                                    [01;36m[K^[m[K
[8.478s] In file included from [01m[K/usr/include/c++/11/bits/move.h:57[m[K,
[8.478s]                  from [01m[K/usr/include/c++/11/bits/stl_pair.h:59[m[K,
[8.479s]                  from [01m[K/usr/include/c++/11/bits/stl_algobase.h:64[m[K,
[8.479s]                  from [01m[K/usr/include/c++/11/memory:63[m[K,
[8.479s]                  from [01m[K/opt/ros/humble/include/rclcpp/rclcpp/rclcpp.hpp:153[m[K,
[8.479s]                  from [01m[K/Pav-S_ws/src/navigation2-humble/navigation_manager/src/stop_line_detection.cpp:6[m[K:
[8.479s] /usr/include/c++/11/type_traits: In instantiation of â€˜[01m[Kstruct std::is_base_of<BT::ActionNodeBase, StopLineBehavior>[m[Kâ€™:
[8.479s] [01m[K/opt/ros/humble/include/behaviortree_cpp_v3/bt_factory.h:366:55:[m[K   required from â€˜[01m[Kvoid BT::BehaviorTreeFactory::registerNodeType(const string&) [with T = StopLineBehavior; std::string = std::__cxx11::basic_string<char>][m[Kâ€™
[8.479s] [01m[K/Pav-S_ws/src/navigation2-humble/navigation_manager/src/stop_line_detection.cpp:202:47:[m[K   required from here
[8.480s] [01m[K/usr/include/c++/11/type_traits:1422:38:[m[K [01;31m[Kerror: [m[Kinvalid use of incomplete type â€˜[01m[Kclass StopLineBehavior[m[Kâ€™
[8.480s]  1422 |     : public integral_constant<bool, [01;31m[K__is_base_of(_Base, _Derived)[m[K>
[8.480s]       |                                      [01;31m[K^~~~~~~~~~~~~~~~~~~~~~~~~~~~~[m[K
[8.480s] [01m[K/Pav-S_ws/src/navigation2-humble/navigation_manager/src/stop_line_detection.cpp:160:7:[m[K [01;36m[Knote: [m[Kforward declaration of â€˜[01m[Kclass StopLineBehavior[m[Kâ€™
[8.480s]   160 | class [01;36m[KStopLineBehavior[m[K : public nav2_behavior_tree::BtActionNode<NavigateToPose>
[8.480s]       |       [01;36m[K^~~~~~~~~~~~~~~~[m[K
[8.480s] In file included from [01m[K/Pav-S_ws/install/nav2_behavior_tree/include/nav2_behavior_tree/behavior_tree_engine.hpp:24[m[K,
[8.481s]                  from [01m[K/Pav-S_ws/install/nav2_behavior_tree/include/nav2_behavior_tree/bt_action_server.hpp:23[m[K,
[8.481s]                  from [01m[K/Pav-S_ws/src/navigation2-humble/navigation_manager/src/stop_line_detection.cpp:11[m[K:
[8.482s] /opt/ros/humble/include/behaviortree_cpp_v3/bt_factory.h: In instantiation of â€˜[01m[Kvoid BT::BehaviorTreeFactory::registerNodeType(const string&) [with T = StopLineBehavior; std::string = std::__cxx11::basic_string<char>][m[Kâ€™:
[8.482s] [01m[K/Pav-S_ws/src/navigation2-humble/navigation_manager/src/stop_line_detection.cpp:202:47:[m[K   required from here
[8.482s] [01m[K/opt/ros/humble/include/behaviortree_cpp_v3/bt_factory.h:366:55:[m[K [01;31m[Kerror: [m[Kâ€˜[01m[Kvalue[m[Kâ€™ is not a member of â€˜[01m[Kstd::is_base_of<BT::ActionNodeBase, StopLineBehavior>[m[Kâ€™
[8.482s]   366 |     static_assert(std::is_base_of<ActionNodeBase, T>::[01;31m[Kvalue[m[K ||
[8.482s]       |                                                       [01;31m[K^~~~~[m[K
[8.482s] In file included from [01m[K/usr/include/c++/11/bits/move.h:57[m[K,
[8.482s]                  from [01m[K/usr/include/c++/11/bits/stl_pair.h:59[m[K,
[8.483s]                  from [01m[K/usr/include/c++/11/bits/stl_algobase.h:64[m[K,
[8.483s]                  from [01m[K/usr/include/c++/11/memory:63[m[K,
[8.483s]                  from [01m[K/opt/ros/humble/include/rclcpp/rclcpp/rclcpp.hpp:153[m[K,
[8.483s]                  from [01m[K/Pav-S_ws/src/navigation2-humble/navigation_manager/src/stop_line_detection.cpp:6[m[K:
[8.483s] /usr/include/c++/11/type_traits: In instantiation of â€˜[01m[Kstruct std::is_base_of<BT::ControlNode, StopLineBehavior>[m[Kâ€™:
[8.483s] [01m[K/opt/ros/humble/include/behaviortree_cpp_v3/bt_factory.h:367:56:[m[K   required from â€˜[01m[Kvoid BT::BehaviorTreeFactory::registerNodeType(const string&) [with T = StopLineBehavior; std::string = std::__cxx11::basic_string<char>][m[Kâ€™
[8.483s] [01m[K/Pav-S_ws/src/navigation2-humble/navigation_manager/src/stop_line_detection.cpp:202:47:[m[K   required from here
[8.483s] [01m[K/usr/include/c++/11/type_traits:1422:38:[m[K [01;31m[Kerror: [m[Kinvalid use of incomplete type â€˜[01m[Kclass StopLineBehavior[m[Kâ€™
[8.484s]  1422 |     : public integral_constant<bool, [01;31m[K__is_base_of(_Base, _Derived)[m[K>
[8.484s]       |                                      [01;31m[K^~~~~~~~~~~~~~~~~~~~~~~~~~~~~[m[K
[8.484s] [01m[K/Pav-S_ws/src/navigation2-humble/navigation_manager/src/stop_line_detection.cpp:160:7:[m[K [01;36m[Knote: [m[Kforward declaration of â€˜[01m[Kclass StopLineBehavior[m[Kâ€™
[8.484s]   160 | class [01;36m[KStopLineBehavior[m[K : public nav2_behavior_tree::BtActionNode<NavigateToPose>
[8.484s]       |       [01;36m[K^~~~~~~~~~~~~~~~[m[K
[8.484s] In file included from [01m[K/Pav-S_ws/install/nav2_behavior_tree/include/nav2_behavior_tree/behavior_tree_engine.hpp:24[m[K,
[8.484s]                  from [01m[K/Pav-S_ws/install/nav2_behavior_tree/include/nav2_behavior_tree/bt_action_server.hpp:23[m[K,
[8.484s]                  from [01m[K/Pav-S_ws/src/navigation2-humble/navigation_manager/src/stop_line_detection.cpp:11[m[K:
[8.484s] /opt/ros/humble/include/behaviortree_cpp_v3/bt_factory.h: In instantiation of â€˜[01m[Kvoid BT::BehaviorTreeFactory::registerNodeType(const string&) [with T = StopLineBehavior; std::string = std::__cxx11::basic_string<char>][m[Kâ€™:
[8.485s] [01m[K/Pav-S_ws/src/navigation2-humble/navigation_manager/src/stop_line_detection.cpp:202:47:[m[K   required from here
[8.485s] [01m[K/opt/ros/humble/include/behaviortree_cpp_v3/bt_factory.h:367:56:[m[K [01;31m[Kerror: [m[Kâ€˜[01m[Kvalue[m[Kâ€™ is not a member of â€˜[01m[Kstd::is_base_of<BT::ControlNode, StopLineBehavior>[m[Kâ€™
[8.485s]   367 |                       std::is_base_of<ControlNode, T>::[01;31m[Kvalue[m[K ||
[8.485s]       |                                                        [01;31m[K^~~~~[m[K
[8.485s] In file included from [01m[K/usr/include/c++/11/bits/move.h:57[m[K,
[8.485s]                  from [01m[K/usr/include/c++/11/bits/stl_pair.h:59[m[K,
[8.485s]                  from [01m[K/usr/include/c++/11/bits/stl_algobase.h:64[m[K,
[8.485s]                  from [01m[K/usr/include/c++/11/memory:63[m[K,
[8.485s]                  from [01m[K/opt/ros/humble/include/rclcpp/rclcpp/rclcpp.hpp:153[m[K,
[8.486s]                  from [01m[K/Pav-S_ws/src/navigation2-humble/navigation_manager/src/stop_line_detection.cpp:6[m[K:
[8.486s] /usr/include/c++/11/type_traits: In instantiation of â€˜[01m[Kstruct std::is_base_of<BT::DecoratorNode, StopLineBehavior>[m[Kâ€™:
[8.486s] [01m[K/opt/ros/humble/include/behaviortree_cpp_v3/bt_factory.h:368:58:[m[K   required from â€˜[01m[Kvoid BT::BehaviorTreeFactory::registerNodeType(const string&) [with T = StopLineBehavior; std::string = std::__cxx11::basic_string<char>][m[Kâ€™
[8.486s] [01m[K/Pav-S_ws/src/navigation2-humble/navigation_manager/src/stop_line_detection.cpp:202:47:[m[K   required from here
[8.486s] [01m[K/usr/include/c++/11/type_traits:1422:38:[m[K [01;31m[Kerror: [m[Kinvalid use of incomplete type â€˜[01m[Kclass StopLineBehavior[m[Kâ€™
[8.486s]  1422 |     : public integral_constant<bool, [01;31m[K__is_base_of(_Base, _Derived)[m[K>
[8.486s]       |                                      [01;31m[K^~~~~~~~~~~~~~~~~~~~~~~~~~~~~[m[K
[8.486s] [01m[K/Pav-S_ws/src/navigation2-humble/navigation_manager/src/stop_line_detection.cpp:160:7:[m[K [01;36m[Knote: [m[Kforward declaration of â€˜[01m[Kclass StopLineBehavior[m[Kâ€™
[8.486s]   160 | class [01;36m[KStopLineBehavior[m[K : public nav2_behavior_tree::BtActionNode<NavigateToPose>
[8.487s]       |       [01;36m[K^~~~~~~~~~~~~~~~[m[K
[8.487s] In file included from [01m[K/Pav-S_ws/install/nav2_behavior_tree/include/nav2_behavior_tree/behavior_tree_engine.hpp:24[m[K,
[8.487s]                  from [01m[K/Pav-S_ws/install/nav2_behavior_tree/include/nav2_behavior_tree/bt_action_server.hpp:23[m[K,
[8.487s]                  from [01m[K/Pav-S_ws/src/navigation2-humble/navigation_manager/src/stop_line_detection.cpp:11[m[K:
[8.487s] /opt/ros/humble/include/behaviortree_cpp_v3/bt_factory.h: In instantiation of â€˜[01m[Kvoid BT::BehaviorTreeFactory::registerNodeType(const string&) [with T = StopLineBehavior; std::string = std::__cxx11::basic_string<char>][m[Kâ€™:
[8.487s] [01m[K/Pav-S_ws/src/navigation2-humble/navigation_manager/src/stop_line_detection.cpp:202:47:[m[K   required from here
[8.487s] [01m[K/opt/ros/humble/include/behaviortree_cpp_v3/bt_factory.h:368:58:[m[K [01;31m[Kerror: [m[Kâ€˜[01m[Kvalue[m[Kâ€™ is not a member of â€˜[01m[Kstd::is_base_of<BT::DecoratorNode, StopLineBehavior>[m[Kâ€™
[8.487s]   368 |                       std::is_base_of<DecoratorNode, T>::[01;31m[Kvalue[m[K ||
[8.488s]       |                                                          [01;31m[K^~~~~[m[K
[8.488s] In file included from [01m[K/usr/include/c++/11/bits/move.h:57[m[K,
[8.488s]                  from [01m[K/usr/include/c++/11/bits/stl_pair.h:59[m[K,
[8.488s]                  from [01m[K/usr/include/c++/11/bits/stl_algobase.h:64[m[K,
[8.488s]                  from [01m[K/usr/include/c++/11/memory:63[m[K,
[8.488s]                  from [01m[K/opt/ros/humble/include/rclcpp/rclcpp/rclcpp.hpp:153[m[K,
[8.488s]                  from [01m[K/Pav-S_ws/src/navigation2-humble/navigation_manager/src/stop_line_detection.cpp:6[m[K:
[8.488s] /usr/include/c++/11/type_traits: In instantiation of â€˜[01m[Kstruct std::is_base_of<BT::ConditionNode, StopLineBehavior>[m[Kâ€™:
[8.488s] [01m[K/opt/ros/humble/include/behaviortree_cpp_v3/bt_factory.h:369:58:[m[K   required from â€˜[01m[Kvoid BT::BehaviorTreeFactory::registerNodeType(const string&) [with T = StopLineBehavior; std::string = std::__cxx11::basic_string<char>][m[Kâ€™
[8.489s] [01m[K/Pav-S_ws/src/navigation2-humble/navigation_manager/src/stop_line_detection.cpp:202:47:[m[K   required from here
[8.489s] [01m[K/usr/include/c++/11/type_traits:1422:38:[m[K [01;31m[Kerror: [m[Kinvalid use of incomplete type â€˜[01m[Kclass StopLineBehavior[m[Kâ€™
[8.489s]  1422 |     : public integral_constant<bool, [01;31m[K__is_base_of(_Base, _Derived)[m[K>
[8.489s]       |                                      [01;31m[K^~~~~~~~~~~~~~~~~~~~~~~~~~~~~[m[K
[8.489s] [01m[K/Pav-S_ws/src/navigation2-humble/navigation_manager/src/stop_line_detection.cpp:160:7:[m[K [01;36m[Knote: [m[Kforward declaration of â€˜[01m[Kclass StopLineBehavior[m[Kâ€™
[8.489s]   160 | class [01;36m[KStopLineBehavior[m[K : public nav2_behavior_tree::BtActionNode<NavigateToPose>
[8.489s]       |       [01;36m[K^~~~~~~~~~~~~~~~[m[K
[8.489s] In file included from [01m[K/Pav-S_ws/install/nav2_behavior_tree/include/nav2_behavior_tree/behavior_tree_engine.hpp:24[m[K,
[8.489s]                  from [01m[K/Pav-S_ws/install/nav2_behavior_tree/include/nav2_behavior_tree/bt_action_server.hpp:23[m[K,
[8.490s]                  from [01m[K/Pav-S_ws/src/navigation2-humble/navigation_manager/src/stop_line_detection.cpp:11[m[K:
[8.490s] /opt/ros/humble/include/behaviortree_cpp_v3/bt_factory.h: In instantiation of â€˜[01m[Kvoid BT::BehaviorTreeFactory::registerNodeType(const string&) [with T = StopLineBehavior; std::string = std::__cxx11::basic_string<char>][m[Kâ€™:
[8.490s] [01m[K/Pav-S_ws/src/navigation2-humble/navigation_manager/src/stop_line_detection.cpp:202:47:[m[K   required from here
[8.490s] [01m[K/opt/ros/humble/include/behaviortree_cpp_v3/bt_factory.h:369:58:[m[K [01;31m[Kerror: [m[Kâ€˜[01m[Kvalue[m[Kâ€™ is not a member of â€˜[01m[Kstd::is_base_of<BT::ConditionNode, StopLineBehavior>[m[Kâ€™
[8.490s]   369 |                       std::is_base_of<ConditionNode, T>::[01;31m[Kvalue[m[K,
[8.490s]       |                                                          [01;31m[K^~~~~[m[K
[8.490s] In file included from [01m[K/usr/include/c++/11/bits/move.h:57[m[K,
[8.490s]                  from [01m[K/usr/include/c++/11/bits/stl_pair.h:59[m[K,
[8.490s]                  from [01m[K/usr/include/c++/11/bits/stl_algobase.h:64[m[K,
[8.491s]                  from [01m[K/usr/include/c++/11/memory:63[m[K,
[8.491s]                  from [01m[K/opt/ros/humble/include/rclcpp/rclcpp/rclcpp.hpp:153[m[K,
[8.491s]                  from [01m[K/Pav-S_ws/src/navigation2-humble/navigation_manager/src/stop_line_detection.cpp:6[m[K:
[8.491s] /usr/include/c++/11/type_traits: In instantiation of â€˜[01m[Kstruct std::is_abstract<StopLineBehavior>[m[Kâ€™:
[8.491s] [01m[K/opt/ros/humble/include/behaviortree_cpp_v3/bt_factory.h:374:41:[m[K   required from â€˜[01m[Kvoid BT::BehaviorTreeFactory::registerNodeType(const string&) [with T = StopLineBehavior; std::string = std::__cxx11::basic_string<char>][m[Kâ€™
[8.491s] [01m[K/Pav-S_ws/src/navigation2-humble/navigation_manager/src/stop_line_detection.cpp:202:47:[m[K   required from here
[8.491s] [01m[K/usr/include/c++/11/type_traits:778:38:[m[K [01;31m[Kerror: [m[Kinvalid use of incomplete type â€˜[01m[Kclass StopLineBehavior[m[Kâ€™
[8.491s]   778 |     : public integral_constant<bool, [01;31m[K__is_abstract(_Tp)[m[K>
[8.491s]       |                                      [01;31m[K^~~~~~~~~~~~~~~~~~[m[K
[8.492s] [01m[K/Pav-S_ws/src/navigation2-humble/navigation_manager/src/stop_line_detection.cpp:160:7:[m[K [01;36m[Knote: [m[Kforward declaration of â€˜[01m[Kclass StopLineBehavior[m[Kâ€™
[8.492s]   160 | class [01;36m[KStopLineBehavior[m[K : public nav2_behavior_tree::BtActionNode<NavigateToPose>
[8.492s]       |       [01;36m[K^~~~~~~~~~~~~~~~[m[K
[8.492s] In file included from [01m[K/Pav-S_ws/install/nav2_behavior_tree/include/nav2_behavior_tree/behavior_tree_engine.hpp:24[m[K,
[8.492s]                  from [01m[K/Pav-S_ws/install/nav2_behavior_tree/include/nav2_behavior_tree/bt_action_server.hpp:23[m[K,
[8.492s]                  from [01m[K/Pav-S_ws/src/navigation2-humble/navigation_manager/src/stop_line_detection.cpp:11[m[K:
[8.492s] /opt/ros/humble/include/behaviortree_cpp_v3/bt_factory.h: In instantiation of â€˜[01m[Kvoid BT::BehaviorTreeFactory::registerNodeType(const string&) [with T = StopLineBehavior; std::string = std::__cxx11::basic_string<char>][m[Kâ€™:
[8.492s] [01m[K/Pav-S_ws/src/navigation2-humble/navigation_manager/src/stop_line_detection.cpp:202:47:[m[K   required from here
[8.492s] [01m[K/opt/ros/humble/include/behaviortree_cpp_v3/bt_factory.h:374:41:[m[K [01;31m[Kerror: [m[Kâ€˜[01m[Kvalue[m[Kâ€™ is not a member of â€˜[01m[Kstd::is_abstract<StopLineBehavior>[m[Kâ€™
[8.493s]   374 |     static_assert(!std::is_abstract<T>::[01;31m[Kvalue[m[K, "[registerNode]: Some methods are pure "
[8.493s]       |                                         [01;31m[K^~~~~[m[K
[8.493s] In file included from [01m[K/usr/include/c++/11/bits/move.h:57[m[K,
[8.493s]                  from [01m[K/usr/include/c++/11/bits/stl_pair.h:59[m[K,
[8.493s]                  from [01m[K/usr/include/c++/11/bits/stl_algobase.h:64[m[K,
[8.493s]                  from [01m[K/usr/include/c++/11/memory:63[m[K,
[8.493s]                  from [01m[K/opt/ros/humble/include/rclcpp/rclcpp/rclcpp.hpp:153[m[K,
[8.493s]                  from [01m[K/Pav-S_ws/src/navigation2-humble/navigation_manager/src/stop_line_detection.cpp:6[m[K:
[8.494s] /usr/include/c++/11/type_traits: In instantiation of â€˜[01m[Kstruct std::is_constructible<StopLineBehavior, const std::__cxx11::basic_string<char, std::char_traits<char>, std::allocator<char> >&>[m[Kâ€™:
[8.494s] [01m[K/opt/ros/humble/include/behaviortree_cpp_v3/bt_factory.h:380:55:[m[K   required from â€˜[01m[Kvoid BT::BehaviorTreeFactory::registerNodeType(const string&) [with T = StopLineBehavior; std::string = std::__cxx11::basic_string<char>][m[Kâ€™
[8.494s] [01m[K/Pav-S_ws/src/navigation2-humble/navigation_manager/src/stop_line_detection.cpp:202:47:[m[K   required from here
[8.494s] [01m[K/usr/include/c++/11/type_traits:955:52:[m[K [01;31m[Kerror: [m[Kstatic assertion failed: template argument must be a complete class or an unbounded array
[8.494s]   955 |       static_assert([01;31m[Kstd::__is_complete_or_unbounded(__type_identity<_Tp>{})[m[K,
[8.494s]       |                     [01;31m[K~~~~~~~~~~~~~~~~~~~~~~~~~~~~~~~^~~~~~~~~~~~~~~~~~~~~~~~[m[K
[8.494s] [01m[K/usr/include/c++/11/type_traits:955:52:[m[K [01;36m[Knote: [m[Kâ€˜[01m[Kstd::__is_complete_or_unbounded<std::__type_identity<StopLineBehavior> >((std::__type_identity<StopLineBehavior>{}, std::__type_identity<StopLineBehavior>()))[m[Kâ€™ evaluates to false
[8.494s] /usr/include/c++/11/type_traits: In instantiation of â€˜[01m[Kstruct std::is_constructible<StopLineBehavior, const std::__cxx11::basic_string<char, std::char_traits<char>, std::allocator<char> >&, const BT::NodeConfiguration&>[m[Kâ€™:
[8.494s] [01m[K/opt/ros/humble/include/behaviortree_cpp_v3/bt_factory.h:382:81:[m[K   required from â€˜[01m[Kvoid BT::BehaviorTreeFactory::registerNodeType(const string&) [with T = StopLineBehavior; std::string = std::__cxx11::basic_string<char>][m[Kâ€™
[8.495s] [01m[K/Pav-S_ws/src/navigation2-humble/navigation_manager/src/stop_line_detection.cpp:202:47:[m[K   required from here
[8.495s] [01m[K/usr/include/c++/11/type_traits:955:52:[m[K [01;31m[Kerror: [m[Kstatic assertion failed: template argument must be a complete class or an unbounded array
[8.495s] [01m[K/usr/include/c++/11/type_traits:955:52:[m[K [01;36m[Knote: [m[Kâ€˜[01m[Kstd::__is_complete_or_unbounded<std::__type_identity<StopLineBehavior> >((std::__type_identity<StopLineBehavior>{}, std::__type_identity<StopLineBehavior>()))[m[Kâ€™ evaluates to false
[8.495s] In file included from [01m[K/Pav-S_ws/install/nav2_behavior_tree/include/nav2_behavior_tree/behavior_tree_engine.hpp:24[m[K,
[8.495s]                  from [01m[K/Pav-S_ws/install/nav2_behavior_tree/include/nav2_behavior_tree/bt_action_server.hpp:23[m[K,
[8.495s]                  from [01m[K/Pav-S_ws/src/navigation2-humble/navigation_manager/src/stop_line_detection.cpp:11[m[K:
[8.495s] /opt/ros/humble/include/behaviortree_cpp_v3/bt_factory.h: In instantiation of â€˜[01m[Kvoid BT::BehaviorTreeFactory::registerNodeType(const string&) [with T = StopLineBehavior; std::string = std::__cxx11::basic_string<char>][m[Kâ€™:
[8.495s] [01m[K/Pav-S_ws/src/navigation2-humble/navigation_manager/src/stop_line_detection.cpp:202:47:[m[K   required from here
[8.495s] [01m[K/opt/ros/humble/include/behaviortree_cpp_v3/bt_factory.h:385:41:[m[K [01;31m[Kerror: [m[Kstatic assertion failed: [registerNode]: the registered class must have at least one of these two constructors:   (const std::string&, const NodeConfiguration&) or (const std::string&).
[8.496s] Check also if the constructor is public!
[8.496s]   385 |     static_assert([01;31m[Kdefault_constructable || param_constructable[m[K, "[registerNode]: the "
[8.496s]       |                   [01;31m[K~~~~~~~~~~~~~~~~~~~~~~^~~~~~~~~~~~~~~~~~~~~~[m[K
[8.496s] [01m[K/opt/ros/humble/include/behaviortree_cpp_v3/bt_factory.h:385:41:[m[K [01;36m[Knote: [m[Kâ€˜[01m[K(((bool)default_constructable) || ((bool)param_constructable))[m[Kâ€™ evaluates to false
[8.496s] [01m[K/opt/ros/humble/include/behaviortree_cpp_v3/bt_factory.h:418:60:[m[K [01;31m[Kerror: [m[Kno matching function for call to â€˜[01m[KCreateBuilder<StopLineBehavior>()[m[Kâ€™
[8.496s]   418 |     registerBuilder(CreateManifest<T>(ID), [01;31m[KCreateBuilder<T>()[m[K);
[8.496s]       |                                            [01;31m[K~~~~~~~~~~~~~~~~^~[m[K
[8.496s] In file included from [01m[K/Pav-S_ws/install/nav2_behavior_tree/include/nav2_behavior_tree/behavior_tree_engine.hpp:24[m[K,
[8.497s]                  from [01m[K/Pav-S_ws/install/nav2_behavior_tree/include/nav2_behavior_tree/bt_action_server.hpp:23[m[K,
[8.497s]                  from [01m[K/Pav-S_ws/src/navigation2-humble/navigation_manager/src/stop_line_detection.cpp:11[m[K:
[8.497s] [01m[K/opt/ros/humble/include/behaviortree_cpp_v3/bt_factory.h:43:1:[m[K [01;36m[Knote: [m[Kcandidate: â€˜[01m[Ktemplate<class T> BT::NodeBuilder BT::CreateBuilder(typename std::enable_if<(std::is_constructible<T, const std::__cxx11::basic_string<char, std::char_traits<char>, std::allocator<char> >&>::value && std::is_constructible<T, const std::__cxx11::basic_string<char, std::char_traits<char>, std::allocator<char> >&, const BT::NodeConfiguration&>::value)>::type*)[m[Kâ€™
[8.497s]    43 | [01;36m[KCreateBuilder[m[K(typename std::enable_if<has_default_constructor<T>::value &&
[8.497s]       | [01;36m[K^~~~~~~~~~~~~[m[K
[8.497s] [01m[K/opt/ros/humble/include/behaviortree_cpp_v3/bt_factory.h:43:1:[m[K [01;36m[Knote: [m[K  template argument deduction/substitution failed:
[8.497s] /opt/ros/humble/include/behaviortree_cpp_v3/bt_factory.h: In substitution of â€˜[01m[Ktemplate<class T> BT::NodeBuilder BT::CreateBuilder(typename std::enable_if<(std::is_constructible<T, const std::__cxx11::basic_string<char, std::char_traits<char>, std::allocator<char> >&>::value && std::is_constructible<T, const std::__cxx11::basic_string<char, std::char_traits<char>, std::allocator<char> >&, const BT::NodeConfiguration&>::value)>::type*) [with T = StopLineBehavior][m[Kâ€™:
[8.497s] [01m[K/opt/ros/humble/include/behaviortree_cpp_v3/bt_factory.h:418:60:[m[K   required from â€˜[01m[Kvoid BT::BehaviorTreeFactory::registerNodeType(const string&) [with T = StopLineBehavior; std::string = std::__cxx11::basic_string<char>][m[Kâ€™
[8.497s] [01m[K/Pav-S_ws/src/navigation2-humble/navigation_manager/src/stop_line_detection.cpp:202:47:[m[K   required from here
[8.498s] [01m[K/opt/ros/humble/include/behaviortree_cpp_v3/bt_factory.h:43:1:[m[K [01;31m[Kerror: [m[Kno type named â€˜[01m[Ktype[m[Kâ€™ in â€˜[01m[Kstruct std::enable_if<false, void>[m[Kâ€™
[8.498s] /opt/ros/humble/include/behaviortree_cpp_v3/bt_factory.h: In instantiation of â€˜[01m[Kvoid BT::BehaviorTreeFactory::registerNodeType(const string&) [with T = StopLineBehavior; std::string = std::__cxx11::basic_string<char>][m[Kâ€™:
[8.498s] [01m[K/Pav-S_ws/src/navigation2-humble/navigation_manager/src/stop_line_detection.cpp:202:47:[m[K   required from here
[8.498s] [01m[K/opt/ros/humble/include/behaviortree_cpp_v3/bt_factory.h:59:1:[m[K [01;36m[Knote: [m[Kcandidate: â€˜[01m[Ktemplate<class T> BT::NodeBuilder BT::CreateBuilder(typename std::enable_if<((! std::is_constructible<T, const std::__cxx11::basic_string<char, std::char_traits<char>, std::allocator<char> >&>::value) && std::is_constructible<T, const std::__cxx11::basic_string<char, std::char_traits<char>, std::allocator<char> >&, const BT::NodeConfiguration&>::value)>::type*)[m[Kâ€™
[8.498s]    59 | [01;36m[KCreateBuilder[m[K(typename std::enable_if<!has_default_constructor<T>::value &&
[8.498s]       | [01;36m[K^~~~~~~~~~~~~[m[K
[8.498s] [01m[K/opt/ros/humble/include/behaviortree_cpp_v3/bt_factory.h:59:1:[m[K [01;36m[Knote: [m[K  template argument deduction/substitution failed:
[8.498s] /opt/ros/humble/include/behaviortree_cpp_v3/bt_factory.h: In substitution of â€˜[01m[Ktemplate<class T> BT::NodeBuilder BT::CreateBuilder(typename std::enable_if<((! std::is_constructible<T, const std::__cxx11::basic_string<char, std::char_traits<char>, std::allocator<char> >&>::value) && std::is_constructible<T, const std::__cxx11::basic_string<char, std::char_traits<char>, std::allocator<char> >&, const BT::NodeConfiguration&>::value)>::type*) [with T = StopLineBehavior][m[Kâ€™:
[8.498s] [01m[K/opt/ros/humble/include/behaviortree_cpp_v3/bt_factory.h:418:60:[m[K   required from â€˜[01m[Kvoid BT::BehaviorTreeFactory::registerNodeType(const string&) [with T = StopLineBehavior; std::string = std::__cxx11::basic_string<char>][m[Kâ€™
[8.499s] [01m[K/Pav-S_ws/src/navigation2-humble/navigation_manager/src/stop_line_detection.cpp:202:47:[m[K   required from here
[8.499s] [01m[K/opt/ros/humble/include/behaviortree_cpp_v3/bt_factory.h:59:1:[m[K [01;31m[Kerror: [m[Kno type named â€˜[01m[Ktype[m[Kâ€™ in â€˜[01m[Kstruct std::enable_if<false, void>[m[Kâ€™
[8.499s] /opt/ros/humble/include/behaviortree_cpp_v3/bt_factory.h: In instantiation of â€˜[01m[Kvoid BT::BehaviorTreeFactory::registerNodeType(const string&) [with T = StopLineBehavior; std::string = std::__cxx11::basic_string<char>][m[Kâ€™:
[8.499s] [01m[K/Pav-S_ws/src/navigation2-humble/navigation_manager/src/stop_line_detection.cpp:202:47:[m[K   required from here
[8.499s] [01m[K/opt/ros/humble/include/behaviortree_cpp_v3/bt_factory.h:69:1:[m[K [01;36m[Knote: [m[Kcandidate: â€˜[01m[Ktemplate<class T> BT::NodeBuilder BT::CreateBuilder(typename std::enable_if<(std::is_constructible<T, const std::__cxx11::basic_string<char, std::char_traits<char>, std::allocator<char> >&>::value && (! std::is_constructible<T, const std::__cxx11::basic_string<char, std::char_traits<char>, std::allocator<char> >&, const BT::NodeConfiguration&>::value))>::type*)[m[Kâ€™
[8.499s]    69 | [01;36m[KCreateBuilder[m[K(typename std::enable_if<has_default_constructor<T>::value &&
[8.499s]       | [01;36m[K^~~~~~~~~~~~~[m[K
[8.499s] [01m[K/opt/ros/humble/include/behaviortree_cpp_v3/bt_factory.h:69:1:[m[K [01;36m[Knote: [m[K  template argument deduction/substitution failed:
[8.500s] /opt/ros/humble/include/behaviortree_cpp_v3/bt_factory.h: In substitution of â€˜[01m[Ktemplate<class T> BT::NodeBuilder BT::CreateBuilder(typename std::enable_if<(std::is_constructible<T, const std::__cxx11::basic_string<char, std::char_traits<char>, std::allocator<char> >&>::value && (! std::is_constructible<T, const std::__cxx11::basic_string<char, std::char_traits<char>, std::allocator<char> >&, const BT::NodeConfiguration&>::value))>::type*) [with T = StopLineBehavior][m[Kâ€™:
[8.500s] [01m[K/opt/ros/humble/include/behaviortree_cpp_v3/bt_factory.h:418:60:[m[K   required from â€˜[01m[Kvoid BT::BehaviorTreeFactory::registerNodeType(const string&) [with T = StopLineBehavior; std::string = std::__cxx11::basic_string<char>][m[Kâ€™
[8.500s] [01m[K/Pav-S_ws/src/navigation2-humble/navigation_manager/src/stop_line_detection.cpp:202:47:[m[K   required from here
[8.500s] [01m[K/opt/ros/humble/include/behaviortree_cpp_v3/bt_factory.h:69:1:[m[K [01;31m[Kerror: [m[Kno type named â€˜[01m[Ktype[m[Kâ€™ in â€˜[01m[Kstruct std::enable_if<false, void>[m[Kâ€™
[8.791s] [01m[K/Pav-S_ws/src/navigation2-humble/navigation_manager/src/cruise_perception_navigator.cpp:255:17:[m[K [01;31m[Kerror: [m[KISO C++ forbids declaration of â€˜[01m[KhandleTrafficLight[m[Kâ€™ with no type [[01;31m[K]8;;https://gcc.gnu.org/onlinedocs/gcc/Warning-Options.html#index-fpermissive-fpermissive]8;;[m[K]
[8.791s]   255 |                 [01;31m[KhandleTrafficLight[m[K(const std_msgs::msg::String::SharedPtr msg)
[8.791s]       |                 [01;31m[K^~~~~~~~~~~~~~~~~~[m[K
[8.907s] [01m[K/Pav-S_ws/src/navigation2-humble/navigation_manager/src/cruise_perception_navigator.cpp:[m[K In constructor â€˜[01m[KCruisePerceptionNavigator::CruisePerceptionNavigator()[m[Kâ€™:
[8.908s] [01m[K/Pav-S_ws/src/navigation2-humble/navigation_manager/src/cruise_perception_navigator.cpp:25:11:[m[K [01;31m[Kerror: [m[Kclass â€˜[01m[KCruisePerceptionNavigator[m[Kâ€™ does not have any field named â€˜[01m[KNode[m[Kâ€™
[8.908s]    25 |           [01;31m[KNode[m[K("cruise_perception_navigator")
[8.908s]       |           [01;31m[K^~~~[m[K
[8.908s] [01m[K/Pav-S_ws/src/navigation2-humble/navigation_manager/src/cruise_perception_navigator.cpp:25:45:[m[K [01;31m[Kerror: [m[Kno matching function for call to â€˜[01m[Knav2_behavior_tree::BtActionServer<nav2_msgs::action::NavigateToPose>::BtActionServer(const char [28], std::string, std::_Bind_helper<false, void (CruisePerceptionNavigator::*)(), CruisePerceptionNavigator*>::type)[m[Kâ€™
[8.908s]    25 |           Node("cruise_perception_navigator"[01;31m[K)[m[K
[8.908s]       |                                             [01;31m[K^[m[K
[8.908s] In file included from [01m[K/Pav-S_ws/install/nav2_behavior_tree/include/nav2_behavior_tree/bt_action_server.hpp:250[m[K,
[8.909s]                  from [01m[K/Pav-S_ws/src/navigation2-humble/navigation_manager/src/cruise_perception_navigator.cpp:13[m[K:
[8.909s] [01m[K/Pav-S_ws/install/nav2_behavior_tree/include/nav2_behavior_tree/bt_action_server_impl.hpp:34:1:[m[K [01;36m[Knote: [m[Kcandidate: â€˜[01m[Knav2_behavior_tree::BtActionServer<ActionT>::BtActionServer(const WeakPtr&, const string&, const std::vector<std::__cxx11::basic_string<char> >&, const string&, nav2_behavior_tree::BtActionServer<ActionT>::OnGoalReceivedCallback, nav2_behavior_tree::BtActionServer<ActionT>::OnLoopCallback, nav2_behavior_tree::BtActionServer<ActionT>::OnPreemptCallback, nav2_behavior_tree::BtActionServer<ActionT>::OnCompletionCallback) [with ActionT = nav2_msgs::action::NavigateToPose; rclcpp_lifecycle::LifecycleNode::WeakPtr = std::weak_ptr<rclcpp_lifecycle::LifecycleNode>; std::string = std::__cxx11::basic_string<char>; nav2_behavior_tree::BtActionServer<ActionT>::OnGoalReceivedCallback = std::function<bool(std::shared_ptr<const nav2_msgs::action::NavigateToPose_Goal_<std::allocator<void> > >)>; nav2_behavior_tree::BtActionServer<ActionT>::OnLoopCallback = std::function<void()>; nav2_behavior_tree::BtActionServer<ActionT>::OnPreemptCallback = std::function<void(std::shared_ptr<const nav2_msgs::action::NavigateToPose_Goal_<std::allocator<void> > >)>; nav2_behavior_tree::BtActionServer<ActionT>::OnCompletionCallback = std::function<void(std::shared_ptr<nav2_msgs::action::NavigateToPose_Result_<std::allocator<void> > >, nav2_behavior_tree::BtStatus)>][m[Kâ€™
[8.909s]    34 | [01;36m[KBtActionServer<ActionT>[m[K::BtActionServer(
[8.909s]       | [01;36m[K^~~~~~~~~~~~~~~~~~~~~~~[m[K
[8.909s] [01m[K/Pav-S_ws/install/nav2_behavior_tree/include/nav2_behavior_tree/bt_action_server_impl.hpp:34:1:[m[K [01;36m[Knote: [m[K  candidate expects 8 arguments, 3 provided
[8.912s] [01m[K/Pav-S_ws/src/navigation2-humble/navigation_manager/src/cruise_perception_navigator.cpp:28:32:[m[K [01;31m[Kerror: [m[Kâ€˜[01m[Kcreate_subscription[m[Kâ€™ was not declared in this scope
[8.912s]    28 |         obstacle_status_sub_ = [01;31m[Kcreate_subscription[m[K<std_msgs::msg::String>(
[8.912s]       |                                [01;31m[K^~~~~~~~~~~~~~~~~~~[m[K
[8.912s] [01m[K/Pav-S_ws/src/navigation2-humble/navigation_manager/src/cruise_perception_navigator.cpp:28:32:[m[K [01;36m[Knote: [m[Ksuggested alternatives:
[8.912s] In file included from [01m[K/opt/ros/humble/include/rclcpp/rclcpp/node_impl.hpp:43[m[K,
[8.912s]                  from [01m[K/opt/ros/humble/include/rclcpp/rclcpp/node.hpp:1321[m[K,
[8.913s]                  from [01m[K/opt/ros/humble/include/rclcpp/rclcpp/executors/single_threaded_executor.hpp:28[m[K,
[8.913s]                  from [01m[K/opt/ros/humble/include/rclcpp/rclcpp/executors.hpp:22[m[K,
[8.913s]                  from [01m[K/opt/ros/humble/include/rclcpp/rclcpp/rclcpp.hpp:155[m[K,
[8.913s]                  from [01m[K/Pav-S_ws/src/navigation2-humble/navigation_manager/src/cruise_perception_navigator.cpp:6[m[K:
[8.913s] [01m[K/opt/ros/humble/include/rclcpp/rclcpp/create_subscription.hpp:206:1:[m[K [01;36m[Knote: [m[K  â€˜[01m[Krclcpp::create_subscription[m[Kâ€™
[8.913s]   206 | [01;36m[Kcreate_subscription[m[K(
[8.913s]       | [01;36m[K^~~~~~~~~~~~~~~~~~~[m[K
[8.913s] [01m[K/opt/ros/humble/include/rclcpp/rclcpp/create_subscription.hpp:56:1:[m[K [01;36m[Knote: [m[K  â€˜[01m[Krclcpp::detail::create_subscription[m[Kâ€™
[8.914s]    56 | [01;36m[Kcreate_subscription[m[K(
[8.914s]       | [01;36m[K^~~~~~~~~~~~~~~~~~~[m[K
[8.914s] [01m[K/Pav-S_ws/src/navigation2-humble/navigation_manager/src/cruise_perception_navigator.cpp:28:73:[m[K [01;31m[Kerror: [m[Kexpected primary-expression before â€˜[01m[K>[m[Kâ€™ token
[8.914s]    28 |         obstacle_status_sub_ = create_subscription<std_msgs::msg::String[01;31m[K>[m[K(
[8.914s]       |                                                                         [01;31m[K^[m[K
[8.914s] [01m[K/Pav-S_ws/src/navigation2-humble/navigation_manager/src/cruise_perception_navigator.cpp:29:13:[m[K [01;35m[Kwarning: [m[Kleft operand of comma operator has no effect [[01;35m[K]8;;https://gcc.gnu.org/onlinedocs/gcc/Warning-Options.html#index-Wunused-value-Wunused-value]8;;[m[K]
[8.914s]    29 |             [01;35m[K"/perception/obstacle_status"[m[K, 10,
[8.914s]       |             [01;35m[K^~~~~~~~~~~~~~~~~~~~~~~~~~~~~[m[K
[8.918s] [01m[K/Pav-S_ws/src/navigation2-humble/navigation_manager/src/cruise_perception_navigator.cpp:32:13:[m[K [01;35m[Kwarning: [m[Kright operand of comma operator has no effect [[01;35m[K]8;;https://gcc.gnu.org/onlinedocs/gcc/Warning-Options.html#index-Wunused-value-Wunused-value]8;;[m[K]
[8.918s]    32 |             [01;35m[K}[m[K);
[8.918s]       |             [01;35m[K^[m[K
[8.919s] [01m[K/Pav-S_ws/src/navigation2-humble/navigation_manager/src/cruise_perception_navigator.cpp:34:72:[m[K [01;31m[Kerror: [m[Kexpected primary-expression before â€˜[01m[K>[m[Kâ€™ token
[8.919s]    34 |         lane_situation_sub_ = create_subscription<std_msgs::msg::String[01;31m[K>[m[K(
[8.919s]       |                                                                        [01;31m[K^[m[K
[8.919s] [01m[K/Pav-S_ws/src/navigation2-humble/navigation_manager/src/cruise_perception_navigator.cpp:35:13:[m[K [01;35m[Kwarning: [m[Kleft operand of comma operator has no effect [[01;35m[K]8;;https://gcc.gnu.org/onlinedocs/gcc/Warning-Options.html#index-Wunused-value-Wunused-value]8;;[m[K]
[8.919s]    35 |             [01;35m[K"/perception/lane_situation"[m[K, 10,
[8.919s]       |             [01;35m[K^~~~~~~~~~~~~~~~~~~~~~~~~~~~[m[K
[8.919s] [01m[K/Pav-S_ws/src/navigation2-humble/navigation_manager/src/cruise_perception_navigator.cpp:38:13:[m[K [01;35m[Kwarning: [m[Kright operand of comma operator has no effect [[01;35m[K]8;;https://gcc.gnu.org/onlinedocs/gcc/Warning-Options.html#index-Wunused-value-Wunused-value]8;;[m[K]
[8.920s]    38 |             [01;35m[K}[m[K);
[8.920s]       |             [01;35m[K^[m[K
[8.920s] [01m[K/Pav-S_ws/src/navigation2-humble/navigation_manager/src/cruise_perception_navigator.cpp:40:71:[m[K [01;31m[Kerror: [m[Kexpected primary-expression before â€˜[01m[K>[m[Kâ€™ token
[8.920s]    40 |         traffic_light_sub_ = create_subscription<std_msgs::msg::String[01;31m[K>[m[K(
[8.920s]       |                                                                       [01;31m[K^[m[K
[8.920s] [01m[K/Pav-S_ws/src/navigation2-humble/navigation_manager/src/cruise_perception_navigator.cpp:41:13:[m[K [01;35m[Kwarning: [m[Kleft operand of comma operator has no effect [[01;35m[K]8;;https://gcc.gnu.org/onlinedocs/gcc/Warning-Options.html#index-Wunused-value-Wunused-value]8;;[m[K]
[8.920s]    41 |             [01;35m[K"/perception/traffic_light"[m[K, 10,
[8.920s]       |             [01;35m[K^~~~~~~~~~~~~~~~~~~~~~~~~~~[m[K
[8.920s] [01m[K/Pav-S_ws/src/navigation2-humble/navigation_manager/src/cruise_perception_navigator.cpp:44:13:[m[K [01;35m[Kwarning: [m[Kright operand of comma operator has no effect [[01;35m[K]8;;https://gcc.gnu.org/onlinedocs/gcc/Warning-Options.html#index-Wunused-value-Wunused-value]8;;[m[K]
[8.921s]    44 |             [01;35m[K}[m[K);
[8.921s]       |             [01;35m[K^[m[K
[8.921s] [01m[K/Pav-S_ws/src/navigation2-humble/navigation_manager/src/cruise_perception_navigator.cpp:47:38:[m[K [01;31m[Kerror: [m[Kâ€˜[01m[Kcreate_publisher[m[Kâ€™ was not declared in this scope
[8.922s]    47 |         navigation_adjustment_pub_ = [01;31m[Kcreate_publisher[m[K<geometry_msgs::msg::Twist>(
[8.922s]       |                                      [01;31m[K^~~~~~~~~~~~~~~~[m[K
[8.922s] [01m[K/Pav-S_ws/src/navigation2-humble/navigation_manager/src/cruise_perception_navigator.cpp:47:38:[m[K [01;36m[Knote: [m[Ksuggested alternatives:
[8.922s] In file included from [01m[K/opt/ros/humble/include/rclcpp/rclcpp/node_impl.hpp:41[m[K,
[8.922s]                  from [01m[K/opt/ros/humble/include/rclcpp/rclcpp/node.hpp:1321[m[K,
[8.922s]                  from [01m[K/opt/ros/humble/include/rclcpp/rclcpp/executors/single_threaded_executor.hpp:28[m[K,
[8.922s]                  from [01m[K/opt/ros/humble/include/rclcpp/rclcpp/executors.hpp:22[m[K,
[8.923s]                  from [01m[K/opt/ros/humble/include/rclcpp/rclcpp/rclcpp.hpp:155[m[K,
[8.923s]                  from [01m[K/Pav-S_ws/src/navigation2-humble/navigation_manager/src/cruise_perception_navigator.cpp:6[m[K:
[8.923s] [01m[K/opt/ros/humble/include/rclcpp/rclcpp/create_publisher.hpp:113:1:[m[K [01;36m[Knote: [m[K  â€˜[01m[Krclcpp::create_publisher[m[Kâ€™
[8.923s]   113 | [01;36m[Kcreate_publisher[m[K(
[8.923s]       | [01;36m[K^~~~~~~~~~~~~~~~[m[K
[8.923s] [01m[K/opt/ros/humble/include/rclcpp/rclcpp/create_publisher.hpp:46:1:[m[K [01;36m[Knote: [m[K  â€˜[01m[Krclcpp::detail::create_publisher[m[Kâ€™
[8.923s]    46 | [01;36m[Kcreate_publisher[m[K(
[8.923s]       | [01;36m[K^~~~~~~~~~~~~~~~[m[K
[8.923s] [01m[K/Pav-S_ws/src/navigation2-humble/navigation_manager/src/cruise_perception_navigator.cpp:47:80:[m[K [01;31m[Kerror: [m[Kexpected primary-expression before â€˜[01m[K>[m[Kâ€™ token
[8.924s]    47 |         navigation_adjustment_pub_ = create_publisher<geometry_msgs::msg::Twist[01;31m[K>[m[K(
[8.924s]       |                                                                                [01;31m[K^[m[K
[8.946s] [01m[K/Pav-S_ws/src/navigation2-humble/navigation_manager/src/cruise_perception_navigator.cpp:51:9:[m[K [01;31m[Kerror: [m[Kâ€˜[01m[Kdeclare_parameter[m[Kâ€™ was not declared in this scope
[8.947s]    51 |         [01;31m[Kdeclare_parameter[m[K("perception_timeout", 0.5);
[8.947s]       |         [01;31m[K^~~~~~~~~~~~~~~~~[m[K
[8.968s] [01m[K/Pav-S_ws/src/navigation2-humble/navigation_manager/src/cruise_perception_navigator.cpp:55:9:[m[K [01;31m[Kerror: [m[Kâ€˜[01m[Kget_parameter[m[Kâ€™ was not declared in this scope
[8.968s]    55 |         [01;31m[Kget_parameter[m[K("perception_timeout", perception_timeout_);
[8.968s]       |         [01;31m[K^~~~~~~~~~~~~[m[K
[8.969s] [01m[K/Pav-S_ws/src/navigation2-humble/navigation_manager/src/cruise_perception_navigator.cpp:63:39:[m[K [01;31m[Kerror: [m[Kâ€˜[01m[Kclass CruisePerceptionNavigator[m[Kâ€™ has no member named â€˜[01m[Know[m[Kâ€™
[8.969s]    63 |         last_perception_time_ = this->[01;31m[Know[m[K();
[8.969s]       |                                       [01;31m[K^~~[m[K
[8.971s] [01m[K/Pav-S_ws/src/navigation2-humble/navigation_manager/src/cruise_perception_navigator.cpp:66:37:[m[K [01;31m[Kerror: [m[Kâ€˜[01m[Kcreate_wall_timer[m[Kâ€™ was not declared in this scope; did you mean â€˜[01m[Krclcpp::create_wall_timer[m[Kâ€™?
[8.971s]    66 |         perception_monitor_timer_ = [01;31m[Kcreate_wall_timer[m[K(
[8.971s]       |                                     [01;31m[K^~~~~~~~~~~~~~~~~[m[K
[8.971s]       |                                     [32m[Krclcpp::create_wall_timer[m[K
[8.971s] In file included from [01m[K/opt/ros/humble/include/rclcpp/rclcpp/create_subscription.hpp:33[m[K,
[8.972s]                  from [01m[K/opt/ros/humble/include/rclcpp/rclcpp/node_impl.hpp:43[m[K,
[8.972s]                  from [01m[K/opt/ros/humble/include/rclcpp/rclcpp/node.hpp:1321[m[K,
[8.972s]                  from [01m[K/opt/ros/humble/include/rclcpp/rclcpp/executors/single_threaded_executor.hpp:28[m[K,
[8.972s]                  from [01m[K/opt/ros/humble/include/rclcpp/rclcpp/executors.hpp:22[m[K,
[8.972s]                  from [01m[K/opt/ros/humble/include/rclcpp/rclcpp/rclcpp.hpp:155[m[K,
[8.972s]                  from [01m[K/Pav-S_ws/src/navigation2-humble/navigation_manager/src/cruise_perception_navigator.cpp:6[m[K:
[8.972s] [01m[K/opt/ros/humble/include/rclcpp/rclcpp/create_timer.hpp:90:1:[m[K [01;36m[Knote: [m[Kâ€˜[01m[Krclcpp::create_wall_timer[m[Kâ€™ declared here
[8.973s]    90 | [01;36m[Kcreate_wall_timer[m[K(
[8.973s]       | [01;36m[K^~~~~~~~~~~~~~~~~[m[K
[8.973s] In file included from [01m[K/opt/ros/humble/include/rclcpp/rclcpp/client.hpp:40[m[K,
[8.973s]                  from [01m[K/opt/ros/humble/include/rclcpp/rclcpp/callback_group.hpp:24[m[K,
[8.973s]                  from [01m[K/opt/ros/humble/include/rclcpp/rclcpp/any_executable.hpp:20[m[K,
[8.973s]                  from [01m[K/opt/ros/humble/include/rclcpp/rclcpp/memory_strategy.hpp:25[m[K,
[8.973s]                  from [01m[K/opt/ros/humble/include/rclcpp/rclcpp/memory_strategies.hpp:18[m[K,
[8.973s]                  from [01m[K/opt/ros/humble/include/rclcpp/rclcpp/executor_options.hpp:20[m[K,
[8.973s]                  from [01m[K/opt/ros/humble/include/rclcpp/rclcpp/executor.hpp:37[m[K,
[8.974s]                  from [01m[K/opt/ros/humble/include/rclcpp/rclcpp/executors/multi_threaded_executor.hpp:25[m[K,
[8.974s]                  from [01m[K/opt/ros/humble/include/rclcpp/rclcpp/executors.hpp:21[m[K,
[8.974s]                  from [01m[K/opt/ros/humble/include/rclcpp/rclcpp/rclcpp.hpp:155[m[K,
[8.974s]                  from [01m[K/Pav-S_ws/src/navigation2-humble/navigation_manager/src/cruise_perception_navigator.cpp:6[m[K:
[8.974s] [01m[K/Pav-S_ws/src/navigation2-humble/navigation_manager/src/cruise_perception_navigator.cpp:70:27:[m[K [01;31m[Kerror: [m[Kâ€˜[01m[Kclass CruisePerceptionNavigator[m[Kâ€™ has no member named â€˜[01m[Kget_logger[m[Kâ€™
[8.974s]    70 |         RCLCPP_INFO(this->[01;31m[Kget_logger[m[K(), "å·¡èˆªæ„ŸçŸ¥å¯¼èˆªå™¨åˆå§‹åŒ–å®Œæˆ");
[8.974s]       |                           [01;31m[K^~~~~~~~~~[m[K
[8.974s] [01m[K/Pav-S_ws/src/navigation2-humble/navigation_manager/src/cruise_perception_navigator.cpp:70:27:[m[K [01;31m[Kerror: [m[Kâ€˜[01m[Kclass CruisePerceptionNavigator[m[Kâ€™ has no member named â€˜[01m[Kget_logger[m[Kâ€™
[8.974s] [01m[K/Pav-S_ws/src/navigation2-humble/navigation_manager/src/cruise_perception_navigator.cpp:70:9:[m[K [01;31m[Kerror: [m[Ktemplate argument 1 is invalid
[8.975s]    70 |         [01;31m[KRCLCPP_INFO[m[K(this->get_logger(), "å·¡èˆªæ„ŸçŸ¥å¯¼èˆªå™¨åˆå§‹åŒ–å®Œæˆ");
[8.975s]       |         [01;31m[K^~~~~~~~~~~[m[K
[8.975s] In file included from [01m[K/opt/ros/humble/include/rclcpp/rclcpp/logging.hpp:24[m[K,
[8.975s]                  from [01m[K/opt/ros/humble/include/rclcpp/rclcpp/client.hpp:40[m[K,
[8.975s]                  from [01m[K/opt/ros/humble/include/rclcpp/rclcpp/callback_group.hpp:24[m[K,
[8.975s]                  from [01m[K/opt/ros/humble/include/rclcpp/rclcpp/any_executable.hpp:20[m[K,
[8.975s]                  from [01m[K/opt/ros/humble/include/rclcpp/rclcpp/memory_strategy.hpp:25[m[K,
[8.975s]                  from [01m[K/opt/ros/humble/include/rclcpp/rclcpp/memory_strategies.hpp:18[m[K,
[8.976s]                  from [01m[K/opt/ros/humble/include/rclcpp/rclcpp/executor_options.hpp:20[m[K,
[8.976s]                  from [01m[K/opt/ros/humble/include/rclcpp/rclcpp/executor.hpp:37[m[K,
[8.976s]                  from [01m[K/opt/ros/humble/include/rclcpp/rclcpp/executors/multi_threaded_executor.hpp:25[m[K,
[8.976s]                  from [01m[K/opt/ros/humble/include/rclcpp/rclcpp/executors.hpp:21[m[K,
[8.976s]                  from [01m[K/opt/ros/humble/include/rclcpp/rclcpp/rclcpp.hpp:155[m[K,
[8.976s]                  from [01m[K/Pav-S_ws/src/navigation2-humble/navigation_manager/src/cruise_perception_navigator.cpp:6[m[K:
[8.976s] [01m[K/Pav-S_ws/src/navigation2-humble/navigation_manager/src/cruise_perception_navigator.cpp:70:27:[m[K [01;31m[Kerror: [m[Kâ€˜[01m[Kclass CruisePerceptionNavigator[m[Kâ€™ has no member named â€˜[01m[Kget_logger[m[Kâ€™
[8.976s]    70 |         RCLCPP_INFO(this->[01;31m[Kget_logger[m[K(), "å·¡èˆªæ„ŸçŸ¥å¯¼èˆªå™¨åˆå§‹åŒ–å®Œæˆ");
[8.976s]       |                           [01;31m[K^~~~~~~~~~[m[K
[8.977s] [01m[K/Pav-S_ws/src/navigation2-humble/navigation_manager/src/cruise_perception_navigator.cpp:70:27:[m[K [01;31m[Kerror: [m[Kâ€˜[01m[Kclass CruisePerceptionNavigator[m[Kâ€™ has no member named â€˜[01m[Kget_logger[m[Kâ€™
[8.977s]    70 |         RCLCPP_INFO(this->[01;31m[Kget_logger[m[K(), "å·¡èˆªæ„ŸçŸ¥å¯¼èˆªå™¨åˆå§‹åŒ–å®Œæˆ");
[8.977s]       |                           [01;31m[K^~~~~~~~~~[m[K
[9.895s] In file included from [01m[K/opt/ros/humble/include/rclcpp/rclcpp/client.hpp:40[m[K,
[9.895s]                  from [01m[K/opt/ros/humble/include/rclcpp/rclcpp/callback_group.hpp:24[m[K,
[9.895s]                  from [01m[K/opt/ros/humble/include/rclcpp/rclcpp/any_executable.hpp:20[m[K,
[9.896s]                  from [01m[K/opt/ros/humble/include/rclcpp/rclcpp/memory_strategy.hpp:25[m[K,
[9.896s]                  from [01m[K/opt/ros/humble/include/rclcpp/rclcpp/memory_strategies.hpp:18[m[K,
[9.896s]                  from [01m[K/opt/ros/humble/include/rclcpp/rclcpp/executor_options.hpp:20[m[K,
[9.896s]                  from [01m[K/opt/ros/humble/include/rclcpp/rclcpp/executor.hpp:37[m[K,
[9.896s]                  from [01m[K/opt/ros/humble/include/rclcpp/rclcpp/executors/multi_threaded_executor.hpp:25[m[K,
[9.896s]                  from [01m[K/opt/ros/humble/include/rclcpp/rclcpp/executors.hpp:21[m[K,
[9.897s]                  from [01m[K/opt/ros/humble/include/rclcpp/rclcpp/rclcpp.hpp:155[m[K,
[9.897s]                  from [01m[K/Pav-S_ws/src/navigation2-humble/navigation_manager/src/cruise_perception_navigator.cpp:6[m[K:
[9.897s] [01m[K/Pav-S_ws/src/navigation2-humble/navigation_manager/src/cruise_perception_navigator.cpp:[m[K In member function â€˜[01m[Kvoid CruisePerceptionNavigator::handleObstacleStatus(std_msgs::msg::String_<std::allocator<void> >::SharedPtr)[m[Kâ€™:
[9.897s] [01m[K/Pav-S_ws/src/navigation2-humble/navigation_manager/src/cruise_perception_navigator.cpp:78:31:[m[K [01;31m[Kerror: [m[Kâ€˜[01m[Kclass CruisePerceptionNavigator[m[Kâ€™ has no member named â€˜[01m[Kget_logger[m[Kâ€™
[9.897s]    78 |             RCLCPP_WARN(this->[01;31m[Kget_logger[m[K(), "æ£€æµ‹åˆ°éšœç¢ç‰©ï¼Œå¯åŠ¨è§„é¿æ¨¡å¼");
[9.897s]       |                               [01;31m[K^~~~~~~~~~[m[K
[9.898s] [01m[K/Pav-S_ws/src/navigation2-humble/navigation_manager/src/cruise_perception_navigator.cpp:78:31:[m[K [01;31m[Kerror: [m[Kâ€˜[01m[Kclass CruisePerceptionNavigator[m[Kâ€™ has no member named â€˜[01m[Kget_logger[m[Kâ€™
[9.898s] [01m[K/Pav-S_ws/src/navigation2-humble/navigation_manager/src/cruise_perception_navigator.cpp:78:13:[m[K [01;31m[Kerror: [m[Ktemplate argument 1 is invalid
[9.898s]    78 |             [01;31m[KRCLCPP_WARN[m[K(this->get_logger(), "æ£€æµ‹åˆ°éšœç¢ç‰©ï¼Œå¯åŠ¨è§„é¿æ¨¡å¼");
[9.898s]       |             [01;31m[K^~~~~~~~~~~[m[K
[9.898s] In file included from [01m[K/opt/ros/humble/include/rclcpp/rclcpp/logging.hpp:24[m[K,
[9.898s]                  from [01m[K/opt/ros/humble/include/rclcpp/rclcpp/client.hpp:40[m[K,
[9.898s]                  from [01m[K/opt/ros/humble/include/rclcpp/rclcpp/callback_group.hpp:24[m[K,
[9.899s]                  from [01m[K/opt/ros/humble/include/rclcpp/rclcpp/any_executable.hpp:20[m[K,
[9.899s]                  from [01m[K/opt/ros/humble/include/rclcpp/rclcpp/memory_strategy.hpp:25[m[K,
[9.899s]                  from [01m[K/opt/ros/humble/include/rclcpp/rclcpp/memory_strategies.hpp:18[m[K,
[9.899s]                  from [01m[K/opt/ros/humble/include/rclcpp/rclcpp/executor_options.hpp:20[m[K,
[9.899s]                  from [01m[K/opt/ros/humble/include/rclcpp/rclcpp/executor.hpp:37[m[K,
[9.899s]                  from [01m[K/opt/ros/humble/include/rclcpp/rclcpp/executors/multi_threaded_executor.hpp:25[m[K,
[9.899s]                  from [01m[K/opt/ros/humble/include/rclcpp/rclcpp/executors.hpp:21[m[K,
[9.900s]                  from [01m[K/opt/ros/humble/include/rclcpp/rclcpp/rclcpp.hpp:155[m[K,
[9.900s]                  from [01m[K/Pav-S_ws/src/navigation2-humble/navigation_manager/src/cruise_perception_navigator.cpp:6[m[K:
[9.900s] [01m[K/Pav-S_ws/src/navigation2-humble/navigation_manager/src/cruise_perception_navigator.cpp:78:31:[m[K [01;31m[Kerror: [m[Kâ€˜[01m[Kclass CruisePerceptionNavigator[m[Kâ€™ has no member named â€˜[01m[Kget_logger[m[Kâ€™
[9.900s]    78 |             RCLCPP_WARN(this->[01;31m[Kget_logger[m[K(), "æ£€æµ‹åˆ°éšœç¢ç‰©ï¼Œå¯åŠ¨è§„é¿æ¨¡å¼");
[9.900s]       |                               [01;31m[K^~~~~~~~~~[m[K
[9.900s] [01m[K/Pav-S_ws/src/navigation2-humble/navigation_manager/src/cruise_perception_navigator.cpp:78:31:[m[K [01;31m[Kerror: [m[Kâ€˜[01m[Kclass CruisePerceptionNavigator[m[Kâ€™ has no member named â€˜[01m[Kget_logger[m[Kâ€™
[9.901s]    78 |             RCLCPP_WARN(this->[01;31m[Kget_logger[m[K(), "æ£€æµ‹åˆ°éšœç¢ç‰©ï¼Œå¯åŠ¨è§„é¿æ¨¡å¼");
[9.901s]       |                               [01;31m[K^~~~~~~~~~[m[K
[9.901s] In file included from [01m[K/opt/ros/humble/include/rclcpp/rclcpp/client.hpp:40[m[K,
[9.901s]                  from [01m[K/opt/ros/humble/include/rclcpp/rclcpp/callback_group.hpp:24[m[K,
[9.901s]                  from [01m[K/opt/ros/humble/include/rclcpp/rclcpp/any_executable.hpp:20[m[K,
[9.901s]                  from [01m[K/opt/ros/humble/include/rclcpp/rclcpp/memory_strategy.hpp:25[m[K,
[9.901s]                  from [01m[K/opt/ros/humble/include/rclcpp/rclcpp/memory_strategies.hpp:18[m[K,
[9.901s]                  from [01m[K/opt/ros/humble/include/rclcpp/rclcpp/executor_options.hpp:20[m[K,
[9.902s]                  from [01m[K/opt/ros/humble/include/rclcpp/rclcpp/executor.hpp:37[m[K,
[9.902s]                  from [01m[K/opt/ros/humble/include/rclcpp/rclcpp/executors/multi_threaded_executor.hpp:25[m[K,
[9.902s]                  from [01m[K/opt/ros/humble/include/rclcpp/rclcpp/executors.hpp:21[m[K,
[9.902s]                  from [01m[K/opt/ros/humble/include/rclcpp/rclcpp/rclcpp.hpp:155[m[K,
[9.902s]                  from [01m[K/Pav-S_ws/src/navigation2-humble/navigation_manager/src/cruise_perception_navigator.cpp:6[m[K:
[9.902s] [01m[K/Pav-S_ws/src/navigation2-humble/navigation_manager/src/cruise_perception_navigator.cpp:81:31:[m[K [01;31m[Kerror: [m[Kâ€˜[01m[Kclass CruisePerceptionNavigator[m[Kâ€™ has no member named â€˜[01m[Kget_logger[m[Kâ€™
[9.902s]    81 |             RCLCPP_INFO(this->[01;31m[Kget_logger[m[K(), "è·¯å¾„éšœç¢ç‰©å·²æ¸…é™¤");
[9.902s]       |                               [01;31m[K^~~~~~~~~~[m[K
[9.902s] [01m[K/Pav-S_ws/src/navigation2-humble/navigation_manager/src/cruise_perception_navigator.cpp:81:31:[m[K [01;31m[Kerror: [m[Kâ€˜[01m[Kclass CruisePerceptionNavigator[m[Kâ€™ has no member named â€˜[01m[Kget_logger[m[Kâ€™
[9.903s] [01m[K/Pav-S_ws/src/navigation2-humble/navigation_manager/src/cruise_perception_navigator.cpp:81:13:[m[K [01;31m[Kerror: [m[Ktemplate argument 1 is invalid
[9.903s]    81 |             [01;31m[KRCLCPP_INFO[m[K(this->get_logger(), "è·¯å¾„éšœç¢ç‰©å·²æ¸…é™¤");
[9.903s]       |             [01;31m[K^~~~~~~~~~~[m[K
[9.903s] In file included from [01m[K/opt/ros/humble/include/rclcpp/rclcpp/logging.hpp:24[m[K,
[9.903s]                  from [01m[K/opt/ros/humble/include/rclcpp/rclcpp/client.hpp:40[m[K,
[9.903s]                  from [01m[K/opt/ros/humble/include/rclcpp/rclcpp/callback_group.hpp:24[m[K,
[9.903s]                  from [01m[K/opt/ros/humble/include/rclcpp/rclcpp/any_executable.hpp:20[m[K,
[9.903s]                  from [01m[K/opt/ros/humble/include/rclcpp/rclcpp/memory_strategy.hpp:25[m[K,
[9.904s]                  from [01m[K/opt/ros/humble/include/rclcpp/rclcpp/memory_strategies.hpp:18[m[K,
[9.904s]                  from [01m[K/opt/ros/humble/include/rclcpp/rclcpp/executor_options.hpp:20[m[K,
[9.904s]                  from [01m[K/opt/ros/humble/include/rclcpp/rclcpp/executor.hpp:37[m[K,
[9.904s]                  from [01m[K/opt/ros/humble/include/rclcpp/rclcpp/executors/multi_threaded_executor.hpp:25[m[K,
[9.904s]                  from [01m[K/opt/ros/humble/include/rclcpp/rclcpp/executors.hpp:21[m[K,
[9.904s]                  from [01m[K/opt/ros/humble/include/rclcpp/rclcpp/rclcpp.hpp:155[m[K,
[9.904s]                  from [01m[K/Pav-S_ws/src/navigation2-humble/navigation_manager/src/cruise_perception_navigator.cpp:6[m[K:
[9.904s] [01m[K/Pav-S_ws/src/navigation2-humble/navigation_manager/src/cruise_perception_navigator.cpp:81:31:[m[K [01;31m[Kerror: [m[Kâ€˜[01m[Kclass CruisePerceptionNavigator[m[Kâ€™ has no member named â€˜[01m[Kget_logger[m[Kâ€™
[9.904s]    81 |             RCLCPP_INFO(this->[01;31m[Kget_logger[m[K(), "è·¯å¾„éšœç¢ç‰©å·²æ¸…é™¤");
[9.905s]       |                               [01;31m[K^~~~~~~~~~[m[K
[9.905s] [01m[K/Pav-S_ws/src/navigation2-humble/navigation_manager/src/cruise_perception_navigator.cpp:81:31:[m[K [01;31m[Kerror: [m[Kâ€˜[01m[Kclass CruisePerceptionNavigator[m[Kâ€™ has no member named â€˜[01m[Kget_logger[m[Kâ€™
[9.905s]    81 |             RCLCPP_INFO(this->[01;31m[Kget_logger[m[K(), "è·¯å¾„éšœç¢ç‰©å·²æ¸…é™¤");
[9.905s]       |                               [01;31m[K^~~~~~~~~~[m[K
[9.905s] [01m[K/Pav-S_ws/src/navigation2-humble/navigation_manager/src/cruise_perception_navigator.cpp:84:39:[m[K [01;31m[Kerror: [m[Kâ€˜[01m[Kclass CruisePerceptionNavigator[m[Kâ€™ has no member named â€˜[01m[Know[m[Kâ€™
[9.905s]    84 |         last_perception_time_ = this->[01;31m[Know[m[K();
[9.905s]       |                                       [01;31m[K^~~[m[K
[9.905s] In file included from [01m[K/opt/ros/humble/include/rclcpp/rclcpp/client.hpp:40[m[K,
[9.905s]                  from [01m[K/opt/ros/humble/include/rclcpp/rclcpp/callback_group.hpp:24[m[K,
[9.906s]                  from [01m[K/opt/ros/humble/include/rclcpp/rclcpp/any_executable.hpp:20[m[K,
[9.906s]                  from [01m[K/opt/ros/humble/include/rclcpp/rclcpp/memory_strategy.hpp:25[m[K,
[9.906s]                  from [01m[K/opt/ros/humble/include/rclcpp/rclcpp/memory_strategies.hpp:18[m[K,
[9.906s]                  from [01m[K/opt/ros/humble/include/rclcpp/rclcpp/executor_options.hpp:20[m[K,
[9.906s]                  from [01m[K/opt/ros/humble/include/rclcpp/rclcpp/executor.hpp:37[m[K,
[9.906s]                  from [01m[K/opt/ros/humble/include/rclcpp/rclcpp/executors/multi_threaded_executor.hpp:25[m[K,
[9.906s]                  from [01m[K/opt/ros/humble/include/rclcpp/rclcpp/executors.hpp:21[m[K,
[9.906s]                  from [01m[K/opt/ros/humble/include/rclcpp/rclcpp/rclcpp.hpp:155[m[K,
[9.906s]                  from [01m[K/Pav-S_ws/src/navigation2-humble/navigation_manager/src/cruise_perception_navigator.cpp:6[m[K:
[9.907s] [01m[K/Pav-S_ws/src/navigation2-humble/navigation_manager/src/cruise_perception_navigator.cpp:[m[K In member function â€˜[01m[Kvoid CruisePerceptionNavigator::handleLaneSituation(std_msgs::msg::String_<std::allocator<void> >::SharedPtr)[m[Kâ€™:
[9.907s] [01m[K/Pav-S_ws/src/navigation2-humble/navigation_manager/src/cruise_perception_navigator.cpp:91:31:[m[K [01;31m[Kerror: [m[Kâ€˜[01m[Kclass CruisePerceptionNavigator[m[Kâ€™ has no member named â€˜[01m[Kget_logger[m[Kâ€™
[9.907s]    91 |             RCLCPP_WARN(this->[01;31m[Kget_logger[m[K(), "å½“å‰è½¦é“è¢«é˜»å¡žï¼Œè€ƒè™‘å˜é“");
[9.907s]       |                               [01;31m[K^~~~~~~~~~[m[K
[9.907s] [01m[K/Pav-S_ws/src/navigation2-humble/navigation_manager/src/cruise_perception_navigator.cpp:91:31:[m[K [01;31m[Kerror: [m[Kâ€˜[01m[Kclass CruisePerceptionNavigator[m[Kâ€™ has no member named â€˜[01m[Kget_logger[m[Kâ€™
[9.907s] [01m[K/Pav-S_ws/src/navigation2-humble/navigation_manager/src/cruise_perception_navigator.cpp:91:13:[m[K [01;31m[Kerror: [m[Ktemplate argument 1 is invalid
[9.907s]    91 |             [01;31m[KRCLCPP_WARN[m[K(this->get_logger(), "å½“å‰è½¦é“è¢«é˜»å¡žï¼Œè€ƒè™‘å˜é“");
[9.907s]       |             [01;31m[K^~~~~~~~~~~[m[K
[9.907s] In file included from [01m[K/opt/ros/humble/include/rclcpp/rclcpp/logging.hpp:24[m[K,
[9.908s]                  from [01m[K/opt/ros/humble/include/rclcpp/rclcpp/client.hpp:40[m[K,
[9.908s]                  from [01m[K/opt/ros/humble/include/rclcpp/rclcpp/callback_group.hpp:24[m[K,
[9.908s]                  from [01m[K/opt/ros/humble/include/rclcpp/rclcpp/any_executable.hpp:20[m[K,
[9.908s]                  from [01m[K/opt/ros/humble/include/rclcpp/rclcpp/memory_strategy.hpp:25[m[K,
[9.908s]                  from [01m[K/opt/ros/humble/include/rclcpp/rclcpp/memory_strategies.hpp:18[m[K,
[9.908s]                  from [01m[K/opt/ros/humble/include/rclcpp/rclcpp/executor_options.hpp:20[m[K,
[9.908s]                  from [01m[K/opt/ros/humble/include/rclcpp/rclcpp/executor.hpp:37[m[K,
[9.908s]                  from [01m[K/opt/ros/humble/include/rclcpp/rclcpp/executors/multi_threaded_executor.hpp:25[m[K,
[9.908s]                  from [01m[K/opt/ros/humble/include/rclcpp/rclcpp/executors.hpp:21[m[K,
[9.909s]                  from [01m[K/opt/ros/humble/include/rclcpp/rclcpp/rclcpp.hpp:155[m[K,
[9.909s]                  from [01m[K/Pav-S_ws/src/navigation2-humble/navigation_manager/src/cruise_perception_navigator.cpp:6[m[K:
[9.909s] [01m[K/Pav-S_ws/src/navigation2-humble/navigation_manager/src/cruise_perception_navigator.cpp:91:31:[m[K [01;31m[Kerror: [m[Kâ€˜[01m[Kclass CruisePerceptionNavigator[m[Kâ€™ has no member named â€˜[01m[Kget_logger[m[Kâ€™
[9.909s]    91 |             RCLCPP_WARN(this->[01;31m[Kget_logger[m[K(), "å½“å‰è½¦é“è¢«é˜»å¡žï¼Œè€ƒè™‘å˜é“");
[9.909s]       |                               [01;31m[K^~~~~~~~~~[m[K
[9.909s] [01m[K/Pav-S_ws/src/navigation2-humble/navigation_manager/src/cruise_perception_navigator.cpp:91:31:[m[K [01;31m[Kerror: [m[Kâ€˜[01m[Kclass CruisePerceptionNavigator[m[Kâ€™ has no member named â€˜[01m[Kget_logger[m[Kâ€™
[9.909s]    91 |             RCLCPP_WARN(this->[01;31m[Kget_logger[m[K(), "å½“å‰è½¦é“è¢«é˜»å¡žï¼Œè€ƒè™‘å˜é“");
[9.909s]       |                               [01;31m[K^~~~~~~~~~[m[K
[9.910s] In file included from [01m[K/opt/ros/humble/include/rclcpp/rclcpp/client.hpp:40[m[K,
[9.910s]                  from [01m[K/opt/ros/humble/include/rclcpp/rclcpp/callback_group.hpp:24[m[K,
[9.910s]                  from [01m[K/opt/ros/humble/include/rclcpp/rclcpp/any_executable.hpp:20[m[K,
[9.910s]                  from [01m[K/opt/ros/humble/include/rclcpp/rclcpp/memory_strategy.hpp:25[m[K,
[9.910s]                  from [01m[K/opt/ros/humble/include/rclcpp/rclcpp/memory_strategies.hpp:18[m[K,
[9.910s]                  from [01m[K/opt/ros/humble/include/rclcpp/rclcpp/executor_options.hpp:20[m[K,
[9.910s]                  from [01m[K/opt/ros/humble/include/rclcpp/rclcpp/executor.hpp:37[m[K,
[9.910s]                  from [01m[K/opt/ros/humble/include/rclcpp/rclcpp/executors/multi_threaded_executor.hpp:25[m[K,
[9.910s]                  from [01m[K/opt/ros/humble/include/rclcpp/rclcpp/executors.hpp:21[m[K,
[9.911s]                  from [01m[K/opt/ros/humble/include/rclcpp/rclcpp/rclcpp.hpp:155[m[K,
[9.911s]                  from [01m[K/Pav-S_ws/src/navigation2-humble/navigation_manager/src/cruise_perception_navigator.cpp:6[m[K:
[9.911s] [01m[K/Pav-S_ws/src/navigation2-humble/navigation_manager/src/cruise_perception_navigator.cpp:94:31:[m[K [01;31m[Kerror: [m[Kâ€˜[01m[Kclass CruisePerceptionNavigator[m[Kâ€™ has no member named â€˜[01m[Kget_logger[m[Kâ€™
[9.911s]    94 |             RCLCPP_INFO(this->[01;31m[Kget_logger[m[K(), "è½¦é“ç•…é€š");
[9.911s]       |                               [01;31m[K^~~~~~~~~~[m[K
[9.911s] [01m[K/Pav-S_ws/src/navigation2-humble/navigation_manager/src/cruise_perception_navigator.cpp:94:31:[m[K [01;31m[Kerror: [m[Kâ€˜[01m[Kclass CruisePerceptionNavigator[m[Kâ€™ has no member named â€˜[01m[Kget_logger[m[Kâ€™
[9.911s] [01m[K/Pav-S_ws/src/navigation2-humble/navigation_manager/src/cruise_perception_navigator.cpp:94:13:[m[K [01;31m[Kerror: [m[Ktemplate argument 1 is invalid
[9.911s]    94 |             [01;31m[KRCLCPP_INFO[m[K(this->get_logger(), "è½¦é“ç•…é€š");
[9.911s]       |             [01;31m[K^~~~~~~~~~~[m[K
[9.912s] In file included from [01m[K/opt/ros/humble/include/rclcpp/rclcpp/logging.hpp:24[m[K,
[9.912s]                  from [01m[K/opt/ros/humble/include/rclcpp/rclcpp/client.hpp:40[m[K,
[9.912s]                  from [01m[K/opt/ros/humble/include/rclcpp/rclcpp/callback_group.hpp:24[m[K,
[9.912s]                  from [01m[K/opt/ros/humble/include/rclcpp/rclcpp/any_executable.hpp:20[m[K,
[9.912s]                  from [01m[K/opt/ros/humble/include/rclcpp/rclcpp/memory_strategy.hpp:25[m[K,
[9.912s]                  from [01m[K/opt/ros/humble/include/rclcpp/rclcpp/memory_strategies.hpp:18[m[K,
[9.912s]                  from [01m[K/opt/ros/humble/include/rclcpp/rclcpp/executor_options.hpp:20[m[K,
[9.912s]                  from [01m[K/opt/ros/humble/include/rclcpp/rclcpp/executor.hpp:37[m[K,
[9.912s]                  from [01m[K/opt/ros/humble/include/rclcpp/rclcpp/executors/multi_threaded_executor.hpp:25[m[K,
[9.913s]                  from [01m[K/opt/ros/humble/include/rclcpp/rclcpp/executors.hpp:21[m[K,
[9.913s]                  from [01m[K/opt/ros/humble/include/rclcpp/rclcpp/rclcpp.hpp:155[m[K,
[9.913s]                  from [01m[K/Pav-S_ws/src/navigation2-humble/navigation_manager/src/cruise_perception_navigator.cpp:6[m[K:
[9.913s] [01m[K/Pav-S_ws/src/navigation2-humble/navigation_manager/src/cruise_perception_navigator.cpp:94:31:[m[K [01;31m[Kerror: [m[Kâ€˜[01m[Kclass CruisePerceptionNavigator[m[Kâ€™ has no member named â€˜[01m[Kget_logger[m[Kâ€™
[9.913s]    94 |             RCLCPP_INFO(this->[01;31m[Kget_logger[m[K(), "è½¦é“ç•…é€š");
[9.913s]       |                               [01;31m[K^~~~~~~~~~[m[K
[9.913s] [01m[K/Pav-S_ws/src/navigation2-humble/navigation_manager/src/cruise_perception_navigator.cpp:94:31:[m[K [01;31m[Kerror: [m[Kâ€˜[01m[Kclass CruisePerceptionNavigator[m[Kâ€™ has no member named â€˜[01m[Kget_logger[m[Kâ€™
[9.913s]    94 |             RCLCPP_INFO(this->[01;31m[Kget_logger[m[K(), "è½¦é“ç•…é€š");
[9.913s]       |                               [01;31m[K^~~~~~~~~~[m[K
[9.914s] [01m[K/Pav-S_ws/src/navigation2-humble/navigation_manager/src/cruise_perception_navigator.cpp:97:39:[m[K [01;31m[Kerror: [m[Kâ€˜[01m[Kclass CruisePerceptionNavigator[m[Kâ€™ has no member named â€˜[01m[Know[m[Kâ€™
[9.914s]    97 |         last_perception_time_ = this->[01;31m[Know[m[K();
[9.914s]       |                                       [01;31m[K^~~[m[K
[9.927s] [01m[K/Pav-S_ws/src/navigation2-humble/navigation_manager/src/cruise_perception_navigator.cpp:[m[K In member function â€˜[01m[Kvoid CruisePerceptionNavigator::executeCallback()[m[Kâ€™:
[9.927s] [01m[K/Pav-S_ws/src/navigation2-humble/navigation_manager/src/cruise_perception_navigator.cpp:102:24:[m[K [01;31m[Kerror: [m[Kâ€˜[01m[KgetCurrentRequest[m[Kâ€™ was not declared in this scope
[9.928s]   102 |         auto request = [01;31m[KgetCurrentRequest[m[K();
[9.928s]       |                        [01;31m[K^~~~~~~~~~~~~~~~~[m[K
[9.928s] In file included from [01m[K/opt/ros/humble/include/rclcpp/rclcpp/client.hpp:40[m[K,
[9.928s]                  from [01m[K/opt/ros/humble/include/rclcpp/rclcpp/callback_group.hpp:24[m[K,
[9.928s]                  from [01m[K/opt/ros/humble/include/rclcpp/rclcpp/any_executable.hpp:20[m[K,
[9.928s]                  from [01m[K/opt/ros/humble/include/rclcpp/rclcpp/memory_strategy.hpp:25[m[K,
[9.929s]                  from [01m[K/opt/ros/humble/include/rclcpp/rclcpp/memory_strategies.hpp:18[m[K,
[9.929s]                  from [01m[K/opt/ros/humble/include/rclcpp/rclcpp/executor_options.hpp:20[m[K,
[9.929s]                  from [01m[K/opt/ros/humble/include/rclcpp/rclcpp/executor.hpp:37[m[K,
[9.929s]                  from [01m[K/opt/ros/humble/include/rclcpp/rclcpp/executors/multi_threaded_executor.hpp:25[m[K,
[9.929s]                  from [01m[K/opt/ros/humble/include/rclcpp/rclcpp/executors.hpp:21[m[K,
[9.929s]                  from [01m[K/opt/ros/humble/include/rclcpp/rclcpp/rclcpp.hpp:155[m[K,
[9.929s]                  from [01m[K/Pav-S_ws/src/navigation2-humble/navigation_manager/src/cruise_perception_navigator.cpp:6[m[K:
[9.929s] [01m[K/Pav-S_ws/src/navigation2-humble/navigation_manager/src/cruise_perception_navigator.cpp:104:27:[m[K [01;31m[Kerror: [m[Kâ€˜[01m[Kclass CruisePerceptionNavigator[m[Kâ€™ has no member named â€˜[01m[Kget_logger[m[Kâ€™
[9.929s]   104 |         RCLCPP_INFO(this->[01;31m[Kget_logger[m[K(), "å¼€å§‹å·¡èˆªå¯¼èˆªä»»åŠ¡åˆ°ä½ç½®: [%.2f, %.2f]",
[9.930s]       |                           [01;31m[K^~~~~~~~~~[m[K
[9.930s] [01m[K/Pav-S_ws/src/navigation2-humble/navigation_manager/src/cruise_perception_navigator.cpp:104:27:[m[K [01;31m[Kerror: [m[Kâ€˜[01m[Kclass CruisePerceptionNavigator[m[Kâ€™ has no member named â€˜[01m[Kget_logger[m[Kâ€™
[9.930s] [01m[K/Pav-S_ws/src/navigation2-humble/navigation_manager/src/cruise_perception_navigator.cpp:104:9:[m[K [01;31m[Kerror: [m[Ktemplate argument 1 is invalid
[9.930s]   104 |         [01;31m[KRCLCPP_INFO[m[K(this->get_logger(), "å¼€å§‹å·¡èˆªå¯¼èˆªä»»åŠ¡åˆ°ä½ç½®: [%.2f, %.2f]",
[9.930s]       |         [01;31m[K^~~~~~~~~~~[m[K
[9.930s] In file included from [01m[K/opt/ros/humble/include/rclcpp/rclcpp/logging.hpp:24[m[K,
[9.930s]                  from [01m[K/opt/ros/humble/include/rclcpp/rclcpp/client.hpp:40[m[K,
[9.930s]                  from [01m[K/opt/ros/humble/include/rclcpp/rclcpp/callback_group.hpp:24[m[K,
[9.931s]                  from [01m[K/opt/ros/humble/include/rclcpp/rclcpp/any_executable.hpp:20[m[K,
[9.931s]                  from [01m[K/opt/ros/humble/include/rclcpp/rclcpp/memory_strategy.hpp:25[m[K,
[9.931s]                  from [01m[K/opt/ros/humble/include/rclcpp/rclcpp/memory_strategies.hpp:18[m[K,
[9.931s]                  from [01m[K/opt/ros/humble/include/rclcpp/rclcpp/executor_options.hpp:20[m[K,
[9.931s]                  from [01m[K/opt/ros/humble/include/rclcpp/rclcpp/executor.hpp:37[m[K,
[9.931s]                  from [01m[K/opt/ros/humble/include/rclcpp/rclcpp/executors/multi_threaded_executor.hpp:25[m[K,
[9.931s]                  from [01m[K/opt/ros/humble/include/rclcpp/rclcpp/executors.hpp:21[m[K,
[9.931s]                  from [01m[K/opt/ros/humble/include/rclcpp/rclcpp/rclcpp.hpp:155[m[K,
[9.932s]                  from [01m[K/Pav-S_ws/src/navigation2-humble/navigation_manager/src/cruise_perception_navigator.cpp:6[m[K:
[9.932s] [01m[K/Pav-S_ws/src/navigation2-humble/navigation_manager/src/cruise_perception_navigator.cpp:104:27:[m[K [01;31m[Kerror: [m[Kâ€˜[01m[Kclass CruisePerceptionNavigator[m[Kâ€™ has no member named â€˜[01m[Kget_logger[m[Kâ€™
[9.932s]   104 |         RCLCPP_INFO(this->[01;31m[Kget_logger[m[K(), "å¼€å§‹å·¡èˆªå¯¼èˆªä»»åŠ¡åˆ°ä½ç½®: [%.2f, %.2f]",
[9.932s]       |                           [01;31m[K^~~~~~~~~~[m[K
[9.932s] [01m[K/Pav-S_ws/src/navigation2-humble/navigation_manager/src/cruise_perception_navigator.cpp:104:27:[m[K [01;31m[Kerror: [m[Kâ€˜[01m[Kclass CruisePerceptionNavigator[m[Kâ€™ has no member named â€˜[01m[Kget_logger[m[Kâ€™
[9.932s]   104 |         RCLCPP_INFO(this->[01;31m[Kget_logger[m[K(), "å¼€å§‹å·¡èˆªå¯¼èˆªä»»åŠ¡åˆ°ä½ç½®: [%.2f, %.2f]",
[9.932s]       |                           [01;31m[K^~~~~~~~~~[m[K
[9.960s] [01m[K/Pav-S_ws/src/navigation2-humble/navigation_manager/src/cruise_perception_navigator.cpp:113:9:[m[K [01;31m[Kerror: [m[Kâ€˜[01m[KsetAsSucceeded[m[Kâ€™ was not declared in this scope
[9.960s]   113 |         [01;31m[KsetAsSucceeded[m[K(result);
[9.960s]       |         [01;31m[K^~~~~~~~~~~~~~[m[K
[9.986s] [01m[K/Pav-S_ws/src/navigation2-humble/navigation_manager/src/cruise_perception_navigator.cpp:[m[K In member function â€˜[01m[Kvoid CruisePerceptionNavigator::executeCruiseNavigation()[m[Kâ€™:
[9.987s] [01m[K/Pav-S_ws/src/navigation2-humble/navigation_manager/src/cruise_perception_navigator.cpp:118:33:[m[K [01;31m[Kerror: [m[Kâ€˜[01m[KisPreemptRequested[m[Kâ€™ was not declared in this scope
[9.987s]   118 |         while (rclcpp::ok() && ![01;31m[KisPreemptRequested[m[K()) {
[9.987s]       |                                 [01;31m[K^~~~~~~~~~~~~~~~~~[m[K
[9.987s] In file included from [01m[K/opt/ros/humble/include/rclcpp/rclcpp/client.hpp:40[m[K,
[9.987s]                  from [01m[K/opt/ros/humble/include/rclcpp/rclcpp/callback_group.hpp:24[m[K,
[9.987s]                  from [01m[K/opt/ros/humble/include/rclcpp/rclcpp/any_executable.hpp:20[m[K,
[9.987s]                  from [01m[K/opt/ros/humble/include/rclcpp/rclcpp/memory_strategy.hpp:25[m[K,
[9.988s]                  from [01m[K/opt/ros/humble/include/rclcpp/rclcpp/memory_strategies.hpp:18[m[K,
[9.988s]                  from [01m[K/opt/ros/humble/include/rclcpp/rclcpp/executor_options.hpp:20[m[K,
[9.988s]                  from [01m[K/opt/ros/humble/include/rclcpp/rclcpp/executor.hpp:37[m[K,
[9.988s]                  from [01m[K/opt/ros/humble/include/rclcpp/rclcpp/executors/multi_threaded_executor.hpp:25[m[K,
[9.988s]                  from [01m[K/opt/ros/humble/include/rclcpp/rclcpp/executors.hpp:21[m[K,
[9.988s]                  from [01m[K/opt/ros/humble/include/rclcpp/rclcpp/rclcpp.hpp:155[m[K,
[9.989s]                  from [01m[K/Pav-S_ws/src/navigation2-humble/navigation_manager/src/cruise_perception_navigator.cpp:6[m[K:
[9.989s] [01m[K/Pav-S_ws/src/navigation2-humble/navigation_manager/src/cruise_perception_navigator.cpp:127:35:[m[K [01;31m[Kerror: [m[Kâ€˜[01m[Kclass CruisePerceptionNavigator[m[Kâ€™ has no member named â€˜[01m[Kget_logger[m[Kâ€™
[9.989s]   127 |                 RCLCPP_INFO(this->[01;31m[Kget_logger[m[K(), "å·¡èˆªå¯¼èˆªç›®æ ‡å·²åˆ°è¾¾");
[9.989s]       |                                   [01;31m[K^~~~~~~~~~[m[K
[9.989s] [01m[K/Pav-S_ws/src/navigation2-humble/navigation_manager/src/cruise_perception_navigator.cpp:127:35:[m[K [01;31m[Kerror: [m[Kâ€˜[01m[Kclass CruisePerceptionNavigator[m[Kâ€™ has no member named â€˜[01m[Kget_logger[m[Kâ€™
[9.989s] [01m[K/Pav-S_ws/src/navigation2-humble/navigation_manager/src/cruise_perception_navigator.cpp:127:17:[m[K [01;31m[Kerror: [m[Ktemplate argument 1 is invalid
[9.989s]   127 |                 [01;31m[KRCLCPP_INFO[m[K(this->get_logger(), "å·¡èˆªå¯¼èˆªç›®æ ‡å·²åˆ°è¾¾");
[9.990s]       |                 [01;31m[K^~~~~~~~~~~[m[K
[9.990s] In file included from [01m[K/opt/ros/humble/include/rclcpp/rclcpp/logging.hpp:24[m[K,
[9.990s]                  from [01m[K/opt/ros/humble/include/rclcpp/rclcpp/client.hpp:40[m[K,
[9.990s]                  from [01m[K/opt/ros/humble/include/rclcpp/rclcpp/callback_group.hpp:24[m[K,
[9.990s]                  from [01m[K/opt/ros/humble/include/rclcpp/rclcpp/any_executable.hpp:20[m[K,
[9.991s]                  from [01m[K/opt/ros/humble/include/rclcpp/rclcpp/memory_strategy.hpp:25[m[K,
[9.991s]                  from [01m[K/opt/ros/humble/include/rclcpp/rclcpp/memory_strategies.hpp:18[m[K,
[9.991s]                  from [01m[K/opt/ros/humble/include/rclcpp/rclcpp/executor_options.hpp:20[m[K,
[9.991s]                  from [01m[K/opt/ros/humble/include/rclcpp/rclcpp/executor.hpp:37[m[K,
[9.991s]                  from [01m[K/opt/ros/humble/include/rclcpp/rclcpp/executors/multi_threaded_executor.hpp:25[m[K,
[9.991s]                  from [01m[K/opt/ros/humble/include/rclcpp/rclcpp/executors.hpp:21[m[K,
[9.992s]                  from [01m[K/opt/ros/humble/include/rclcpp/rclcpp/rclcpp.hpp:155[m[K,
[9.992s]                  from [01m[K/Pav-S_ws/src/navigation2-humble/navigation_manager/src/cruise_perception_navigator.cpp:6[m[K:
[9.992s] [01m[K/Pav-S_ws/src/navigation2-humble/navigation_manager/src/cruise_perception_navigator.cpp:127:35:[m[K [01;31m[Kerror: [m[Kâ€˜[01m[Kclass CruisePerceptionNavigator[m[Kâ€™ has no member named â€˜[01m[Kget_logger[m[Kâ€™
[9.992s]   127 |                 RCLCPP_INFO(this->[01;31m[Kget_logger[m[K(), "å·¡èˆªå¯¼èˆªç›®æ ‡å·²åˆ°è¾¾");
[9.992s]       |                                   [01;31m[K^~~~~~~~~~[m[K
[9.992s] [01m[K/Pav-S_ws/src/navigation2-humble/navigation_manager/src/cruise_perception_navigator.cpp:127:35:[m[K [01;31m[Kerror: [m[Kâ€˜[01m[Kclass CruisePerceptionNavigator[m[Kâ€™ has no member named â€˜[01m[Kget_logger[m[Kâ€™
[9.993s]   127 |                 RCLCPP_INFO(this->[01;31m[Kget_logger[m[K(), "å·¡èˆªå¯¼èˆªç›®æ ‡å·²åˆ°è¾¾");
[9.993s]       |                                   [01;31m[K^~~~~~~~~~[m[K
[9.993s] [01m[K/Pav-S_ws/src/navigation2-humble/navigation_manager/src/cruise_perception_navigator.cpp:[m[K In member function â€˜[01m[Kvoid CruisePerceptionNavigator::monitorPerceptionStatus()[m[Kâ€™:
[9.993s] [01m[K/Pav-S_ws/src/navigation2-humble/navigation_manager/src/cruise_perception_navigator.cpp:139:35:[m[K [01;31m[Kerror: [m[Kâ€˜[01m[Kclass CruisePerceptionNavigator[m[Kâ€™ has no member named â€˜[01m[Know[m[Kâ€™
[9.993s]   139 |         auto current_time = this->[01;31m[Know[m[K();
[9.994s]       |                                   [01;31m[K^~~[m[K
[9.994s] In file included from [01m[K/opt/ros/humble/include/rclcpp/rclcpp/client.hpp:40[m[K,
[9.994s]                  from [01m[K/opt/ros/humble/include/rclcpp/rclcpp/callback_group.hpp:24[m[K,
[9.994s]                  from [01m[K/opt/ros/humble/include/rclcpp/rclcpp/any_executable.hpp:20[m[K,
[9.994s]                  from [01m[K/opt/ros/humble/include/rclcpp/rclcpp/memory_strategy.hpp:25[m[K,
[9.994s]                  from [01m[K/opt/ros/humble/include/rclcpp/rclcpp/memory_strategies.hpp:18[m[K,
[9.994s]                  from [01m[K/opt/ros/humble/include/rclcpp/rclcpp/executor_options.hpp:20[m[K,
[9.994s]                  from [01m[K/opt/ros/humble/include/rclcpp/rclcpp/executor.hpp:37[m[K,
[9.995s]                  from [01m[K/opt/ros/humble/include/rclcpp/rclcpp/executors/multi_threaded_executor.hpp:25[m[K,
[9.995s]                  from [01m[K/opt/ros/humble/include/rclcpp/rclcpp/executors.hpp:21[m[K,
[9.995s]                  from [01m[K/opt/ros/humble/include/rclcpp/rclcpp/rclcpp.hpp:155[m[K,
[9.995s]                  from [01m[K/Pav-S_ws/src/navigation2-humble/navigation_manager/src/cruise_perception_navigator.cpp:6[m[K:
[9.995s] [01m[K/Pav-S_ws/src/navigation2-humble/navigation_manager/src/cruise_perception_navigator.cpp:143:31:[m[K [01;31m[Kerror: [m[Kâ€˜[01m[Kclass CruisePerceptionNavigator[m[Kâ€™ has no member named â€˜[01m[Kget_logger[m[Kâ€™
[9.995s]   143 |             RCLCPP_WARN(this->[01;31m[Kget_logger[m[K(), "æ„ŸçŸ¥æ•°æ®è¶…æ—¶ (%.2fç§’)ï¼Œåˆ‡æ¢åˆ°ä¿å®ˆæ¨¡å¼",
[9.995s]       |                               [01;31m[K^~~~~~~~~~[m[K
[9.995s] [01m[K/Pav-S_ws/src/navigation2-humble/navigation_manager/src/cruise_perception_navigator.cpp:143:31:[m[K [01;31m[Kerror: [m[Kâ€˜[01m[Kclass CruisePerceptionNavigator[m[Kâ€™ has no member named â€˜[01m[Kget_logger[m[Kâ€™
[9.996s] [01m[K/Pav-S_ws/src/navigation2-humble/navigation_manager/src/cruise_perception_navigator.cpp:143:13:[m[K [01;31m[Kerror: [m[Ktemplate argument 1 is invalid
[9.996s]   143 |             [01;31m[KRCLCPP_WARN[m[K(this->get_logger(), "æ„ŸçŸ¥æ•°æ®è¶…æ—¶ (%.2fç§’)ï¼Œåˆ‡æ¢åˆ°ä¿å®ˆæ¨¡å¼",
[9.996s]       |             [01;31m[K^~~~~~~~~~~[m[K
[9.996s] In file included from [01m[K/opt/ros/humble/include/rclcpp/rclcpp/logging.hpp:24[m[K,
[9.996s]                  from [01m[K/opt/ros/humble/include/rclcpp/rclcpp/client.hpp:40[m[K,
[9.997s]                  from [01m[K/opt/ros/humble/include/rclcpp/rclcpp/callback_group.hpp:24[m[K,
[9.997s]                  from [01m[K/opt/ros/humble/include/rclcpp/rclcpp/any_executable.hpp:20[m[K,
[9.997s]                  from [01m[K/opt/ros/humble/include/rclcpp/rclcpp/memory_strategy.hpp:25[m[K,
[9.997s]                  from [01m[K/opt/ros/humble/include/rclcpp/rclcpp/memory_strategies.hpp:18[m[K,
[9.997s]                  from [01m[K/opt/ros/humble/include/rclcpp/rclcpp/executor_options.hpp:20[m[K,
[9.997s]                  from [01m[K/opt/ros/humble/include/rclcpp/rclcpp/executor.hpp:37[m[K,
[9.998s]                  from [01m[K/opt/ros/humble/include/rclcpp/rclcpp/executors/multi_threaded_executor.hpp:25[m[K,
[9.998s]                  from [01m[K/opt/ros/humble/include/rclcpp/rclcpp/executors.hpp:21[m[K,
[9.998s]                  from [01m[K/opt/ros/humble/include/rclcpp/rclcpp/rclcpp.hpp:155[m[K,
[9.998s]                  from [01m[K/Pav-S_ws/src/navigation2-humble/navigation_manager/src/cruise_perception_navigator.cpp:6[m[K:
[9.998s] [01m[K/Pav-S_ws/src/navigation2-humble/navigation_manager/src/cruise_perception_navigator.cpp:143:31:[m[K [01;31m[Kerror: [m[Kâ€˜[01m[Kclass CruisePerceptionNavigator[m[Kâ€™ has no member named â€˜[01m[Kget_logger[m[Kâ€™
[9.998s]   143 |             RCLCPP_WARN(this->[01;31m[Kget_logger[m[K(), "æ„ŸçŸ¥æ•°æ®è¶…æ—¶ (%.2fç§’)ï¼Œåˆ‡æ¢åˆ°ä¿å®ˆæ¨¡å¼",
[9.998s]       |                               [01;31m[K^~~~~~~~~~[m[K
[9.999s] [01m[K/Pav-S_ws/src/navigation2-humble/navigation_manager/src/cruise_perception_navigator.cpp:143:31:[m[K [01;31m[Kerror: [m[Kâ€˜[01m[Kclass CruisePerceptionNavigator[m[Kâ€™ has no member named â€˜[01m[Kget_logger[m[Kâ€™
[9.999s]   143 |             RCLCPP_WARN(this->[01;31m[Kget_logger[m[K(), "æ„ŸçŸ¥æ•°æ®è¶…æ—¶ (%.2fç§’)ï¼Œåˆ‡æ¢åˆ°ä¿å®ˆæ¨¡å¼",
[9.999s]       |                               [01;31m[K^~~~~~~~~~[m[K
[9.999s] In file included from [01m[K/opt/ros/humble/include/rclcpp/rclcpp/client.hpp:40[m[K,
[9.999s]                  from [01m[K/opt/ros/humble/include/rclcpp/rclcpp/callback_group.hpp:24[m[K,
[9.999s]                  from [01m[K/opt/ros/humble/include/rclcpp/rclcpp/any_executable.hpp:20[m[K,
[9.999s]                  from [01m[K/opt/ros/humble/include/rclcpp/rclcpp/memory_strategy.hpp:25[m[K,
[9.999s]                  from [01m[K/opt/ros/humble/include/rclcpp/rclcpp/memory_strategies.hpp:18[m[K,
[10.000s]                  from [01m[K/opt/ros/humble/include/rclcpp/rclcpp/executor_options.hpp:20[m[K,
[10.000s]                  from [01m[K/opt/ros/humble/include/rclcpp/rclcpp/executor.hpp:37[m[K,
[10.000s]                  from [01m[K/opt/ros/humble/include/rclcpp/rclcpp/executors/multi_threaded_executor.hpp:25[m[K,
[10.000s]                  from [01m[K/opt/ros/humble/include/rclcpp/rclcpp/executors.hpp:21[m[K,
[10.000s]                  from [01m[K/opt/ros/humble/include/rclcpp/rclcpp/rclcpp.hpp:155[m[K,
[10.000s]                  from [01m[K/Pav-S_ws/src/navigation2-humble/navigation_manager/src/cruise_perception_navigator.cpp:6[m[K:
[10.000s] [01m[K/Pav-S_ws/src/navigation2-humble/navigation_manager/src/cruise_perception_navigator.cpp:[m[K In member function â€˜[01m[Kvoid CruisePerceptionNavigator::adjustNavigationStrategy()[m[Kâ€™:
[10.001s] [01m[K/Pav-S_ws/src/navigation2-humble/navigation_manager/src/cruise_perception_navigator.cpp:157:32:[m[K [01;31m[Kerror: [m[Kâ€˜[01m[Kclass CruisePerceptionNavigator[m[Kâ€™ has no member named â€˜[01m[Kget_logger[m[Kâ€™
[10.001s]   157 |             RCLCPP_DEBUG(this->[01;31m[Kget_logger[m[K(), "æ‰§è¡Œéšœç¢ç‰©è§„é¿");
[10.001s]       |                                [01;31m[K^~~~~~~~~~[m[K
[10.001s] [01m[K/Pav-S_ws/src/navigation2-humble/navigation_manager/src/cruise_perception_navigator.cpp:157:32:[m[K [01;31m[Kerror: [m[Kâ€˜[01m[Kclass CruisePerceptionNavigator[m[Kâ€™ has no member named â€˜[01m[Kget_logger[m[Kâ€™
[10.001s] [01m[K/Pav-S_ws/src/navigation2-humble/navigation_manager/src/cruise_perception_navigator.cpp:157:13:[m[K [01;31m[Kerror: [m[Ktemplate argument 1 is invalid
[10.001s]   157 |             [01;31m[KRCLCPP_DEBUG[m[K(this->get_logger(), "æ‰§è¡Œéšœç¢ç‰©è§„é¿");
[10.001s]       |             [01;31m[K^~~~~~~~~~~~[m[K
[10.002s] In file included from [01m[K/opt/ros/humble/include/rclcpp/rclcpp/logging.hpp:24[m[K,
[10.002s]                  from [01m[K/opt/ros/humble/include/rclcpp/rclcpp/client.hpp:40[m[K,
[10.002s]                  from [01m[K/opt/ros/humble/include/rclcpp/rclcpp/callback_group.hpp:24[m[K,
[10.002s]                  from [01m[K/opt/ros/humble/include/rclcpp/rclcpp/any_executable.hpp:20[m[K,
[10.002s]                  from [01m[K/opt/ros/humble/include/rclcpp/rclcpp/memory_strategy.hpp:25[m[K,
[10.002s]                  from [01m[K/opt/ros/humble/include/rclcpp/rclcpp/memory_strategies.hpp:18[m[K,
[10.002s]                  from [01m[K/opt/ros/humble/include/rclcpp/rclcpp/executor_options.hpp:20[m[K,
[10.003s]                  from [01m[K/opt/ros/humble/include/rclcpp/rclcpp/executor.hpp:37[m[K,
[10.003s]                  from [01m[K/opt/ros/humble/include/rclcpp/rclcpp/executors/multi_threaded_executor.hpp:25[m[K,
[10.003s]                  from [01m[K/opt/ros/humble/include/rclcpp/rclcpp/executors.hpp:21[m[K,
[10.003s]                  from [01m[K/opt/ros/humble/include/rclcpp/rclcpp/rclcpp.hpp:155[m[K,
[10.003s]                  from [01m[K/Pav-S_ws/src/navigation2-humble/navigation_manager/src/cruise_perception_navigator.cpp:6[m[K:
[10.003s] [01m[K/Pav-S_ws/src/navigation2-humble/navigation_manager/src/cruise_perception_navigator.cpp:157:32:[m[K [01;31m[Kerror: [m[Kâ€˜[01m[Kclass CruisePerceptionNavigator[m[Kâ€™ has no member named â€˜[01m[Kget_logger[m[Kâ€™
[10.003s]   157 |             RCLCPP_DEBUG(this->[01;31m[Kget_logger[m[K(), "æ‰§è¡Œéšœç¢ç‰©è§„é¿");
[10.003s]       |                                [01;31m[K^~~~~~~~~~[m[K
[10.004s] [01m[K/Pav-S_ws/src/navigation2-humble/navigation_manager/src/cruise_perception_navigator.cpp:157:32:[m[K [01;31m[Kerror: [m[Kâ€˜[01m[Kclass CruisePerceptionNavigator[m[Kâ€™ has no member named â€˜[01m[Kget_logger[m[Kâ€™
[10.004s]   157 |             RCLCPP_DEBUG(this->[01;31m[Kget_logger[m[K(), "æ‰§è¡Œéšœç¢ç‰©è§„é¿");
[10.004s]       |                                [01;31m[K^~~~~~~~~~[m[K
[10.004s] In file included from [01m[K/opt/ros/humble/include/rclcpp/rclcpp/client.hpp:40[m[K,
[10.004s]                  from [01m[K/opt/ros/humble/include/rclcpp/rclcpp/callback_group.hpp:24[m[K,
[10.004s]                  from [01m[K/opt/ros/humble/include/rclcpp/rclcpp/any_executable.hpp:20[m[K,
[10.004s]                  from [01m[K/opt/ros/humble/include/rclcpp/rclcpp/memory_strategy.hpp:25[m[K,
[10.004s]                  from [01m[K/opt/ros/humble/include/rclcpp/rclcpp/memory_strategies.hpp:18[m[K,
[10.004s]                  from [01m[K/opt/ros/humble/include/rclcpp/rclcpp/executor_options.hpp:20[m[K,
[10.005s]                  from [01m[K/opt/ros/humble/include/rclcpp/rclcpp/executor.hpp:37[m[K,
[10.005s]                  from [01m[K/opt/ros/humble/include/rclcpp/rclcpp/executors/multi_threaded_executor.hpp:25[m[K,
[10.005s]                  from [01m[K/opt/ros/humble/include/rclcpp/rclcpp/executors.hpp:21[m[K,
[10.005s]                  from [01m[K/opt/ros/humble/include/rclcpp/rclcpp/rclcpp.hpp:155[m[K,
[10.005s]                  from [01m[K/Pav-S_ws/src/navigation2-humble/navigation_manager/src/cruise_perception_navigator.cpp:6[m[K:
[10.005s] [01m[K/Pav-S_ws/src/navigation2-humble/navigation_manager/src/cruise_perception_navigator.cpp:162:32:[m[K [01;31m[Kerror: [m[Kâ€˜[01m[Kclass CruisePerceptionNavigator[m[Kâ€™ has no member named â€˜[01m[Kget_logger[m[Kâ€™
[10.005s]   162 |             RCLCPP_DEBUG(this->[01;31m[Kget_logger[m[K(), "æ‰§è¡Œå˜é“ç­–ç•¥");
[10.005s]       |                                [01;31m[K^~~~~~~~~~[m[K
[10.005s] [01m[K/Pav-S_ws/src/navigation2-humble/navigation_manager/src/cruise_perception_navigator.cpp:162:32:[m[K [01;31m[Kerror: [m[Kâ€˜[01m[Kclass CruisePerceptionNavigator[m[Kâ€™ has no member named â€˜[01m[Kget_logger[m[Kâ€™
[10.006s] [01m[K/Pav-S_ws/src/navigation2-humble/navigation_manager/src/cruise_perception_navigator.cpp:162:13:[m[K [01;31m[Kerror: [m[Ktemplate argument 1 is invalid
[10.006s]   162 |             [01;31m[KRCLCPP_DEBUG[m[K(this->get_logger(), "æ‰§è¡Œå˜é“ç­–ç•¥");
[10.006s]       |             [01;31m[K^~~~~~~~~~~~[m[K
[10.006s] In file included from [01m[K/opt/ros/humble/include/rclcpp/rclcpp/logging.hpp:24[m[K,
[10.006s]                  from [01m[K/opt/ros/humble/include/rclcpp/rclcpp/client.hpp:40[m[K,
[10.006s]                  from [01m[K/opt/ros/humble/include/rclcpp/rclcpp/callback_group.hpp:24[m[K,
[10.006s]                  from [01m[K/opt/ros/humble/include/rclcpp/rclcpp/any_executable.hpp:20[m[K,
[10.006s]                  from [01m[K/opt/ros/humble/include/rclcpp/rclcpp/memory_strategy.hpp:25[m[K,
[10.006s]                  from [01m[K/opt/ros/humble/include/rclcpp/rclcpp/memory_strategies.hpp:18[m[K,
[10.007s]                  from [01m[K/opt/ros/humble/include/rclcpp/rclcpp/executor_options.hpp:20[m[K,
[10.007s]                  from [01m[K/opt/ros/humble/include/rclcpp/rclcpp/executor.hpp:37[m[K,
[10.007s]                  from [01m[K/opt/ros/humble/include/rclcpp/rclcpp/executors/multi_threaded_executor.hpp:25[m[K,
[10.007s]                  from [01m[K/opt/ros/humble/include/rclcpp/rclcpp/executors.hpp:21[m[K,
[10.007s]                  from [01m[K/opt/ros/humble/include/rclcpp/rclcpp/rclcpp.hpp:155[m[K,
[10.007s]                  from [01m[K/Pav-S_ws/src/navigation2-humble/navigation_manager/src/cruise_perception_navigator.cpp:6[m[K:
[10.007s] [01m[K/Pav-S_ws/src/navigation2-humble/navigation_manager/src/cruise_perception_navigator.cpp:162:32:[m[K [01;31m[Kerror: [m[Kâ€˜[01m[Kclass CruisePerceptionNavigator[m[Kâ€™ has no member named â€˜[01m[Kget_logger[m[Kâ€™
[10.007s]   162 |             RCLCPP_DEBUG(this->[01;31m[Kget_logger[m[K(), "æ‰§è¡Œå˜é“ç­–ç•¥");
[10.007s]       |                                [01;31m[K^~~~~~~~~~[m[K
[10.008s] [01m[K/Pav-S_ws/src/navigation2-humble/navigation_manager/src/cruise_perception_navigator.cpp:162:32:[m[K [01;31m[Kerror: [m[Kâ€˜[01m[Kclass CruisePerceptionNavigator[m[Kâ€™ has no member named â€˜[01m[Kget_logger[m[Kâ€™
[10.008s]   162 |             RCLCPP_DEBUG(this->[01;31m[Kget_logger[m[K(), "æ‰§è¡Œå˜é“ç­–ç•¥");
[10.008s]       |                                [01;31m[K^~~~~~~~~~[m[K
[10.008s] In file included from [01m[K/opt/ros/humble/include/rclcpp/rclcpp/client.hpp:40[m[K,
[10.008s]                  from [01m[K/opt/ros/humble/include/rclcpp/rclcpp/callback_group.hpp:24[m[K,
[10.008s]                  from [01m[K/opt/ros/humble/include/rclcpp/rclcpp/any_executable.hpp:20[m[K,
[10.008s]                  from [01m[K/opt/ros/humble/include/rclcpp/rclcpp/memory_strategy.hpp:25[m[K,
[10.008s]                  from [01m[K/opt/ros/humble/include/rclcpp/rclcpp/memory_strategies.hpp:18[m[K,
[10.008s]                  from [01m[K/opt/ros/humble/include/rclcpp/rclcpp/executor_options.hpp:20[m[K,
[10.009s]                  from [01m[K/opt/ros/humble/include/rclcpp/rclcpp/executor.hpp:37[m[K,
[10.009s]                  from [01m[K/opt/ros/humble/include/rclcpp/rclcpp/executors/multi_threaded_executor.hpp:25[m[K,
[10.009s]                  from [01m[K/opt/ros/humble/include/rclcpp/rclcpp/executors.hpp:21[m[K,
[10.009s]                  from [01m[K/opt/ros/humble/include/rclcpp/rclcpp/rclcpp.hpp:155[m[K,
[10.009s]                  from [01m[K/Pav-S_ws/src/navigation2-humble/navigation_manager/src/cruise_perception_navigator.cpp:6[m[K:
[10.009s] [01m[K/Pav-S_ws/src/navigation2-humble/navigation_manager/src/cruise_perception_navigator.cpp:167:32:[m[K [01;31m[Kerror: [m[Kâ€˜[01m[Kclass CruisePerceptionNavigator[m[Kâ€™ has no member named â€˜[01m[Kget_logger[m[Kâ€™
[10.009s]   167 |             RCLCPP_DEBUG(this->[01;31m[Kget_logger[m[K(), "æ‰§è¡Œçº¢ç¯åœè½¦");
[10.009s]       |                                [01;31m[K^~~~~~~~~~[m[K
[10.009s] [01m[K/Pav-S_ws/src/navigation2-humble/navigation_manager/src/cruise_perception_navigator.cpp:167:32:[m[K [01;31m[Kerror: [m[Kâ€˜[01m[Kclass CruisePerceptionNavigator[m[Kâ€™ has no member named â€˜[01m[Kget_logger[m[Kâ€™
[10.010s] [01m[K/Pav-S_ws/src/navigation2-humble/navigation_manager/src/cruise_perception_navigator.cpp:167:13:[m[K [01;31m[Kerror: [m[Ktemplate argument 1 is invalid
[10.010s]   167 |             [01;31m[KRCLCPP_DEBUG[m[K(this->get_logger(), "æ‰§è¡Œçº¢ç¯åœè½¦");
[10.010s]       |             [01;31m[K^~~~~~~~~~~~[m[K
[10.010s] In file included from [01m[K/opt/ros/humble/include/rclcpp/rclcpp/logging.hpp:24[m[K,
[10.010s]                  from [01m[K/opt/ros/humble/include/rclcpp/rclcpp/client.hpp:40[m[K,
[10.010s]                  from [01m[K/opt/ros/humble/include/rclcpp/rclcpp/callback_group.hpp:24[m[K,
[10.010s]                  from [01m[K/opt/ros/humble/include/rclcpp/rclcpp/any_executable.hpp:20[m[K,
[10.010s]                  from [01m[K/opt/ros/humble/include/rclcpp/rclcpp/memory_strategy.hpp:25[m[K,
[10.010s]                  from [01m[K/opt/ros/humble/include/rclcpp/rclcpp/memory_strategies.hpp:18[m[K,
[10.011s]                  from [01m[K/opt/ros/humble/include/rclcpp/rclcpp/executor_options.hpp:20[m[K,
[10.011s]                  from [01m[K/opt/ros/humble/include/rclcpp/rclcpp/executor.hpp:37[m[K,
[10.011s]                  from [01m[K/opt/ros/humble/include/rclcpp/rclcpp/executors/multi_threaded_executor.hpp:25[m[K,
[10.011s]                  from [01m[K/opt/ros/humble/include/rclcpp/rclcpp/executors.hpp:21[m[K,
[10.011s]                  from [01m[K/opt/ros/humble/include/rclcpp/rclcpp/rclcpp.hpp:155[m[K,
[10.011s]                  from [01m[K/Pav-S_ws/src/navigation2-humble/navigation_manager/src/cruise_perception_navigator.cpp:6[m[K:
[10.011s] [01m[K/Pav-S_ws/src/navigation2-humble/navigation_manager/src/cruise_perception_navigator.cpp:167:32:[m[K [01;31m[Kerror: [m[Kâ€˜[01m[Kclass CruisePerceptionNavigator[m[Kâ€™ has no member named â€˜[01m[Kget_logger[m[Kâ€™
[10.011s]   167 |             RCLCPP_DEBUG(this->[01;31m[Kget_logger[m[K(), "æ‰§è¡Œçº¢ç¯åœè½¦");
[10.011s]       |                                [01;31m[K^~~~~~~~~~[m[K
[10.012s] [01m[K/Pav-S_ws/src/navigation2-humble/navigation_manager/src/cruise_perception_navigator.cpp:167:32:[m[K [01;31m[Kerror: [m[Kâ€˜[01m[Kclass CruisePerceptionNavigator[m[Kâ€™ has no member named â€˜[01m[Kget_logger[m[Kâ€™
[10.012s]   167 |             RCLCPP_DEBUG(this->[01;31m[Kget_logger[m[K(), "æ‰§è¡Œçº¢ç¯åœè½¦");
[10.012s]       |                                [01;31m[K^~~~~~~~~~[m[K
[10.012s] In file included from [01m[K/opt/ros/humble/include/rclcpp/rclcpp/client.hpp:40[m[K,
[10.012s]                  from [01m[K/opt/ros/humble/include/rclcpp/rclcpp/callback_group.hpp:24[m[K,
[10.012s]                  from [01m[K/opt/ros/humble/include/rclcpp/rclcpp/any_executable.hpp:20[m[K,
[10.012s]                  from [01m[K/opt/ros/humble/include/rclcpp/rclcpp/memory_strategy.hpp:25[m[K,
[10.012s]                  from [01m[K/opt/ros/humble/include/rclcpp/rclcpp/memory_strategies.hpp:18[m[K,
[10.012s]                  from [01m[K/opt/ros/humble/include/rclcpp/rclcpp/executor_options.hpp:20[m[K,
[10.013s]                  from [01m[K/opt/ros/humble/include/rclcpp/rclcpp/executor.hpp:37[m[K,
[10.013s]                  from [01m[K/opt/ros/humble/include/rclcpp/rclcpp/executors/multi_threaded_executor.hpp:25[m[K,
[10.013s]                  from [01m[K/opt/ros/humble/include/rclcpp/rclcpp/executors.hpp:21[m[K,
[10.013s]                  from [01m[K/opt/ros/humble/include/rclcpp/rclcpp/rclcpp.hpp:155[m[K,
[10.013s]                  from [01m[K/Pav-S_ws/src/navigation2-humble/navigation_manager/src/cruise_perception_navigator.cpp:6[m[K:
[10.013s] [01m[K/Pav-S_ws/src/navigation2-humble/navigation_manager/src/cruise_perception_navigator.cpp:172:32:[m[K [01;31m[Kerror: [m[Kâ€˜[01m[Kclass CruisePerceptionNavigator[m[Kâ€™ has no member named â€˜[01m[Kget_logger[m[Kâ€™
[10.013s]   172 |             RCLCPP_DEBUG(this->[01;31m[Kget_logger[m[K(), "æ­£å¸¸å·¡èˆªæ¨¡å¼");
[10.013s]       |                                [01;31m[K^~~~~~~~~~[m[K
[10.013s] [01m[K/Pav-S_ws/src/navigation2-humble/navigation_manager/src/cruise_perception_navigator.cpp:172:32:[m[K [01;31m[Kerror: [m[Kâ€˜[01m[Kclass CruisePerceptionNavigator[m[Kâ€™ has no member named â€˜[01m[Kget_logger[m[Kâ€™
[10.014s] [01m[K/Pav-S_ws/src/navigation2-humble/navigation_manager/src/cruise_perception_navigator.cpp:172:13:[m[K [01;31m[Kerror: [m[Ktemplate argument 1 is invalid
[10.014s]   172 |             [01;31m[KRCLCPP_DEBUG[m[K(this->get_logger(), "æ­£å¸¸å·¡èˆªæ¨¡å¼");
[10.014s]       |             [01;31m[K^~~~~~~~~~~~[m[K
[10.014s] In file included from [01m[K/opt/ros/humble/include/rclcpp/rclcpp/logging.hpp:24[m[K,
[10.014s]                  from [01m[K/opt/ros/humble/include/rclcpp/rclcpp/client.hpp:40[m[K,
[10.014s]                  from [01m[K/opt/ros/humble/include/rclcpp/rclcpp/callback_group.hpp:24[m[K,
[10.014s]                  from [01m[K/opt/ros/humble/include/rclcpp/rclcpp/any_executable.hpp:20[m[K,
[10.014s]                  from [01m[K/opt/ros/humble/include/rclcpp/rclcpp/memory_strategy.hpp:25[m[K,
[10.014s]                  from [01m[K/opt/ros/humble/include/rclcpp/rclcpp/memory_strategies.hpp:18[m[K,
[10.015s]                  from [01m[K/opt/ros/humble/include/rclcpp/rclcpp/executor_options.hpp:20[m[K,
[10.015s]                  from [01m[K/opt/ros/humble/include/rclcpp/rclcpp/executor.hpp:37[m[K,
[10.015s]                  from [01m[K/opt/ros/humble/include/rclcpp/rclcpp/executors/multi_threaded_executor.hpp:25[m[K,
[10.015s]                  from [01m[K/opt/ros/humble/include/rclcpp/rclcpp/executors.hpp:21[m[K,
[10.015s]                  from [01m[K/opt/ros/humble/include/rclcpp/rclcpp/rclcpp.hpp:155[m[K,
[10.015s]                  from [01m[K/Pav-S_ws/src/navigation2-humble/navigation_manager/src/cruise_perception_navigator.cpp:6[m[K:
[10.015s] [01m[K/Pav-S_ws/src/navigation2-humble/navigation_manager/src/cruise_perception_navigator.cpp:172:32:[m[K [01;31m[Kerror: [m[Kâ€˜[01m[Kclass CruisePerceptionNavigator[m[Kâ€™ has no member named â€˜[01m[Kget_logger[m[Kâ€™
[10.015s]   172 |             RCLCPP_DEBUG(this->[01;31m[Kget_logger[m[K(), "æ­£å¸¸å·¡èˆªæ¨¡å¼");
[10.016s]       |                                [01;31m[K^~~~~~~~~~[m[K
[10.016s] [01m[K/Pav-S_ws/src/navigation2-humble/navigation_manager/src/cruise_perception_navigator.cpp:172:32:[m[K [01;31m[Kerror: [m[Kâ€˜[01m[Kclass CruisePerceptionNavigator[m[Kâ€™ has no member named â€˜[01m[Kget_logger[m[Kâ€™
[10.016s]   172 |             RCLCPP_DEBUG(this->[01;31m[Kget_logger[m[K(), "æ­£å¸¸å·¡èˆªæ¨¡å¼");
[10.016s]       |                                [01;31m[K^~~~~~~~~~[m[K
[10.016s] In file included from [01m[K/opt/ros/humble/include/rclcpp/rclcpp/client.hpp:40[m[K,
[10.016s]                  from [01m[K/opt/ros/humble/include/rclcpp/rclcpp/callback_group.hpp:24[m[K,
[10.016s]                  from [01m[K/opt/ros/humble/include/rclcpp/rclcpp/any_executable.hpp:20[m[K,
[10.016s]                  from [01m[K/opt/ros/humble/include/rclcpp/rclcpp/memory_strategy.hpp:25[m[K,
[10.016s]                  from [01m[K/opt/ros/humble/include/rclcpp/rclcpp/memory_strategies.hpp:18[m[K,
[10.017s]                  from [01m[K/opt/ros/humble/include/rclcpp/rclcpp/executor_options.hpp:20[m[K,
[10.017s]                  from [01m[K/opt/ros/humble/include/rclcpp/rclcpp/executor.hpp:37[m[K,
[10.017s]                  from [01m[K/opt/ros/humble/include/rclcpp/rclcpp/executors/multi_threaded_executor.hpp:25[m[K,
[10.017s]                  from [01m[K/opt/ros/humble/include/rclcpp/rclcpp/executors.hpp:21[m[K,
[10.017s]                  from [01m[K/opt/ros/humble/include/rclcpp/rclcpp/rclcpp.hpp:155[m[K,
[10.017s]                  from [01m[K/Pav-S_ws/src/navigation2-humble/navigation_manager/src/cruise_perception_navigator.cpp:6[m[K:
[10.017s] [01m[K/Pav-S_ws/src/navigation2-humble/navigation_manager/src/cruise_perception_navigator.cpp:[m[K In member function â€˜[01m[Kvoid CruisePerceptionNavigator::activateConservativeMode()[m[Kâ€™:
[10.017s] [01m[K/Pav-S_ws/src/navigation2-humble/navigation_manager/src/cruise_perception_navigator.cpp:227:27:[m[K [01;31m[Kerror: [m[Kâ€˜[01m[Kclass CruisePerceptionNavigator[m[Kâ€™ has no member named â€˜[01m[Kget_logger[m[Kâ€™
[10.017s]   227 |         RCLCPP_WARN(this->[01;31m[Kget_logger[m[K(), "æ¿€æ´»ä¿å®ˆå¯¼èˆªæ¨¡å¼");
[10.018s]       |                           [01;31m[K^~~~~~~~~~[m[K
[10.018s] [01m[K/Pav-S_ws/src/navigation2-humble/navigation_manager/src/cruise_perception_navigator.cpp:227:27:[m[K [01;31m[Kerror: [m[Kâ€˜[01m[Kclass CruisePerceptionNavigator[m[Kâ€™ has no member named â€˜[01m[Kget_logger[m[Kâ€™
[10.018s] [01m[K/Pav-S_ws/src/navigation2-humble/navigation_manager/src/cruise_perception_navigator.cpp:227:9:[m[K [01;31m[Kerror: [m[Ktemplate argument 1 is invalid
[10.018s]   227 |         [01;31m[KRCLCPP_WARN[m[K(this->get_logger(), "æ¿€æ´»ä¿å®ˆå¯¼èˆªæ¨¡å¼");
[10.018s]       |         [01;31m[K^~~~~~~~~~~[m[K
[10.018s] In file included from [01m[K/opt/ros/humble/include/rclcpp/rclcpp/logging.hpp:24[m[K,
[10.018s]                  from [01m[K/opt/ros/humble/include/rclcpp/rclcpp/client.hpp:40[m[K,
[10.018s]                  from [01m[K/opt/ros/humble/include/rclcpp/rclcpp/callback_group.hpp:24[m[K,
[10.018s]                  from [01m[K/opt/ros/humble/include/rclcpp/rclcpp/any_executable.hpp:20[m[K,
[10.019s]                  from [01m[K/opt/ros/humble/include/rclcpp/rclcpp/memory_strategy.hpp:25[m[K,
[10.019s]                  from [01m[K/opt/ros/humble/include/rclcpp/rclcpp/memory_strategies.hpp:18[m[K,
[10.019s]                  from [01m[K/opt/ros/humble/include/rclcpp/rclcpp/executor_options.hpp:20[m[K,
[10.019s]                  from [01m[K/opt/ros/humble/include/rclcpp/rclcpp/executor.hpp:37[m[K,
[10.019s]                  from [01m[K/opt/ros/humble/include/rclcpp/rclcpp/executors/multi_threaded_executor.hpp:25[m[K,
[10.019s]                  from [01m[K/opt/ros/humble/include/rclcpp/rclcpp/executors.hpp:21[m[K,
[10.019s]                  from [01m[K/opt/ros/humble/include/rclcpp/rclcpp/rclcpp.hpp:155[m[K,
[10.019s]                  from [01m[K/Pav-S_ws/src/navigation2-humble/navigation_manager/src/cruise_perception_navigator.cpp:6[m[K:
[10.019s] [01m[K/Pav-S_ws/src/navigation2-humble/navigation_manager/src/cruise_perception_navigator.cpp:227:27:[m[K [01;31m[Kerror: [m[Kâ€˜[01m[Kclass CruisePerceptionNavigator[m[Kâ€™ has no member named â€˜[01m[Kget_logger[m[Kâ€™
[10.020s]   227 |         RCLCPP_WARN(this->[01;31m[Kget_logger[m[K(), "æ¿€æ´»ä¿å®ˆå¯¼èˆªæ¨¡å¼");
[10.020s]       |                           [01;31m[K^~~~~~~~~~[m[K
[10.020s] [01m[K/Pav-S_ws/src/navigation2-humble/navigation_manager/src/cruise_perception_navigator.cpp:227:27:[m[K [01;31m[Kerror: [m[Kâ€˜[01m[Kclass CruisePerceptionNavigator[m[Kâ€™ has no member named â€˜[01m[Kget_logger[m[Kâ€™
[10.020s]   227 |         RCLCPP_WARN(this->[01;31m[Kget_logger[m[K(), "æ¿€æ´»ä¿å®ˆå¯¼èˆªæ¨¡å¼");
[10.020s]       |                           [01;31m[K^~~~~~~~~~[m[K
[10.020s] [01m[K/Pav-S_ws/src/navigation2-humble/navigation_manager/src/cruise_perception_navigator.cpp:[m[K In member function â€˜[01m[Kvoid CruisePerceptionNavigator::updatePerceptionStatus()[m[Kâ€™:
[10.020s] [01m[K/Pav-S_ws/src/navigation2-humble/navigation_manager/src/cruise_perception_navigator.cpp:246:26:[m[K [01;31m[Kerror: [m[Kâ€˜[01m[Kclass CruisePerceptionNavigator[m[Kâ€™ has no member named â€˜[01m[Know[m[Kâ€™
[10.020s]   246 |         auto now = this->[01;31m[Know[m[K();
[10.020s]       |                          [01;31m[K^~~[m[K
[10.021s] In file included from [01m[K/opt/ros/humble/include/rclcpp/rclcpp/client.hpp:40[m[K,
[10.021s]                  from [01m[K/opt/ros/humble/include/rclcpp/rclcpp/callback_group.hpp:24[m[K,
[10.021s]                  from [01m[K/opt/ros/humble/include/rclcpp/rclcpp/any_executable.hpp:20[m[K,
[10.021s]                  from [01m[K/opt/ros/humble/include/rclcpp/rclcpp/memory_strategy.hpp:25[m[K,
[10.021s]                  from [01m[K/opt/ros/humble/include/rclcpp/rclcpp/memory_strategies.hpp:18[m[K,
[10.021s]                  from [01m[K/opt/ros/humble/include/rclcpp/rclcpp/executor_options.hpp:20[m[K,
[10.021s]                  from [01m[K/opt/ros/humble/include/rclcpp/rclcpp/executor.hpp:37[m[K,
[10.021s]                  from [01m[K/opt/ros/humble/include/rclcpp/rclcpp/executors/multi_threaded_executor.hpp:25[m[K,
[10.021s]                  from [01m[K/opt/ros/humble/include/rclcpp/rclcpp/executors.hpp:21[m[K,
[10.022s]                  from [01m[K/opt/ros/humble/include/rclcpp/rclcpp/rclcpp.hpp:155[m[K,
[10.022s]                  from [01m[K/Pav-S_ws/src/navigation2-humble/navigation_manager/src/cruise_perception_navigator.cpp:6[m[K:
[10.022s] [01m[K/Pav-S_ws/src/navigation2-humble/navigation_manager/src/cruise_perception_navigator.cpp:248:28:[m[K [01;31m[Kerror: [m[Kâ€˜[01m[Kclass CruisePerceptionNavigator[m[Kâ€™ has no member named â€˜[01m[Kget_logger[m[Kâ€™
[10.022s]   248 |         RCLCPP_DEBUG(this->[01;31m[Kget_logger[m[K(),
[10.022s]       |                            [01;31m[K^~~~~~~~~~[m[K
[10.022s] [01m[K/Pav-S_ws/src/navigation2-humble/navigation_manager/src/cruise_perception_navigator.cpp:248:28:[m[K [01;31m[Kerror: [m[Kâ€˜[01m[Kclass CruisePerceptionNavigator[m[Kâ€™ has no member named â€˜[01m[Kget_logger[m[Kâ€™
[10.022s] [01m[K/Pav-S_ws/src/navigation2-humble/navigation_manager/src/cruise_perception_navigator.cpp:248:9:[m[K [01;31m[Kerror: [m[Ktemplate argument 1 is invalid
[10.022s]   248 |         [01;31m[KRCLCPP_DEBUG[m[K(this->get_logger(),
[10.022s]       |         [01;31m[K^~~~~~~~~~~~[m[K
[10.023s] In file included from [01m[K/opt/ros/humble/include/rclcpp/rclcpp/logging.hpp:24[m[K,
[10.023s]                  from [01m[K/opt/ros/humble/include/rclcpp/rclcpp/client.hpp:40[m[K,
[10.023s]                  from [01m[K/opt/ros/humble/include/rclcpp/rclcpp/callback_group.hpp:24[m[K,
[10.023s]                  from [01m[K/opt/ros/humble/include/rclcpp/rclcpp/any_executable.hpp:20[m[K,
[10.023s]                  from [01m[K/opt/ros/humble/include/rclcpp/rclcpp/memory_strategy.hpp:25[m[K,
[10.023s]                  from [01m[K/opt/ros/humble/include/rclcpp/rclcpp/memory_strategies.hpp:18[m[K,
[10.023s]                  from [01m[K/opt/ros/humble/include/rclcpp/rclcpp/executor_options.hpp:20[m[K,
[10.023s]                  from [01m[K/opt/ros/humble/include/rclcpp/rclcpp/executor.hpp:37[m[K,
[10.023s]                  from [01m[K/opt/ros/humble/include/rclcpp/rclcpp/executors/multi_threaded_executor.hpp:25[m[K,
[10.024s]                  from [01m[K/opt/ros/humble/include/rclcpp/rclcpp/executors.hpp:21[m[K,
[10.024s]                  from [01m[K/opt/ros/humble/include/rclcpp/rclcpp/rclcpp.hpp:155[m[K,
[10.024s]                  from [01m[K/Pav-S_ws/src/navigation2-humble/navigation_manager/src/cruise_perception_navigator.cpp:6[m[K:
[10.024s] [01m[K/Pav-S_ws/src/navigation2-humble/navigation_manager/src/cruise_perception_navigator.cpp:248:28:[m[K [01;31m[Kerror: [m[Kâ€˜[01m[Kclass CruisePerceptionNavigator[m[Kâ€™ has no member named â€˜[01m[Kget_logger[m[Kâ€™
[10.024s]   248 |         RCLCPP_DEBUG(this->[01;31m[Kget_logger[m[K(),
[10.024s]       |                            [01;31m[K^~~~~~~~~~[m[K
[10.024s] [01m[K/Pav-S_ws/src/navigation2-humble/navigation_manager/src/cruise_perception_navigator.cpp:248:28:[m[K [01;31m[Kerror: [m[Kâ€˜[01m[Kclass CruisePerceptionNavigator[m[Kâ€™ has no member named â€˜[01m[Kget_logger[m[Kâ€™
[10.024s]   248 |         RCLCPP_DEBUG(this->[01;31m[Kget_logger[m[K(),
[10.024s]       |                            [01;31m[K^~~~~~~~~~[m[K
[10.025s] In file included from [01m[K/opt/ros/humble/include/rclcpp/rclcpp/client.hpp:40[m[K,
[10.025s]                  from [01m[K/opt/ros/humble/include/rclcpp/rclcpp/callback_group.hpp:24[m[K,
[10.025s]                  from [01m[K/opt/ros/humble/include/rclcpp/rclcpp/any_executable.hpp:20[m[K,
[10.025s]                  from [01m[K/opt/ros/humble/include/rclcpp/rclcpp/memory_strategy.hpp:25[m[K,
[10.025s]                  from [01m[K/opt/ros/humble/include/rclcpp/rclcpp/memory_strategies.hpp:18[m[K,
[10.025s]                  from [01m[K/opt/ros/humble/include/rclcpp/rclcpp/executor_options.hpp:20[m[K,
[10.025s]                  from [01m[K/opt/ros/humble/include/rclcpp/rclcpp/executor.hpp:37[m[K,
[10.025s]                  from [01m[K/opt/ros/humble/include/rclcpp/rclcpp/executors/multi_threaded_executor.hpp:25[m[K,
[10.025s]                  from [01m[K/opt/ros/humble/include/rclcpp/rclcpp/executors.hpp:21[m[K,
[10.026s]                  from [01m[K/opt/ros/humble/include/rclcpp/rclcpp/rclcpp.hpp:155[m[K,
[10.026s]                  from [01m[K/Pav-S_ws/src/navigation2-humble/navigation_manager/src/cruise_perception_navigator.cpp:6[m[K:
[10.026s] [01m[K/Pav-S_ws/src/navigation2-humble/navigation_manager/src/cruise_perception_navigator.cpp:[m[K In member function â€˜[01m[Kint CruisePerceptionNavigator::handleTrafficLight(std_msgs::msg::String_<std::allocator<void> >::SharedPtr)[m[Kâ€™:
[10.026s] [01m[K/Pav-S_ws/src/navigation2-humble/navigation_manager/src/cruise_perception_navigator.cpp:259:31:[m[K [01;31m[Kerror: [m[Kâ€˜[01m[Kclass CruisePerceptionNavigator[m[Kâ€™ has no member named â€˜[01m[Kget_logger[m[Kâ€™
[10.026s]   259 |             RCLCPP_WARN(this->[01;31m[Kget_logger[m[K(), "æ£€æµ‹åˆ°çº¢ç¯");
[10.026s]       |                               [01;31m[K^~~~~~~~~~[m[K
[10.026s] [01m[K/Pav-S_ws/src/navigation2-humble/navigation_manager/src/cruise_perception_navigator.cpp:259:31:[m[K [01;31m[Kerror: [m[Kâ€˜[01m[Kclass CruisePerceptionNavigator[m[Kâ€™ has no member named â€˜[01m[Kget_logger[m[Kâ€™
[10.026s] [01m[K/Pav-S_ws/src/navigation2-humble/navigation_manager/src/cruise_perception_navigator.cpp:259:13:[m[K [01;31m[Kerror: [m[Ktemplate argument 1 is invalid
[10.026s]   259 |             [01;31m[KRCLCPP_WARN[m[K(this->get_logger(), "æ£€æµ‹åˆ°çº¢ç¯");
[10.027s]       |             [01;31m[K^~~~~~~~~~~[m[K
[10.027s] In file included from [01m[K/opt/ros/humble/include/rclcpp/rclcpp/logging.hpp:24[m[K,
[10.027s]                  from [01m[K/opt/ros/humble/include/rclcpp/rclcpp/client.hpp:40[m[K,
[10.027s]                  from [01m[K/opt/ros/humble/include/rclcpp/rclcpp/callback_group.hpp:24[m[K,
[10.027s]                  from [01m[K/opt/ros/humble/include/rclcpp/rclcpp/any_executable.hpp:20[m[K,
[10.027s]                  from [01m[K/opt/ros/humble/include/rclcpp/rclcpp/memory_strategy.hpp:25[m[K,
[10.027s]                  from [01m[K/opt/ros/humble/include/rclcpp/rclcpp/memory_strategies.hpp:18[m[K,
[10.027s]                  from [01m[K/opt/ros/humble/include/rclcpp/rclcpp/executor_options.hpp:20[m[K,
[10.027s]                  from [01m[K/opt/ros/humble/include/rclcpp/rclcpp/executor.hpp:37[m[K,
[10.028s]                  from [01m[K/opt/ros/humble/include/rclcpp/rclcpp/executors/multi_threaded_executor.hpp:25[m[K,
[10.028s]                  from [01m[K/opt/ros/humble/include/rclcpp/rclcpp/executors.hpp:21[m[K,
[10.028s]                  from [01m[K/opt/ros/humble/include/rclcpp/rclcpp/rclcpp.hpp:155[m[K,
[10.028s]                  from [01m[K/Pav-S_ws/src/navigation2-humble/navigation_manager/src/cruise_perception_navigator.cpp:6[m[K:
[10.028s] [01m[K/Pav-S_ws/src/navigation2-humble/navigation_manager/src/cruise_perception_navigator.cpp:259:31:[m[K [01;31m[Kerror: [m[Kâ€˜[01m[Kclass CruisePerceptionNavigator[m[Kâ€™ has no member named â€˜[01m[Kget_logger[m[Kâ€™
[10.028s]   259 |             RCLCPP_WARN(this->[01;31m[Kget_logger[m[K(), "æ£€æµ‹åˆ°çº¢ç¯");
[10.028s]       |                               [01;31m[K^~~~~~~~~~[m[K
[10.028s] [01m[K/Pav-S_ws/src/navigation2-humble/navigation_manager/src/cruise_perception_navigator.cpp:259:31:[m[K [01;31m[Kerror: [m[Kâ€˜[01m[Kclass CruisePerceptionNavigator[m[Kâ€™ has no member named â€˜[01m[Kget_logger[m[Kâ€™
[10.028s]   259 |             RCLCPP_WARN(this->[01;31m[Kget_logger[m[K(), "æ£€æµ‹åˆ°çº¢ç¯");
[10.028s]       |                               [01;31m[K^~~~~~~~~~[m[K
[10.029s] In file included from [01m[K/opt/ros/humble/include/rclcpp/rclcpp/client.hpp:40[m[K,
[10.029s]                  from [01m[K/opt/ros/humble/include/rclcpp/rclcpp/callback_group.hpp:24[m[K,
[10.029s]                  from [01m[K/opt/ros/humble/include/rclcpp/rclcpp/any_executable.hpp:20[m[K,
[10.029s]                  from [01m[K/opt/ros/humble/include/rclcpp/rclcpp/memory_strategy.hpp:25[m[K,
[10.029s]                  from [01m[K/opt/ros/humble/include/rclcpp/rclcpp/memory_strategies.hpp:18[m[K,
[10.029s]                  from [01m[K/opt/ros/humble/include/rclcpp/rclcpp/executor_options.hpp:20[m[K,
[10.029s]                  from [01m[K/opt/ros/humble/include/rclcpp/rclcpp/executor.hpp:37[m[K,
[10.029s]                  from [01m[K/opt/ros/humble/include/rclcpp/rclcpp/executors/multi_threaded_executor.hpp:25[m[K,
[10.029s]                  from [01m[K/opt/ros/humble/include/rclcpp/rclcpp/executors.hpp:21[m[K,
[10.030s]                  from [01m[K/opt/ros/humble/include/rclcpp/rclcpp/rclcpp.hpp:155[m[K,
[10.030s]                  from [01m[K/Pav-S_ws/src/navigation2-humble/navigation_manager/src/cruise_perception_navigator.cpp:6[m[K:
[10.030s] [01m[K/Pav-S_ws/src/navigation2-humble/navigation_manager/src/cruise_perception_navigator.cpp:262:31:[m[K [01;31m[Kerror: [m[Kâ€˜[01m[Kclass CruisePerceptionNavigator[m[Kâ€™ has no member named â€˜[01m[Kget_logger[m[Kâ€™
[10.030s]   262 |             RCLCPP_INFO(this->[01;31m[Kget_logger[m[K(), "æ£€æµ‹åˆ°ç»¿ç¯");
[10.030s]       |                               [01;31m[K^~~~~~~~~~[m[K
[10.030s] [01m[K/Pav-S_ws/src/navigation2-humble/navigation_manager/src/cruise_perception_navigator.cpp:262:31:[m[K [01;31m[Kerror: [m[Kâ€˜[01m[Kclass CruisePerceptionNavigator[m[Kâ€™ has no member named â€˜[01m[Kget_logger[m[Kâ€™
[10.030s] [01m[K/Pav-S_ws/src/navigation2-humble/navigation_manager/src/cruise_perception_navigator.cpp:262:13:[m[K [01;31m[Kerror: [m[Ktemplate argument 1 is invalid
[10.030s]   262 |             [01;31m[KRCLCPP_INFO[m[K(this->get_logger(), "æ£€æµ‹åˆ°ç»¿ç¯");
[10.030s]       |             [01;31m[K^~~~~~~~~~~[m[K
[10.031s] In file included from [01m[K/opt/ros/humble/include/rclcpp/rclcpp/logging.hpp:24[m[K,
[10.031s]                  from [01m[K/opt/ros/humble/include/rclcpp/rclcpp/client.hpp:40[m[K,
[10.031s]                  from [01m[K/opt/ros/humble/include/rclcpp/rclcpp/callback_group.hpp:24[m[K,
[10.031s]                  from [01m[K/opt/ros/humble/include/rclcpp/rclcpp/any_executable.hpp:20[m[K,
[10.031s]                  from [01m[K/opt/ros/humble/include/rclcpp/rclcpp/memory_strategy.hpp:25[m[K,
[10.031s]                  from [01m[K/opt/ros/humble/include/rclcpp/rclcpp/memory_strategies.hpp:18[m[K,
[10.031s]                  from [01m[K/opt/ros/humble/include/rclcpp/rclcpp/executor_options.hpp:20[m[K,
[10.031s]                  from [01m[K/opt/ros/humble/include/rclcpp/rclcpp/executor.hpp:37[m[K,
[10.032s]                  from [01m[K/opt/ros/humble/include/rclcpp/rclcpp/executors/multi_threaded_executor.hpp:25[m[K,
[10.032s]                  from [01m[K/opt/ros/humble/include/rclcpp/rclcpp/executors.hpp:21[m[K,
[10.032s]                  from [01m[K/opt/ros/humble/include/rclcpp/rclcpp/rclcpp.hpp:155[m[K,
[10.032s]                  from [01m[K/Pav-S_ws/src/navigation2-humble/navigation_manager/src/cruise_perception_navigator.cpp:6[m[K:
[10.032s] [01m[K/Pav-S_ws/src/navigation2-humble/navigation_manager/src/cruise_perception_navigator.cpp:262:31:[m[K [01;31m[Kerror: [m[Kâ€˜[01m[Kclass CruisePerceptionNavigator[m[Kâ€™ has no member named â€˜[01m[Kget_logger[m[Kâ€™
[10.032s]   262 |             RCLCPP_INFO(this->[01;31m[Kget_logger[m[K(), "æ£€æµ‹åˆ°ç»¿ç¯");
[10.032s]       |                               [01;31m[K^~~~~~~~~~[m[K
[10.032s] [01m[K/Pav-S_ws/src/navigation2-humble/navigation_manager/src/cruise_perception_navigator.cpp:262:31:[m[K [01;31m[Kerror: [m[Kâ€˜[01m[Kclass CruisePerceptionNavigator[m[Kâ€™ has no member named â€˜[01m[Kget_logger[m[Kâ€™
[10.032s]   262 |             RCLCPP_INFO(this->[01;31m[Kget_logger[m[K(), "æ£€æµ‹åˆ°ç»¿ç¯");
[10.032s]       |                               [01;31m[K^~~~~~~~~~[m[K
[10.033s] [01m[K/Pav-S_ws/src/navigation2-humble/navigation_manager/src/cruise_perception_navigator.cpp:265:39:[m[K [01;31m[Kerror: [m[Kâ€˜[01m[Kclass CruisePerceptionNavigator[m[Kâ€™ has no member named â€˜[01m[Know[m[Kâ€™
[10.033s]   265 |         last_perception_time_ = this->[01;31m[Know[m[K();
[10.033s]       |                                       [01;31m[K^~~[m[K
[10.033s] [01m[K/Pav-S_ws/src/navigation2-humble/navigation_manager/src/cruise_perception_navigator.cpp:266:5:[m[K [01;35m[Kwarning: [m[Kno return statement in function returning non-void [[01;35m[K]8;;https://gcc.gnu.org/onlinedocs/gcc/Warning-Options.html#index-Wreturn-type-Wreturn-type]8;;[m[K]
[10.033s]   266 |     [01;35m[K}[m[K
[10.033s]       |     [01;35m[K^[m[K
[13.599s] gmake[2]: *** [CMakeFiles/cruise_perception_navigator.dir/build.make:76: CMakeFiles/cruise_perception_navigator.dir/src/cruise_perception_navigator.cpp.o] Error 1
[13.600s] gmake[1]: *** [CMakeFiles/Makefile2:195: CMakeFiles/cruise_perception_navigator.dir/all] Error 2
[15.387s] gmake[2]: *** [CMakeFiles/stop_line_detection.dir/build.make:76: CMakeFiles/stop_line_detection.dir/src/stop_line_detection.cpp.o] Error 1
[15.388s] gmake[1]: *** [CMakeFiles/Makefile2:143: CMakeFiles/stop_line_detection.dir/all] Error 2
[15.640s] gmake[2]: *** [CMakeFiles/navigation_behavior_nodes.dir/build.make:76: CMakeFiles/navigation_behavior_nodes.dir/src/navigation_behavior_nodes.cpp.o] Error 1
[15.641s] gmake[1]: *** [CMakeFiles/Makefile2:221: CMakeFiles/navigation_behavior_nodes.dir/all] Error 2
[15.641s] gmake: *** [Makefile:146: all] Error 2
[15.649s] Invoked command in '/Pav-S_ws/build/navigation_manager' returned '2': CMAKE_PREFIX_PATH=/Pav-S_ws/install/nav2_msgs:/Pav-S_ws/install/nav2_common:/Pav-S_ws/install/nav2_behavior_tree:/Pav-S_ws/install/nav2_dwb_controller:/Pav-S_ws/install/nav2_controller:/Pav-S_ws/install/nav2_planner:/Pav-S_ws/install/dwb_plugins:/Pav-S_ws/install/dwb_critics:/Pav-S_ws/install/dwb_core:/Pav-S_ws/install/nav_2d_utils:/Pav-S_ws/install/nav2_core:/Pav-S_ws/install/costmap_queue:/Pav-S_ws/install/nav2_costmap_2d:/Pav-S_ws/install/nav2_map_server:/Pav-S_ws/install/nav2_lifecycle_manager:/ws_livox/install/pointcloud_to_laserscan:/ws_livox/install/livox_ros_driver2:/Pav-S_ws/install/wheeltec_robot_urdf:/Pav-S_ws/install/turn_on_wheeltec_robot:/Pav-S_ws/install/wheeltec_robot_msg:/Pav-S_ws/install/usb_cam:/Pav-S_ws/install/serial:/Pav-S_ws/install/robot_kcf:/Pav-S_ws/install/dwb_msgs:/Pav-S_ws/install/nav_2d_msgs:/Pav-S_ws/install/nav2_voxel_grid:/Pav-S_ws/install/nav2_util:/Pav-S_ws/install/libuvc:/Pav-S_ws/install/fast_lio:/Pav-S_ws/install/astra_camera:/Pav-S_ws/install/astra_camera_msgs:/Pav-S_ws/install/yolo_detector:/Pav-S_ws/install/yolov5_lib:/Pav-S_ws/install/nav2_simple_commander:/opt/ros/humble LD_LIBRARY_PATH=/Pav-S_ws/install/nav2_msgs/lib:/Pav-S_ws/install/nav2_behavior_tree/lib:/Pav-S_ws/install/nav2_controller/lib:/Pav-S_ws/install/nav2_planner/lib:/Pav-S_ws/install/dwb_plugins/lib:/Pav-S_ws/install/dwb_critics/lib:/Pav-S_ws/install/dwb_core/lib:/Pav-S_ws/install/nav_2d_utils/lib:/Pav-S_ws/install/costmap_queue/lib:/Pav-S_ws/install/nav2_costmap_2d/lib:/Pav-S_ws/install/nav2_map_server/lib:/Pav-S_ws/install/nav2_lifecycle_manager/lib:/usr/local/cuda-12.2/lib64:/ws_livox/install/pointcloud_to_laserscan/lib:/ws_livox/install/livox_ros_driver2/lib:/Pav-S_ws/install/turn_on_wheeltec_robot/lib:/Pav-S_ws/install/wheeltec_robot_msg/lib:/Pav-S_ws/install/usb_cam/lib:/Pav-S_ws/install/serial/lib:/Pav-S_ws/install/dwb_msgs/lib:/Pav-S_ws/install/nav_2d_msgs/lib:/Pav-S_ws/install/nav2_voxel_grid/lib:/Pav-S_ws/install/nav2_util/lib:/Pav-S_ws/install/libuvc/lib:/Pav-S_ws/install/fast_lio/lib:/Pav-S_ws/install/astra_camera/lib:/Pav-S_ws/install/astra_camera_msgs/lib:/opt/ros/humble/opt/rviz_ogre_vendor/lib:/opt/ros/humble/lib/aarch64-linux-gnu:/opt/ros/humble/lib:/usr/local/cuda-12.2/lib64 /usr/bin/cmake --build /Pav-S_ws/build/navigation_manager -- -j6 -l6
