[0.739s] Invoking command in '/Pav-S_ws/build/navigation_manager': CMAKE_PREFIX_PATH=/Pav-S_ws/install/nav2_msgs:/Pav-S_ws/install/nav2_common:/Pav-S_ws/install/nav2_behavior_tree:/Pav-S_ws/install/nav2_dwb_controller:/Pav-S_ws/install/nav2_controller:/Pav-S_ws/install/nav2_planner:/Pav-S_ws/install/dwb_plugins:/Pav-S_ws/install/dwb_critics:/Pav-S_ws/install/dwb_core:/Pav-S_ws/install/nav_2d_utils:/Pav-S_ws/install/nav2_core:/Pav-S_ws/install/costmap_queue:/Pav-S_ws/install/nav2_costmap_2d:/Pav-S_ws/install/nav2_map_server:/Pav-S_ws/install/nav2_lifecycle_manager:/ws_livox/install/pointcloud_to_laserscan:/ws_livox/install/livox_ros_driver2:/Pav-S_ws/install/wheeltec_robot_urdf:/Pav-S_ws/install/turn_on_wheeltec_robot:/Pav-S_ws/install/wheeltec_robot_msg:/Pav-S_ws/install/usb_cam:/Pav-S_ws/install/serial:/Pav-S_ws/install/robot_kcf:/Pav-S_ws/install/dwb_msgs:/Pav-S_ws/install/nav_2d_msgs:/Pav-S_ws/install/nav2_voxel_grid:/Pav-S_ws/install/nav2_util:/Pav-S_ws/install/libuvc:/Pav-S_ws/install/fast_lio:/Pav-S_ws/install/astra_camera:/Pav-S_ws/install/astra_camera_msgs:/Pav-S_ws/install/yolo_detector:/Pav-S_ws/install/yolov5_lib:/Pav-S_ws/install/nav2_simple_commander:/opt/ros/humble LD_LIBRARY_PATH=/Pav-S_ws/install/nav2_msgs/lib:/Pav-S_ws/install/nav2_behavior_tree/lib:/Pav-S_ws/install/nav2_controller/lib:/Pav-S_ws/install/nav2_planner/lib:/Pav-S_ws/install/dwb_plugins/lib:/Pav-S_ws/install/dwb_critics/lib:/Pav-S_ws/install/dwb_core/lib:/Pav-S_ws/install/nav_2d_utils/lib:/Pav-S_ws/install/costmap_queue/lib:/Pav-S_ws/install/nav2_costmap_2d/lib:/Pav-S_ws/install/nav2_map_server/lib:/Pav-S_ws/install/nav2_lifecycle_manager/lib:/usr/local/cuda-12.2/lib64:/ws_livox/install/pointcloud_to_laserscan/lib:/ws_livox/install/livox_ros_driver2/lib:/Pav-S_ws/install/turn_on_wheeltec_robot/lib:/Pav-S_ws/install/wheeltec_robot_msg/lib:/Pav-S_ws/install/usb_cam/lib:/Pav-S_ws/install/serial/lib:/Pav-S_ws/install/dwb_msgs/lib:/Pav-S_ws/install/nav_2d_msgs/lib:/Pav-S_ws/install/nav2_voxel_grid/lib:/Pav-S_ws/install/nav2_util/lib:/Pav-S_ws/install/libuvc/lib:/Pav-S_ws/install/fast_lio/lib:/Pav-S_ws/install/astra_camera/lib:/Pav-S_ws/install/astra_camera_msgs/lib:/opt/ros/humble/opt/rviz_ogre_vendor/lib:/opt/ros/humble/lib/aarch64-linux-gnu:/opt/ros/humble/lib:/usr/local/cuda-12.2/lib64 /usr/bin/cmake /Pav-S_ws/src/navigation2-humble/navigation_manager -DCMAKE_INSTALL_PREFIX=/Pav-S_ws/install/navigation_manager
[0.772s] -- Found ament_cmake: 1.3.12 (/opt/ros/humble/share/ament_cmake/cmake)
[1.153s] -- Found rclcpp: 16.0.15 (/opt/ros/humble/share/rclcpp/cmake)
[1.228s] -- Found rosidl_generator_c: 3.1.7 (/opt/ros/humble/share/rosidl_generator_c/cmake)
[1.238s] -- Found rosidl_adapter: 3.1.7 (/opt/ros/humble/share/rosidl_adapter/cmake)
[1.253s] -- Found rosidl_generator_cpp: 3.1.7 (/opt/ros/humble/share/rosidl_generator_cpp/cmake)
[1.275s] -- Using all available rosidl_typesupport_c: rosidl_typesupport_fastrtps_c;rosidl_typesupport_introspection_c
[1.306s] -- Using all available rosidl_typesupport_cpp: rosidl_typesupport_fastrtps_cpp;rosidl_typesupport_introspection_cpp
[1.379s] -- Found rmw_implementation_cmake: 6.1.2 (/opt/ros/humble/share/rmw_implementation_cmake/cmake)
[1.384s] -- Found rmw_fastrtps_cpp: 6.2.8 (/opt/ros/humble/share/rmw_fastrtps_cpp/cmake)
[1.708s] -- Using RMW implementation 'rmw_fastrtps_cpp' as default
[1.826s] -- Found geometry_msgs: 4.9.0 (/opt/ros/humble/share/geometry_msgs/cmake)
[1.861s] -- Found nav2_msgs: 1.1.18 (/Pav-S_ws/install/nav2_msgs/share/nav2_msgs/cmake)
[2.000s] -- Found nav2_costmap_2d: 1.1.18 (/Pav-S_ws/install/nav2_costmap_2d/share/nav2_costmap_2d/cmake)
[2.357s] -- Ensuring Eigen3 include directory is part of orocos-kdl CMake target
[2.670s] -- Found nav2_dwb_controller: 1.1.18 (/Pav-S_ws/install/nav2_dwb_controller/share/nav2_dwb_controller/cmake)
[2.670s] -- Found nav2_behavior_tree: 1.1.18 (/Pav-S_ws/install/nav2_behavior_tree/share/nav2_behavior_tree/cmake)
[4.695s] -- Configuring done
[5.548s] -- Generating done
[5.683s] -- Build files have been written to: /Pav-S_ws/build/navigation_manager
[5.769s] Invoked command in '/Pav-S_ws/build/navigation_manager' returned '0': CMAKE_PREFIX_PATH=/Pav-S_ws/install/nav2_msgs:/Pav-S_ws/install/nav2_common:/Pav-S_ws/install/nav2_behavior_tree:/Pav-S_ws/install/nav2_dwb_controller:/Pav-S_ws/install/nav2_controller:/Pav-S_ws/install/nav2_planner:/Pav-S_ws/install/dwb_plugins:/Pav-S_ws/install/dwb_critics:/Pav-S_ws/install/dwb_core:/Pav-S_ws/install/nav_2d_utils:/Pav-S_ws/install/nav2_core:/Pav-S_ws/install/costmap_queue:/Pav-S_ws/install/nav2_costmap_2d:/Pav-S_ws/install/nav2_map_server:/Pav-S_ws/install/nav2_lifecycle_manager:/ws_livox/install/pointcloud_to_laserscan:/ws_livox/install/livox_ros_driver2:/Pav-S_ws/install/wheeltec_robot_urdf:/Pav-S_ws/install/turn_on_wheeltec_robot:/Pav-S_ws/install/wheeltec_robot_msg:/Pav-S_ws/install/usb_cam:/Pav-S_ws/install/serial:/Pav-S_ws/install/robot_kcf:/Pav-S_ws/install/dwb_msgs:/Pav-S_ws/install/nav_2d_msgs:/Pav-S_ws/install/nav2_voxel_grid:/Pav-S_ws/install/nav2_util:/Pav-S_ws/install/libuvc:/Pav-S_ws/install/fast_lio:/Pav-S_ws/install/astra_camera:/Pav-S_ws/install/astra_camera_msgs:/Pav-S_ws/install/yolo_detector:/Pav-S_ws/install/yolov5_lib:/Pav-S_ws/install/nav2_simple_commander:/opt/ros/humble LD_LIBRARY_PATH=/Pav-S_ws/install/nav2_msgs/lib:/Pav-S_ws/install/nav2_behavior_tree/lib:/Pav-S_ws/install/nav2_controller/lib:/Pav-S_ws/install/nav2_planner/lib:/Pav-S_ws/install/dwb_plugins/lib:/Pav-S_ws/install/dwb_critics/lib:/Pav-S_ws/install/dwb_core/lib:/Pav-S_ws/install/nav_2d_utils/lib:/Pav-S_ws/install/costmap_queue/lib:/Pav-S_ws/install/nav2_costmap_2d/lib:/Pav-S_ws/install/nav2_map_server/lib:/Pav-S_ws/install/nav2_lifecycle_manager/lib:/usr/local/cuda-12.2/lib64:/ws_livox/install/pointcloud_to_laserscan/lib:/ws_livox/install/livox_ros_driver2/lib:/Pav-S_ws/install/turn_on_wheeltec_robot/lib:/Pav-S_ws/install/wheeltec_robot_msg/lib:/Pav-S_ws/install/usb_cam/lib:/Pav-S_ws/install/serial/lib:/Pav-S_ws/install/dwb_msgs/lib:/Pav-S_ws/install/nav_2d_msgs/lib:/Pav-S_ws/install/nav2_voxel_grid/lib:/Pav-S_ws/install/nav2_util/lib:/Pav-S_ws/install/libuvc/lib:/Pav-S_ws/install/fast_lio/lib:/Pav-S_ws/install/astra_camera/lib:/Pav-S_ws/install/astra_camera_msgs/lib:/opt/ros/humble/opt/rviz_ogre_vendor/lib:/opt/ros/humble/lib/aarch64-linux-gnu:/opt/ros/humble/lib:/usr/local/cuda-12.2/lib64 /usr/bin/cmake /Pav-S_ws/src/navigation2-humble/navigation_manager -DCMAKE_INSTALL_PREFIX=/Pav-S_ws/install/navigation_manager
[5.772s] Invoking command in '/Pav-S_ws/build/navigation_manager': CMAKE_PREFIX_PATH=/Pav-S_ws/install/nav2_msgs:/Pav-S_ws/install/nav2_common:/Pav-S_ws/install/nav2_behavior_tree:/Pav-S_ws/install/nav2_dwb_controller:/Pav-S_ws/install/nav2_controller:/Pav-S_ws/install/nav2_planner:/Pav-S_ws/install/dwb_plugins:/Pav-S_ws/install/dwb_critics:/Pav-S_ws/install/dwb_core:/Pav-S_ws/install/nav_2d_utils:/Pav-S_ws/install/nav2_core:/Pav-S_ws/install/costmap_queue:/Pav-S_ws/install/nav2_costmap_2d:/Pav-S_ws/install/nav2_map_server:/Pav-S_ws/install/nav2_lifecycle_manager:/ws_livox/install/pointcloud_to_laserscan:/ws_livox/install/livox_ros_driver2:/Pav-S_ws/install/wheeltec_robot_urdf:/Pav-S_ws/install/turn_on_wheeltec_robot:/Pav-S_ws/install/wheeltec_robot_msg:/Pav-S_ws/install/usb_cam:/Pav-S_ws/install/serial:/Pav-S_ws/install/robot_kcf:/Pav-S_ws/install/dwb_msgs:/Pav-S_ws/install/nav_2d_msgs:/Pav-S_ws/install/nav2_voxel_grid:/Pav-S_ws/install/nav2_util:/Pav-S_ws/install/libuvc:/Pav-S_ws/install/fast_lio:/Pav-S_ws/install/astra_camera:/Pav-S_ws/install/astra_camera_msgs:/Pav-S_ws/install/yolo_detector:/Pav-S_ws/install/yolov5_lib:/Pav-S_ws/install/nav2_simple_commander:/opt/ros/humble LD_LIBRARY_PATH=/Pav-S_ws/install/nav2_msgs/lib:/Pav-S_ws/install/nav2_behavior_tree/lib:/Pav-S_ws/install/nav2_controller/lib:/Pav-S_ws/install/nav2_planner/lib:/Pav-S_ws/install/dwb_plugins/lib:/Pav-S_ws/install/dwb_critics/lib:/Pav-S_ws/install/dwb_core/lib:/Pav-S_ws/install/nav_2d_utils/lib:/Pav-S_ws/install/costmap_queue/lib:/Pav-S_ws/install/nav2_costmap_2d/lib:/Pav-S_ws/install/nav2_map_server/lib:/Pav-S_ws/install/nav2_lifecycle_manager/lib:/usr/local/cuda-12.2/lib64:/ws_livox/install/pointcloud_to_laserscan/lib:/ws_livox/install/livox_ros_driver2/lib:/Pav-S_ws/install/turn_on_wheeltec_robot/lib:/Pav-S_ws/install/wheeltec_robot_msg/lib:/Pav-S_ws/install/usb_cam/lib:/Pav-S_ws/install/serial/lib:/Pav-S_ws/install/dwb_msgs/lib:/Pav-S_ws/install/nav_2d_msgs/lib:/Pav-S_ws/install/nav2_voxel_grid/lib:/Pav-S_ws/install/nav2_util/lib:/Pav-S_ws/install/libuvc/lib:/Pav-S_ws/install/fast_lio/lib:/Pav-S_ws/install/astra_camera/lib:/Pav-S_ws/install/astra_camera_msgs/lib:/opt/ros/humble/opt/rviz_ogre_vendor/lib:/opt/ros/humble/lib/aarch64-linux-gnu:/opt/ros/humble/lib:/usr/local/cuda-12.2/lib64 /usr/bin/cmake --build /Pav-S_ws/build/navigation_manager -- -j6 -l6
[6.217s] [ 12%] [32mBuilding CXX object CMakeFiles/dynamic_speed_controller.dir/src/dynamic_speed_controller.cpp.o[0m
[6.248s] [ 25%] [32mBuilding CXX object CMakeFiles/cruise_perception_navigator.dir/src/cruise_perception_navigator.cpp.o[0m
[6.252s] [ 37%] [32mBuilding CXX object CMakeFiles/stop_line_detection.dir/src/stop_line_detection.cpp.o[0m
[6.294s] [ 50%] [32mBuilding CXX object CMakeFiles/navigation_behavior_nodes.dir/src/navigation_behavior_nodes.cpp.o[0m
[8.145s] In file included from [01m[K/Pav-S_ws/src/navigation2-humble/navigation_manager/src/cruise_perception_navigator.cpp:11[m[K:
[8.145s] [01m[K/opt/ros/humble/include/tf2_geometry_msgs/tf2_geometry_msgs/tf2_geometry_msgs.h:35:2:[m[K [01;35m[Kwarning: [m[K#warning This header is obsolete, please include tf2_geometry_msgs/tf2_geometry_msgs.hpp instead [[01;35m[K]8;;https://gcc.gnu.org/onlinedocs/gcc/Warning-Options.html#index-Wcpp-Wcpp]8;;[m[K]
[8.145s]    35 | #[01;35m[Kwarning[m[K This header is obsolete, please include tf2_geometry_msgs/tf2_geometry_msgs.hpp instead
[8.145s]       |  [01;35m[K^~~~~~~[m[K
[8.378s] [01m[K/Pav-S_ws/src/navigation2-humble/navigation_manager/src/dynamic_speed_controller.cpp:11:10:[m[K [01;31m[Kfatal error: [m[Knav2_dwb_controller/dwb_controller.hpp: No such file or directory
[8.378s]    11 | #include [01;31m[K<nav2_dwb_controller/dwb_controller.hpp>[m[K
[8.378s]       |          [01;31m[K^~~~~~~~~~~~~~~~~~~~~~~~~~~~~~~~~~~~~~~~[m[K
[8.378s] compilation terminated.
[8.390s] gmake[2]: *** [CMakeFiles/dynamic_speed_controller.dir/build.make:76: CMakeFiles/dynamic_speed_controller.dir/src/dynamic_speed_controller.cpp.o] Error 1
[8.390s] gmake[1]: *** [CMakeFiles/Makefile2:169: CMakeFiles/dynamic_speed_controller.dir/all] Error 2
[8.390s] gmake[1]: *** Waiting for unfinished jobs....
[8.760s] In file included from [01m[K/Pav-S_ws/src/navigation2-humble/navigation_manager/src/stop_line_detection.cpp:14[m[K:
[8.766s] [01m[K/opt/ros/humble/include/tf2_geometry_msgs/tf2_geometry_msgs/tf2_geometry_msgs.h:35:2:[m[K [01;35m[Kwarning: [m[K#warning This header is obsolete, please include tf2_geometry_msgs/tf2_geometry_msgs.hpp instead [[01;35m[K]8;;https://gcc.gnu.org/onlinedocs/gcc/Warning-Options.html#index-Wcpp-Wcpp]8;;[m[K]
[8.766s]    35 | #[01;35m[Kwarning[m[K This header is obsolete, please include tf2_geometry_msgs/tf2_geometry_msgs.hpp instead
[8.766s]       |  [01;35m[K^~~~~~~[m[K
[19.187s] [01m[K/Pav-S_ws/src/navigation2-humble/navigation_manager/src/stop_line_detection.cpp:143:26:[m[K [01;31m[Kerror: [m[Kâ€˜[01m[Knav_msgs[m[Kâ€™ was not declared in this scope; did you mean â€˜[01m[Knav2_msgs[m[Kâ€™?
[19.187s]   143 |     rclcpp::Subscription<[01;31m[Knav_msgs[m[K::msg::Odometry>::SharedPtr odom_sub_;
[19.188s]       |                          [01;31m[K^~~~~~~~[m[K
[19.188s]       |                          [32m[Knav2_msgs[m[K
[19.188s] [01m[K/Pav-S_ws/src/navigation2-humble/navigation_manager/src/stop_line_detection.cpp:143:49:[m[K [01;31m[Kerror: [m[Ktemplate argument 1 is invalid
[19.189s]   143 |     rclcpp::Subscription<nav_msgs::msg::Odometry[01;31m[K>[m[K::SharedPtr odom_sub_;
[19.189s]       |                                                 [01;31m[K^[m[K
[19.189s] [01m[K/Pav-S_ws/src/navigation2-humble/navigation_manager/src/stop_line_detection.cpp:143:49:[m[K [01;31m[Kerror: [m[Ktemplate argument 3 is invalid
[19.189s] [01m[K/Pav-S_ws/src/navigation2-humble/navigation_manager/src/stop_line_detection.cpp:143:49:[m[K [01;31m[Kerror: [m[Ktemplate argument 4 is invalid
[19.190s] [01m[K/Pav-S_ws/src/navigation2-humble/navigation_manager/src/stop_line_detection.cpp:143:49:[m[K [01;31m[Kerror: [m[Ktemplate argument 5 is invalid
[19.190s] [01m[K/Pav-S_ws/src/navigation2-humble/navigation_manager/src/stop_line_detection.cpp:143:52:[m[K [01;31m[Kerror: [m[Kexpected â€˜[01m[K;[m[Kâ€™ at end of member declaration
[19.190s]   143 |     rclcpp::Subscription<nav_msgs::msg::Odometry>::[01;31m[KSharedPtr[m[K odom_sub_;
[19.191s]       |                                                    [01;31m[K^~~~~~~~~[m[K
[19.191s]       |                                                             [32m[K;[m[K
[19.198s] [01m[K/Pav-S_ws/src/navigation2-humble/navigation_manager/src/stop_line_detection.cpp:143:62:[m[K [01;31m[Kerror: [m[Kâ€˜[01m[Kodom_sub_[m[Kâ€™ does not name a type
[19.198s]   143 |     rclcpp::Subscription<nav_msgs::msg::Odometry>::SharedPtr [01;31m[Kodom_sub_[m[K;
[19.198s]       |                                                              [01;31m[K^~~~~~~~~[m[K
[19.322s] [01m[K/Pav-S_ws/src/navigation2-humble/navigation_manager/src/stop_line_detection.cpp:[m[K In constructor â€˜[01m[KStopLineDetection::StopLineDetection()[m[Kâ€™:
[19.322s] [01m[K/Pav-S_ws/src/navigation2-humble/navigation_manager/src/stop_line_detection.cpp:32:9:[m[K [01;31m[Kerror: [m[Kâ€˜[01m[Kodom_sub_[m[Kâ€™ was not declared in this scope
[19.323s]    32 |         [01;31m[Kodom_sub_[m[K = create_subscription<nav_msgs::msg::Odometry>(
[19.323s]       |         [01;31m[K^~~~~~~~~[m[K
[19.360s] [01m[K/Pav-S_ws/src/navigation2-humble/navigation_manager/src/stop_line_detection.cpp:32:41:[m[K [01;31m[Kerror: [m[Kâ€˜[01m[Knav_msgs[m[Kâ€™ was not declared in this scope; did you mean â€˜[01m[Knav2_msgs[m[Kâ€™?
[19.361s]    32 |         odom_sub_ = create_subscription<[01;31m[Knav_msgs[m[K::msg::Odometry>(
[19.362s]       |                                         [01;31m[K^~~~~~~~[m[K
[19.362s]       |                                         [32m[Knav2_msgs[m[K
[19.362s] [01m[K/Pav-S_ws/src/navigation2-humble/navigation_manager/src/stop_line_detection.cpp:32:21:[m[K [01;31m[Kerror: [m[Kparse error in template argument list
[19.363s]    32 |         odom_sub_ = [01;31m[Kcreate_subscription<nav_msgs::msg::Odometry>[m[K(
[19.363s]       |                     [01;31m[K^~~~~~~~~~~~~~~~~~~~~~~~~~~~~~~~~~~~~~~~~~~~[m[K
[19.372s] [01m[K/Pav-S_ws/src/navigation2-humble/navigation_manager/src/stop_line_detection.cpp:34:26:[m[K [01;31m[Kerror: [m[Kâ€˜[01m[Knav_msgs[m[Kâ€™ does not name a type
[19.372s]    34 |             [this](const [01;31m[Knav_msgs[m[K::msg::Odometry::SharedPtr msg) {
[19.373s]       |                          [01;31m[K^~~~~~~~[m[K
[19.373s] [01m[K/Pav-S_ws/src/navigation2-humble/navigation_manager/src/stop_line_detection.cpp:[m[K In lambda function:
[19.374s] [01m[K/Pav-S_ws/src/navigation2-humble/navigation_manager/src/stop_line_detection.cpp:36:15:[m[K [01;31m[Kerror: [m[Kexpected â€˜[01m[K{[m[Kâ€™ before â€˜[01m[K;[m[Kâ€™ token
[19.374s]    36 |             })[01;31m[K;[m[K
[19.374s]       |               [01;31m[K^[m[K
[19.375s] [01m[K/Pav-S_ws/src/navigation2-humble/navigation_manager/src/stop_line_detection.cpp:[m[K In constructor â€˜[01m[KStopLineDetection::StopLineDetection()[m[Kâ€™:
[19.375s] [01m[K/Pav-S_ws/src/navigation2-humble/navigation_manager/src/stop_line_detection.cpp:36:15:[m[K [01;31m[Kerror: [m[Kexpected â€˜[01m[K)[m[Kâ€™ before â€˜[01m[K;[m[Kâ€™ token
[19.376s] [01m[K/Pav-S_ws/src/navigation2-humble/navigation_manager/src/stop_line_detection.cpp:32:65:[m[K [01;36m[Knote: [m[Kto match this â€˜[01m[K([m[Kâ€™
[19.376s]    32 |         odom_sub_ = create_subscription<nav_msgs::msg::Odometry>[01;36m[K([m[K
[19.376s]       |                                                                 [01;36m[K^[m[K
[19.414s] [01m[K/Pav-S_ws/src/navigation2-humble/navigation_manager/src/stop_line_detection.cpp:[m[K In member function â€˜[01m[Kvoid StopLineDetection::stopSmoothParking()[m[Kâ€™:
[19.415s] [01m[K/Pav-S_ws/src/navigation2-humble/navigation_manager/src/stop_line_detection.cpp:134:34:[m[K [01;31m[Kerror: [m[Kexpected primary-expression before â€˜[01m[K>[m[Kâ€™ token
[19.415s]   134 |             stop_completed.data =[01;31m[K>[m[K false;
[19.416s]       |                                  [01;31m[K^[m[K
[19.417s] [01m[K/Pav-S_ws/src/navigation2-humble/navigation_manager/src/stop_line_detection.cpp:[m[K At global scope:
[19.418s] [01m[K/Pav-S_ws/src/navigation2-humble/navigation_manager/src/stop_line_detection.cpp:160:65:[m[K [01;31m[Kerror: [m[Kexpected template-name before â€˜[01m[K<[m[Kâ€™ token
[19.418s]   160 | class StopLineBehavior : public nav2_behavior_tree::BtActionNode[01;31m[K<[m[KNavigateToPose>
[19.418s]       |                                                                 [01;31m[K^[m[K
[19.419s] [01m[K/Pav-S_ws/src/navigation2-humble/navigation_manager/src/stop_line_detection.cpp:160:65:[m[K [01;31m[Kerror: [m[Kexpected â€˜[01m[K{[m[Kâ€™ before â€˜[01m[K<[m[Kâ€™ token
[19.419s] [01m[K/Pav-S_ws/src/navigation2-humble/navigation_manager/src/stop_line_detection.cpp:160:65:[m[K [01;31m[Kerror: [m[Kexpected unqualified-id before â€˜[01m[K<[m[Kâ€™ token
[20.035s] [01m[K/Pav-S_ws/src/navigation2-humble/navigation_manager/src/navigation_behavior_nodes.cpp:[m[K In lambda function:
[20.035s] [01m[K/Pav-S_ws/src/navigation2-humble/navigation_manager/src/navigation_behavior_nodes.cpp:26:47:[m[K [01;31m[Kerror: [m[Kâ€˜[01m[Kusing element_type = struct std_msgs::msg::String_<std::allocator<void> >[m[Kâ€™ {aka â€˜[01m[Kstruct std_msgs::msg::String_<std::allocator<void> >[m[Kâ€™} has no member named â€˜[01m[Kstring[m[Kâ€™; did you mean â€˜[01m[KString_[m[Kâ€™?
[20.036s]    26 |                 last_stop_line_signal_ = msg->[01;31m[Kstring[m[K;
[20.036s]       |                                               [01;31m[K^~~~~~[m[K
[20.036s]       |                                               [32m[KString_[m[K
[20.078s] [01m[K/Pav-S_ws/src/navigation2-humble/navigation_manager/src/navigation_behavior_nodes.cpp:[m[K At global scope:
[20.084s] [01m[K/Pav-S_ws/src/navigation2-humble/navigation_manager/src/navigation_behavior_nodes.cpp:224:41:[m[K [01;31m[Kerror: [m[Kâ€˜[01m[KFloat32[m[Kâ€™ is not a member of â€˜[01m[Kstd_msgs::msg[m[Kâ€™
[20.084s]   224 |     rclcpp::Subscription<std_msgs::msg::[01;31m[KFloat32[m[K>::SharedPtr obstacle_distance_sub_;
[20.085s]       |                                         [01;31m[K^~~~~~~[m[K
[20.085s] [01m[K/Pav-S_ws/src/navigation2-humble/navigation_manager/src/navigation_behavior_nodes.cpp:224:48:[m[K [01;31m[Kerror: [m[Ktemplate argument 1 is invalid
[20.085s]   224 |     rclcpp::Subscription<std_msgs::msg::Float32[01;31m[K>[m[K::SharedPtr obstacle_distance_sub_;
[20.086s]       |                                                [01;31m[K^[m[K
[20.086s] [01m[K/Pav-S_ws/src/navigation2-humble/navigation_manager/src/navigation_behavior_nodes.cpp:224:48:[m[K [01;31m[Kerror: [m[Ktemplate argument 3 is invalid
[20.086s] [01m[K/Pav-S_ws/src/navigation2-humble/navigation_manager/src/navigation_behavior_nodes.cpp:224:48:[m[K [01;31m[Kerror: [m[Ktemplate argument 4 is invalid
[20.087s] [01m[K/Pav-S_ws/src/navigation2-humble/navigation_manager/src/navigation_behavior_nodes.cpp:224:48:[m[K [01;31m[Kerror: [m[Ktemplate argument 5 is invalid
[20.087s] [01m[K/Pav-S_ws/src/navigation2-humble/navigation_manager/src/navigation_behavior_nodes.cpp:224:51:[m[K [01;31m[Kerror: [m[Kexpected â€˜[01m[K;[m[Kâ€™ at end of member declaration
[20.087s]   224 |     rclcpp::Subscription<std_msgs::msg::Float32>::[01;31m[KSharedPtr[m[K obstacle_distance_sub_;
[20.088s]       |                                                   [01;31m[K^~~~~~~~~[m[K
[20.088s]       |                                                            [32m[K;[m[K
[20.106s] [01m[K/Pav-S_ws/src/navigation2-humble/navigation_manager/src/navigation_behavior_nodes.cpp:224:61:[m[K [01;31m[Kerror: [m[Kâ€˜[01m[Kobstacle_distance_sub_[m[Kâ€™ does not name a type
[20.112s]   224 |     rclcpp::Subscription<std_msgs::msg::Float32>::SharedPtr [01;31m[Kobstacle_distance_sub_[m[K;
[20.112s]       |                                                             [01;31m[K^~~~~~~~~~~~~~~~~~~~~~[m[K
[20.156s] [01m[K/Pav-S_ws/src/navigation2-humble/navigation_manager/src/navigation_behavior_nodes.cpp:[m[K In constructor â€˜[01m[KDynamicSpeedAdjustNode::DynamicSpeedAdjustNode(const string&, const BT::NodeConfiguration&)[m[Kâ€™:
[20.157s] [01m[K/Pav-S_ws/src/navigation2-humble/navigation_manager/src/navigation_behavior_nodes.cpp:137:9:[m[K [01;31m[Kerror: [m[Kâ€˜[01m[Kobstacle_distance_sub_[m[Kâ€™ was not declared in this scope; did you mean â€˜[01m[Kobstacle_distance_[m[Kâ€™?
[20.157s]   137 |         [01;31m[Kobstacle_distance_sub_[m[K = node_->create_subscription<std_msgs::msg::Float32>(
[20.157s]       |         [01;31m[K^~~~~~~~~~~~~~~~~~~~~~[m[K
[20.158s]       |         [32m[Kobstacle_distance_[m[K
[20.161s] [01m[K/Pav-S_ws/src/navigation2-humble/navigation_manager/src/navigation_behavior_nodes.cpp:137:76:[m[K [01;31m[Kerror: [m[Kâ€˜[01m[KFloat32[m[Kâ€™ is not a member of â€˜[01m[Kstd_msgs::msg[m[Kâ€™
[20.162s]   137 |         obstacle_distance_sub_ = node_->create_subscription<std_msgs::msg::[01;31m[KFloat32[m[K>(
[20.162s]       |                                                                            [01;31m[K^~~~~~~[m[K
[20.163s] [01m[K/Pav-S_ws/src/navigation2-humble/navigation_manager/src/navigation_behavior_nodes.cpp:139:41:[m[K [01;31m[Kerror: [m[Kâ€˜[01m[KFloat32[m[Kâ€™ in namespace â€˜[01m[Kstd_msgs::msg[m[Kâ€™ does not name a type
[20.163s]   139 |             [this](const std_msgs::msg::[01;31m[KFloat32[m[K::SharedPtr msg) {
[20.163s]       |                                         [01;31m[K^~~~~~~[m[K
[20.164s] [01m[K/Pav-S_ws/src/navigation2-humble/navigation_manager/src/navigation_behavior_nodes.cpp:[m[K In lambda function:
[20.164s] [01m[K/Pav-S_ws/src/navigation2-humble/navigation_manager/src/navigation_behavior_nodes.cpp:141:15:[m[K [01;31m[Kerror: [m[Kexpected â€˜[01m[K{[m[Kâ€™ before â€˜[01m[K;[m[Kâ€™ token
[20.164s]   141 |             })[01;31m[K;[m[K
[20.164s]       |               [01;31m[K^[m[K
[20.165s] [01m[K/Pav-S_ws/src/navigation2-humble/navigation_manager/src/navigation_behavior_nodes.cpp:[m[K In constructor â€˜[01m[KDynamicSpeedAdjustNode::DynamicSpeedAdjustNode(const string&, const BT::NodeConfiguration&)[m[Kâ€™:
[20.165s] [01m[K/Pav-S_ws/src/navigation2-humble/navigation_manager/src/navigation_behavior_nodes.cpp:141:15:[m[K [01;31m[Kerror: [m[Kexpected â€˜[01m[K)[m[Kâ€™ before â€˜[01m[K;[m[Kâ€™ token
[20.166s] [01m[K/Pav-S_ws/src/navigation2-humble/navigation_manager/src/navigation_behavior_nodes.cpp:137:84:[m[K [01;36m[Knote: [m[Kto match this â€˜[01m[K([m[Kâ€™
[20.166s]   137 |         obstacle_distance_sub_ = node_->create_subscription<std_msgs::msg::Float32>[01;36m[K([m[K
[20.166s]       |                                                                                    [01;36m[K^[m[K
[20.471s] In file included from [01m[K/usr/include/c++/11/bits/move.h:57[m[K,
[20.472s]                  from [01m[K/usr/include/c++/11/bits/stl_pair.h:59[m[K,
[20.472s]                  from [01m[K/usr/include/c++/11/bits/stl_algobase.h:64[m[K,
[20.472s]                  from [01m[K/usr/include/c++/11/memory:63[m[K,
[20.472s]                  from [01m[K/opt/ros/humble/include/rclcpp/rclcpp/rclcpp.hpp:153[m[K,
[20.473s]                  from [01m[K/Pav-S_ws/src/navigation2-humble/navigation_manager/src/stop_line_detection.cpp:6[m[K:
[20.473s] /usr/include/c++/11/type_traits: In instantiation of â€˜[01m[Kstruct std::is_base_of<BT::ActionNodeBase, StopLineBehavior>[m[Kâ€™:
[20.473s] [01m[K/opt/ros/humble/include/behaviortree_cpp_v3/bt_factory.h:366:55:[m[K   required from â€˜[01m[Kvoid BT::BehaviorTreeFactory::registerNodeType(const string&) [with T = StopLineBehavior; std::string = std::__cxx11::basic_string<char>][m[Kâ€™
[20.473s] [01m[K/Pav-S_ws/src/navigation2-humble/navigation_manager/src/stop_line_detection.cpp:202:47:[m[K   required from here
[20.473s] [01m[K/usr/include/c++/11/type_traits:1422:38:[m[K [01;31m[Kerror: [m[Kinvalid use of incomplete type â€˜[01m[Kclass StopLineBehavior[m[Kâ€™
[20.473s]  1422 |     : public integral_constant<bool, [01;31m[K__is_base_of(_Base, _Derived)[m[K>
[20.473s]       |                                      [01;31m[K^~~~~~~~~~~~~~~~~~~~~~~~~~~~~[m[K
[20.473s] [01m[K/Pav-S_ws/src/navigation2-humble/navigation_manager/src/stop_line_detection.cpp:160:7:[m[K [01;36m[Knote: [m[Kforward declaration of â€˜[01m[Kclass StopLineBehavior[m[Kâ€™
[20.474s]   160 | class [01;36m[KStopLineBehavior[m[K : public nav2_behavior_tree::BtActionNode<NavigateToPose>
[20.474s]       |       [01;36m[K^~~~~~~~~~~~~~~~[m[K
[20.474s] In file included from [01m[K/Pav-S_ws/install/nav2_behavior_tree/include/nav2_behavior_tree/behavior_tree_engine.hpp:24[m[K,
[20.474s]                  from [01m[K/Pav-S_ws/install/nav2_behavior_tree/include/nav2_behavior_tree/bt_action_server.hpp:23[m[K,
[20.486s]                  from [01m[K/Pav-S_ws/src/navigation2-humble/navigation_manager/src/stop_line_detection.cpp:11[m[K:
[20.487s] /opt/ros/humble/include/behaviortree_cpp_v3/bt_factory.h: In instantiation of â€˜[01m[Kvoid BT::BehaviorTreeFactory::registerNodeType(const string&) [with T = StopLineBehavior; std::string = std::__cxx11::basic_string<char>][m[Kâ€™:
[20.487s] [01m[K/Pav-S_ws/src/navigation2-humble/navigation_manager/src/stop_line_detection.cpp:202:47:[m[K   required from here
[20.487s] [01m[K/opt/ros/humble/include/behaviortree_cpp_v3/bt_factory.h:366:55:[m[K [01;31m[Kerror: [m[Kâ€˜[01m[Kvalue[m[Kâ€™ is not a member of â€˜[01m[Kstd::is_base_of<BT::ActionNodeBase, StopLineBehavior>[m[Kâ€™
[20.487s]   366 |     static_assert(std::is_base_of<ActionNodeBase, T>::[01;31m[Kvalue[m[K ||
[20.488s]       |                                                       [01;31m[K^~~~~[m[K
[20.488s] In file included from [01m[K/usr/include/c++/11/bits/move.h:57[m[K,
[20.488s]                  from [01m[K/usr/include/c++/11/bits/stl_pair.h:59[m[K,
[20.488s]                  from [01m[K/usr/include/c++/11/bits/stl_algobase.h:64[m[K,
[20.488s]                  from [01m[K/usr/include/c++/11/memory:63[m[K,
[20.488s]                  from [01m[K/opt/ros/humble/include/rclcpp/rclcpp/rclcpp.hpp:153[m[K,
[20.488s]                  from [01m[K/Pav-S_ws/src/navigation2-humble/navigation_manager/src/stop_line_detection.cpp:6[m[K:
[20.489s] /usr/include/c++/11/type_traits: In instantiation of â€˜[01m[Kstruct std::is_base_of<BT::ControlNode, StopLineBehavior>[m[Kâ€™:
[20.489s] [01m[K/opt/ros/humble/include/behaviortree_cpp_v3/bt_factory.h:367:56:[m[K   required from â€˜[01m[Kvoid BT::BehaviorTreeFactory::registerNodeType(const string&) [with T = StopLineBehavior; std::string = std::__cxx11::basic_string<char>][m[Kâ€™
[20.489s] [01m[K/Pav-S_ws/src/navigation2-humble/navigation_manager/src/stop_line_detection.cpp:202:47:[m[K   required from here
[20.489s] [01m[K/usr/include/c++/11/type_traits:1422:38:[m[K [01;31m[Kerror: [m[Kinvalid use of incomplete type â€˜[01m[Kclass StopLineBehavior[m[Kâ€™
[20.489s]  1422 |     : public integral_constant<bool, [01;31m[K__is_base_of(_Base, _Derived)[m[K>
[20.489s]       |                                      [01;31m[K^~~~~~~~~~~~~~~~~~~~~~~~~~~~~[m[K
[20.489s] [01m[K/Pav-S_ws/src/navigation2-humble/navigation_manager/src/stop_line_detection.cpp:160:7:[m[K [01;36m[Knote: [m[Kforward declaration of â€˜[01m[Kclass StopLineBehavior[m[Kâ€™
[20.490s]   160 | class [01;36m[KStopLineBehavior[m[K : public nav2_behavior_tree::BtActionNode<NavigateToPose>
[20.490s]       |       [01;36m[K^~~~~~~~~~~~~~~~[m[K
[20.490s] In file included from [01m[K/Pav-S_ws/install/nav2_behavior_tree/include/nav2_behavior_tree/behavior_tree_engine.hpp:24[m[K,
[20.490s]                  from [01m[K/Pav-S_ws/install/nav2_behavior_tree/include/nav2_behavior_tree/bt_action_server.hpp:23[m[K,
[20.490s]                  from [01m[K/Pav-S_ws/src/navigation2-humble/navigation_manager/src/stop_line_detection.cpp:11[m[K:
[20.491s] /opt/ros/humble/include/behaviortree_cpp_v3/bt_factory.h: In instantiation of â€˜[01m[Kvoid BT::BehaviorTreeFactory::registerNodeType(const string&) [with T = StopLineBehavior; std::string = std::__cxx11::basic_string<char>][m[Kâ€™:
[20.491s] [01m[K/Pav-S_ws/src/navigation2-humble/navigation_manager/src/stop_line_detection.cpp:202:47:[m[K   required from here
[20.491s] [01m[K/opt/ros/humble/include/behaviortree_cpp_v3/bt_factory.h:367:56:[m[K [01;31m[Kerror: [m[Kâ€˜[01m[Kvalue[m[Kâ€™ is not a member of â€˜[01m[Kstd::is_base_of<BT::ControlNode, StopLineBehavior>[m[Kâ€™
[20.491s]   367 |                       std::is_base_of<ControlNode, T>::[01;31m[Kvalue[m[K ||
[20.491s]       |                                                        [01;31m[K^~~~~[m[K
[20.491s] In file included from [01m[K/usr/include/c++/11/bits/move.h:57[m[K,
[20.491s]                  from [01m[K/usr/include/c++/11/bits/stl_pair.h:59[m[K,
[20.492s]                  from [01m[K/usr/include/c++/11/bits/stl_algobase.h:64[m[K,
[20.492s]                  from [01m[K/usr/include/c++/11/memory:63[m[K,
[20.492s]                  from [01m[K/opt/ros/humble/include/rclcpp/rclcpp/rclcpp.hpp:153[m[K,
[20.492s]                  from [01m[K/Pav-S_ws/src/navigation2-humble/navigation_manager/src/stop_line_detection.cpp:6[m[K:
[20.492s] /usr/include/c++/11/type_traits: In instantiation of â€˜[01m[Kstruct std::is_base_of<BT::DecoratorNode, StopLineBehavior>[m[Kâ€™:
[20.492s] [01m[K/opt/ros/humble/include/behaviortree_cpp_v3/bt_factory.h:368:58:[m[K   required from â€˜[01m[Kvoid BT::BehaviorTreeFactory::registerNodeType(const string&) [with T = StopLineBehavior; std::string = std::__cxx11::basic_string<char>][m[Kâ€™
[20.492s] [01m[K/Pav-S_ws/src/navigation2-humble/navigation_manager/src/stop_line_detection.cpp:202:47:[m[K   required from here
[20.492s] [01m[K/usr/include/c++/11/type_traits:1422:38:[m[K [01;31m[Kerror: [m[Kinvalid use of incomplete type â€˜[01m[Kclass StopLineBehavior[m[Kâ€™
[20.493s]  1422 |     : public integral_constant<bool, [01;31m[K__is_base_of(_Base, _Derived)[m[K>
[20.493s]       |                                      [01;31m[K^~~~~~~~~~~~~~~~~~~~~~~~~~~~~[m[K
[20.493s] [01m[K/Pav-S_ws/src/navigation2-humble/navigation_manager/src/stop_line_detection.cpp:160:7:[m[K [01;36m[Knote: [m[Kforward declaration of â€˜[01m[Kclass StopLineBehavior[m[Kâ€™
[20.493s]   160 | class [01;36m[KStopLineBehavior[m[K : public nav2_behavior_tree::BtActionNode<NavigateToPose>
[20.493s]       |       [01;36m[K^~~~~~~~~~~~~~~~[m[K
[20.493s] In file included from [01m[K/Pav-S_ws/install/nav2_behavior_tree/include/nav2_behavior_tree/behavior_tree_engine.hpp:24[m[K,
[20.493s]                  from [01m[K/Pav-S_ws/install/nav2_behavior_tree/include/nav2_behavior_tree/bt_action_server.hpp:23[m[K,
[20.493s]                  from [01m[K/Pav-S_ws/src/navigation2-humble/navigation_manager/src/stop_line_detection.cpp:11[m[K:
[20.493s] /opt/ros/humble/include/behaviortree_cpp_v3/bt_factory.h: In instantiation of â€˜[01m[Kvoid BT::BehaviorTreeFactory::registerNodeType(const string&) [with T = StopLineBehavior; std::string = std::__cxx11::basic_string<char>][m[Kâ€™:
[20.494s] [01m[K/Pav-S_ws/src/navigation2-humble/navigation_manager/src/stop_line_detection.cpp:202:47:[m[K   required from here
[20.494s] [01m[K/opt/ros/humble/include/behaviortree_cpp_v3/bt_factory.h:368:58:[m[K [01;31m[Kerror: [m[Kâ€˜[01m[Kvalue[m[Kâ€™ is not a member of â€˜[01m[Kstd::is_base_of<BT::DecoratorNode, StopLineBehavior>[m[Kâ€™
[20.494s]   368 |                       std::is_base_of<DecoratorNode, T>::[01;31m[Kvalue[m[K ||
[20.494s]       |                                                          [01;31m[K^~~~~[m[K
[20.494s] In file included from [01m[K/usr/include/c++/11/bits/move.h:57[m[K,
[20.494s]                  from [01m[K/usr/include/c++/11/bits/stl_pair.h:59[m[K,
[20.494s]                  from [01m[K/usr/include/c++/11/bits/stl_algobase.h:64[m[K,
[20.494s]                  from [01m[K/usr/include/c++/11/memory:63[m[K,
[20.494s]                  from [01m[K/opt/ros/humble/include/rclcpp/rclcpp/rclcpp.hpp:153[m[K,
[20.494s]                  from [01m[K/Pav-S_ws/src/navigation2-humble/navigation_manager/src/stop_line_detection.cpp:6[m[K:
[20.495s] /usr/include/c++/11/type_traits: In instantiation of â€˜[01m[Kstruct std::is_base_of<BT::ConditionNode, StopLineBehavior>[m[Kâ€™:
[20.495s] [01m[K/opt/ros/humble/include/behaviortree_cpp_v3/bt_factory.h:369:58:[m[K   required from â€˜[01m[Kvoid BT::BehaviorTreeFactory::registerNodeType(const string&) [with T = StopLineBehavior; std::string = std::__cxx11::basic_string<char>][m[Kâ€™
[20.495s] [01m[K/Pav-S_ws/src/navigation2-humble/navigation_manager/src/stop_line_detection.cpp:202:47:[m[K   required from here
[20.495s] [01m[K/usr/include/c++/11/type_traits:1422:38:[m[K [01;31m[Kerror: [m[Kinvalid use of incomplete type â€˜[01m[Kclass StopLineBehavior[m[Kâ€™
[20.495s]  1422 |     : public integral_constant<bool, [01;31m[K__is_base_of(_Base, _Derived)[m[K>
[20.495s]       |                                      [01;31m[K^~~~~~~~~~~~~~~~~~~~~~~~~~~~~[m[K
[20.495s] [01m[K/Pav-S_ws/src/navigation2-humble/navigation_manager/src/stop_line_detection.cpp:160:7:[m[K [01;36m[Knote: [m[Kforward declaration of â€˜[01m[Kclass StopLineBehavior[m[Kâ€™
[20.495s]   160 | class [01;36m[KStopLineBehavior[m[K : public nav2_behavior_tree::BtActionNode<NavigateToPose>
[20.496s]       |       [01;36m[K^~~~~~~~~~~~~~~~[m[K
[20.496s] In file included from [01m[K/Pav-S_ws/install/nav2_behavior_tree/include/nav2_behavior_tree/behavior_tree_engine.hpp:24[m[K,
[20.496s]                  from [01m[K/Pav-S_ws/install/nav2_behavior_tree/include/nav2_behavior_tree/bt_action_server.hpp:23[m[K,
[20.496s]                  from [01m[K/Pav-S_ws/src/navigation2-humble/navigation_manager/src/stop_line_detection.cpp:11[m[K:
[20.496s] /opt/ros/humble/include/behaviortree_cpp_v3/bt_factory.h: In instantiation of â€˜[01m[Kvoid BT::BehaviorTreeFactory::registerNodeType(const string&) [with T = StopLineBehavior; std::string = std::__cxx11::basic_string<char>][m[Kâ€™:
[20.496s] [01m[K/Pav-S_ws/src/navigation2-humble/navigation_manager/src/stop_line_detection.cpp:202:47:[m[K   required from here
[20.496s] [01m[K/opt/ros/humble/include/behaviortree_cpp_v3/bt_factory.h:369:58:[m[K [01;31m[Kerror: [m[Kâ€˜[01m[Kvalue[m[Kâ€™ is not a member of â€˜[01m[Kstd::is_base_of<BT::ConditionNode, StopLineBehavior>[m[Kâ€™
[20.496s]   369 |                       std::is_base_of<ConditionNode, T>::[01;31m[Kvalue[m[K,
[20.497s]       |                                                          [01;31m[K^~~~~[m[K
[20.497s] In file included from [01m[K/usr/include/c++/11/bits/move.h:57[m[K,
[20.497s]                  from [01m[K/usr/include/c++/11/bits/stl_pair.h:59[m[K,
[20.497s]                  from [01m[K/usr/include/c++/11/bits/stl_algobase.h:64[m[K,
[20.497s]                  from [01m[K/usr/include/c++/11/memory:63[m[K,
[20.497s]                  from [01m[K/opt/ros/humble/include/rclcpp/rclcpp/rclcpp.hpp:153[m[K,
[20.497s]                  from [01m[K/Pav-S_ws/src/navigation2-humble/navigation_manager/src/stop_line_detection.cpp:6[m[K:
[20.507s] /usr/include/c++/11/type_traits: In instantiation of â€˜[01m[Kstruct std::is_abstract<StopLineBehavior>[m[Kâ€™:
[20.508s] [01m[K/opt/ros/humble/include/behaviortree_cpp_v3/bt_factory.h:374:41:[m[K   required from â€˜[01m[Kvoid BT::BehaviorTreeFactory::registerNodeType(const string&) [with T = StopLineBehavior; std::string = std::__cxx11::basic_string<char>][m[Kâ€™
[20.508s] [01m[K/Pav-S_ws/src/navigation2-humble/navigation_manager/src/stop_line_detection.cpp:202:47:[m[K   required from here
[20.509s] [01m[K/usr/include/c++/11/type_traits:778:38:[m[K [01;31m[Kerror: [m[Kinvalid use of incomplete type â€˜[01m[Kclass StopLineBehavior[m[Kâ€™
[20.509s]   778 |     : public integral_constant<bool, [01;31m[K__is_abstract(_Tp)[m[K>
[20.509s]       |                                      [01;31m[K^~~~~~~~~~~~~~~~~~[m[K
[20.509s] [01m[K/Pav-S_ws/src/navigation2-humble/navigation_manager/src/stop_line_detection.cpp:160:7:[m[K [01;36m[Knote: [m[Kforward declaration of â€˜[01m[Kclass StopLineBehavior[m[Kâ€™
[20.509s]   160 | class [01;36m[KStopLineBehavior[m[K : public nav2_behavior_tree::BtActionNode<NavigateToPose>
[20.509s]       |       [01;36m[K^~~~~~~~~~~~~~~~[m[K
[20.509s] In file included from [01m[K/Pav-S_ws/install/nav2_behavior_tree/include/nav2_behavior_tree/behavior_tree_engine.hpp:24[m[K,
[20.509s]                  from [01m[K/Pav-S_ws/install/nav2_behavior_tree/include/nav2_behavior_tree/bt_action_server.hpp:23[m[K,
[20.510s]                  from [01m[K/Pav-S_ws/src/navigation2-humble/navigation_manager/src/stop_line_detection.cpp:11[m[K:
[20.510s] /opt/ros/humble/include/behaviortree_cpp_v3/bt_factory.h: In instantiation of â€˜[01m[Kvoid BT::BehaviorTreeFactory::registerNodeType(const string&) [with T = StopLineBehavior; std::string = std::__cxx11::basic_string<char>][m[Kâ€™:
[20.510s] [01m[K/Pav-S_ws/src/navigation2-humble/navigation_manager/src/stop_line_detection.cpp:202:47:[m[K   required from here
[20.510s] [01m[K/opt/ros/humble/include/behaviortree_cpp_v3/bt_factory.h:374:41:[m[K [01;31m[Kerror: [m[Kâ€˜[01m[Kvalue[m[Kâ€™ is not a member of â€˜[01m[Kstd::is_abstract<StopLineBehavior>[m[Kâ€™
[20.510s]   374 |     static_assert(!std::is_abstract<T>::[01;31m[Kvalue[m[K, "[registerNode]: Some methods are pure "
[20.510s]       |                                         [01;31m[K^~~~~[m[K
[20.510s] In file included from [01m[K/usr/include/c++/11/bits/move.h:57[m[K,
[20.510s]                  from [01m[K/usr/include/c++/11/bits/stl_pair.h:59[m[K,
[20.510s]                  from [01m[K/usr/include/c++/11/bits/stl_algobase.h:64[m[K,
[20.511s]                  from [01m[K/usr/include/c++/11/memory:63[m[K,
[20.511s]                  from [01m[K/opt/ros/humble/include/rclcpp/rclcpp/rclcpp.hpp:153[m[K,
[20.511s]                  from [01m[K/Pav-S_ws/src/navigation2-humble/navigation_manager/src/stop_line_detection.cpp:6[m[K:
[20.511s] /usr/include/c++/11/type_traits: In instantiation of â€˜[01m[Kstruct std::is_constructible<StopLineBehavior, const std::__cxx11::basic_string<char, std::char_traits<char>, std::allocator<char> >&>[m[Kâ€™:
[20.511s] [01m[K/opt/ros/humble/include/behaviortree_cpp_v3/bt_factory.h:380:55:[m[K   required from â€˜[01m[Kvoid BT::BehaviorTreeFactory::registerNodeType(const string&) [with T = StopLineBehavior; std::string = std::__cxx11::basic_string<char>][m[Kâ€™
[20.511s] [01m[K/Pav-S_ws/src/navigation2-humble/navigation_manager/src/stop_line_detection.cpp:202:47:[m[K   required from here
[20.511s] [01m[K/usr/include/c++/11/type_traits:955:52:[m[K [01;31m[Kerror: [m[Kstatic assertion failed: template argument must be a complete class or an unbounded array
[20.511s]   955 |       static_assert([01;31m[Kstd::__is_complete_or_unbounded(__type_identity<_Tp>{})[m[K,
[20.512s]       |                     [01;31m[K~~~~~~~~~~~~~~~~~~~~~~~~~~~~~~~^~~~~~~~~~~~~~~~~~~~~~~~[m[K
[20.512s] [01m[K/usr/include/c++/11/type_traits:955:52:[m[K [01;36m[Knote: [m[Kâ€˜[01m[Kstd::__is_complete_or_unbounded<std::__type_identity<StopLineBehavior> >((std::__type_identity<StopLineBehavior>{}, std::__type_identity<StopLineBehavior>()))[m[Kâ€™ evaluates to false
[20.512s] /usr/include/c++/11/type_traits: In instantiation of â€˜[01m[Kstruct std::is_constructible<StopLineBehavior, const std::__cxx11::basic_string<char, std::char_traits<char>, std::allocator<char> >&, const BT::NodeConfiguration&>[m[Kâ€™:
[20.512s] [01m[K/opt/ros/humble/include/behaviortree_cpp_v3/bt_factory.h:382:81:[m[K   required from â€˜[01m[Kvoid BT::BehaviorTreeFactory::registerNodeType(const string&) [with T = StopLineBehavior; std::string = std::__cxx11::basic_string<char>][m[Kâ€™
[20.512s] [01m[K/Pav-S_ws/src/navigation2-humble/navigation_manager/src/stop_line_detection.cpp:202:47:[m[K   required from here
[20.512s] [01m[K/usr/include/c++/11/type_traits:955:52:[m[K [01;31m[Kerror: [m[Kstatic assertion failed: template argument must be a complete class or an unbounded array
[20.512s] [01m[K/usr/include/c++/11/type_traits:955:52:[m[K [01;36m[Knote: [m[Kâ€˜[01m[Kstd::__is_complete_or_unbounded<std::__type_identity<StopLineBehavior> >((std::__type_identity<StopLineBehavior>{}, std::__type_identity<StopLineBehavior>()))[m[Kâ€™ evaluates to false
[20.512s] In file included from [01m[K/Pav-S_ws/install/nav2_behavior_tree/include/nav2_behavior_tree/behavior_tree_engine.hpp:24[m[K,
[20.512s]                  from [01m[K/Pav-S_ws/install/nav2_behavior_tree/include/nav2_behavior_tree/bt_action_server.hpp:23[m[K,
[20.513s]                  from [01m[K/Pav-S_ws/src/navigation2-humble/navigation_manager/src/stop_line_detection.cpp:11[m[K:
[20.513s] /opt/ros/humble/include/behaviortree_cpp_v3/bt_factory.h: In instantiation of â€˜[01m[Kvoid BT::BehaviorTreeFactory::registerNodeType(const string&) [with T = StopLineBehavior; std::string = std::__cxx11::basic_string<char>][m[Kâ€™:
[20.513s] [01m[K/Pav-S_ws/src/navigation2-humble/navigation_manager/src/stop_line_detection.cpp:202:47:[m[K   required from here
[20.513s] [01m[K/opt/ros/humble/include/behaviortree_cpp_v3/bt_factory.h:385:41:[m[K [01;31m[Kerror: [m[Kstatic assertion failed: [registerNode]: the registered class must have at least one of these two constructors:   (const std::string&, const NodeConfiguration&) or (const std::string&).
[20.513s] Check also if the constructor is public!
[20.513s]   385 |     static_assert([01;31m[Kdefault_constructable || param_constructable[m[K, "[registerNode]: the "
[20.513s]       |                   [01;31m[K~~~~~~~~~~~~~~~~~~~~~~^~~~~~~~~~~~~~~~~~~~~~[m[K
[20.513s] [01m[K/opt/ros/humble/include/behaviortree_cpp_v3/bt_factory.h:385:41:[m[K [01;36m[Knote: [m[Kâ€˜[01m[K(((bool)default_constructable) || ((bool)param_constructable))[m[Kâ€™ evaluates to false
[20.514s] [01m[K/opt/ros/humble/include/behaviortree_cpp_v3/bt_factory.h:418:60:[m[K [01;31m[Kerror: [m[Kno matching function for call to â€˜[01m[KCreateBuilder<StopLineBehavior>()[m[Kâ€™
[20.514s]   418 |     registerBuilder(CreateManifest<T>(ID), [01;31m[KCreateBuilder<T>()[m[K);
[20.514s]       |                                            [01;31m[K~~~~~~~~~~~~~~~~^~[m[K
[20.514s] In file included from [01m[K/Pav-S_ws/install/nav2_behavior_tree/include/nav2_behavior_tree/behavior_tree_engine.hpp:24[m[K,
[20.514s]                  from [01m[K/Pav-S_ws/install/nav2_behavior_tree/include/nav2_behavior_tree/bt_action_server.hpp:23[m[K,
[20.514s]                  from [01m[K/Pav-S_ws/src/navigation2-humble/navigation_manager/src/stop_line_detection.cpp:11[m[K:
[20.514s] [01m[K/opt/ros/humble/include/behaviortree_cpp_v3/bt_factory.h:43:1:[m[K [01;36m[Knote: [m[Kcandidate: â€˜[01m[Ktemplate<class T> BT::NodeBuilder BT::CreateBuilder(typename std::enable_if<(std::is_constructible<T, const std::__cxx11::basic_string<char, std::char_traits<char>, std::allocator<char> >&>::value && std::is_constructible<T, const std::__cxx11::basic_string<char, std::char_traits<char>, std::allocator<char> >&, const BT::NodeConfiguration&>::value)>::type*)[m[Kâ€™
[20.514s]    43 | [01;36m[KCreateBuilder[m[K(typename std::enable_if<has_default_constructor<T>::value &&
[20.514s]       | [01;36m[K^~~~~~~~~~~~~[m[K
[20.515s] [01m[K/opt/ros/humble/include/behaviortree_cpp_v3/bt_factory.h:43:1:[m[K [01;36m[Knote: [m[K  template argument deduction/substitution failed:
[20.515s] /opt/ros/humble/include/behaviortree_cpp_v3/bt_factory.h: In substitution of â€˜[01m[Ktemplate<class T> BT::NodeBuilder BT::CreateBuilder(typename std::enable_if<(std::is_constructible<T, const std::__cxx11::basic_string<char, std::char_traits<char>, std::allocator<char> >&>::value && std::is_constructible<T, const std::__cxx11::basic_string<char, std::char_traits<char>, std::allocator<char> >&, const BT::NodeConfiguration&>::value)>::type*) [with T = StopLineBehavior][m[Kâ€™:
[20.515s] [01m[K/opt/ros/humble/include/behaviortree_cpp_v3/bt_factory.h:418:60:[m[K   required from â€˜[01m[Kvoid BT::BehaviorTreeFactory::registerNodeType(const string&) [with T = StopLineBehavior; std::string = std::__cxx11::basic_string<char>][m[Kâ€™
[20.523s] [01m[K/Pav-S_ws/src/navigation2-humble/navigation_manager/src/stop_line_detection.cpp:202:47:[m[K   required from here
[20.524s] [01m[K/opt/ros/humble/include/behaviortree_cpp_v3/bt_factory.h:43:1:[m[K [01;31m[Kerror: [m[Kno type named â€˜[01m[Ktype[m[Kâ€™ in â€˜[01m[Kstruct std::enable_if<false, void>[m[Kâ€™
[20.524s] /opt/ros/humble/include/behaviortree_cpp_v3/bt_factory.h: In instantiation of â€˜[01m[Kvoid BT::BehaviorTreeFactory::registerNodeType(const string&) [with T = StopLineBehavior; std::string = std::__cxx11::basic_string<char>][m[Kâ€™:
[20.524s] [01m[K/Pav-S_ws/src/navigation2-humble/navigation_manager/src/stop_line_detection.cpp:202:47:[m[K   required from here
[20.524s] [01m[K/opt/ros/humble/include/behaviortree_cpp_v3/bt_factory.h:59:1:[m[K [01;36m[Knote: [m[Kcandidate: â€˜[01m[Ktemplate<class T> BT::NodeBuilder BT::CreateBuilder(typename std::enable_if<((! std::is_constructible<T, const std::__cxx11::basic_string<char, std::char_traits<char>, std::allocator<char> >&>::value) && std::is_constructible<T, const std::__cxx11::basic_string<char, std::char_traits<char>, std::allocator<char> >&, const BT::NodeConfiguration&>::value)>::type*)[m[Kâ€™
[20.524s]    59 | [01;36m[KCreateBuilder[m[K(typename std::enable_if<!has_default_constructor<T>::value &&
[20.524s]       | [01;36m[K^~~~~~~~~~~~~[m[K
[20.525s] [01m[K/opt/ros/humble/include/behaviortree_cpp_v3/bt_factory.h:59:1:[m[K [01;36m[Knote: [m[K  template argument deduction/substitution failed:
[20.525s] /opt/ros/humble/include/behaviortree_cpp_v3/bt_factory.h: In substitution of â€˜[01m[Ktemplate<class T> BT::NodeBuilder BT::CreateBuilder(typename std::enable_if<((! std::is_constructible<T, const std::__cxx11::basic_string<char, std::char_traits<char>, std::allocator<char> >&>::value) && std::is_constructible<T, const std::__cxx11::basic_string<char, std::char_traits<char>, std::allocator<char> >&, const BT::NodeConfiguration&>::value)>::type*) [with T = StopLineBehavior][m[Kâ€™:
[20.525s] [01m[K/opt/ros/humble/include/behaviortree_cpp_v3/bt_factory.h:418:60:[m[K   required from â€˜[01m[Kvoid BT::BehaviorTreeFactory::registerNodeType(const string&) [with T = StopLineBehavior; std::string = std::__cxx11::basic_string<char>][m[Kâ€™
[20.525s] [01m[K/Pav-S_ws/src/navigation2-humble/navigation_manager/src/stop_line_detection.cpp:202:47:[m[K   required from here
[20.525s] [01m[K/opt/ros/humble/include/behaviortree_cpp_v3/bt_factory.h:59:1:[m[K [01;31m[Kerror: [m[Kno type named â€˜[01m[Ktype[m[Kâ€™ in â€˜[01m[Kstruct std::enable_if<false, void>[m[Kâ€™
[20.525s] /opt/ros/humble/include/behaviortree_cpp_v3/bt_factory.h: In instantiation of â€˜[01m[Kvoid BT::BehaviorTreeFactory::registerNodeType(const string&) [with T = StopLineBehavior; std::string = std::__cxx11::basic_string<char>][m[Kâ€™:
[20.525s] [01m[K/Pav-S_ws/src/navigation2-humble/navigation_manager/src/stop_line_detection.cpp:202:47:[m[K   required from here
[20.525s] [01m[K/opt/ros/humble/include/behaviortree_cpp_v3/bt_factory.h:69:1:[m[K [01;36m[Knote: [m[Kcandidate: â€˜[01m[Ktemplate<class T> BT::NodeBuilder BT::CreateBuilder(typename std::enable_if<(std::is_constructible<T, const std::__cxx11::basic_string<char, std::char_traits<char>, std::allocator<char> >&>::value && (! std::is_constructible<T, const std::__cxx11::basic_string<char, std::char_traits<char>, std::allocator<char> >&, const BT::NodeConfiguration&>::value))>::type*)[m[Kâ€™
[20.526s]    69 | [01;36m[KCreateBuilder[m[K(typename std::enable_if<has_default_constructor<T>::value &&
[20.526s]       | [01;36m[K^~~~~~~~~~~~~[m[K
[20.526s] [01m[K/opt/ros/humble/include/behaviortree_cpp_v3/bt_factory.h:69:1:[m[K [01;36m[Knote: [m[K  template argument deduction/substitution failed:
[20.526s] /opt/ros/humble/include/behaviortree_cpp_v3/bt_factory.h: In substitution of â€˜[01m[Ktemplate<class T> BT::NodeBuilder BT::CreateBuilder(typename std::enable_if<(std::is_constructible<T, const std::__cxx11::basic_string<char, std::char_traits<char>, std::allocator<char> >&>::value && (! std::is_constructible<T, const std::__cxx11::basic_string<char, std::char_traits<char>, std::allocator<char> >&, const BT::NodeConfiguration&>::value))>::type*) [with T = StopLineBehavior][m[Kâ€™:
[20.526s] [01m[K/opt/ros/humble/include/behaviortree_cpp_v3/bt_factory.h:418:60:[m[K   required from â€˜[01m[Kvoid BT::BehaviorTreeFactory::registerNodeType(const string&) [with T = StopLineBehavior; std::string = std::__cxx11::basic_string<char>][m[Kâ€™
[20.526s] [01m[K/Pav-S_ws/src/navigation2-humble/navigation_manager/src/stop_line_detection.cpp:202:47:[m[K   required from here
[20.526s] [01m[K/opt/ros/humble/include/behaviortree_cpp_v3/bt_factory.h:69:1:[m[K [01;31m[Kerror: [m[Kno type named â€˜[01m[Ktype[m[Kâ€™ in â€˜[01m[Kstruct std::enable_if<false, void>[m[Kâ€™
[22.248s] [01m[K/Pav-S_ws/src/navigation2-humble/navigation_manager/src/cruise_perception_navigator.cpp:255:17:[m[K [01;31m[Kerror: [m[KISO C++ forbids declaration of â€˜[01m[KhandleTrafficLight[m[Kâ€™ with no type [[01;31m[K]8;;https://gcc.gnu.org/onlinedocs/gcc/Warning-Options.html#index-fpermissive-fpermissive]8;;[m[K]
[22.248s]   255 |                 [01;31m[KhandleTrafficLight[m[K(const std_msgs::msg::String::SharedPtr msg)
[22.248s]       |                 [01;31m[K^~~~~~~~~~~~~~~~~~[m[K
[22.508s] [01m[K/Pav-S_ws/src/navigation2-humble/navigation_manager/src/cruise_perception_navigator.cpp:[m[K In constructor â€˜[01m[KCruisePerceptionNavigator::CruisePerceptionNavigator()[m[Kâ€™:
[22.508s] [01m[K/Pav-S_ws/src/navigation2-humble/navigation_manager/src/cruise_perception_navigator.cpp:25:11:[m[K [01;31m[Kerror: [m[Kclass â€˜[01m[KCruisePerceptionNavigator[m[Kâ€™ does not have any field named â€˜[01m[KNode[m[Kâ€™
[22.508s]    25 |           [01;31m[KNode[m[K("cruise_perception_navigator")
[22.508s]       |           [01;31m[K^~~~[m[K
[22.509s] [01m[K/Pav-S_ws/src/navigation2-humble/navigation_manager/src/cruise_perception_navigator.cpp:25:45:[m[K [01;31m[Kerror: [m[Kno matching function for call to â€˜[01m[Knav2_behavior_tree::BtActionServer<nav2_msgs::action::NavigateToPose>::BtActionServer(const char [28], std::string, std::_Bind_helper<false, void (CruisePerceptionNavigator::*)(), CruisePerceptionNavigator*>::type)[m[Kâ€™
[22.509s]    25 |           Node("cruise_perception_navigator"[01;31m[K)[m[K
[22.509s]       |                                             [01;31m[K^[m[K
[22.510s] In file included from [01m[K/Pav-S_ws/install/nav2_behavior_tree/include/nav2_behavior_tree/bt_action_server.hpp:250[m[K,
[22.510s]                  from [01m[K/Pav-S_ws/src/navigation2-humble/navigation_manager/src/cruise_perception_navigator.cpp:13[m[K:
[22.510s] [01m[K/Pav-S_ws/install/nav2_behavior_tree/include/nav2_behavior_tree/bt_action_server_impl.hpp:34:1:[m[K [01;36m[Knote: [m[Kcandidate: â€˜[01m[Knav2_behavior_tree::BtActionServer<ActionT>::BtActionServer(const WeakPtr&, const string&, const std::vector<std::__cxx11::basic_string<char> >&, const string&, nav2_behavior_tree::BtActionServer<ActionT>::OnGoalReceivedCallback, nav2_behavior_tree::BtActionServer<ActionT>::OnLoopCallback, nav2_behavior_tree::BtActionServer<ActionT>::OnPreemptCallback, nav2_behavior_tree::BtActionServer<ActionT>::OnCompletionCallback) [with ActionT = nav2_msgs::action::NavigateToPose; rclcpp_lifecycle::LifecycleNode::WeakPtr = std::weak_ptr<rclcpp_lifecycle::LifecycleNode>; std::string = std::__cxx11::basic_string<char>; nav2_behavior_tree::BtActionServer<ActionT>::OnGoalReceivedCallback = std::function<bool(std::shared_ptr<const nav2_msgs::action::NavigateToPose_Goal_<std::allocator<void> > >)>; nav2_behavior_tree::BtActionServer<ActionT>::OnLoopCallback = std::function<void()>; nav2_behavior_tree::BtActionServer<ActionT>::OnPreemptCallback = std::function<void(std::shared_ptr<const nav2_msgs::action::NavigateToPose_Goal_<std::allocator<void> > >)>; nav2_behavior_tree::BtActionServer<ActionT>::OnCompletionCallback = std::function<void(std::shared_ptr<nav2_msgs::action::NavigateToPose_Result_<std::allocator<void> > >, nav2_behavior_tree::BtStatus)>][m[Kâ€™
[22.511s]    34 | [01;36m[KBtActionServer<ActionT>[m[K::BtActionServer(
[22.511s]       | [01;36m[K^~~~~~~~~~~~~~~~~~~~~~~[m[K
[22.511s] [01m[K/Pav-S_ws/install/nav2_behavior_tree/include/nav2_behavior_tree/bt_action_server_impl.hpp:34:1:[m[K [01;36m[Knote: [m[K  candidate expects 8 arguments, 3 provided
[22.516s] [01m[K/Pav-S_ws/src/navigation2-humble/navigation_manager/src/cruise_perception_navigator.cpp:28:32:[m[K [01;31m[Kerror: [m[Kâ€˜[01m[Kcreate_subscription[m[Kâ€™ was not declared in this scope
[22.516s]    28 |         obstacle_status_sub_ = [01;31m[Kcreate_subscription[m[K<std_msgs::msg::String>(
[22.516s]       |                                [01;31m[K^~~~~~~~~~~~~~~~~~~[m[K
[22.517s] [01m[K/Pav-S_ws/src/navigation2-humble/navigation_manager/src/cruise_perception_navigator.cpp:28:32:[m[K [01;36m[Knote: [m[Ksuggested alternatives:
[22.517s] In file included from [01m[K/opt/ros/humble/include/rclcpp/rclcpp/node_impl.hpp:43[m[K,
[22.517s]                  from [01m[K/opt/ros/humble/include/rclcpp/rclcpp/node.hpp:1321[m[K,
[22.517s]                  from [01m[K/opt/ros/humble/include/rclcpp/rclcpp/executors/single_threaded_executor.hpp:28[m[K,
[22.517s]                  from [01m[K/opt/ros/humble/include/rclcpp/rclcpp/executors.hpp:22[m[K,
[22.517s]                  from [01m[K/opt/ros/humble/include/rclcpp/rclcpp/rclcpp.hpp:155[m[K,
[22.517s]                  from [01m[K/Pav-S_ws/src/navigation2-humble/navigation_manager/src/cruise_perception_navigator.cpp:6[m[K:
[22.518s] [01m[K/opt/ros/humble/include/rclcpp/rclcpp/create_subscription.hpp:206:1:[m[K [01;36m[Knote: [m[K  â€˜[01m[Krclcpp::create_subscription[m[Kâ€™
[22.518s]   206 | [01;36m[Kcreate_subscription[m[K(
[22.518s]       | [01;36m[K^~~~~~~~~~~~~~~~~~~[m[K
[22.518s] [01m[K/opt/ros/humble/include/rclcpp/rclcpp/create_subscription.hpp:56:1:[m[K [01;36m[Knote: [m[K  â€˜[01m[Krclcpp::detail::create_subscription[m[Kâ€™
[22.518s]    56 | [01;36m[Kcreate_subscription[m[K(
[22.518s]       | [01;36m[K^~~~~~~~~~~~~~~~~~~[m[K
[22.518s] [01m[K/Pav-S_ws/src/navigation2-humble/navigation_manager/src/cruise_perception_navigator.cpp:28:73:[m[K [01;31m[Kerror: [m[Kexpected primary-expression before â€˜[01m[K>[m[Kâ€™ token
[22.518s]    28 |         obstacle_status_sub_ = create_subscription<std_msgs::msg::String[01;31m[K>[m[K(
[22.518s]       |                                                                         [01;31m[K^[m[K
[22.519s] [01m[K/Pav-S_ws/src/navigation2-humble/navigation_manager/src/cruise_perception_navigator.cpp:29:13:[m[K [01;35m[Kwarning: [m[Kleft operand of comma operator has no effect [[01;35m[K]8;;https://gcc.gnu.org/onlinedocs/gcc/Warning-Options.html#index-Wunused-value-Wunused-value]8;;[m[K]
[22.519s]    29 |             [01;35m[K"/perception/obstacle_status"[m[K, 10,
[22.519s]       |             [01;35m[K^~~~~~~~~~~~~~~~~~~~~~~~~~~~~[m[K
[22.525s] [01m[K/Pav-S_ws/src/navigation2-humble/navigation_manager/src/cruise_perception_navigator.cpp:32:13:[m[K [01;35m[Kwarning: [m[Kright operand of comma operator has no effect [[01;35m[K]8;;https://gcc.gnu.org/onlinedocs/gcc/Warning-Options.html#index-Wunused-value-Wunused-value]8;;[m[K]
[22.525s]    32 |             [01;35m[K}[m[K);
[22.526s]       |             [01;35m[K^[m[K
[22.526s] [01m[K/Pav-S_ws/src/navigation2-humble/navigation_manager/src/cruise_perception_navigator.cpp:34:72:[m[K [01;31m[Kerror: [m[Kexpected primary-expression before â€˜[01m[K>[m[Kâ€™ token
[22.526s]    34 |         lane_situation_sub_ = create_subscription<std_msgs::msg::String[01;31m[K>[m[K(
[22.526s]       |                                                                        [01;31m[K^[m[K
[22.526s] [01m[K/Pav-S_ws/src/navigation2-humble/navigation_manager/src/cruise_perception_navigator.cpp:35:13:[m[K [01;35m[Kwarning: [m[Kleft operand of comma operator has no effect [[01;35m[K]8;;https://gcc.gnu.org/onlinedocs/gcc/Warning-Options.html#index-Wunused-value-Wunused-value]8;;[m[K]
[22.526s]    35 |             [01;35m[K"/perception/lane_situation"[m[K, 10,
[22.526s]       |             [01;35m[K^~~~~~~~~~~~~~~~~~~~~~~~~~~~[m[K
[22.527s] [01m[K/Pav-S_ws/src/navigation2-humble/navigation_manager/src/cruise_perception_navigator.cpp:38:13:[m[K [01;35m[Kwarning: [m[Kright operand of comma operator has no effect [[01;35m[K]8;;https://gcc.gnu.org/onlinedocs/gcc/Warning-Options.html#index-Wunused-value-Wunused-value]8;;[m[K]
[22.536s]    38 |             [01;35m[K}[m[K);
[22.536s]       |             [01;35m[K^[m[K
[22.536s] [01m[K/Pav-S_ws/src/navigation2-humble/navigation_manager/src/cruise_perception_navigator.cpp:40:71:[m[K [01;31m[Kerror: [m[Kexpected primary-expression before â€˜[01m[K>[m[Kâ€™ token
[22.536s]    40 |         traffic_light_sub_ = create_subscription<std_msgs::msg::String[01;31m[K>[m[K(
[22.537s]       |                                                                       [01;31m[K^[m[K
[22.537s] [01m[K/Pav-S_ws/src/navigation2-humble/navigation_manager/src/cruise_perception_navigator.cpp:41:13:[m[K [01;35m[Kwarning: [m[Kleft operand of comma operator has no effect [[01;35m[K]8;;https://gcc.gnu.org/onlinedocs/gcc/Warning-Options.html#index-Wunused-value-Wunused-value]8;;[m[K]
[22.537s]    41 |             [01;35m[K"/perception/traffic_light"[m[K, 10,
[22.537s]       |             [01;35m[K^~~~~~~~~~~~~~~~~~~~~~~~~~~[m[K
[22.537s] [01m[K/Pav-S_ws/src/navigation2-humble/navigation_manager/src/cruise_perception_navigator.cpp:44:13:[m[K [01;35m[Kwarning: [m[Kright operand of comma operator has no effect [[01;35m[K]8;;https://gcc.gnu.org/onlinedocs/gcc/Warning-Options.html#index-Wunused-value-Wunused-value]8;;[m[K]
[22.537s]    44 |             [01;35m[K}[m[K);
[22.537s]       |             [01;35m[K^[m[K
[22.540s] [01m[K/Pav-S_ws/src/navigation2-humble/navigation_manager/src/cruise_perception_navigator.cpp:47:38:[m[K [01;31m[Kerror: [m[Kâ€˜[01m[Kcreate_publisher[m[Kâ€™ was not declared in this scope
[22.540s]    47 |         navigation_adjustment_pub_ = [01;31m[Kcreate_publisher[m[K<geometry_msgs::msg::Twist>(
[22.540s]       |                                      [01;31m[K^~~~~~~~~~~~~~~~[m[K
[22.540s] [01m[K/Pav-S_ws/src/navigation2-humble/navigation_manager/src/cruise_perception_navigator.cpp:47:38:[m[K [01;36m[Knote: [m[Ksuggested alternatives:
[22.540s] In file included from [01m[K/opt/ros/humble/include/rclcpp/rclcpp/node_impl.hpp:41[m[K,
[22.540s]                  from [01m[K/opt/ros/humble/include/rclcpp/rclcpp/node.hpp:1321[m[K,
[22.541s]                  from [01m[K/opt/ros/humble/include/rclcpp/rclcpp/executors/single_threaded_executor.hpp:28[m[K,
[22.541s]                  from [01m[K/opt/ros/humble/include/rclcpp/rclcpp/executors.hpp:22[m[K,
[22.541s]                  from [01m[K/opt/ros/humble/include/rclcpp/rclcpp/rclcpp.hpp:155[m[K,
[22.541s]                  from [01m[K/Pav-S_ws/src/navigation2-humble/navigation_manager/src/cruise_perception_navigator.cpp:6[m[K:
[22.541s] [01m[K/opt/ros/humble/include/rclcpp/rclcpp/create_publisher.hpp:113:1:[m[K [01;36m[Knote: [m[K  â€˜[01m[Krclcpp::create_publisher[m[Kâ€™
[22.541s]   113 | [01;36m[Kcreate_publisher[m[K(
[22.541s]       | [01;36m[K^~~~~~~~~~~~~~~~[m[K
[22.541s] [01m[K/opt/ros/humble/include/rclcpp/rclcpp/create_publisher.hpp:46:1:[m[K [01;36m[Knote: [m[K  â€˜[01m[Krclcpp::detail::create_publisher[m[Kâ€™
[22.542s]    46 | [01;36m[Kcreate_publisher[m[K(
[22.542s]       | [01;36m[K^~~~~~~~~~~~~~~~[m[K
[22.542s] [01m[K/Pav-S_ws/src/navigation2-humble/navigation_manager/src/cruise_perception_navigator.cpp:47:80:[m[K [01;31m[Kerror: [m[Kexpected primary-expression before â€˜[01m[K>[m[Kâ€™ token
[22.542s]    47 |         navigation_adjustment_pub_ = create_publisher<geometry_msgs::msg::Twist[01;31m[K>[m[K(
[22.542s]       |                                                                                [01;31m[K^[m[K
[22.600s] [01m[K/Pav-S_ws/src/navigation2-humble/navigation_manager/src/cruise_perception_navigator.cpp:51:9:[m[K [01;31m[Kerror: [m[Kâ€˜[01m[Kdeclare_parameter[m[Kâ€™ was not declared in this scope
[22.600s]    51 |         [01;31m[Kdeclare_parameter[m[K("perception_timeout", 0.5);
[22.600s]       |         [01;31m[K^~~~~~~~~~~~~~~~~[m[K
[22.658s] [01m[K/Pav-S_ws/src/navigation2-humble/navigation_manager/src/cruise_perception_navigator.cpp:55:9:[m[K [01;31m[Kerror: [m[Kâ€˜[01m[Kget_parameter[m[Kâ€™ was not declared in this scope
[22.658s]    55 |         [01;31m[Kget_parameter[m[K("perception_timeout", perception_timeout_);
[22.658s]       |         [01;31m[K^~~~~~~~~~~~~[m[K
[22.658s] [01m[K/Pav-S_ws/src/navigation2-humble/navigation_manager/src/cruise_perception_navigator.cpp:63:39:[m[K [01;31m[Kerror: [m[Kâ€˜[01m[Kclass CruisePerceptionNavigator[m[Kâ€™ has no member named â€˜[01m[Know[m[Kâ€™
[22.658s]    63 |         last_perception_time_ = this->[01;31m[Know[m[K();
[22.658s]       |                                       [01;31m[K^~~[m[K
[22.672s] [01m[K/Pav-S_ws/src/navigation2-humble/navigation_manager/src/cruise_perception_navigator.cpp:66:37:[m[K [01;31m[Kerror: [m[Kâ€˜[01m[Kcreate_wall_timer[m[Kâ€™ was not declared in this scope; did you mean â€˜[01m[Krclcpp::create_wall_timer[m[Kâ€™?
[22.672s]    66 |         perception_monitor_timer_ = [01;31m[Kcreate_wall_timer[m[K(
[22.672s]       |                                     [01;31m[K^~~~~~~~~~~~~~~~~[m[K
[22.672s]       |                                     [32m[Krclcpp::create_wall_timer[m[K
[22.673s] In file included from [01m[K/opt/ros/humble/include/rclcpp/rclcpp/create_subscription.hpp:33[m[K,
[22.673s]                  from [01m[K/opt/ros/humble/include/rclcpp/rclcpp/node_impl.hpp:43[m[K,
[22.673s]                  from [01m[K/opt/ros/humble/include/rclcpp/rclcpp/node.hpp:1321[m[K,
[22.673s]                  from [01m[K/opt/ros/humble/include/rclcpp/rclcpp/executors/single_threaded_executor.hpp:28[m[K,
[22.673s]                  from [01m[K/opt/ros/humble/include/rclcpp/rclcpp/executors.hpp:22[m[K,
[22.673s]                  from [01m[K/opt/ros/humble/include/rclcpp/rclcpp/rclcpp.hpp:155[m[K,
[22.673s]                  from [01m[K/Pav-S_ws/src/navigation2-humble/navigation_manager/src/cruise_perception_navigator.cpp:6[m[K:
[22.674s] [01m[K/opt/ros/humble/include/rclcpp/rclcpp/create_timer.hpp:90:1:[m[K [01;36m[Knote: [m[Kâ€˜[01m[Krclcpp::create_wall_timer[m[Kâ€™ declared here
[22.674s]    90 | [01;36m[Kcreate_wall_timer[m[K(
[22.674s]       | [01;36m[K^~~~~~~~~~~~~~~~~[m[K
[22.674s] In file included from [01m[K/opt/ros/humble/include/rclcpp/rclcpp/client.hpp:40[m[K,
[22.674s]                  from [01m[K/opt/ros/humble/include/rclcpp/rclcpp/callback_group.hpp:24[m[K,
[22.675s]                  from [01m[K/opt/ros/humble/include/rclcpp/rclcpp/any_executable.hpp:20[m[K,
[22.675s]                  from [01m[K/opt/ros/humble/include/rclcpp/rclcpp/memory_strategy.hpp:25[m[K,
[22.675s]                  from [01m[K/opt/ros/humble/include/rclcpp/rclcpp/memory_strategies.hpp:18[m[K,
[22.675s]                  from [01m[K/opt/ros/humble/include/rclcpp/rclcpp/executor_options.hpp:20[m[K,
[22.675s]                  from [01m[K/opt/ros/humble/include/rclcpp/rclcpp/executor.hpp:37[m[K,
[22.675s]                  from [01m[K/opt/ros/humble/include/rclcpp/rclcpp/executors/multi_threaded_executor.hpp:25[m[K,
[22.675s]                  from [01m[K/opt/ros/humble/include/rclcpp/rclcpp/executors.hpp:21[m[K,
[22.675s]                  from [01m[K/opt/ros/humble/include/rclcpp/rclcpp/rclcpp.hpp:155[m[K,
[22.676s]                  from [01m[K/Pav-S_ws/src/navigation2-humble/navigation_manager/src/cruise_perception_navigator.cpp:6[m[K:
[22.676s] [01m[K/Pav-S_ws/src/navigation2-humble/navigation_manager/src/cruise_perception_navigator.cpp:70:21:[m[K [01;31m[Kerror: [m[Kâ€˜[01m[Kget_logger[m[Kâ€™ was not declared in this scope; did you mean â€˜[01m[Krclcpp::get_logger[m[Kâ€™?
[22.676s]    70 |         RCLCPP_INFO([01;31m[Kget_logger[m[K(), "å·¡èˆªæ„ŸçŸ¥å¯¼èˆªå™¨åˆå§‹åŒ–å®Œæˆ");
[22.676s]       |                     [01;31m[K^~~~~~~~~~[m[K
[22.676s] In file included from [01m[K/opt/ros/humble/include/rclcpp/rclcpp/logging.hpp:23[m[K,
[22.676s]                  from [01m[K/opt/ros/humble/include/rclcpp/rclcpp/client.hpp:40[m[K,
[22.676s]                  from [01m[K/opt/ros/humble/include/rclcpp/rclcpp/callback_group.hpp:24[m[K,
[22.676s]                  from [01m[K/opt/ros/humble/include/rclcpp/rclcpp/any_executable.hpp:20[m[K,
[22.676s]                  from [01m[K/opt/ros/humble/include/rclcpp/rclcpp/memory_strategy.hpp:25[m[K,
[22.677s]                  from [01m[K/opt/ros/humble/include/rclcpp/rclcpp/memory_strategies.hpp:18[m[K,
[22.677s]                  from [01m[K/opt/ros/humble/include/rclcpp/rclcpp/executor_options.hpp:20[m[K,
[22.677s]                  from [01m[K/opt/ros/humble/include/rclcpp/rclcpp/executor.hpp:37[m[K,
[22.677s]                  from [01m[K/opt/ros/humble/include/rclcpp/rclcpp/executors/multi_threaded_executor.hpp:25[m[K,
[22.677s]                  from [01m[K/opt/ros/humble/include/rclcpp/rclcpp/executors.hpp:21[m[K,
[22.677s]                  from [01m[K/opt/ros/humble/include/rclcpp/rclcpp/rclcpp.hpp:155[m[K,
[22.677s]                  from [01m[K/Pav-S_ws/src/navigation2-humble/navigation_manager/src/cruise_perception_navigator.cpp:6[m[K:
[22.677s] [01m[K/opt/ros/humble/include/rclcpp/rclcpp/logger.hpp:106:17:[m[K [01;36m[Knote: [m[Kâ€˜[01m[Krclcpp::get_logger[m[Kâ€™ declared here
[22.677s]   106 |   friend Logger [01;36m[Krclcpp[m[K::get_logger(const std::string & name);
[22.678s]       |                 [01;36m[K^~~~~~[m[K
[22.678s] In file included from [01m[K/opt/ros/humble/include/rclcpp/rclcpp/client.hpp:40[m[K,
[22.678s]                  from [01m[K/opt/ros/humble/include/rclcpp/rclcpp/callback_group.hpp:24[m[K,
[22.678s]                  from [01m[K/opt/ros/humble/include/rclcpp/rclcpp/any_executable.hpp:20[m[K,
[22.678s]                  from [01m[K/opt/ros/humble/include/rclcpp/rclcpp/memory_strategy.hpp:25[m[K,
[22.678s]                  from [01m[K/opt/ros/humble/include/rclcpp/rclcpp/memory_strategies.hpp:18[m[K,
[22.678s]                  from [01m[K/opt/ros/humble/include/rclcpp/rclcpp/executor_options.hpp:20[m[K,
[22.678s]                  from [01m[K/opt/ros/humble/include/rclcpp/rclcpp/executor.hpp:37[m[K,
[22.678s]                  from [01m[K/opt/ros/humble/include/rclcpp/rclcpp/executors/multi_threaded_executor.hpp:25[m[K,
[22.679s]                  from [01m[K/opt/ros/humble/include/rclcpp/rclcpp/executors.hpp:21[m[K,
[22.679s]                  from [01m[K/opt/ros/humble/include/rclcpp/rclcpp/rclcpp.hpp:155[m[K,
[22.679s]                  from [01m[K/Pav-S_ws/src/navigation2-humble/navigation_manager/src/cruise_perception_navigator.cpp:6[m[K:
[22.679s] [01m[K/Pav-S_ws/src/navigation2-humble/navigation_manager/src/cruise_perception_navigator.cpp:70:9:[m[K [01;31m[Kerror: [m[Ktemplate argument 1 is invalid
[22.679s]    70 |         [01;31m[KRCLCPP_INFO[m[K(get_logger(), "å·¡èˆªæ„ŸçŸ¥å¯¼èˆªå™¨åˆå§‹åŒ–å®Œæˆ");
[22.679s]       |         [01;31m[K^~~~~~~~~~~[m[K
[24.562s] [01m[K/Pav-S_ws/src/navigation2-humble/navigation_manager/src/cruise_perception_navigator.cpp:[m[K In member function â€˜[01m[Kvoid CruisePerceptionNavigator::handleObstacleStatus(std_msgs::msg::String_<std::allocator<void> >::SharedPtr)[m[Kâ€™:
[24.563s] [01m[K/Pav-S_ws/src/navigation2-humble/navigation_manager/src/cruise_perception_navigator.cpp:78:25:[m[K [01;31m[Kerror: [m[Kâ€˜[01m[Kget_logger[m[Kâ€™ was not declared in this scope; did you mean â€˜[01m[Krclcpp::get_logger[m[Kâ€™?
[24.563s]    78 |             RCLCPP_WARN([01;31m[Kget_logger[m[K(), "æ£€æµ‹åˆ°éšœç¢ç‰©ï¼Œå¯åŠ¨è§„é¿æ¨¡å¼");
[24.563s]       |                         [01;31m[K^~~~~~~~~~[m[K
[24.563s] In file included from [01m[K/opt/ros/humble/include/rclcpp/rclcpp/logging.hpp:23[m[K,
[24.563s]                  from [01m[K/opt/ros/humble/include/rclcpp/rclcpp/client.hpp:40[m[K,
[24.564s]                  from [01m[K/opt/ros/humble/include/rclcpp/rclcpp/callback_group.hpp:24[m[K,
[24.564s]                  from [01m[K/opt/ros/humble/include/rclcpp/rclcpp/any_executable.hpp:20[m[K,
[24.564s]                  from [01m[K/opt/ros/humble/include/rclcpp/rclcpp/memory_strategy.hpp:25[m[K,
[24.564s]                  from [01m[K/opt/ros/humble/include/rclcpp/rclcpp/memory_strategies.hpp:18[m[K,
[24.564s]                  from [01m[K/opt/ros/humble/include/rclcpp/rclcpp/executor_options.hpp:20[m[K,
[24.564s]                  from [01m[K/opt/ros/humble/include/rclcpp/rclcpp/executor.hpp:37[m[K,
[24.564s]                  from [01m[K/opt/ros/humble/include/rclcpp/rclcpp/executors/multi_threaded_executor.hpp:25[m[K,
[24.564s]                  from [01m[K/opt/ros/humble/include/rclcpp/rclcpp/executors.hpp:21[m[K,
[24.564s]                  from [01m[K/opt/ros/humble/include/rclcpp/rclcpp/rclcpp.hpp:155[m[K,
[24.565s]                  from [01m[K/Pav-S_ws/src/navigation2-humble/navigation_manager/src/cruise_perception_navigator.cpp:6[m[K:
[24.565s] [01m[K/opt/ros/humble/include/rclcpp/rclcpp/logger.hpp:106:17:[m[K [01;36m[Knote: [m[Kâ€˜[01m[Krclcpp::get_logger[m[Kâ€™ declared here
[24.565s]   106 |   friend Logger [01;36m[Krclcpp[m[K::get_logger(const std::string & name);
[24.565s]       |                 [01;36m[K^~~~~~[m[K
[24.565s] In file included from [01m[K/opt/ros/humble/include/rclcpp/rclcpp/client.hpp:40[m[K,
[24.565s]                  from [01m[K/opt/ros/humble/include/rclcpp/rclcpp/callback_group.hpp:24[m[K,
[24.565s]                  from [01m[K/opt/ros/humble/include/rclcpp/rclcpp/any_executable.hpp:20[m[K,
[24.565s]                  from [01m[K/opt/ros/humble/include/rclcpp/rclcpp/memory_strategy.hpp:25[m[K,
[24.565s]                  from [01m[K/opt/ros/humble/include/rclcpp/rclcpp/memory_strategies.hpp:18[m[K,
[24.566s]                  from [01m[K/opt/ros/humble/include/rclcpp/rclcpp/executor_options.hpp:20[m[K,
[24.566s]                  from [01m[K/opt/ros/humble/include/rclcpp/rclcpp/executor.hpp:37[m[K,
[24.566s]                  from [01m[K/opt/ros/humble/include/rclcpp/rclcpp/executors/multi_threaded_executor.hpp:25[m[K,
[24.566s]                  from [01m[K/opt/ros/humble/include/rclcpp/rclcpp/executors.hpp:21[m[K,
[24.566s]                  from [01m[K/opt/ros/humble/include/rclcpp/rclcpp/rclcpp.hpp:155[m[K,
[24.566s]                  from [01m[K/Pav-S_ws/src/navigation2-humble/navigation_manager/src/cruise_perception_navigator.cpp:6[m[K:
[24.566s] [01m[K/Pav-S_ws/src/navigation2-humble/navigation_manager/src/cruise_perception_navigator.cpp:78:13:[m[K [01;31m[Kerror: [m[Ktemplate argument 1 is invalid
[24.566s]    78 |             [01;31m[KRCLCPP_WARN[m[K(get_logger(), "æ£€æµ‹åˆ°éšœç¢ç‰©ï¼Œå¯åŠ¨è§„é¿æ¨¡å¼");
[24.566s]       |             [01;31m[K^~~~~~~~~~~[m[K
[24.572s] [01m[K/Pav-S_ws/src/navigation2-humble/navigation_manager/src/cruise_perception_navigator.cpp:81:25:[m[K [01;31m[Kerror: [m[Kâ€˜[01m[Kget_logger[m[Kâ€™ was not declared in this scope; did you mean â€˜[01m[Krclcpp::get_logger[m[Kâ€™?
[24.572s]    81 |             RCLCPP_INFO([01;31m[Kget_logger[m[K(), "è·¯å¾„éšœç¢ç‰©å·²æ¸…é™¤");
[24.572s]       |                         [01;31m[K^~~~~~~~~~[m[K
[24.572s] In file included from [01m[K/opt/ros/humble/include/rclcpp/rclcpp/logging.hpp:23[m[K,
[24.572s]                  from [01m[K/opt/ros/humble/include/rclcpp/rclcpp/client.hpp:40[m[K,
[24.572s]                  from [01m[K/opt/ros/humble/include/rclcpp/rclcpp/callback_group.hpp:24[m[K,
[24.573s]                  from [01m[K/opt/ros/humble/include/rclcpp/rclcpp/any_executable.hpp:20[m[K,
[24.573s]                  from [01m[K/opt/ros/humble/include/rclcpp/rclcpp/memory_strategy.hpp:25[m[K,
[24.573s]                  from [01m[K/opt/ros/humble/include/rclcpp/rclcpp/memory_strategies.hpp:18[m[K,
[24.573s]                  from [01m[K/opt/ros/humble/include/rclcpp/rclcpp/executor_options.hpp:20[m[K,
[24.580s]                  from [01m[K/opt/ros/humble/include/rclcpp/rclcpp/executor.hpp:37[m[K,
[24.580s]                  from [01m[K/opt/ros/humble/include/rclcpp/rclcpp/executors/multi_threaded_executor.hpp:25[m[K,
[24.580s]                  from [01m[K/opt/ros/humble/include/rclcpp/rclcpp/executors.hpp:21[m[K,
[24.581s]                  from [01m[K/opt/ros/humble/include/rclcpp/rclcpp/rclcpp.hpp:155[m[K,
[24.581s]                  from [01m[K/Pav-S_ws/src/navigation2-humble/navigation_manager/src/cruise_perception_navigator.cpp:6[m[K:
[24.581s] [01m[K/opt/ros/humble/include/rclcpp/rclcpp/logger.hpp:106:17:[m[K [01;36m[Knote: [m[Kâ€˜[01m[Krclcpp::get_logger[m[Kâ€™ declared here
[24.581s]   106 |   friend Logger [01;36m[Krclcpp[m[K::get_logger(const std::string & name);
[24.581s]       |                 [01;36m[K^~~~~~[m[K
[24.582s] In file included from [01m[K/opt/ros/humble/include/rclcpp/rclcpp/client.hpp:40[m[K,
[24.582s]                  from [01m[K/opt/ros/humble/include/rclcpp/rclcpp/callback_group.hpp:24[m[K,
[24.582s]                  from [01m[K/opt/ros/humble/include/rclcpp/rclcpp/any_executable.hpp:20[m[K,
[24.583s]                  from [01m[K/opt/ros/humble/include/rclcpp/rclcpp/memory_strategy.hpp:25[m[K,
[24.583s]                  from [01m[K/opt/ros/humble/include/rclcpp/rclcpp/memory_strategies.hpp:18[m[K,
[24.583s]                  from [01m[K/opt/ros/humble/include/rclcpp/rclcpp/executor_options.hpp:20[m[K,
[24.583s]                  from [01m[K/opt/ros/humble/include/rclcpp/rclcpp/executor.hpp:37[m[K,
[24.584s]                  from [01m[K/opt/ros/humble/include/rclcpp/rclcpp/executors/multi_threaded_executor.hpp:25[m[K,
[24.584s]                  from [01m[K/opt/ros/humble/include/rclcpp/rclcpp/executors.hpp:21[m[K,
[24.584s]                  from [01m[K/opt/ros/humble/include/rclcpp/rclcpp/rclcpp.hpp:155[m[K,
[24.584s]                  from [01m[K/Pav-S_ws/src/navigation2-humble/navigation_manager/src/cruise_perception_navigator.cpp:6[m[K:
[24.584s] [01m[K/Pav-S_ws/src/navigation2-humble/navigation_manager/src/cruise_perception_navigator.cpp:81:13:[m[K [01;31m[Kerror: [m[Ktemplate argument 1 is invalid
[24.585s]    81 |             [01;31m[KRCLCPP_INFO[m[K(get_logger(), "è·¯å¾„éšœç¢ç‰©å·²æ¸…é™¤");
[24.585s]       |             [01;31m[K^~~~~~~~~~~[m[K
[24.586s] [01m[K/Pav-S_ws/src/navigation2-humble/navigation_manager/src/cruise_perception_navigator.cpp:84:39:[m[K [01;31m[Kerror: [m[Kâ€˜[01m[Kclass CruisePerceptionNavigator[m[Kâ€™ has no member named â€˜[01m[Know[m[Kâ€™
[24.587s]    84 |         last_perception_time_ = this->[01;31m[Know[m[K();
[24.587s]       |                                       [01;31m[K^~~[m[K
[24.592s] In file included from [01m[K/opt/ros/humble/include/rclcpp/rclcpp/client.hpp:40[m[K,
[24.593s]                  from [01m[K/opt/ros/humble/include/rclcpp/rclcpp/callback_group.hpp:24[m[K,
[24.593s]                  from [01m[K/opt/ros/humble/include/rclcpp/rclcpp/any_executable.hpp:20[m[K,
[24.593s]                  from [01m[K/opt/ros/humble/include/rclcpp/rclcpp/memory_strategy.hpp:25[m[K,
[24.593s]                  from [01m[K/opt/ros/humble/include/rclcpp/rclcpp/memory_strategies.hpp:18[m[K,
[24.594s]                  from [01m[K/opt/ros/humble/include/rclcpp/rclcpp/executor_options.hpp:20[m[K,
[24.594s]                  from [01m[K/opt/ros/humble/include/rclcpp/rclcpp/executor.hpp:37[m[K,
[24.594s]                  from [01m[K/opt/ros/humble/include/rclcpp/rclcpp/executors/multi_threaded_executor.hpp:25[m[K,
[24.594s]                  from [01m[K/opt/ros/humble/include/rclcpp/rclcpp/executors.hpp:21[m[K,
[24.594s]                  from [01m[K/opt/ros/humble/include/rclcpp/rclcpp/rclcpp.hpp:155[m[K,
[24.595s]                  from [01m[K/Pav-S_ws/src/navigation2-humble/navigation_manager/src/cruise_perception_navigator.cpp:6[m[K:
[24.595s] [01m[K/Pav-S_ws/src/navigation2-humble/navigation_manager/src/cruise_perception_navigator.cpp:[m[K In member function â€˜[01m[Kvoid CruisePerceptionNavigator::handleLaneSituation(std_msgs::msg::String_<std::allocator<void> >::SharedPtr)[m[Kâ€™:
[24.595s] [01m[K/Pav-S_ws/src/navigation2-humble/navigation_manager/src/cruise_perception_navigator.cpp:91:25:[m[K [01;31m[Kerror: [m[Kâ€˜[01m[Kget_logger[m[Kâ€™ was not declared in this scope; did you mean â€˜[01m[Krclcpp::get_logger[m[Kâ€™?
[24.595s]    91 |             RCLCPP_WARN([01;31m[Kget_logger[m[K(), "å½“å‰è½¦é“è¢«é˜»å¡žï¼Œè€ƒè™‘å˜é“");
[24.596s]       |                         [01;31m[K^~~~~~~~~~[m[K
[24.596s] In file included from [01m[K/opt/ros/humble/include/rclcpp/rclcpp/logging.hpp:23[m[K,
[24.596s]                  from [01m[K/opt/ros/humble/include/rclcpp/rclcpp/client.hpp:40[m[K,
[24.597s]                  from [01m[K/opt/ros/humble/include/rclcpp/rclcpp/callback_group.hpp:24[m[K,
[24.597s]                  from [01m[K/opt/ros/humble/include/rclcpp/rclcpp/any_executable.hpp:20[m[K,
[24.597s]                  from [01m[K/opt/ros/humble/include/rclcpp/rclcpp/memory_strategy.hpp:25[m[K,
[24.597s]                  from [01m[K/opt/ros/humble/include/rclcpp/rclcpp/memory_strategies.hpp:18[m[K,
[24.597s]                  from [01m[K/opt/ros/humble/include/rclcpp/rclcpp/executor_options.hpp:20[m[K,
[24.598s]                  from [01m[K/opt/ros/humble/include/rclcpp/rclcpp/executor.hpp:37[m[K,
[24.598s]                  from [01m[K/opt/ros/humble/include/rclcpp/rclcpp/executors/multi_threaded_executor.hpp:25[m[K,
[24.598s]                  from [01m[K/opt/ros/humble/include/rclcpp/rclcpp/executors.hpp:21[m[K,
[24.598s]                  from [01m[K/opt/ros/humble/include/rclcpp/rclcpp/rclcpp.hpp:155[m[K,
[24.598s]                  from [01m[K/Pav-S_ws/src/navigation2-humble/navigation_manager/src/cruise_perception_navigator.cpp:6[m[K:
[24.599s] [01m[K/opt/ros/humble/include/rclcpp/rclcpp/logger.hpp:106:17:[m[K [01;36m[Knote: [m[Kâ€˜[01m[Krclcpp::get_logger[m[Kâ€™ declared here
[24.599s]   106 |   friend Logger [01;36m[Krclcpp[m[K::get_logger(const std::string & name);
[24.599s]       |                 [01;36m[K^~~~~~[m[K
[24.600s] In file included from [01m[K/opt/ros/humble/include/rclcpp/rclcpp/client.hpp:40[m[K,
[24.600s]                  from [01m[K/opt/ros/humble/include/rclcpp/rclcpp/callback_group.hpp:24[m[K,
[24.600s]                  from [01m[K/opt/ros/humble/include/rclcpp/rclcpp/any_executable.hpp:20[m[K,
[24.603s]                  from [01m[K/opt/ros/humble/include/rclcpp/rclcpp/memory_strategy.hpp:25[m[K,
[24.604s]                  from [01m[K/opt/ros/humble/include/rclcpp/rclcpp/memory_strategies.hpp:18[m[K,
[24.604s]                  from [01m[K/opt/ros/humble/include/rclcpp/rclcpp/executor_options.hpp:20[m[K,
[24.604s]                  from [01m[K/opt/ros/humble/include/rclcpp/rclcpp/executor.hpp:37[m[K,
[24.604s]                  from [01m[K/opt/ros/humble/include/rclcpp/rclcpp/executors/multi_threaded_executor.hpp:25[m[K,
[24.604s]                  from [01m[K/opt/ros/humble/include/rclcpp/rclcpp/executors.hpp:21[m[K,
[24.604s]                  from [01m[K/opt/ros/humble/include/rclcpp/rclcpp/rclcpp.hpp:155[m[K,
[24.604s]                  from [01m[K/Pav-S_ws/src/navigation2-humble/navigation_manager/src/cruise_perception_navigator.cpp:6[m[K:
[24.604s] [01m[K/Pav-S_ws/src/navigation2-humble/navigation_manager/src/cruise_perception_navigator.cpp:91:13:[m[K [01;31m[Kerror: [m[Ktemplate argument 1 is invalid
[24.604s]    91 |             [01;31m[KRCLCPP_WARN[m[K(get_logger(), "å½“å‰è½¦é“è¢«é˜»å¡žï¼Œè€ƒè™‘å˜é“");
[24.605s]       |             [01;31m[K^~~~~~~~~~~[m[K
[24.608s] [01m[K/Pav-S_ws/src/navigation2-humble/navigation_manager/src/cruise_perception_navigator.cpp:94:25:[m[K [01;31m[Kerror: [m[Kâ€˜[01m[Kget_logger[m[Kâ€™ was not declared in this scope; did you mean â€˜[01m[Krclcpp::get_logger[m[Kâ€™?
[24.609s]    94 |             RCLCPP_INFO([01;31m[Kget_logger[m[K(), "è½¦é“ç•…é€š");
[24.609s]       |                         [01;31m[K^~~~~~~~~~[m[K
[24.610s] In file included from [01m[K/opt/ros/humble/include/rclcpp/rclcpp/logging.hpp:23[m[K,
[24.610s]                  from [01m[K/opt/ros/humble/include/rclcpp/rclcpp/client.hpp:40[m[K,
[24.610s]                  from [01m[K/opt/ros/humble/include/rclcpp/rclcpp/callback_group.hpp:24[m[K,
[24.610s]                  from [01m[K/opt/ros/humble/include/rclcpp/rclcpp/any_executable.hpp:20[m[K,
[24.611s]                  from [01m[K/opt/ros/humble/include/rclcpp/rclcpp/memory_strategy.hpp:25[m[K,
[24.611s]                  from [01m[K/opt/ros/humble/include/rclcpp/rclcpp/memory_strategies.hpp:18[m[K,
[24.611s]                  from [01m[K/opt/ros/humble/include/rclcpp/rclcpp/executor_options.hpp:20[m[K,
[24.611s]                  from [01m[K/opt/ros/humble/include/rclcpp/rclcpp/executor.hpp:37[m[K,
[24.612s]                  from [01m[K/opt/ros/humble/include/rclcpp/rclcpp/executors/multi_threaded_executor.hpp:25[m[K,
[24.612s]                  from [01m[K/opt/ros/humble/include/rclcpp/rclcpp/executors.hpp:21[m[K,
[24.612s]                  from [01m[K/opt/ros/humble/include/rclcpp/rclcpp/rclcpp.hpp:155[m[K,
[24.612s]                  from [01m[K/Pav-S_ws/src/navigation2-humble/navigation_manager/src/cruise_perception_navigator.cpp:6[m[K:
[24.612s] [01m[K/opt/ros/humble/include/rclcpp/rclcpp/logger.hpp:106:17:[m[K [01;36m[Knote: [m[Kâ€˜[01m[Krclcpp::get_logger[m[Kâ€™ declared here
[24.613s]   106 |   friend Logger [01;36m[Krclcpp[m[K::get_logger(const std::string & name);
[24.613s]       |                 [01;36m[K^~~~~~[m[K
[24.613s] In file included from [01m[K/opt/ros/humble/include/rclcpp/rclcpp/client.hpp:40[m[K,
[24.616s]                  from [01m[K/opt/ros/humble/include/rclcpp/rclcpp/callback_group.hpp:24[m[K,
[24.616s]                  from [01m[K/opt/ros/humble/include/rclcpp/rclcpp/any_executable.hpp:20[m[K,
[24.616s]                  from [01m[K/opt/ros/humble/include/rclcpp/rclcpp/memory_strategy.hpp:25[m[K,
[24.616s]                  from [01m[K/opt/ros/humble/include/rclcpp/rclcpp/memory_strategies.hpp:18[m[K,
[24.617s]                  from [01m[K/opt/ros/humble/include/rclcpp/rclcpp/executor_options.hpp:20[m[K,
[24.617s]                  from [01m[K/opt/ros/humble/include/rclcpp/rclcpp/executor.hpp:37[m[K,
[24.617s]                  from [01m[K/opt/ros/humble/include/rclcpp/rclcpp/executors/multi_threaded_executor.hpp:25[m[K,
[24.617s]                  from [01m[K/opt/ros/humble/include/rclcpp/rclcpp/executors.hpp:21[m[K,
[24.617s]                  from [01m[K/opt/ros/humble/include/rclcpp/rclcpp/rclcpp.hpp:155[m[K,
[24.617s]                  from [01m[K/Pav-S_ws/src/navigation2-humble/navigation_manager/src/cruise_perception_navigator.cpp:6[m[K:
[24.617s] [01m[K/Pav-S_ws/src/navigation2-humble/navigation_manager/src/cruise_perception_navigator.cpp:94:13:[m[K [01;31m[Kerror: [m[Ktemplate argument 1 is invalid
[24.617s]    94 |             [01;31m[KRCLCPP_INFO[m[K(get_logger(), "è½¦é“ç•…é€š");
[24.617s]       |             [01;31m[K^~~~~~~~~~~[m[K
[24.619s] [01m[K/Pav-S_ws/src/navigation2-humble/navigation_manager/src/cruise_perception_navigator.cpp:97:39:[m[K [01;31m[Kerror: [m[Kâ€˜[01m[Kclass CruisePerceptionNavigator[m[Kâ€™ has no member named â€˜[01m[Know[m[Kâ€™
[24.619s]    97 |         last_perception_time_ = this->[01;31m[Know[m[K();
[24.620s]       |                                       [01;31m[K^~~[m[K
[24.652s] [01m[K/Pav-S_ws/src/navigation2-humble/navigation_manager/src/cruise_perception_navigator.cpp:[m[K In member function â€˜[01m[Kvoid CruisePerceptionNavigator::executeCallback()[m[Kâ€™:
[24.654s] [01m[K/Pav-S_ws/src/navigation2-humble/navigation_manager/src/cruise_perception_navigator.cpp:102:24:[m[K [01;31m[Kerror: [m[Kâ€˜[01m[KgetCurrentRequest[m[Kâ€™ was not declared in this scope
[24.655s]   102 |         auto request = [01;31m[KgetCurrentRequest[m[K();
[24.655s]       |                        [01;31m[K^~~~~~~~~~~~~~~~~[m[K
[24.659s] In file included from [01m[K/opt/ros/humble/include/rclcpp/rclcpp/client.hpp:40[m[K,
[24.660s]                  from [01m[K/opt/ros/humble/include/rclcpp/rclcpp/callback_group.hpp:24[m[K,
[24.660s]                  from [01m[K/opt/ros/humble/include/rclcpp/rclcpp/any_executable.hpp:20[m[K,
[24.660s]                  from [01m[K/opt/ros/humble/include/rclcpp/rclcpp/memory_strategy.hpp:25[m[K,
[24.660s]                  from [01m[K/opt/ros/humble/include/rclcpp/rclcpp/memory_strategies.hpp:18[m[K,
[24.661s]                  from [01m[K/opt/ros/humble/include/rclcpp/rclcpp/executor_options.hpp:20[m[K,
[24.661s]                  from [01m[K/opt/ros/humble/include/rclcpp/rclcpp/executor.hpp:37[m[K,
[24.661s]                  from [01m[K/opt/ros/humble/include/rclcpp/rclcpp/executors/multi_threaded_executor.hpp:25[m[K,
[24.661s]                  from [01m[K/opt/ros/humble/include/rclcpp/rclcpp/executors.hpp:21[m[K,
[24.662s]                  from [01m[K/opt/ros/humble/include/rclcpp/rclcpp/rclcpp.hpp:155[m[K,
[24.662s]                  from [01m[K/Pav-S_ws/src/navigation2-humble/navigation_manager/src/cruise_perception_navigator.cpp:6[m[K:
[24.662s] [01m[K/Pav-S_ws/src/navigation2-humble/navigation_manager/src/cruise_perception_navigator.cpp:104:21:[m[K [01;31m[Kerror: [m[Kâ€˜[01m[Kget_logger[m[Kâ€™ was not declared in this scope; did you mean â€˜[01m[Krclcpp::get_logger[m[Kâ€™?
[24.662s]   104 |         RCLCPP_INFO([01;31m[Kget_logger[m[K(), "å¼€å§‹å·¡èˆªå¯¼èˆªä»»åŠ¡åˆ°ä½ç½®: [%.2f, %.2f]",
[24.662s]       |                     [01;31m[K^~~~~~~~~~[m[K
[24.663s] In file included from [01m[K/opt/ros/humble/include/rclcpp/rclcpp/logging.hpp:23[m[K,
[24.663s]                  from [01m[K/opt/ros/humble/include/rclcpp/rclcpp/client.hpp:40[m[K,
[24.663s]                  from [01m[K/opt/ros/humble/include/rclcpp/rclcpp/callback_group.hpp:24[m[K,
[24.664s]                  from [01m[K/opt/ros/humble/include/rclcpp/rclcpp/any_executable.hpp:20[m[K,
[24.664s]                  from [01m[K/opt/ros/humble/include/rclcpp/rclcpp/memory_strategy.hpp:25[m[K,
[24.664s]                  from [01m[K/opt/ros/humble/include/rclcpp/rclcpp/memory_strategies.hpp:18[m[K,
[24.664s]                  from [01m[K/opt/ros/humble/include/rclcpp/rclcpp/executor_options.hpp:20[m[K,
[24.664s]                  from [01m[K/opt/ros/humble/include/rclcpp/rclcpp/executor.hpp:37[m[K,
[24.665s]                  from [01m[K/opt/ros/humble/include/rclcpp/rclcpp/executors/multi_threaded_executor.hpp:25[m[K,
[24.665s]                  from [01m[K/opt/ros/humble/include/rclcpp/rclcpp/executors.hpp:21[m[K,
[24.665s]                  from [01m[K/opt/ros/humble/include/rclcpp/rclcpp/rclcpp.hpp:155[m[K,
[24.665s]                  from [01m[K/Pav-S_ws/src/navigation2-humble/navigation_manager/src/cruise_perception_navigator.cpp:6[m[K:
[24.665s] [01m[K/opt/ros/humble/include/rclcpp/rclcpp/logger.hpp:106:17:[m[K [01;36m[Knote: [m[Kâ€˜[01m[Krclcpp::get_logger[m[Kâ€™ declared here
[24.666s]   106 |   friend Logger [01;36m[Krclcpp[m[K::get_logger(const std::string & name);
[24.666s]       |                 [01;36m[K^~~~~~[m[K
[24.666s] In file included from [01m[K/opt/ros/humble/include/rclcpp/rclcpp/client.hpp:40[m[K,
[24.667s]                  from [01m[K/opt/ros/humble/include/rclcpp/rclcpp/callback_group.hpp:24[m[K,
[24.667s]                  from [01m[K/opt/ros/humble/include/rclcpp/rclcpp/any_executable.hpp:20[m[K,
[24.667s]                  from [01m[K/opt/ros/humble/include/rclcpp/rclcpp/memory_strategy.hpp:25[m[K,
[24.667s]                  from [01m[K/opt/ros/humble/include/rclcpp/rclcpp/memory_strategies.hpp:18[m[K,
[24.668s]                  from [01m[K/opt/ros/humble/include/rclcpp/rclcpp/executor_options.hpp:20[m[K,
[24.668s]                  from [01m[K/opt/ros/humble/include/rclcpp/rclcpp/executor.hpp:37[m[K,
[24.668s]                  from [01m[K/opt/ros/humble/include/rclcpp/rclcpp/executors/multi_threaded_executor.hpp:25[m[K,
[24.668s]                  from [01m[K/opt/ros/humble/include/rclcpp/rclcpp/executors.hpp:21[m[K,
[24.668s]                  from [01m[K/opt/ros/humble/include/rclcpp/rclcpp/rclcpp.hpp:155[m[K,
[24.669s]                  from [01m[K/Pav-S_ws/src/navigation2-humble/navigation_manager/src/cruise_perception_navigator.cpp:6[m[K:
[24.669s] [01m[K/Pav-S_ws/src/navigation2-humble/navigation_manager/src/cruise_perception_navigator.cpp:104:9:[m[K [01;31m[Kerror: [m[Ktemplate argument 1 is invalid
[24.669s]   104 |         [01;31m[KRCLCPP_INFO[m[K(get_logger(), "å¼€å§‹å·¡èˆªå¯¼èˆªä»»åŠ¡åˆ°ä½ç½®: [%.2f, %.2f]",
[24.669s]       |         [01;31m[K^~~~~~~~~~~[m[K
[24.737s] [01m[K/Pav-S_ws/src/navigation2-humble/navigation_manager/src/cruise_perception_navigator.cpp:113:9:[m[K [01;31m[Kerror: [m[Kâ€˜[01m[KsetAsSucceeded[m[Kâ€™ was not declared in this scope
[24.737s]   113 |         [01;31m[KsetAsSucceeded[m[K(result);
[24.738s]       |         [01;31m[K^~~~~~~~~~~~~~[m[K
[24.816s] [01m[K/Pav-S_ws/src/navigation2-humble/navigation_manager/src/cruise_perception_navigator.cpp:[m[K In member function â€˜[01m[Kvoid CruisePerceptionNavigator::executeCruiseNavigation()[m[Kâ€™:
[24.817s] [01m[K/Pav-S_ws/src/navigation2-humble/navigation_manager/src/cruise_perception_navigator.cpp:118:33:[m[K [01;31m[Kerror: [m[Kâ€˜[01m[KisPreemptRequested[m[Kâ€™ was not declared in this scope
[24.818s]   118 |         while (rclcpp::ok() && ![01;31m[KisPreemptRequested[m[K()) {
[24.818s]       |                                 [01;31m[K^~~~~~~~~~~~~~~~~~[m[K
[24.822s] In file included from [01m[K/opt/ros/humble/include/rclcpp/rclcpp/client.hpp:40[m[K,
[24.829s]                  from [01m[K/opt/ros/humble/include/rclcpp/rclcpp/callback_group.hpp:24[m[K,
[24.829s]                  from [01m[K/opt/ros/humble/include/rclcpp/rclcpp/any_executable.hpp:20[m[K,
[24.829s]                  from [01m[K/opt/ros/humble/include/rclcpp/rclcpp/memory_strategy.hpp:25[m[K,
[24.829s]                  from [01m[K/opt/ros/humble/include/rclcpp/rclcpp/memory_strategies.hpp:18[m[K,
[24.829s]                  from [01m[K/opt/ros/humble/include/rclcpp/rclcpp/executor_options.hpp:20[m[K,
[24.829s]                  from [01m[K/opt/ros/humble/include/rclcpp/rclcpp/executor.hpp:37[m[K,
[24.829s]                  from [01m[K/opt/ros/humble/include/rclcpp/rclcpp/executors/multi_threaded_executor.hpp:25[m[K,
[24.830s]                  from [01m[K/opt/ros/humble/include/rclcpp/rclcpp/executors.hpp:21[m[K,
[24.830s]                  from [01m[K/opt/ros/humble/include/rclcpp/rclcpp/rclcpp.hpp:155[m[K,
[24.830s]                  from [01m[K/Pav-S_ws/src/navigation2-humble/navigation_manager/src/cruise_perception_navigator.cpp:6[m[K:
[24.830s] [01m[K/Pav-S_ws/src/navigation2-humble/navigation_manager/src/cruise_perception_navigator.cpp:127:29:[m[K [01;31m[Kerror: [m[Kâ€˜[01m[Kget_logger[m[Kâ€™ was not declared in this scope; did you mean â€˜[01m[Krclcpp::get_logger[m[Kâ€™?
[24.830s]   127 |                 RCLCPP_INFO([01;31m[Kget_logger[m[K(), "å·¡èˆªå¯¼èˆªç›®æ ‡å·²åˆ°è¾¾");
[24.830s]       |                             [01;31m[K^~~~~~~~~~[m[K
[24.830s] In file included from [01m[K/opt/ros/humble/include/rclcpp/rclcpp/logging.hpp:23[m[K,
[24.830s]                  from [01m[K/opt/ros/humble/include/rclcpp/rclcpp/client.hpp:40[m[K,
[24.831s]                  from [01m[K/opt/ros/humble/include/rclcpp/rclcpp/callback_group.hpp:24[m[K,
[24.831s]                  from [01m[K/opt/ros/humble/include/rclcpp/rclcpp/any_executable.hpp:20[m[K,
[24.831s]                  from [01m[K/opt/ros/humble/include/rclcpp/rclcpp/memory_strategy.hpp:25[m[K,
[24.831s]                  from [01m[K/opt/ros/humble/include/rclcpp/rclcpp/memory_strategies.hpp:18[m[K,
[24.831s]                  from [01m[K/opt/ros/humble/include/rclcpp/rclcpp/executor_options.hpp:20[m[K,
[24.831s]                  from [01m[K/opt/ros/humble/include/rclcpp/rclcpp/executor.hpp:37[m[K,
[24.831s]                  from [01m[K/opt/ros/humble/include/rclcpp/rclcpp/executors/multi_threaded_executor.hpp:25[m[K,
[24.831s]                  from [01m[K/opt/ros/humble/include/rclcpp/rclcpp/executors.hpp:21[m[K,
[24.831s]                  from [01m[K/opt/ros/humble/include/rclcpp/rclcpp/rclcpp.hpp:155[m[K,
[24.832s]                  from [01m[K/Pav-S_ws/src/navigation2-humble/navigation_manager/src/cruise_perception_navigator.cpp:6[m[K:
[24.832s] [01m[K/opt/ros/humble/include/rclcpp/rclcpp/logger.hpp:106:17:[m[K [01;36m[Knote: [m[Kâ€˜[01m[Krclcpp::get_logger[m[Kâ€™ declared here
[24.832s]   106 |   friend Logger [01;36m[Krclcpp[m[K::get_logger(const std::string & name);
[24.832s]       |                 [01;36m[K^~~~~~[m[K
[24.832s] In file included from [01m[K/opt/ros/humble/include/rclcpp/rclcpp/client.hpp:40[m[K,
[24.832s]                  from [01m[K/opt/ros/humble/include/rclcpp/rclcpp/callback_group.hpp:24[m[K,
[24.832s]                  from [01m[K/opt/ros/humble/include/rclcpp/rclcpp/any_executable.hpp:20[m[K,
[24.832s]                  from [01m[K/opt/ros/humble/include/rclcpp/rclcpp/memory_strategy.hpp:25[m[K,
[24.832s]                  from [01m[K/opt/ros/humble/include/rclcpp/rclcpp/memory_strategies.hpp:18[m[K,
[24.833s]                  from [01m[K/opt/ros/humble/include/rclcpp/rclcpp/executor_options.hpp:20[m[K,
[24.833s]                  from [01m[K/opt/ros/humble/include/rclcpp/rclcpp/executor.hpp:37[m[K,
[24.833s]                  from [01m[K/opt/ros/humble/include/rclcpp/rclcpp/executors/multi_threaded_executor.hpp:25[m[K,
[24.833s]                  from [01m[K/opt/ros/humble/include/rclcpp/rclcpp/executors.hpp:21[m[K,
[24.833s]                  from [01m[K/opt/ros/humble/include/rclcpp/rclcpp/rclcpp.hpp:155[m[K,
[24.833s]                  from [01m[K/Pav-S_ws/src/navigation2-humble/navigation_manager/src/cruise_perception_navigator.cpp:6[m[K:
[24.833s] [01m[K/Pav-S_ws/src/navigation2-humble/navigation_manager/src/cruise_perception_navigator.cpp:127:17:[m[K [01;31m[Kerror: [m[Ktemplate argument 1 is invalid
[24.833s]   127 |                 [01;31m[KRCLCPP_INFO[m[K(get_logger(), "å·¡èˆªå¯¼èˆªç›®æ ‡å·²åˆ°è¾¾");
[24.833s]       |                 [01;31m[K^~~~~~~~~~~[m[K
[24.834s] [01m[K/Pav-S_ws/src/navigation2-humble/navigation_manager/src/cruise_perception_navigator.cpp:[m[K In member function â€˜[01m[Kvoid CruisePerceptionNavigator::monitorPerceptionStatus()[m[Kâ€™:
[24.834s] [01m[K/Pav-S_ws/src/navigation2-humble/navigation_manager/src/cruise_perception_navigator.cpp:139:35:[m[K [01;31m[Kerror: [m[Kâ€˜[01m[Kclass CruisePerceptionNavigator[m[Kâ€™ has no member named â€˜[01m[Know[m[Kâ€™
[24.834s]   139 |         auto current_time = this->[01;31m[Know[m[K();
[24.834s]       |                                   [01;31m[K^~~[m[K
[24.838s] In file included from [01m[K/opt/ros/humble/include/rclcpp/rclcpp/client.hpp:40[m[K,
[24.838s]                  from [01m[K/opt/ros/humble/include/rclcpp/rclcpp/callback_group.hpp:24[m[K,
[24.838s]                  from [01m[K/opt/ros/humble/include/rclcpp/rclcpp/any_executable.hpp:20[m[K,
[24.838s]                  from [01m[K/opt/ros/humble/include/rclcpp/rclcpp/memory_strategy.hpp:25[m[K,
[24.838s]                  from [01m[K/opt/ros/humble/include/rclcpp/rclcpp/memory_strategies.hpp:18[m[K,
[24.839s]                  from [01m[K/opt/ros/humble/include/rclcpp/rclcpp/executor_options.hpp:20[m[K,
[24.839s]                  from [01m[K/opt/ros/humble/include/rclcpp/rclcpp/executor.hpp:37[m[K,
[24.839s]                  from [01m[K/opt/ros/humble/include/rclcpp/rclcpp/executors/multi_threaded_executor.hpp:25[m[K,
[24.839s]                  from [01m[K/opt/ros/humble/include/rclcpp/rclcpp/executors.hpp:21[m[K,
[24.839s]                  from [01m[K/opt/ros/humble/include/rclcpp/rclcpp/rclcpp.hpp:155[m[K,
[24.839s]                  from [01m[K/Pav-S_ws/src/navigation2-humble/navigation_manager/src/cruise_perception_navigator.cpp:6[m[K:
[24.839s] [01m[K/Pav-S_ws/src/navigation2-humble/navigation_manager/src/cruise_perception_navigator.cpp:143:25:[m[K [01;31m[Kerror: [m[Kâ€˜[01m[Kget_logger[m[Kâ€™ was not declared in this scope; did you mean â€˜[01m[Krclcpp::get_logger[m[Kâ€™?
[24.839s]   143 |             RCLCPP_WARN([01;31m[Kget_logger[m[K(), "æ„ŸçŸ¥æ•°æ®è¶…æ—¶ (%.2fç§’)ï¼Œåˆ‡æ¢åˆ°ä¿å®ˆæ¨¡å¼",
[24.840s]       |                         [01;31m[K^~~~~~~~~~[m[K
[24.840s] In file included from [01m[K/opt/ros/humble/include/rclcpp/rclcpp/logging.hpp:23[m[K,
[24.840s]                  from [01m[K/opt/ros/humble/include/rclcpp/rclcpp/client.hpp:40[m[K,
[24.840s]                  from [01m[K/opt/ros/humble/include/rclcpp/rclcpp/callback_group.hpp:24[m[K,
[24.840s]                  from [01m[K/opt/ros/humble/include/rclcpp/rclcpp/any_executable.hpp:20[m[K,
[24.840s]                  from [01m[K/opt/ros/humble/include/rclcpp/rclcpp/memory_strategy.hpp:25[m[K,
[24.841s]                  from [01m[K/opt/ros/humble/include/rclcpp/rclcpp/memory_strategies.hpp:18[m[K,
[24.841s]                  from [01m[K/opt/ros/humble/include/rclcpp/rclcpp/executor_options.hpp:20[m[K,
[24.841s]                  from [01m[K/opt/ros/humble/include/rclcpp/rclcpp/executor.hpp:37[m[K,
[24.841s]                  from [01m[K/opt/ros/humble/include/rclcpp/rclcpp/executors/multi_threaded_executor.hpp:25[m[K,
[24.841s]                  from [01m[K/opt/ros/humble/include/rclcpp/rclcpp/executors.hpp:21[m[K,
[24.841s]                  from [01m[K/opt/ros/humble/include/rclcpp/rclcpp/rclcpp.hpp:155[m[K,
[24.841s]                  from [01m[K/Pav-S_ws/src/navigation2-humble/navigation_manager/src/cruise_perception_navigator.cpp:6[m[K:
[24.841s] [01m[K/opt/ros/humble/include/rclcpp/rclcpp/logger.hpp:106:17:[m[K [01;36m[Knote: [m[Kâ€˜[01m[Krclcpp::get_logger[m[Kâ€™ declared here
[24.841s]   106 |   friend Logger [01;36m[Krclcpp[m[K::get_logger(const std::string & name);
[24.842s]       |                 [01;36m[K^~~~~~[m[K
[24.842s] In file included from [01m[K/opt/ros/humble/include/rclcpp/rclcpp/client.hpp:40[m[K,
[24.842s]                  from [01m[K/opt/ros/humble/include/rclcpp/rclcpp/callback_group.hpp:24[m[K,
[24.842s]                  from [01m[K/opt/ros/humble/include/rclcpp/rclcpp/any_executable.hpp:20[m[K,
[24.842s]                  from [01m[K/opt/ros/humble/include/rclcpp/rclcpp/memory_strategy.hpp:25[m[K,
[24.842s]                  from [01m[K/opt/ros/humble/include/rclcpp/rclcpp/memory_strategies.hpp:18[m[K,
[24.842s]                  from [01m[K/opt/ros/humble/include/rclcpp/rclcpp/executor_options.hpp:20[m[K,
[24.843s]                  from [01m[K/opt/ros/humble/include/rclcpp/rclcpp/executor.hpp:37[m[K,
[24.843s]                  from [01m[K/opt/ros/humble/include/rclcpp/rclcpp/executors/multi_threaded_executor.hpp:25[m[K,
[24.843s]                  from [01m[K/opt/ros/humble/include/rclcpp/rclcpp/executors.hpp:21[m[K,
[24.843s]                  from [01m[K/opt/ros/humble/include/rclcpp/rclcpp/rclcpp.hpp:155[m[K,
[24.843s]                  from [01m[K/Pav-S_ws/src/navigation2-humble/navigation_manager/src/cruise_perception_navigator.cpp:6[m[K:
[24.843s] [01m[K/Pav-S_ws/src/navigation2-humble/navigation_manager/src/cruise_perception_navigator.cpp:143:13:[m[K [01;31m[Kerror: [m[Ktemplate argument 1 is invalid
[24.843s]   143 |             [01;31m[KRCLCPP_WARN[m[K(get_logger(), "æ„ŸçŸ¥æ•°æ®è¶…æ—¶ (%.2fç§’)ï¼Œåˆ‡æ¢åˆ°ä¿å®ˆæ¨¡å¼",
[24.843s]       |             [01;31m[K^~~~~~~~~~~[m[K
[24.844s] [01m[K/Pav-S_ws/src/navigation2-humble/navigation_manager/src/cruise_perception_navigator.cpp:[m[K In member function â€˜[01m[Kvoid CruisePerceptionNavigator::adjustNavigationStrategy()[m[Kâ€™:
[24.844s] [01m[K/Pav-S_ws/src/navigation2-humble/navigation_manager/src/cruise_perception_navigator.cpp:157:26:[m[K [01;31m[Kerror: [m[Kâ€˜[01m[Kget_logger[m[Kâ€™ was not declared in this scope; did you mean â€˜[01m[Krclcpp::get_logger[m[Kâ€™?
[24.844s]   157 |             RCLCPP_DEBUG([01;31m[Kget_logger[m[K(), "æ‰§è¡Œéšœç¢ç‰©è§„é¿");
[24.844s]       |                          [01;31m[K^~~~~~~~~~[m[K
[24.844s] In file included from [01m[K/opt/ros/humble/include/rclcpp/rclcpp/logging.hpp:23[m[K,
[24.844s]                  from [01m[K/opt/ros/humble/include/rclcpp/rclcpp/client.hpp:40[m[K,
[24.844s]                  from [01m[K/opt/ros/humble/include/rclcpp/rclcpp/callback_group.hpp:24[m[K,
[24.844s]                  from [01m[K/opt/ros/humble/include/rclcpp/rclcpp/any_executable.hpp:20[m[K,
[24.844s]                  from [01m[K/opt/ros/humble/include/rclcpp/rclcpp/memory_strategy.hpp:25[m[K,
[24.845s]                  from [01m[K/opt/ros/humble/include/rclcpp/rclcpp/memory_strategies.hpp:18[m[K,
[24.845s]                  from [01m[K/opt/ros/humble/include/rclcpp/rclcpp/executor_options.hpp:20[m[K,
[24.845s]                  from [01m[K/opt/ros/humble/include/rclcpp/rclcpp/executor.hpp:37[m[K,
[24.845s]                  from [01m[K/opt/ros/humble/include/rclcpp/rclcpp/executors/multi_threaded_executor.hpp:25[m[K,
[24.845s]                  from [01m[K/opt/ros/humble/include/rclcpp/rclcpp/executors.hpp:21[m[K,
[24.845s]                  from [01m[K/opt/ros/humble/include/rclcpp/rclcpp/rclcpp.hpp:155[m[K,
[24.845s]                  from [01m[K/Pav-S_ws/src/navigation2-humble/navigation_manager/src/cruise_perception_navigator.cpp:6[m[K:
[24.845s] [01m[K/opt/ros/humble/include/rclcpp/rclcpp/logger.hpp:106:17:[m[K [01;36m[Knote: [m[Kâ€˜[01m[Krclcpp::get_logger[m[Kâ€™ declared here
[24.845s]   106 |   friend Logger [01;36m[Krclcpp[m[K::get_logger(const std::string & name);
[24.846s]       |                 [01;36m[K^~~~~~[m[K
[24.846s] In file included from [01m[K/opt/ros/humble/include/rclcpp/rclcpp/client.hpp:40[m[K,
[24.846s]                  from [01m[K/opt/ros/humble/include/rclcpp/rclcpp/callback_group.hpp:24[m[K,
[24.846s]                  from [01m[K/opt/ros/humble/include/rclcpp/rclcpp/any_executable.hpp:20[m[K,
[24.846s]                  from [01m[K/opt/ros/humble/include/rclcpp/rclcpp/memory_strategy.hpp:25[m[K,
[24.846s]                  from [01m[K/opt/ros/humble/include/rclcpp/rclcpp/memory_strategies.hpp:18[m[K,
[24.846s]                  from [01m[K/opt/ros/humble/include/rclcpp/rclcpp/executor_options.hpp:20[m[K,
[24.846s]                  from [01m[K/opt/ros/humble/include/rclcpp/rclcpp/executor.hpp:37[m[K,
[24.846s]                  from [01m[K/opt/ros/humble/include/rclcpp/rclcpp/executors/multi_threaded_executor.hpp:25[m[K,
[24.847s]                  from [01m[K/opt/ros/humble/include/rclcpp/rclcpp/executors.hpp:21[m[K,
[24.847s]                  from [01m[K/opt/ros/humble/include/rclcpp/rclcpp/rclcpp.hpp:155[m[K,
[24.847s]                  from [01m[K/Pav-S_ws/src/navigation2-humble/navigation_manager/src/cruise_perception_navigator.cpp:6[m[K:
[24.847s] [01m[K/Pav-S_ws/src/navigation2-humble/navigation_manager/src/cruise_perception_navigator.cpp:157:13:[m[K [01;31m[Kerror: [m[Ktemplate argument 1 is invalid
[24.847s]   157 |             [01;31m[KRCLCPP_DEBUG[m[K(get_logger(), "æ‰§è¡Œéšœç¢ç‰©è§„é¿");
[24.847s]       |             [01;31m[K^~~~~~~~~~~~[m[K
[24.847s] [01m[K/Pav-S_ws/src/navigation2-humble/navigation_manager/src/cruise_perception_navigator.cpp:162:26:[m[K [01;31m[Kerror: [m[Kâ€˜[01m[Kget_logger[m[Kâ€™ was not declared in this scope; did you mean â€˜[01m[Krclcpp::get_logger[m[Kâ€™?
[24.847s]   162 |             RCLCPP_DEBUG([01;31m[Kget_logger[m[K(), "æ‰§è¡Œå˜é“ç­–ç•¥");
[24.847s]       |                          [01;31m[K^~~~~~~~~~[m[K
[24.848s] In file included from [01m[K/opt/ros/humble/include/rclcpp/rclcpp/logging.hpp:23[m[K,
[24.848s]                  from [01m[K/opt/ros/humble/include/rclcpp/rclcpp/client.hpp:40[m[K,
[24.848s]                  from [01m[K/opt/ros/humble/include/rclcpp/rclcpp/callback_group.hpp:24[m[K,
[24.848s]                  from [01m[K/opt/ros/humble/include/rclcpp/rclcpp/any_executable.hpp:20[m[K,
[24.848s]                  from [01m[K/opt/ros/humble/include/rclcpp/rclcpp/memory_strategy.hpp:25[m[K,
[24.848s]                  from [01m[K/opt/ros/humble/include/rclcpp/rclcpp/memory_strategies.hpp:18[m[K,
[24.848s]                  from [01m[K/opt/ros/humble/include/rclcpp/rclcpp/executor_options.hpp:20[m[K,
[24.848s]                  from [01m[K/opt/ros/humble/include/rclcpp/rclcpp/executor.hpp:37[m[K,
[24.848s]                  from [01m[K/opt/ros/humble/include/rclcpp/rclcpp/executors/multi_threaded_executor.hpp:25[m[K,
[24.849s]                  from [01m[K/opt/ros/humble/include/rclcpp/rclcpp/executors.hpp:21[m[K,
[24.849s]                  from [01m[K/opt/ros/humble/include/rclcpp/rclcpp/rclcpp.hpp:155[m[K,
[24.849s]                  from [01m[K/Pav-S_ws/src/navigation2-humble/navigation_manager/src/cruise_perception_navigator.cpp:6[m[K:
[24.849s] [01m[K/opt/ros/humble/include/rclcpp/rclcpp/logger.hpp:106:17:[m[K [01;36m[Knote: [m[Kâ€˜[01m[Krclcpp::get_logger[m[Kâ€™ declared here
[24.849s]   106 |   friend Logger [01;36m[Krclcpp[m[K::get_logger(const std::string & name);
[24.849s]       |                 [01;36m[K^~~~~~[m[K
[24.849s] In file included from [01m[K/opt/ros/humble/include/rclcpp/rclcpp/client.hpp:40[m[K,
[24.849s]                  from [01m[K/opt/ros/humble/include/rclcpp/rclcpp/callback_group.hpp:24[m[K,
[24.849s]                  from [01m[K/opt/ros/humble/include/rclcpp/rclcpp/any_executable.hpp:20[m[K,
[24.850s]                  from [01m[K/opt/ros/humble/include/rclcpp/rclcpp/memory_strategy.hpp:25[m[K,
[24.850s]                  from [01m[K/opt/ros/humble/include/rclcpp/rclcpp/memory_strategies.hpp:18[m[K,
[24.850s]                  from [01m[K/opt/ros/humble/include/rclcpp/rclcpp/executor_options.hpp:20[m[K,
[24.850s]                  from [01m[K/opt/ros/humble/include/rclcpp/rclcpp/executor.hpp:37[m[K,
[24.850s]                  from [01m[K/opt/ros/humble/include/rclcpp/rclcpp/executors/multi_threaded_executor.hpp:25[m[K,
[24.850s]                  from [01m[K/opt/ros/humble/include/rclcpp/rclcpp/executors.hpp:21[m[K,
[24.850s]                  from [01m[K/opt/ros/humble/include/rclcpp/rclcpp/rclcpp.hpp:155[m[K,
[24.850s]                  from [01m[K/Pav-S_ws/src/navigation2-humble/navigation_manager/src/cruise_perception_navigator.cpp:6[m[K:
[24.850s] [01m[K/Pav-S_ws/src/navigation2-humble/navigation_manager/src/cruise_perception_navigator.cpp:162:13:[m[K [01;31m[Kerror: [m[Ktemplate argument 1 is invalid
[24.850s]   162 |             [01;31m[KRCLCPP_DEBUG[m[K(get_logger(), "æ‰§è¡Œå˜é“ç­–ç•¥");
[24.851s]       |             [01;31m[K^~~~~~~~~~~~[m[K
[24.896s] [01m[K/Pav-S_ws/src/navigation2-humble/navigation_manager/src/cruise_perception_navigator.cpp:167:26:[m[K [01;31m[Kerror: [m[Kâ€˜[01m[Kget_logger[m[Kâ€™ was not declared in this scope; did you mean â€˜[01m[Krclcpp::get_logger[m[Kâ€™?
[24.896s]   167 |             RCLCPP_DEBUG([01;31m[Kget_logger[m[K(), "æ‰§è¡Œçº¢ç¯åœè½¦");
[24.896s]       |                          [01;31m[K^~~~~~~~~~[m[K
[24.896s] In file included from [01m[K/opt/ros/humble/include/rclcpp/rclcpp/logging.hpp:23[m[K,
[24.896s]                  from [01m[K/opt/ros/humble/include/rclcpp/rclcpp/client.hpp:40[m[K,
[24.896s]                  from [01m[K/opt/ros/humble/include/rclcpp/rclcpp/callback_group.hpp:24[m[K,
[24.896s]                  from [01m[K/opt/ros/humble/include/rclcpp/rclcpp/any_executable.hpp:20[m[K,
[24.897s]                  from [01m[K/opt/ros/humble/include/rclcpp/rclcpp/memory_strategy.hpp:25[m[K,
[24.897s]                  from [01m[K/opt/ros/humble/include/rclcpp/rclcpp/memory_strategies.hpp:18[m[K,
[24.897s]                  from [01m[K/opt/ros/humble/include/rclcpp/rclcpp/executor_options.hpp:20[m[K,
[24.897s]                  from [01m[K/opt/ros/humble/include/rclcpp/rclcpp/executor.hpp:37[m[K,
[24.897s]                  from [01m[K/opt/ros/humble/include/rclcpp/rclcpp/executors/multi_threaded_executor.hpp:25[m[K,
[24.897s]                  from [01m[K/opt/ros/humble/include/rclcpp/rclcpp/executors.hpp:21[m[K,
[24.897s]                  from [01m[K/opt/ros/humble/include/rclcpp/rclcpp/rclcpp.hpp:155[m[K,
[24.897s]                  from [01m[K/Pav-S_ws/src/navigation2-humble/navigation_manager/src/cruise_perception_navigator.cpp:6[m[K:
[24.897s] [01m[K/opt/ros/humble/include/rclcpp/rclcpp/logger.hpp:106:17:[m[K [01;36m[Knote: [m[Kâ€˜[01m[Krclcpp::get_logger[m[Kâ€™ declared here
[24.898s]   106 |   friend Logger [01;36m[Krclcpp[m[K::get_logger(const std::string & name);
[24.898s]       |                 [01;36m[K^~~~~~[m[K
[24.898s] In file included from [01m[K/opt/ros/humble/include/rclcpp/rclcpp/client.hpp:40[m[K,
[24.898s]                  from [01m[K/opt/ros/humble/include/rclcpp/rclcpp/callback_group.hpp:24[m[K,
[24.898s]                  from [01m[K/opt/ros/humble/include/rclcpp/rclcpp/any_executable.hpp:20[m[K,
[24.898s]                  from [01m[K/opt/ros/humble/include/rclcpp/rclcpp/memory_strategy.hpp:25[m[K,
[24.898s]                  from [01m[K/opt/ros/humble/include/rclcpp/rclcpp/memory_strategies.hpp:18[m[K,
[24.898s]                  from [01m[K/opt/ros/humble/include/rclcpp/rclcpp/executor_options.hpp:20[m[K,
[24.898s]                  from [01m[K/opt/ros/humble/include/rclcpp/rclcpp/executor.hpp:37[m[K,
[24.899s]                  from [01m[K/opt/ros/humble/include/rclcpp/rclcpp/executors/multi_threaded_executor.hpp:25[m[K,
[24.899s]                  from [01m[K/opt/ros/humble/include/rclcpp/rclcpp/executors.hpp:21[m[K,
[24.899s]                  from [01m[K/opt/ros/humble/include/rclcpp/rclcpp/rclcpp.hpp:155[m[K,
[24.899s]                  from [01m[K/Pav-S_ws/src/navigation2-humble/navigation_manager/src/cruise_perception_navigator.cpp:6[m[K:
[24.899s] [01m[K/Pav-S_ws/src/navigation2-humble/navigation_manager/src/cruise_perception_navigator.cpp:167:13:[m[K [01;31m[Kerror: [m[Ktemplate argument 1 is invalid
[24.899s]   167 |             [01;31m[KRCLCPP_DEBUG[m[K(get_logger(), "æ‰§è¡Œçº¢ç¯åœè½¦");
[24.899s]       |             [01;31m[K^~~~~~~~~~~~[m[K
[24.899s] [01m[K/Pav-S_ws/src/navigation2-humble/navigation_manager/src/cruise_perception_navigator.cpp:172:26:[m[K [01;31m[Kerror: [m[Kâ€˜[01m[Kget_logger[m[Kâ€™ was not declared in this scope; did you mean â€˜[01m[Krclcpp::get_logger[m[Kâ€™?
[24.911s]   172 |             RCLCPP_DEBUG([01;31m[Kget_logger[m[K(), "æ­£å¸¸å·¡èˆªæ¨¡å¼");
[24.912s]       |                          [01;31m[K^~~~~~~~~~[m[K
[24.912s] In file included from [01m[K/opt/ros/humble/include/rclcpp/rclcpp/logging.hpp:23[m[K,
[24.912s]                  from [01m[K/opt/ros/humble/include/rclcpp/rclcpp/client.hpp:40[m[K,
[24.912s]                  from [01m[K/opt/ros/humble/include/rclcpp/rclcpp/callback_group.hpp:24[m[K,
[24.913s]                  from [01m[K/opt/ros/humble/include/rclcpp/rclcpp/any_executable.hpp:20[m[K,
[24.913s]                  from [01m[K/opt/ros/humble/include/rclcpp/rclcpp/memory_strategy.hpp:25[m[K,
[24.913s]                  from [01m[K/opt/ros/humble/include/rclcpp/rclcpp/memory_strategies.hpp:18[m[K,
[24.913s]                  from [01m[K/opt/ros/humble/include/rclcpp/rclcpp/executor_options.hpp:20[m[K,
[24.913s]                  from [01m[K/opt/ros/humble/include/rclcpp/rclcpp/executor.hpp:37[m[K,
[24.913s]                  from [01m[K/opt/ros/humble/include/rclcpp/rclcpp/executors/multi_threaded_executor.hpp:25[m[K,
[24.913s]                  from [01m[K/opt/ros/humble/include/rclcpp/rclcpp/executors.hpp:21[m[K,
[24.914s]                  from [01m[K/opt/ros/humble/include/rclcpp/rclcpp/rclcpp.hpp:155[m[K,
[24.914s]                  from [01m[K/Pav-S_ws/src/navigation2-humble/navigation_manager/src/cruise_perception_navigator.cpp:6[m[K:
[24.914s] [01m[K/opt/ros/humble/include/rclcpp/rclcpp/logger.hpp:106:17:[m[K [01;36m[Knote: [m[Kâ€˜[01m[Krclcpp::get_logger[m[Kâ€™ declared here
[24.914s]   106 |   friend Logger [01;36m[Krclcpp[m[K::get_logger(const std::string & name);
[24.914s]       |                 [01;36m[K^~~~~~[m[K
[24.914s] In file included from [01m[K/opt/ros/humble/include/rclcpp/rclcpp/client.hpp:40[m[K,
[24.915s]                  from [01m[K/opt/ros/humble/include/rclcpp/rclcpp/callback_group.hpp:24[m[K,
[24.915s]                  from [01m[K/opt/ros/humble/include/rclcpp/rclcpp/any_executable.hpp:20[m[K,
[24.915s]                  from [01m[K/opt/ros/humble/include/rclcpp/rclcpp/memory_strategy.hpp:25[m[K,
[24.919s]                  from [01m[K/opt/ros/humble/include/rclcpp/rclcpp/memory_strategies.hpp:18[m[K,
[24.920s]                  from [01m[K/opt/ros/humble/include/rclcpp/rclcpp/executor_options.hpp:20[m[K,
[24.920s]                  from [01m[K/opt/ros/humble/include/rclcpp/rclcpp/executor.hpp:37[m[K,
[24.923s]                  from [01m[K/opt/ros/humble/include/rclcpp/rclcpp/executors/multi_threaded_executor.hpp:25[m[K,
[24.924s]                  from [01m[K/opt/ros/humble/include/rclcpp/rclcpp/executors.hpp:21[m[K,
[24.924s]                  from [01m[K/opt/ros/humble/include/rclcpp/rclcpp/rclcpp.hpp:155[m[K,
[24.924s]                  from [01m[K/Pav-S_ws/src/navigation2-humble/navigation_manager/src/cruise_perception_navigator.cpp:6[m[K:
[24.924s] [01m[K/Pav-S_ws/src/navigation2-humble/navigation_manager/src/cruise_perception_navigator.cpp:172:13:[m[K [01;31m[Kerror: [m[Ktemplate argument 1 is invalid
[24.925s]   172 |             [01;31m[KRCLCPP_DEBUG[m[K(get_logger(), "æ­£å¸¸å·¡èˆªæ¨¡å¼");
[24.925s]       |             [01;31m[K^~~~~~~~~~~~[m[K
[24.925s] [01m[K/Pav-S_ws/src/navigation2-humble/navigation_manager/src/cruise_perception_navigator.cpp:[m[K In member function â€˜[01m[Kvoid CruisePerceptionNavigator::activateConservativeMode()[m[Kâ€™:
[24.925s] [01m[K/Pav-S_ws/src/navigation2-humble/navigation_manager/src/cruise_perception_navigator.cpp:227:21:[m[K [01;31m[Kerror: [m[Kâ€˜[01m[Kget_logger[m[Kâ€™ was not declared in this scope; did you mean â€˜[01m[Krclcpp::get_logger[m[Kâ€™?
[24.925s]   227 |         RCLCPP_WARN([01;31m[Kget_logger[m[K(), "æ¿€æ´»ä¿å®ˆå¯¼èˆªæ¨¡å¼");
[24.925s]       |                     [01;31m[K^~~~~~~~~~[m[K
[24.925s] In file included from [01m[K/opt/ros/humble/include/rclcpp/rclcpp/logging.hpp:23[m[K,
[24.925s]                  from [01m[K/opt/ros/humble/include/rclcpp/rclcpp/client.hpp:40[m[K,
[24.925s]                  from [01m[K/opt/ros/humble/include/rclcpp/rclcpp/callback_group.hpp:24[m[K,
[24.926s]                  from [01m[K/opt/ros/humble/include/rclcpp/rclcpp/any_executable.hpp:20[m[K,
[24.926s]                  from [01m[K/opt/ros/humble/include/rclcpp/rclcpp/memory_strategy.hpp:25[m[K,
[24.926s]                  from [01m[K/opt/ros/humble/include/rclcpp/rclcpp/memory_strategies.hpp:18[m[K,
[24.926s]                  from [01m[K/opt/ros/humble/include/rclcpp/rclcpp/executor_options.hpp:20[m[K,
[24.926s]                  from [01m[K/opt/ros/humble/include/rclcpp/rclcpp/executor.hpp:37[m[K,
[24.932s]                  from [01m[K/opt/ros/humble/include/rclcpp/rclcpp/executors/multi_threaded_executor.hpp:25[m[K,
[24.932s]                  from [01m[K/opt/ros/humble/include/rclcpp/rclcpp/executors.hpp:21[m[K,
[24.932s]                  from [01m[K/opt/ros/humble/include/rclcpp/rclcpp/rclcpp.hpp:155[m[K,
[24.932s]                  from [01m[K/Pav-S_ws/src/navigation2-humble/navigation_manager/src/cruise_perception_navigator.cpp:6[m[K:
[24.933s] [01m[K/opt/ros/humble/include/rclcpp/rclcpp/logger.hpp:106:17:[m[K [01;36m[Knote: [m[Kâ€˜[01m[Krclcpp::get_logger[m[Kâ€™ declared here
[24.933s]   106 |   friend Logger [01;36m[Krclcpp[m[K::get_logger(const std::string & name);
[24.933s]       |                 [01;36m[K^~~~~~[m[K
[24.933s] In file included from [01m[K/opt/ros/humble/include/rclcpp/rclcpp/client.hpp:40[m[K,
[24.933s]                  from [01m[K/opt/ros/humble/include/rclcpp/rclcpp/callback_group.hpp:24[m[K,
[24.933s]                  from [01m[K/opt/ros/humble/include/rclcpp/rclcpp/any_executable.hpp:20[m[K,
[24.933s]                  from [01m[K/opt/ros/humble/include/rclcpp/rclcpp/memory_strategy.hpp:25[m[K,
[24.933s]                  from [01m[K/opt/ros/humble/include/rclcpp/rclcpp/memory_strategies.hpp:18[m[K,
[24.933s]                  from [01m[K/opt/ros/humble/include/rclcpp/rclcpp/executor_options.hpp:20[m[K,
[24.934s]                  from [01m[K/opt/ros/humble/include/rclcpp/rclcpp/executor.hpp:37[m[K,
[24.934s]                  from [01m[K/opt/ros/humble/include/rclcpp/rclcpp/executors/multi_threaded_executor.hpp:25[m[K,
[24.934s]                  from [01m[K/opt/ros/humble/include/rclcpp/rclcpp/executors.hpp:21[m[K,
[24.934s]                  from [01m[K/opt/ros/humble/include/rclcpp/rclcpp/rclcpp.hpp:155[m[K,
[24.934s]                  from [01m[K/Pav-S_ws/src/navigation2-humble/navigation_manager/src/cruise_perception_navigator.cpp:6[m[K:
[24.934s] [01m[K/Pav-S_ws/src/navigation2-humble/navigation_manager/src/cruise_perception_navigator.cpp:227:9:[m[K [01;31m[Kerror: [m[Ktemplate argument 1 is invalid
[24.934s]   227 |         [01;31m[KRCLCPP_WARN[m[K(get_logger(), "æ¿€æ´»ä¿å®ˆå¯¼èˆªæ¨¡å¼");
[24.934s]       |         [01;31m[K^~~~~~~~~~~[m[K
[24.934s] [01m[K/Pav-S_ws/src/navigation2-humble/navigation_manager/src/cruise_perception_navigator.cpp:[m[K In member function â€˜[01m[Kvoid CruisePerceptionNavigator::updatePerceptionStatus()[m[Kâ€™:
[24.935s] [01m[K/Pav-S_ws/src/navigation2-humble/navigation_manager/src/cruise_perception_navigator.cpp:246:26:[m[K [01;31m[Kerror: [m[Kâ€˜[01m[Kclass CruisePerceptionNavigator[m[Kâ€™ has no member named â€˜[01m[Know[m[Kâ€™
[24.935s]   246 |         auto now = this->[01;31m[Know[m[K();
[24.935s]       |                          [01;31m[K^~~[m[K
[24.946s] In file included from [01m[K/opt/ros/humble/include/rclcpp/rclcpp/client.hpp:40[m[K,
[24.946s]                  from [01m[K/opt/ros/humble/include/rclcpp/rclcpp/callback_group.hpp:24[m[K,
[24.946s]                  from [01m[K/opt/ros/humble/include/rclcpp/rclcpp/any_executable.hpp:20[m[K,
[24.946s]                  from [01m[K/opt/ros/humble/include/rclcpp/rclcpp/memory_strategy.hpp:25[m[K,
[24.947s]                  from [01m[K/opt/ros/humble/include/rclcpp/rclcpp/memory_strategies.hpp:18[m[K,
[24.947s]                  from [01m[K/opt/ros/humble/include/rclcpp/rclcpp/executor_options.hpp:20[m[K,
[24.947s]                  from [01m[K/opt/ros/humble/include/rclcpp/rclcpp/executor.hpp:37[m[K,
[24.947s]                  from [01m[K/opt/ros/humble/include/rclcpp/rclcpp/executors/multi_threaded_executor.hpp:25[m[K,
[24.947s]                  from [01m[K/opt/ros/humble/include/rclcpp/rclcpp/executors.hpp:21[m[K,
[24.947s]                  from [01m[K/opt/ros/humble/include/rclcpp/rclcpp/rclcpp.hpp:155[m[K,
[24.947s]                  from [01m[K/Pav-S_ws/src/navigation2-humble/navigation_manager/src/cruise_perception_navigator.cpp:6[m[K:
[24.947s] [01m[K/Pav-S_ws/src/navigation2-humble/navigation_manager/src/cruise_perception_navigator.cpp:248:22:[m[K [01;31m[Kerror: [m[Kâ€˜[01m[Kget_logger[m[Kâ€™ was not declared in this scope; did you mean â€˜[01m[Krclcpp::get_logger[m[Kâ€™?
[24.948s]   248 |         RCLCPP_DEBUG([01;31m[Kget_logger[m[K(),
[24.948s]       |                      [01;31m[K^~~~~~~~~~[m[K
[24.948s] In file included from [01m[K/opt/ros/humble/include/rclcpp/rclcpp/logging.hpp:23[m[K,
[24.948s]                  from [01m[K/opt/ros/humble/include/rclcpp/rclcpp/client.hpp:40[m[K,
[24.948s]                  from [01m[K/opt/ros/humble/include/rclcpp/rclcpp/callback_group.hpp:24[m[K,
[24.948s]                  from [01m[K/opt/ros/humble/include/rclcpp/rclcpp/any_executable.hpp:20[m[K,
[24.948s]                  from [01m[K/opt/ros/humble/include/rclcpp/rclcpp/memory_strategy.hpp:25[m[K,
[24.948s]                  from [01m[K/opt/ros/humble/include/rclcpp/rclcpp/memory_strategies.hpp:18[m[K,
[24.948s]                  from [01m[K/opt/ros/humble/include/rclcpp/rclcpp/executor_options.hpp:20[m[K,
[24.949s]                  from [01m[K/opt/ros/humble/include/rclcpp/rclcpp/executor.hpp:37[m[K,
[24.949s]                  from [01m[K/opt/ros/humble/include/rclcpp/rclcpp/executors/multi_threaded_executor.hpp:25[m[K,
[24.949s]                  from [01m[K/opt/ros/humble/include/rclcpp/rclcpp/executors.hpp:21[m[K,
[24.949s]                  from [01m[K/opt/ros/humble/include/rclcpp/rclcpp/rclcpp.hpp:155[m[K,
[24.949s]                  from [01m[K/Pav-S_ws/src/navigation2-humble/navigation_manager/src/cruise_perception_navigator.cpp:6[m[K:
[24.949s] [01m[K/opt/ros/humble/include/rclcpp/rclcpp/logger.hpp:106:17:[m[K [01;36m[Knote: [m[Kâ€˜[01m[Krclcpp::get_logger[m[Kâ€™ declared here
[24.949s]   106 |   friend Logger [01;36m[Krclcpp[m[K::get_logger(const std::string & name);
[24.949s]       |                 [01;36m[K^~~~~~[m[K
[24.949s] In file included from [01m[K/opt/ros/humble/include/rclcpp/rclcpp/client.hpp:40[m[K,
[24.950s]                  from [01m[K/opt/ros/humble/include/rclcpp/rclcpp/callback_group.hpp:24[m[K,
[24.950s]                  from [01m[K/opt/ros/humble/include/rclcpp/rclcpp/any_executable.hpp:20[m[K,
[24.950s]                  from [01m[K/opt/ros/humble/include/rclcpp/rclcpp/memory_strategy.hpp:25[m[K,
[24.950s]                  from [01m[K/opt/ros/humble/include/rclcpp/rclcpp/memory_strategies.hpp:18[m[K,
[24.950s]                  from [01m[K/opt/ros/humble/include/rclcpp/rclcpp/executor_options.hpp:20[m[K,
[24.950s]                  from [01m[K/opt/ros/humble/include/rclcpp/rclcpp/executor.hpp:37[m[K,
[24.950s]                  from [01m[K/opt/ros/humble/include/rclcpp/rclcpp/executors/multi_threaded_executor.hpp:25[m[K,
[24.950s]                  from [01m[K/opt/ros/humble/include/rclcpp/rclcpp/executors.hpp:21[m[K,
[24.950s]                  from [01m[K/opt/ros/humble/include/rclcpp/rclcpp/rclcpp.hpp:155[m[K,
[24.951s]                  from [01m[K/Pav-S_ws/src/navigation2-humble/navigation_manager/src/cruise_perception_navigator.cpp:6[m[K:
[24.951s] [01m[K/Pav-S_ws/src/navigation2-humble/navigation_manager/src/cruise_perception_navigator.cpp:248:9:[m[K [01;31m[Kerror: [m[Ktemplate argument 1 is invalid
[24.951s]   248 |         [01;31m[KRCLCPP_DEBUG[m[K(get_logger(),
[24.951s]       |         [01;31m[K^~~~~~~~~~~~[m[K
[24.951s] [01m[K/Pav-S_ws/src/navigation2-humble/navigation_manager/src/cruise_perception_navigator.cpp:[m[K In member function â€˜[01m[Kint CruisePerceptionNavigator::handleTrafficLight(std_msgs::msg::String_<std::allocator<void> >::SharedPtr)[m[Kâ€™:
[24.951s] [01m[K/Pav-S_ws/src/navigation2-humble/navigation_manager/src/cruise_perception_navigator.cpp:259:25:[m[K [01;31m[Kerror: [m[Kâ€˜[01m[Kget_logger[m[Kâ€™ was not declared in this scope; did you mean â€˜[01m[Krclcpp::get_logger[m[Kâ€™?
[24.951s]   259 |             RCLCPP_WARN([01;31m[Kget_logger[m[K(), "æ£€æµ‹åˆ°çº¢ç¯");
[24.951s]       |                         [01;31m[K^~~~~~~~~~[m[K
[24.951s] In file included from [01m[K/opt/ros/humble/include/rclcpp/rclcpp/logging.hpp:23[m[K,
[24.952s]                  from [01m[K/opt/ros/humble/include/rclcpp/rclcpp/client.hpp:40[m[K,
[24.952s]                  from [01m[K/opt/ros/humble/include/rclcpp/rclcpp/callback_group.hpp:24[m[K,
[24.952s]                  from [01m[K/opt/ros/humble/include/rclcpp/rclcpp/any_executable.hpp:20[m[K,
[24.952s]                  from [01m[K/opt/ros/humble/include/rclcpp/rclcpp/memory_strategy.hpp:25[m[K,
[24.952s]                  from [01m[K/opt/ros/humble/include/rclcpp/rclcpp/memory_strategies.hpp:18[m[K,
[24.952s]                  from [01m[K/opt/ros/humble/include/rclcpp/rclcpp/executor_options.hpp:20[m[K,
[24.952s]                  from [01m[K/opt/ros/humble/include/rclcpp/rclcpp/executor.hpp:37[m[K,
[24.952s]                  from [01m[K/opt/ros/humble/include/rclcpp/rclcpp/executors/multi_threaded_executor.hpp:25[m[K,
[24.952s]                  from [01m[K/opt/ros/humble/include/rclcpp/rclcpp/executors.hpp:21[m[K,
[24.953s]                  from [01m[K/opt/ros/humble/include/rclcpp/rclcpp/rclcpp.hpp:155[m[K,
[24.953s]                  from [01m[K/Pav-S_ws/src/navigation2-humble/navigation_manager/src/cruise_perception_navigator.cpp:6[m[K:
[24.953s] [01m[K/opt/ros/humble/include/rclcpp/rclcpp/logger.hpp:106:17:[m[K [01;36m[Knote: [m[Kâ€˜[01m[Krclcpp::get_logger[m[Kâ€™ declared here
[24.953s]   106 |   friend Logger [01;36m[Krclcpp[m[K::get_logger(const std::string & name);
[24.953s]       |                 [01;36m[K^~~~~~[m[K
[24.953s] In file included from [01m[K/opt/ros/humble/include/rclcpp/rclcpp/client.hpp:40[m[K,
[24.953s]                  from [01m[K/opt/ros/humble/include/rclcpp/rclcpp/callback_group.hpp:24[m[K,
[24.953s]                  from [01m[K/opt/ros/humble/include/rclcpp/rclcpp/any_executable.hpp:20[m[K,
[24.953s]                  from [01m[K/opt/ros/humble/include/rclcpp/rclcpp/memory_strategy.hpp:25[m[K,
[24.953s]                  from [01m[K/opt/ros/humble/include/rclcpp/rclcpp/memory_strategies.hpp:18[m[K,
[24.954s]                  from [01m[K/opt/ros/humble/include/rclcpp/rclcpp/executor_options.hpp:20[m[K,
[24.954s]                  from [01m[K/opt/ros/humble/include/rclcpp/rclcpp/executor.hpp:37[m[K,
[24.954s]                  from [01m[K/opt/ros/humble/include/rclcpp/rclcpp/executors/multi_threaded_executor.hpp:25[m[K,
[24.954s]                  from [01m[K/opt/ros/humble/include/rclcpp/rclcpp/executors.hpp:21[m[K,
[24.954s]                  from [01m[K/opt/ros/humble/include/rclcpp/rclcpp/rclcpp.hpp:155[m[K,
[24.954s]                  from [01m[K/Pav-S_ws/src/navigation2-humble/navigation_manager/src/cruise_perception_navigator.cpp:6[m[K:
[24.954s] [01m[K/Pav-S_ws/src/navigation2-humble/navigation_manager/src/cruise_perception_navigator.cpp:259:13:[m[K [01;31m[Kerror: [m[Ktemplate argument 1 is invalid
[24.954s]   259 |             [01;31m[KRCLCPP_WARN[m[K(get_logger(), "æ£€æµ‹åˆ°çº¢ç¯");
[24.954s]       |             [01;31m[K^~~~~~~~~~~[m[K
[24.955s] [01m[K/Pav-S_ws/src/navigation2-humble/navigation_manager/src/cruise_perception_navigator.cpp:262:25:[m[K [01;31m[Kerror: [m[Kâ€˜[01m[Kget_logger[m[Kâ€™ was not declared in this scope; did you mean â€˜[01m[Krclcpp::get_logger[m[Kâ€™?
[24.955s]   262 |             RCLCPP_INFO([01;31m[Kget_logger[m[K(), "æ£€æµ‹åˆ°ç»¿ç¯");
[24.955s]       |                         [01;31m[K^~~~~~~~~~[m[K
[24.967s] In file included from [01m[K/opt/ros/humble/include/rclcpp/rclcpp/logging.hpp:23[m[K,
[24.968s]                  from [01m[K/opt/ros/humble/include/rclcpp/rclcpp/client.hpp:40[m[K,
[24.968s]                  from [01m[K/opt/ros/humble/include/rclcpp/rclcpp/callback_group.hpp:24[m[K,
[24.968s]                  from [01m[K/opt/ros/humble/include/rclcpp/rclcpp/any_executable.hpp:20[m[K,
[24.968s]                  from [01m[K/opt/ros/humble/include/rclcpp/rclcpp/memory_strategy.hpp:25[m[K,
[24.968s]                  from [01m[K/opt/ros/humble/include/rclcpp/rclcpp/memory_strategies.hpp:18[m[K,
[24.968s]                  from [01m[K/opt/ros/humble/include/rclcpp/rclcpp/executor_options.hpp:20[m[K,
[24.968s]                  from [01m[K/opt/ros/humble/include/rclcpp/rclcpp/executor.hpp:37[m[K,
[24.968s]                  from [01m[K/opt/ros/humble/include/rclcpp/rclcpp/executors/multi_threaded_executor.hpp:25[m[K,
[24.969s]                  from [01m[K/opt/ros/humble/include/rclcpp/rclcpp/executors.hpp:21[m[K,
[24.969s]                  from [01m[K/opt/ros/humble/include/rclcpp/rclcpp/rclcpp.hpp:155[m[K,
[24.969s]                  from [01m[K/Pav-S_ws/src/navigation2-humble/navigation_manager/src/cruise_perception_navigator.cpp:6[m[K:
[24.969s] [01m[K/opt/ros/humble/include/rclcpp/rclcpp/logger.hpp:106:17:[m[K [01;36m[Knote: [m[Kâ€˜[01m[Krclcpp::get_logger[m[Kâ€™ declared here
[24.969s]   106 |   friend Logger [01;36m[Krclcpp[m[K::get_logger(const std::string & name);
[24.969s]       |                 [01;36m[K^~~~~~[m[K
[24.969s] In file included from [01m[K/opt/ros/humble/include/rclcpp/rclcpp/client.hpp:40[m[K,
[24.969s]                  from [01m[K/opt/ros/humble/include/rclcpp/rclcpp/callback_group.hpp:24[m[K,
[24.969s]                  from [01m[K/opt/ros/humble/include/rclcpp/rclcpp/any_executable.hpp:20[m[K,
[24.970s]                  from [01m[K/opt/ros/humble/include/rclcpp/rclcpp/memory_strategy.hpp:25[m[K,
[24.970s]                  from [01m[K/opt/ros/humble/include/rclcpp/rclcpp/memory_strategies.hpp:18[m[K,
[24.970s]                  from [01m[K/opt/ros/humble/include/rclcpp/rclcpp/executor_options.hpp:20[m[K,
[24.970s]                  from [01m[K/opt/ros/humble/include/rclcpp/rclcpp/executor.hpp:37[m[K,
[24.970s]                  from [01m[K/opt/ros/humble/include/rclcpp/rclcpp/executors/multi_threaded_executor.hpp:25[m[K,
[24.970s]                  from [01m[K/opt/ros/humble/include/rclcpp/rclcpp/executors.hpp:21[m[K,
[24.970s]                  from [01m[K/opt/ros/humble/include/rclcpp/rclcpp/rclcpp.hpp:155[m[K,
[24.970s]                  from [01m[K/Pav-S_ws/src/navigation2-humble/navigation_manager/src/cruise_perception_navigator.cpp:6[m[K:
[24.970s] [01m[K/Pav-S_ws/src/navigation2-humble/navigation_manager/src/cruise_perception_navigator.cpp:262:13:[m[K [01;31m[Kerror: [m[Ktemplate argument 1 is invalid
[24.971s]   262 |             [01;31m[KRCLCPP_INFO[m[K(get_logger(), "æ£€æµ‹åˆ°ç»¿ç¯");
[24.971s]       |             [01;31m[K^~~~~~~~~~~[m[K
[24.971s] [01m[K/Pav-S_ws/src/navigation2-humble/navigation_manager/src/cruise_perception_navigator.cpp:265:39:[m[K [01;31m[Kerror: [m[Kâ€˜[01m[Kclass CruisePerceptionNavigator[m[Kâ€™ has no member named â€˜[01m[Know[m[Kâ€™
[24.971s]   265 |         last_perception_time_ = this->[01;31m[Know[m[K();
[24.971s]       |                                       [01;31m[K^~~[m[K
[24.971s] [01m[K/Pav-S_ws/src/navigation2-humble/navigation_manager/src/cruise_perception_navigator.cpp:266:5:[m[K [01;35m[Kwarning: [m[Kno return statement in function returning non-void [[01;35m[K]8;;https://gcc.gnu.org/onlinedocs/gcc/Warning-Options.html#index-Wreturn-type-Wreturn-type]8;;[m[K]
[24.971s]   266 |     [01;35m[K}[m[K
[24.971s]       |     [01;35m[K^[m[K
[32.499s] gmake[2]: *** [CMakeFiles/cruise_perception_navigator.dir/build.make:76: CMakeFiles/cruise_perception_navigator.dir/src/cruise_perception_navigator.cpp.o] Error 1
[32.499s] gmake[1]: *** [CMakeFiles/Makefile2:195: CMakeFiles/cruise_perception_navigator.dir/all] Error 2
[39.335s] gmake[2]: *** [CMakeFiles/stop_line_detection.dir/build.make:76: CMakeFiles/stop_line_detection.dir/src/stop_line_detection.cpp.o] Error 1
[39.337s] gmake[1]: *** [CMakeFiles/Makefile2:143: CMakeFiles/stop_line_detection.dir/all] Error 2
[40.434s] gmake[2]: *** [CMakeFiles/navigation_behavior_nodes.dir/build.make:76: CMakeFiles/navigation_behavior_nodes.dir/src/navigation_behavior_nodes.cpp.o] Error 1
[40.434s] gmake[1]: *** [CMakeFiles/Makefile2:221: CMakeFiles/navigation_behavior_nodes.dir/all] Error 2
[40.434s] gmake: *** [Makefile:146: all] Error 2
[40.510s] Invoked command in '/Pav-S_ws/build/navigation_manager' returned '2': CMAKE_PREFIX_PATH=/Pav-S_ws/install/nav2_msgs:/Pav-S_ws/install/nav2_common:/Pav-S_ws/install/nav2_behavior_tree:/Pav-S_ws/install/nav2_dwb_controller:/Pav-S_ws/install/nav2_controller:/Pav-S_ws/install/nav2_planner:/Pav-S_ws/install/dwb_plugins:/Pav-S_ws/install/dwb_critics:/Pav-S_ws/install/dwb_core:/Pav-S_ws/install/nav_2d_utils:/Pav-S_ws/install/nav2_core:/Pav-S_ws/install/costmap_queue:/Pav-S_ws/install/nav2_costmap_2d:/Pav-S_ws/install/nav2_map_server:/Pav-S_ws/install/nav2_lifecycle_manager:/ws_livox/install/pointcloud_to_laserscan:/ws_livox/install/livox_ros_driver2:/Pav-S_ws/install/wheeltec_robot_urdf:/Pav-S_ws/install/turn_on_wheeltec_robot:/Pav-S_ws/install/wheeltec_robot_msg:/Pav-S_ws/install/usb_cam:/Pav-S_ws/install/serial:/Pav-S_ws/install/robot_kcf:/Pav-S_ws/install/dwb_msgs:/Pav-S_ws/install/nav_2d_msgs:/Pav-S_ws/install/nav2_voxel_grid:/Pav-S_ws/install/nav2_util:/Pav-S_ws/install/libuvc:/Pav-S_ws/install/fast_lio:/Pav-S_ws/install/astra_camera:/Pav-S_ws/install/astra_camera_msgs:/Pav-S_ws/install/yolo_detector:/Pav-S_ws/install/yolov5_lib:/Pav-S_ws/install/nav2_simple_commander:/opt/ros/humble LD_LIBRARY_PATH=/Pav-S_ws/install/nav2_msgs/lib:/Pav-S_ws/install/nav2_behavior_tree/lib:/Pav-S_ws/install/nav2_controller/lib:/Pav-S_ws/install/nav2_planner/lib:/Pav-S_ws/install/dwb_plugins/lib:/Pav-S_ws/install/dwb_critics/lib:/Pav-S_ws/install/dwb_core/lib:/Pav-S_ws/install/nav_2d_utils/lib:/Pav-S_ws/install/costmap_queue/lib:/Pav-S_ws/install/nav2_costmap_2d/lib:/Pav-S_ws/install/nav2_map_server/lib:/Pav-S_ws/install/nav2_lifecycle_manager/lib:/usr/local/cuda-12.2/lib64:/ws_livox/install/pointcloud_to_laserscan/lib:/ws_livox/install/livox_ros_driver2/lib:/Pav-S_ws/install/turn_on_wheeltec_robot/lib:/Pav-S_ws/install/wheeltec_robot_msg/lib:/Pav-S_ws/install/usb_cam/lib:/Pav-S_ws/install/serial/lib:/Pav-S_ws/install/dwb_msgs/lib:/Pav-S_ws/install/nav_2d_msgs/lib:/Pav-S_ws/install/nav2_voxel_grid/lib:/Pav-S_ws/install/nav2_util/lib:/Pav-S_ws/install/libuvc/lib:/Pav-S_ws/install/fast_lio/lib:/Pav-S_ws/install/astra_camera/lib:/Pav-S_ws/install/astra_camera_msgs/lib:/opt/ros/humble/opt/rviz_ogre_vendor/lib:/opt/ros/humble/lib/aarch64-linux-gnu:/opt/ros/humble/lib:/usr/local/cuda-12.2/lib64 /usr/bin/cmake --build /Pav-S_ws/build/navigation_manager -- -j6 -l6
