[35m[1mConsolidate compiler generated dependencies of target navigation_behavior_nodes[0m
[35m[1mConsolidate compiler generated dependencies of target stop_line_detection[0m
[35m[1mConsolidate compiler generated dependencies of target cruise_perception_navigator[0m
[ 12%] [32mBuilding CXX object CMakeFiles/dynamic_speed_controller.dir/src/dynamic_speed_controller.cpp.o[0m
[ 25%] [32mBuilding CXX object CMakeFiles/stop_line_detection.dir/src/stop_line_detection.cpp.o[0m
[ 37%] [32mBuilding CXX object CMakeFiles/navigation_behavior_nodes.dir/src/navigation_behavior_nodes.cpp.o[0m
[ 50%] [32mBuilding CXX object CMakeFiles/cruise_perception_navigator.dir/src/cruise_perception_navigator.cpp.o[0m
In file included from [01m[K/Pav-S_ws/src/navigation2-humble/navigation_manager/src/cruise_perception_navigator.cpp:11[m[K:
[01m[K/opt/ros/humble/include/tf2_geometry_msgs/tf2_geometry_msgs/tf2_geometry_msgs.h:35:2:[m[K [01;35m[Kwarning: [m[K#warning This header is obsolete, please include tf2_geometry_msgs/tf2_geometry_msgs.hpp instead [[01;35m[K]8;;https://gcc.gnu.org/onlinedocs/gcc/Warning-Options.html#index-Wcpp-Wcpp]8;;[m[K]
   35 | #[01;35m[Kwarning[m[K This header is obsolete, please include tf2_geometry_msgs/tf2_geometry_msgs.hpp instead
      |  [01;35m[K^~~~~~~[m[K
[01m[K/Pav-S_ws/src/navigation2-humble/navigation_manager/src/dynamic_speed_controller.cpp:11:10:[m[K [01;31m[Kfatal error: [m[Knav2_dwb_controller/dwb_controller.hpp: No such file or directory
   11 | #include [01;31m[K<nav2_dwb_controller/dwb_controller.hpp>[m[K
      |          [01;31m[K^~~~~~~~~~~~~~~~~~~~~~~~~~~~~~~~~~~~~~~~[m[K
compilation terminated.
gmake[2]: *** [CMakeFiles/dynamic_speed_controller.dir/build.make:76: CMakeFiles/dynamic_speed_controller.dir/src/dynamic_speed_controller.cpp.o] Error 1
gmake[1]: *** [CMakeFiles/Makefile2:169: CMakeFiles/dynamic_speed_controller.dir/all] Error 2
gmake[1]: *** Waiting for unfinished jobs....
In file included from [01m[K/Pav-S_ws/src/navigation2-humble/navigation_manager/src/stop_line_detection.cpp:14[m[K:
[01m[K/opt/ros/humble/include/tf2_geometry_msgs/tf2_geometry_msgs/tf2_geometry_msgs.h:35:2:[m[K [01;35m[Kwarning: [m[K#warning This header is obsolete, please include tf2_geometry_msgs/tf2_geometry_msgs.hpp instead [[01;35m[K]8;;https://gcc.gnu.org/onlinedocs/gcc/Warning-Options.html#index-Wcpp-Wcpp]8;;[m[K]
   35 | #[01;35m[Kwarning[m[K This header is obsolete, please include tf2_geometry_msgs/tf2_geometry_msgs.hpp instead
      |  [01;35m[K^~~~~~~[m[K
[01m[K/Pav-S_ws/src/navigation2-humble/navigation_manager/src/stop_line_detection.cpp:143:26:[m[K [01;31m[Kerror: [m[Kâ€˜[01m[Knav_msgs[m[Kâ€™ was not declared in this scope; did you mean â€˜[01m[Knav2_msgs[m[Kâ€™?
  143 |     rclcpp::Subscription<[01;31m[Knav_msgs[m[K::msg::Odometry>::SharedPtr odom_sub_;
      |                          [01;31m[K^~~~~~~~[m[K
      |                          [32m[Knav2_msgs[m[K
[01m[K/Pav-S_ws/src/navigation2-humble/navigation_manager/src/stop_line_detection.cpp:143:49:[m[K [01;31m[Kerror: [m[Ktemplate argument 1 is invalid
  143 |     rclcpp::Subscription<nav_msgs::msg::Odometry[01;31m[K>[m[K::SharedPtr odom_sub_;
      |                                                 [01;31m[K^[m[K
[01m[K/Pav-S_ws/src/navigation2-humble/navigation_manager/src/stop_line_detection.cpp:143:49:[m[K [01;31m[Kerror: [m[Ktemplate argument 3 is invalid
[01m[K/Pav-S_ws/src/navigation2-humble/navigation_manager/src/stop_line_detection.cpp:143:49:[m[K [01;31m[Kerror: [m[Ktemplate argument 4 is invalid
[01m[K/Pav-S_ws/src/navigation2-humble/navigation_manager/src/stop_line_detection.cpp:143:49:[m[K [01;31m[Kerror: [m[Ktemplate argument 5 is invalid
[01m[K/Pav-S_ws/src/navigation2-humble/navigation_manager/src/stop_line_detection.cpp:143:52:[m[K [01;31m[Kerror: [m[Kexpected â€˜[01m[K;[m[Kâ€™ at end of member declaration
  143 |     rclcpp::Subscription<nav_msgs::msg::Odometry>::[01;31m[KSharedPtr[m[K odom_sub_;
      |                                                    [01;31m[K^~~~~~~~~[m[K
      |                                                             [32m[K;[m[K
[01m[K/Pav-S_ws/src/navigation2-humble/navigation_manager/src/stop_line_detection.cpp:143:62:[m[K [01;31m[Kerror: [m[Kâ€˜[01m[Kodom_sub_[m[Kâ€™ does not name a type
  143 |     rclcpp::Subscription<nav_msgs::msg::Odometry>::SharedPtr [01;31m[Kodom_sub_[m[K;
      |                                                              [01;31m[K^~~~~~~~~[m[K
[01m[K/Pav-S_ws/src/navigation2-humble/navigation_manager/src/stop_line_detection.cpp:[m[K In constructor â€˜[01m[KStopLineDetection::StopLineDetection()[m[Kâ€™:
[01m[K/Pav-S_ws/src/navigation2-humble/navigation_manager/src/stop_line_detection.cpp:32:9:[m[K [01;31m[Kerror: [m[Kâ€˜[01m[Kodom_sub_[m[Kâ€™ was not declared in this scope
   32 |         [01;31m[Kodom_sub_[m[K = create_subscription<nav_msgs::msg::Odometry>(
      |         [01;31m[K^~~~~~~~~[m[K
[01m[K/Pav-S_ws/src/navigation2-humble/navigation_manager/src/stop_line_detection.cpp:32:41:[m[K [01;31m[Kerror: [m[Kâ€˜[01m[Knav_msgs[m[Kâ€™ was not declared in this scope; did you mean â€˜[01m[Knav2_msgs[m[Kâ€™?
   32 |         odom_sub_ = create_subscription<[01;31m[Knav_msgs[m[K::msg::Odometry>(
      |                                         [01;31m[K^~~~~~~~[m[K
      |                                         [32m[Knav2_msgs[m[K
[01m[K/Pav-S_ws/src/navigation2-humble/navigation_manager/src/stop_line_detection.cpp:32:21:[m[K [01;31m[Kerror: [m[Kparse error in template argument list
   32 |         odom_sub_ = [01;31m[Kcreate_subscription<nav_msgs::msg::Odometry>[m[K(
      |                     [01;31m[K^~~~~~~~~~~~~~~~~~~~~~~~~~~~~~~~~~~~~~~~~~~~[m[K
[01m[K/Pav-S_ws/src/navigation2-humble/navigation_manager/src/stop_line_detection.cpp:34:26:[m[K [01;31m[Kerror: [m[Kâ€˜[01m[Knav_msgs[m[Kâ€™ does not name a type
   34 |             [this](const [01;31m[Knav_msgs[m[K::msg::Odometry::SharedPtr msg) {
      |                          [01;31m[K^~~~~~~~[m[K
[01m[K/Pav-S_ws/src/navigation2-humble/navigation_manager/src/stop_line_detection.cpp:[m[K In lambda function:
[01m[K/Pav-S_ws/src/navigation2-humble/navigation_manager/src/stop_line_detection.cpp:36:15:[m[K [01;31m[Kerror: [m[Kexpected â€˜[01m[K{[m[Kâ€™ before â€˜[01m[K;[m[Kâ€™ token
   36 |             })[01;31m[K;[m[K
      |               [01;31m[K^[m[K
[01m[K/Pav-S_ws/src/navigation2-humble/navigation_manager/src/stop_line_detection.cpp:[m[K In constructor â€˜[01m[KStopLineDetection::StopLineDetection()[m[Kâ€™:
[01m[K/Pav-S_ws/src/navigation2-humble/navigation_manager/src/stop_line_detection.cpp:36:15:[m[K [01;31m[Kerror: [m[Kexpected â€˜[01m[K)[m[Kâ€™ before â€˜[01m[K;[m[Kâ€™ token
[01m[K/Pav-S_ws/src/navigation2-humble/navigation_manager/src/stop_line_detection.cpp:32:65:[m[K [01;36m[Knote: [m[Kto match this â€˜[01m[K([m[Kâ€™
   32 |         odom_sub_ = create_subscription<nav_msgs::msg::Odometry>[01;36m[K([m[K
      |                                                                 [01;36m[K^[m[K
[01m[K/Pav-S_ws/src/navigation2-humble/navigation_manager/src/stop_line_detection.cpp:[m[K In member function â€˜[01m[Kvoid StopLineDetection::stopSmoothParking()[m[Kâ€™:
[01m[K/Pav-S_ws/src/navigation2-humble/navigation_manager/src/stop_line_detection.cpp:134:34:[m[K [01;31m[Kerror: [m[Kexpected primary-expression before â€˜[01m[K>[m[Kâ€™ token
  134 |             stop_completed.data =[01;31m[K>[m[K false;
      |                                  [01;31m[K^[m[K
[01m[K/Pav-S_ws/src/navigation2-humble/navigation_manager/src/stop_line_detection.cpp:[m[K At global scope:
[01m[K/Pav-S_ws/src/navigation2-humble/navigation_manager/src/stop_line_detection.cpp:160:65:[m[K [01;31m[Kerror: [m[Kexpected template-name before â€˜[01m[K<[m[Kâ€™ token
  160 | class StopLineBehavior : public nav2_behavior_tree::BtActionNode[01;31m[K<[m[KNavigateToPose>
      |                                                                 [01;31m[K^[m[K
[01m[K/Pav-S_ws/src/navigation2-humble/navigation_manager/src/stop_line_detection.cpp:160:65:[m[K [01;31m[Kerror: [m[Kexpected â€˜[01m[K{[m[Kâ€™ before â€˜[01m[K<[m[Kâ€™ token
[01m[K/Pav-S_ws/src/navigation2-humble/navigation_manager/src/stop_line_detection.cpp:160:65:[m[K [01;31m[Kerror: [m[Kexpected unqualified-id before â€˜[01m[K<[m[Kâ€™ token
[01m[K/Pav-S_ws/src/navigation2-humble/navigation_manager/src/navigation_behavior_nodes.cpp:[m[K In lambda function:
[01m[K/Pav-S_ws/src/navigation2-humble/navigation_manager/src/navigation_behavior_nodes.cpp:26:47:[m[K [01;31m[Kerror: [m[Kâ€˜[01m[Kusing element_type = struct std_msgs::msg::String_<std::allocator<void> >[m[Kâ€™ {aka â€˜[01m[Kstruct std_msgs::msg::String_<std::allocator<void> >[m[Kâ€™} has no member named â€˜[01m[Kstring[m[Kâ€™; did you mean â€˜[01m[KString_[m[Kâ€™?
   26 |                 last_stop_line_signal_ = msg->[01;31m[Kstring[m[K;
      |                                               [01;31m[K^~~~~~[m[K
      |                                               [32m[KString_[m[K
[01m[K/Pav-S_ws/src/navigation2-humble/navigation_manager/src/navigation_behavior_nodes.cpp:[m[K At global scope:
[01m[K/Pav-S_ws/src/navigation2-humble/navigation_manager/src/navigation_behavior_nodes.cpp:224:41:[m[K [01;31m[Kerror: [m[Kâ€˜[01m[KFloat32[m[Kâ€™ is not a member of â€˜[01m[Kstd_msgs::msg[m[Kâ€™
  224 |     rclcpp::Subscription<std_msgs::msg::[01;31m[KFloat32[m[K>::SharedPtr obstacle_distance_sub_;
      |                                         [01;31m[K^~~~~~~[m[K
[01m[K/Pav-S_ws/src/navigation2-humble/navigation_manager/src/navigation_behavior_nodes.cpp:224:48:[m[K [01;31m[Kerror: [m[Ktemplate argument 1 is invalid
  224 |     rclcpp::Subscription<std_msgs::msg::Float32[01;31m[K>[m[K::SharedPtr obstacle_distance_sub_;
      |                                                [01;31m[K^[m[K
[01m[K/Pav-S_ws/src/navigation2-humble/navigation_manager/src/navigation_behavior_nodes.cpp:224:48:[m[K [01;31m[Kerror: [m[Ktemplate argument 3 is invalid
[01m[K/Pav-S_ws/src/navigation2-humble/navigation_manager/src/navigation_behavior_nodes.cpp:224:48:[m[K [01;31m[Kerror: [m[Ktemplate argument 4 is invalid
[01m[K/Pav-S_ws/src/navigation2-humble/navigation_manager/src/navigation_behavior_nodes.cpp:224:48:[m[K [01;31m[Kerror: [m[Ktemplate argument 5 is invalid
[01m[K/Pav-S_ws/src/navigation2-humble/navigation_manager/src/navigation_behavior_nodes.cpp:224:51:[m[K [01;31m[Kerror: [m[Kexpected â€˜[01m[K;[m[Kâ€™ at end of member declaration
  224 |     rclcpp::Subscription<std_msgs::msg::Float32>::[01;31m[KSharedPtr[m[K obstacle_distance_sub_;
      |                                                   [01;31m[K^~~~~~~~~[m[K
      |                                                            [32m[K;[m[K
[01m[K/Pav-S_ws/src/navigation2-humble/navigation_manager/src/navigation_behavior_nodes.cpp:224:61:[m[K [01;31m[Kerror: [m[Kâ€˜[01m[Kobstacle_distance_sub_[m[Kâ€™ does not name a type
  224 |     rclcpp::Subscription<std_msgs::msg::Float32>::SharedPtr [01;31m[Kobstacle_distance_sub_[m[K;
      |                                                             [01;31m[K^~~~~~~~~~~~~~~~~~~~~~[m[K
[01m[K/Pav-S_ws/src/navigation2-humble/navigation_manager/src/navigation_behavior_nodes.cpp:[m[K In constructor â€˜[01m[KDynamicSpeedAdjustNode::DynamicSpeedAdjustNode(const string&, const BT::NodeConfiguration&)[m[Kâ€™:
[01m[K/Pav-S_ws/src/navigation2-humble/navigation_manager/src/navigation_behavior_nodes.cpp:137:9:[m[K [01;31m[Kerror: [m[Kâ€˜[01m[Kobstacle_distance_sub_[m[Kâ€™ was not declared in this scope; did you mean â€˜[01m[Kobstacle_distance_[m[Kâ€™?
  137 |         [01;31m[Kobstacle_distance_sub_[m[K = node_->create_subscription<std_msgs::msg::Float32>(
      |         [01;31m[K^~~~~~~~~~~~~~~~~~~~~~[m[K
      |         [32m[Kobstacle_distance_[m[K
[01m[K/Pav-S_ws/src/navigation2-humble/navigation_manager/src/navigation_behavior_nodes.cpp:137:76:[m[K [01;31m[Kerror: [m[Kâ€˜[01m[KFloat32[m[Kâ€™ is not a member of â€˜[01m[Kstd_msgs::msg[m[Kâ€™
  137 |         obstacle_distance_sub_ = node_->create_subscription<std_msgs::msg::[01;31m[KFloat32[m[K>(
      |                                                                            [01;31m[K^~~~~~~[m[K
[01m[K/Pav-S_ws/src/navigation2-humble/navigation_manager/src/navigation_behavior_nodes.cpp:139:41:[m[K [01;31m[Kerror: [m[Kâ€˜[01m[KFloat32[m[Kâ€™ in namespace â€˜[01m[Kstd_msgs::msg[m[Kâ€™ does not name a type
  139 |             [this](const std_msgs::msg::[01;31m[KFloat32[m[K::SharedPtr msg) {
      |                                         [01;31m[K^~~~~~~[m[K
[01m[K/Pav-S_ws/src/navigation2-humble/navigation_manager/src/navigation_behavior_nodes.cpp:[m[K In lambda function:
[01m[K/Pav-S_ws/src/navigation2-humble/navigation_manager/src/navigation_behavior_nodes.cpp:141:15:[m[K [01;31m[Kerror: [m[Kexpected â€˜[01m[K{[m[Kâ€™ before â€˜[01m[K;[m[Kâ€™ token
  141 |             })[01;31m[K;[m[K
      |               [01;31m[K^[m[K
[01m[K/Pav-S_ws/src/navigation2-humble/navigation_manager/src/navigation_behavior_nodes.cpp:[m[K In constructor â€˜[01m[KDynamicSpeedAdjustNode::DynamicSpeedAdjustNode(const string&, const BT::NodeConfiguration&)[m[Kâ€™:
[01m[K/Pav-S_ws/src/navigation2-humble/navigation_manager/src/navigation_behavior_nodes.cpp:141:15:[m[K [01;31m[Kerror: [m[Kexpected â€˜[01m[K)[m[Kâ€™ before â€˜[01m[K;[m[Kâ€™ token
[01m[K/Pav-S_ws/src/navigation2-humble/navigation_manager/src/navigation_behavior_nodes.cpp:137:84:[m[K [01;36m[Knote: [m[Kto match this â€˜[01m[K([m[Kâ€™
  137 |         obstacle_distance_sub_ = node_->create_subscription<std_msgs::msg::Float32>[01;36m[K([m[K
      |                                                                                    [01;36m[K^[m[K
In file included from [01m[K/usr/include/c++/11/bits/move.h:57[m[K,
                 from [01m[K/usr/include/c++/11/bits/stl_pair.h:59[m[K,
                 from [01m[K/usr/include/c++/11/bits/stl_algobase.h:64[m[K,
                 from [01m[K/usr/include/c++/11/memory:63[m[K,
                 from [01m[K/opt/ros/humble/include/rclcpp/rclcpp/rclcpp.hpp:153[m[K,
                 from [01m[K/Pav-S_ws/src/navigation2-humble/navigation_manager/src/stop_line_detection.cpp:6[m[K:
/usr/include/c++/11/type_traits: In instantiation of â€˜[01m[Kstruct std::is_base_of<BT::ActionNodeBase, StopLineBehavior>[m[Kâ€™:
[01m[K/opt/ros/humble/include/behaviortree_cpp_v3/bt_factory.h:366:55:[m[K   required from â€˜[01m[Kvoid BT::BehaviorTreeFactory::registerNodeType(const string&) [with T = StopLineBehavior; std::string = std::__cxx11::basic_string<char>][m[Kâ€™
[01m[K/Pav-S_ws/src/navigation2-humble/navigation_manager/src/stop_line_detection.cpp:202:47:[m[K   required from here
[01m[K/usr/include/c++/11/type_traits:1422:38:[m[K [01;31m[Kerror: [m[Kinvalid use of incomplete type â€˜[01m[Kclass StopLineBehavior[m[Kâ€™
 1422 |     : public integral_constant<bool, [01;31m[K__is_base_of(_Base, _Derived)[m[K>
      |                                      [01;31m[K^~~~~~~~~~~~~~~~~~~~~~~~~~~~~[m[K
[01m[K/Pav-S_ws/src/navigation2-humble/navigation_manager/src/stop_line_detection.cpp:160:7:[m[K [01;36m[Knote: [m[Kforward declaration of â€˜[01m[Kclass StopLineBehavior[m[Kâ€™
  160 | class [01;36m[KStopLineBehavior[m[K : public nav2_behavior_tree::BtActionNode<NavigateToPose>
      |       [01;36m[K^~~~~~~~~~~~~~~~[m[K
In file included from [01m[K/Pav-S_ws/install/nav2_behavior_tree/include/nav2_behavior_tree/behavior_tree_engine.hpp:24[m[K,
                 from [01m[K/Pav-S_ws/install/nav2_behavior_tree/include/nav2_behavior_tree/bt_action_server.hpp:23[m[K,
                 from [01m[K/Pav-S_ws/src/navigation2-humble/navigation_manager/src/stop_line_detection.cpp:11[m[K:
/opt/ros/humble/include/behaviortree_cpp_v3/bt_factory.h: In instantiation of â€˜[01m[Kvoid BT::BehaviorTreeFactory::registerNodeType(const string&) [with T = StopLineBehavior; std::string = std::__cxx11::basic_string<char>][m[Kâ€™:
[01m[K/Pav-S_ws/src/navigation2-humble/navigation_manager/src/stop_line_detection.cpp:202:47:[m[K   required from here
[01m[K/opt/ros/humble/include/behaviortree_cpp_v3/bt_factory.h:366:55:[m[K [01;31m[Kerror: [m[Kâ€˜[01m[Kvalue[m[Kâ€™ is not a member of â€˜[01m[Kstd::is_base_of<BT::ActionNodeBase, StopLineBehavior>[m[Kâ€™
  366 |     static_assert(std::is_base_of<ActionNodeBase, T>::[01;31m[Kvalue[m[K ||
      |                                                       [01;31m[K^~~~~[m[K
In file included from [01m[K/usr/include/c++/11/bits/move.h:57[m[K,
                 from [01m[K/usr/include/c++/11/bits/stl_pair.h:59[m[K,
                 from [01m[K/usr/include/c++/11/bits/stl_algobase.h:64[m[K,
                 from [01m[K/usr/include/c++/11/memory:63[m[K,
                 from [01m[K/opt/ros/humble/include/rclcpp/rclcpp/rclcpp.hpp:153[m[K,
                 from [01m[K/Pav-S_ws/src/navigation2-humble/navigation_manager/src/stop_line_detection.cpp:6[m[K:
/usr/include/c++/11/type_traits: In instantiation of â€˜[01m[Kstruct std::is_base_of<BT::ControlNode, StopLineBehavior>[m[Kâ€™:
[01m[K/opt/ros/humble/include/behaviortree_cpp_v3/bt_factory.h:367:56:[m[K   required from â€˜[01m[Kvoid BT::BehaviorTreeFactory::registerNodeType(const string&) [with T = StopLineBehavior; std::string = std::__cxx11::basic_string<char>][m[Kâ€™
[01m[K/Pav-S_ws/src/navigation2-humble/navigation_manager/src/stop_line_detection.cpp:202:47:[m[K   required from here
[01m[K/usr/include/c++/11/type_traits:1422:38:[m[K [01;31m[Kerror: [m[Kinvalid use of incomplete type â€˜[01m[Kclass StopLineBehavior[m[Kâ€™
 1422 |     : public integral_constant<bool, [01;31m[K__is_base_of(_Base, _Derived)[m[K>
      |                                      [01;31m[K^~~~~~~~~~~~~~~~~~~~~~~~~~~~~[m[K
[01m[K/Pav-S_ws/src/navigation2-humble/navigation_manager/src/stop_line_detection.cpp:160:7:[m[K [01;36m[Knote: [m[Kforward declaration of â€˜[01m[Kclass StopLineBehavior[m[Kâ€™
  160 | class [01;36m[KStopLineBehavior[m[K : public nav2_behavior_tree::BtActionNode<NavigateToPose>
      |       [01;36m[K^~~~~~~~~~~~~~~~[m[K
In file included from [01m[K/Pav-S_ws/install/nav2_behavior_tree/include/nav2_behavior_tree/behavior_tree_engine.hpp:24[m[K,
                 from [01m[K/Pav-S_ws/install/nav2_behavior_tree/include/nav2_behavior_tree/bt_action_server.hpp:23[m[K,
                 from [01m[K/Pav-S_ws/src/navigation2-humble/navigation_manager/src/stop_line_detection.cpp:11[m[K:
/opt/ros/humble/include/behaviortree_cpp_v3/bt_factory.h: In instantiation of â€˜[01m[Kvoid BT::BehaviorTreeFactory::registerNodeType(const string&) [with T = StopLineBehavior; std::string = std::__cxx11::basic_string<char>][m[Kâ€™:
[01m[K/Pav-S_ws/src/navigation2-humble/navigation_manager/src/stop_line_detection.cpp:202:47:[m[K   required from here
[01m[K/opt/ros/humble/include/behaviortree_cpp_v3/bt_factory.h:367:56:[m[K [01;31m[Kerror: [m[Kâ€˜[01m[Kvalue[m[Kâ€™ is not a member of â€˜[01m[Kstd::is_base_of<BT::ControlNode, StopLineBehavior>[m[Kâ€™
  367 |                       std::is_base_of<ControlNode, T>::[01;31m[Kvalue[m[K ||
      |                                                        [01;31m[K^~~~~[m[K
In file included from [01m[K/usr/include/c++/11/bits/move.h:57[m[K,
                 from [01m[K/usr/include/c++/11/bits/stl_pair.h:59[m[K,
                 from [01m[K/usr/include/c++/11/bits/stl_algobase.h:64[m[K,
                 from [01m[K/usr/include/c++/11/memory:63[m[K,
                 from [01m[K/opt/ros/humble/include/rclcpp/rclcpp/rclcpp.hpp:153[m[K,
                 from [01m[K/Pav-S_ws/src/navigation2-humble/navigation_manager/src/stop_line_detection.cpp:6[m[K:
/usr/include/c++/11/type_traits: In instantiation of â€˜[01m[Kstruct std::is_base_of<BT::DecoratorNode, StopLineBehavior>[m[Kâ€™:
[01m[K/opt/ros/humble/include/behaviortree_cpp_v3/bt_factory.h:368:58:[m[K   required from â€˜[01m[Kvoid BT::BehaviorTreeFactory::registerNodeType(const string&) [with T = StopLineBehavior; std::string = std::__cxx11::basic_string<char>][m[Kâ€™
[01m[K/Pav-S_ws/src/navigation2-humble/navigation_manager/src/stop_line_detection.cpp:202:47:[m[K   required from here
[01m[K/usr/include/c++/11/type_traits:1422:38:[m[K [01;31m[Kerror: [m[Kinvalid use of incomplete type â€˜[01m[Kclass StopLineBehavior[m[Kâ€™
 1422 |     : public integral_constant<bool, [01;31m[K__is_base_of(_Base, _Derived)[m[K>
      |                                      [01;31m[K^~~~~~~~~~~~~~~~~~~~~~~~~~~~~[m[K
[01m[K/Pav-S_ws/src/navigation2-humble/navigation_manager/src/stop_line_detection.cpp:160:7:[m[K [01;36m[Knote: [m[Kforward declaration of â€˜[01m[Kclass StopLineBehavior[m[Kâ€™
  160 | class [01;36m[KStopLineBehavior[m[K : public nav2_behavior_tree::BtActionNode<NavigateToPose>
      |       [01;36m[K^~~~~~~~~~~~~~~~[m[K
In file included from [01m[K/Pav-S_ws/install/nav2_behavior_tree/include/nav2_behavior_tree/behavior_tree_engine.hpp:24[m[K,
                 from [01m[K/Pav-S_ws/install/nav2_behavior_tree/include/nav2_behavior_tree/bt_action_server.hpp:23[m[K,
                 from [01m[K/Pav-S_ws/src/navigation2-humble/navigation_manager/src/stop_line_detection.cpp:11[m[K:
/opt/ros/humble/include/behaviortree_cpp_v3/bt_factory.h: In instantiation of â€˜[01m[Kvoid BT::BehaviorTreeFactory::registerNodeType(const string&) [with T = StopLineBehavior; std::string = std::__cxx11::basic_string<char>][m[Kâ€™:
[01m[K/Pav-S_ws/src/navigation2-humble/navigation_manager/src/stop_line_detection.cpp:202:47:[m[K   required from here
[01m[K/opt/ros/humble/include/behaviortree_cpp_v3/bt_factory.h:368:58:[m[K [01;31m[Kerror: [m[Kâ€˜[01m[Kvalue[m[Kâ€™ is not a member of â€˜[01m[Kstd::is_base_of<BT::DecoratorNode, StopLineBehavior>[m[Kâ€™
  368 |                       std::is_base_of<DecoratorNode, T>::[01;31m[Kvalue[m[K ||
      |                                                          [01;31m[K^~~~~[m[K
In file included from [01m[K/usr/include/c++/11/bits/move.h:57[m[K,
                 from [01m[K/usr/include/c++/11/bits/stl_pair.h:59[m[K,
                 from [01m[K/usr/include/c++/11/bits/stl_algobase.h:64[m[K,
                 from [01m[K/usr/include/c++/11/memory:63[m[K,
                 from [01m[K/opt/ros/humble/include/rclcpp/rclcpp/rclcpp.hpp:153[m[K,
                 from [01m[K/Pav-S_ws/src/navigation2-humble/navigation_manager/src/stop_line_detection.cpp:6[m[K:
/usr/include/c++/11/type_traits: In instantiation of â€˜[01m[Kstruct std::is_base_of<BT::ConditionNode, StopLineBehavior>[m[Kâ€™:
[01m[K/opt/ros/humble/include/behaviortree_cpp_v3/bt_factory.h:369:58:[m[K   required from â€˜[01m[Kvoid BT::BehaviorTreeFactory::registerNodeType(const string&) [with T = StopLineBehavior; std::string = std::__cxx11::basic_string<char>][m[Kâ€™
[01m[K/Pav-S_ws/src/navigation2-humble/navigation_manager/src/stop_line_detection.cpp:202:47:[m[K   required from here
[01m[K/usr/include/c++/11/type_traits:1422:38:[m[K [01;31m[Kerror: [m[Kinvalid use of incomplete type â€˜[01m[Kclass StopLineBehavior[m[Kâ€™
 1422 |     : public integral_constant<bool, [01;31m[K__is_base_of(_Base, _Derived)[m[K>
      |                                      [01;31m[K^~~~~~~~~~~~~~~~~~~~~~~~~~~~~[m[K
[01m[K/Pav-S_ws/src/navigation2-humble/navigation_manager/src/stop_line_detection.cpp:160:7:[m[K [01;36m[Knote: [m[Kforward declaration of â€˜[01m[Kclass StopLineBehavior[m[Kâ€™
  160 | class [01;36m[KStopLineBehavior[m[K : public nav2_behavior_tree::BtActionNode<NavigateToPose>
      |       [01;36m[K^~~~~~~~~~~~~~~~[m[K
In file included from [01m[K/Pav-S_ws/install/nav2_behavior_tree/include/nav2_behavior_tree/behavior_tree_engine.hpp:24[m[K,
                 from [01m[K/Pav-S_ws/install/nav2_behavior_tree/include/nav2_behavior_tree/bt_action_server.hpp:23[m[K,
                 from [01m[K/Pav-S_ws/src/navigation2-humble/navigation_manager/src/stop_line_detection.cpp:11[m[K:
/opt/ros/humble/include/behaviortree_cpp_v3/bt_factory.h: In instantiation of â€˜[01m[Kvoid BT::BehaviorTreeFactory::registerNodeType(const string&) [with T = StopLineBehavior; std::string = std::__cxx11::basic_string<char>][m[Kâ€™:
[01m[K/Pav-S_ws/src/navigation2-humble/navigation_manager/src/stop_line_detection.cpp:202:47:[m[K   required from here
[01m[K/opt/ros/humble/include/behaviortree_cpp_v3/bt_factory.h:369:58:[m[K [01;31m[Kerror: [m[Kâ€˜[01m[Kvalue[m[Kâ€™ is not a member of â€˜[01m[Kstd::is_base_of<BT::ConditionNode, StopLineBehavior>[m[Kâ€™
  369 |                       std::is_base_of<ConditionNode, T>::[01;31m[Kvalue[m[K,
      |                                                          [01;31m[K^~~~~[m[K
In file included from [01m[K/usr/include/c++/11/bits/move.h:57[m[K,
                 from [01m[K/usr/include/c++/11/bits/stl_pair.h:59[m[K,
                 from [01m[K/usr/include/c++/11/bits/stl_algobase.h:64[m[K,
                 from [01m[K/usr/include/c++/11/memory:63[m[K,
                 from [01m[K/opt/ros/humble/include/rclcpp/rclcpp/rclcpp.hpp:153[m[K,
                 from [01m[K/Pav-S_ws/src/navigation2-humble/navigation_manager/src/stop_line_detection.cpp:6[m[K:
/usr/include/c++/11/type_traits: In instantiation of â€˜[01m[Kstruct std::is_abstract<StopLineBehavior>[m[Kâ€™:
[01m[K/opt/ros/humble/include/behaviortree_cpp_v3/bt_factory.h:374:41:[m[K   required from â€˜[01m[Kvoid BT::BehaviorTreeFactory::registerNodeType(const string&) [with T = StopLineBehavior; std::string = std::__cxx11::basic_string<char>][m[Kâ€™
[01m[K/Pav-S_ws/src/navigation2-humble/navigation_manager/src/stop_line_detection.cpp:202:47:[m[K   required from here
[01m[K/usr/include/c++/11/type_traits:778:38:[m[K [01;31m[Kerror: [m[Kinvalid use of incomplete type â€˜[01m[Kclass StopLineBehavior[m[Kâ€™
  778 |     : public integral_constant<bool, [01;31m[K__is_abstract(_Tp)[m[K>
      |                                      [01;31m[K^~~~~~~~~~~~~~~~~~[m[K
[01m[K/Pav-S_ws/src/navigation2-humble/navigation_manager/src/stop_line_detection.cpp:160:7:[m[K [01;36m[Knote: [m[Kforward declaration of â€˜[01m[Kclass StopLineBehavior[m[Kâ€™
  160 | class [01;36m[KStopLineBehavior[m[K : public nav2_behavior_tree::BtActionNode<NavigateToPose>
      |       [01;36m[K^~~~~~~~~~~~~~~~[m[K
In file included from [01m[K/Pav-S_ws/install/nav2_behavior_tree/include/nav2_behavior_tree/behavior_tree_engine.hpp:24[m[K,
                 from [01m[K/Pav-S_ws/install/nav2_behavior_tree/include/nav2_behavior_tree/bt_action_server.hpp:23[m[K,
                 from [01m[K/Pav-S_ws/src/navigation2-humble/navigation_manager/src/stop_line_detection.cpp:11[m[K:
/opt/ros/humble/include/behaviortree_cpp_v3/bt_factory.h: In instantiation of â€˜[01m[Kvoid BT::BehaviorTreeFactory::registerNodeType(const string&) [with T = StopLineBehavior; std::string = std::__cxx11::basic_string<char>][m[Kâ€™:
[01m[K/Pav-S_ws/src/navigation2-humble/navigation_manager/src/stop_line_detection.cpp:202:47:[m[K   required from here
[01m[K/opt/ros/humble/include/behaviortree_cpp_v3/bt_factory.h:374:41:[m[K [01;31m[Kerror: [m[Kâ€˜[01m[Kvalue[m[Kâ€™ is not a member of â€˜[01m[Kstd::is_abstract<StopLineBehavior>[m[Kâ€™
  374 |     static_assert(!std::is_abstract<T>::[01;31m[Kvalue[m[K, "[registerNode]: Some methods are pure "
      |                                         [01;31m[K^~~~~[m[K
In file included from [01m[K/usr/include/c++/11/bits/move.h:57[m[K,
                 from [01m[K/usr/include/c++/11/bits/stl_pair.h:59[m[K,
                 from [01m[K/usr/include/c++/11/bits/stl_algobase.h:64[m[K,
                 from [01m[K/usr/include/c++/11/memory:63[m[K,
                 from [01m[K/opt/ros/humble/include/rclcpp/rclcpp/rclcpp.hpp:153[m[K,
                 from [01m[K/Pav-S_ws/src/navigation2-humble/navigation_manager/src/stop_line_detection.cpp:6[m[K:
/usr/include/c++/11/type_traits: In instantiation of â€˜[01m[Kstruct std::is_constructible<StopLineBehavior, const std::__cxx11::basic_string<char, std::char_traits<char>, std::allocator<char> >&>[m[Kâ€™:
[01m[K/opt/ros/humble/include/behaviortree_cpp_v3/bt_factory.h:380:55:[m[K   required from â€˜[01m[Kvoid BT::BehaviorTreeFactory::registerNodeType(const string&) [with T = StopLineBehavior; std::string = std::__cxx11::basic_string<char>][m[Kâ€™
[01m[K/Pav-S_ws/src/navigation2-humble/navigation_manager/src/stop_line_detection.cpp:202:47:[m[K   required from here
[01m[K/usr/include/c++/11/type_traits:955:52:[m[K [01;31m[Kerror: [m[Kstatic assertion failed: template argument must be a complete class or an unbounded array
  955 |       static_assert([01;31m[Kstd::__is_complete_or_unbounded(__type_identity<_Tp>{})[m[K,
      |                     [01;31m[K~~~~~~~~~~~~~~~~~~~~~~~~~~~~~~~^~~~~~~~~~~~~~~~~~~~~~~~[m[K
[01m[K/usr/include/c++/11/type_traits:955:52:[m[K [01;36m[Knote: [m[Kâ€˜[01m[Kstd::__is_complete_or_unbounded<std::__type_identity<StopLineBehavior> >((std::__type_identity<StopLineBehavior>{}, std::__type_identity<StopLineBehavior>()))[m[Kâ€™ evaluates to false
/usr/include/c++/11/type_traits: In instantiation of â€˜[01m[Kstruct std::is_constructible<StopLineBehavior, const std::__cxx11::basic_string<char, std::char_traits<char>, std::allocator<char> >&, const BT::NodeConfiguration&>[m[Kâ€™:
[01m[K/opt/ros/humble/include/behaviortree_cpp_v3/bt_factory.h:382:81:[m[K   required from â€˜[01m[Kvoid BT::BehaviorTreeFactory::registerNodeType(const string&) [with T = StopLineBehavior; std::string = std::__cxx11::basic_string<char>][m[Kâ€™
[01m[K/Pav-S_ws/src/navigation2-humble/navigation_manager/src/stop_line_detection.cpp:202:47:[m[K   required from here
[01m[K/usr/include/c++/11/type_traits:955:52:[m[K [01;31m[Kerror: [m[Kstatic assertion failed: template argument must be a complete class or an unbounded array
[01m[K/usr/include/c++/11/type_traits:955:52:[m[K [01;36m[Knote: [m[Kâ€˜[01m[Kstd::__is_complete_or_unbounded<std::__type_identity<StopLineBehavior> >((std::__type_identity<StopLineBehavior>{}, std::__type_identity<StopLineBehavior>()))[m[Kâ€™ evaluates to false
In file included from [01m[K/Pav-S_ws/install/nav2_behavior_tree/include/nav2_behavior_tree/behavior_tree_engine.hpp:24[m[K,
                 from [01m[K/Pav-S_ws/install/nav2_behavior_tree/include/nav2_behavior_tree/bt_action_server.hpp:23[m[K,
                 from [01m[K/Pav-S_ws/src/navigation2-humble/navigation_manager/src/stop_line_detection.cpp:11[m[K:
/opt/ros/humble/include/behaviortree_cpp_v3/bt_factory.h: In instantiation of â€˜[01m[Kvoid BT::BehaviorTreeFactory::registerNodeType(const string&) [with T = StopLineBehavior; std::string = std::__cxx11::basic_string<char>][m[Kâ€™:
[01m[K/Pav-S_ws/src/navigation2-humble/navigation_manager/src/stop_line_detection.cpp:202:47:[m[K   required from here
[01m[K/opt/ros/humble/include/behaviortree_cpp_v3/bt_factory.h:385:41:[m[K [01;31m[Kerror: [m[Kstatic assertion failed: [registerNode]: the registered class must have at least one of these two constructors:   (const std::string&, const NodeConfiguration&) or (const std::string&).
Check also if the constructor is public!
  385 |     static_assert([01;31m[Kdefault_constructable || param_constructable[m[K, "[registerNode]: the "
      |                   [01;31m[K~~~~~~~~~~~~~~~~~~~~~~^~~~~~~~~~~~~~~~~~~~~~[m[K
[01m[K/opt/ros/humble/include/behaviortree_cpp_v3/bt_factory.h:385:41:[m[K [01;36m[Knote: [m[Kâ€˜[01m[K(((bool)default_constructable) || ((bool)param_constructable))[m[Kâ€™ evaluates to false
[01m[K/opt/ros/humble/include/behaviortree_cpp_v3/bt_factory.h:418:60:[m[K [01;31m[Kerror: [m[Kno matching function for call to â€˜[01m[KCreateBuilder<StopLineBehavior>()[m[Kâ€™
  418 |     registerBuilder(CreateManifest<T>(ID), [01;31m[KCreateBuilder<T>()[m[K);
      |                                            [01;31m[K~~~~~~~~~~~~~~~~^~[m[K
In file included from [01m[K/Pav-S_ws/install/nav2_behavior_tree/include/nav2_behavior_tree/behavior_tree_engine.hpp:24[m[K,
                 from [01m[K/Pav-S_ws/install/nav2_behavior_tree/include/nav2_behavior_tree/bt_action_server.hpp:23[m[K,
                 from [01m[K/Pav-S_ws/src/navigation2-humble/navigation_manager/src/stop_line_detection.cpp:11[m[K:
[01m[K/opt/ros/humble/include/behaviortree_cpp_v3/bt_factory.h:43:1:[m[K [01;36m[Knote: [m[Kcandidate: â€˜[01m[Ktemplate<class T> BT::NodeBuilder BT::CreateBuilder(typename std::enable_if<(std::is_constructible<T, const std::__cxx11::basic_string<char, std::char_traits<char>, std::allocator<char> >&>::value && std::is_constructible<T, const std::__cxx11::basic_string<char, std::char_traits<char>, std::allocator<char> >&, const BT::NodeConfiguration&>::value)>::type*)[m[Kâ€™
   43 | [01;36m[KCreateBuilder[m[K(typename std::enable_if<has_default_constructor<T>::value &&
      | [01;36m[K^~~~~~~~~~~~~[m[K
[01m[K/opt/ros/humble/include/behaviortree_cpp_v3/bt_factory.h:43:1:[m[K [01;36m[Knote: [m[K  template argument deduction/substitution failed:
/opt/ros/humble/include/behaviortree_cpp_v3/bt_factory.h: In substitution of â€˜[01m[Ktemplate<class T> BT::NodeBuilder BT::CreateBuilder(typename std::enable_if<(std::is_constructible<T, const std::__cxx11::basic_string<char, std::char_traits<char>, std::allocator<char> >&>::value && std::is_constructible<T, const std::__cxx11::basic_string<char, std::char_traits<char>, std::allocator<char> >&, const BT::NodeConfiguration&>::value)>::type*) [with T = StopLineBehavior][m[Kâ€™:
[01m[K/opt/ros/humble/include/behaviortree_cpp_v3/bt_factory.h:418:60:[m[K   required from â€˜[01m[Kvoid BT::BehaviorTreeFactory::registerNodeType(const string&) [with T = StopLineBehavior; std::string = std::__cxx11::basic_string<char>][m[Kâ€™
[01m[K/Pav-S_ws/src/navigation2-humble/navigation_manager/src/stop_line_detection.cpp:202:47:[m[K   required from here
[01m[K/opt/ros/humble/include/behaviortree_cpp_v3/bt_factory.h:43:1:[m[K [01;31m[Kerror: [m[Kno type named â€˜[01m[Ktype[m[Kâ€™ in â€˜[01m[Kstruct std::enable_if<false, void>[m[Kâ€™
/opt/ros/humble/include/behaviortree_cpp_v3/bt_factory.h: In instantiation of â€˜[01m[Kvoid BT::BehaviorTreeFactory::registerNodeType(const string&) [with T = StopLineBehavior; std::string = std::__cxx11::basic_string<char>][m[Kâ€™:
[01m[K/Pav-S_ws/src/navigation2-humble/navigation_manager/src/stop_line_detection.cpp:202:47:[m[K   required from here
[01m[K/opt/ros/humble/include/behaviortree_cpp_v3/bt_factory.h:59:1:[m[K [01;36m[Knote: [m[Kcandidate: â€˜[01m[Ktemplate<class T> BT::NodeBuilder BT::CreateBuilder(typename std::enable_if<((! std::is_constructible<T, const std::__cxx11::basic_string<char, std::char_traits<char>, std::allocator<char> >&>::value) && std::is_constructible<T, const std::__cxx11::basic_string<char, std::char_traits<char>, std::allocator<char> >&, const BT::NodeConfiguration&>::value)>::type*)[m[Kâ€™
   59 | [01;36m[KCreateBuilder[m[K(typename std::enable_if<!has_default_constructor<T>::value &&
      | [01;36m[K^~~~~~~~~~~~~[m[K
[01m[K/opt/ros/humble/include/behaviortree_cpp_v3/bt_factory.h:59:1:[m[K [01;36m[Knote: [m[K  template argument deduction/substitution failed:
/opt/ros/humble/include/behaviortree_cpp_v3/bt_factory.h: In substitution of â€˜[01m[Ktemplate<class T> BT::NodeBuilder BT::CreateBuilder(typename std::enable_if<((! std::is_constructible<T, const std::__cxx11::basic_string<char, std::char_traits<char>, std::allocator<char> >&>::value) && std::is_constructible<T, const std::__cxx11::basic_string<char, std::char_traits<char>, std::allocator<char> >&, const BT::NodeConfiguration&>::value)>::type*) [with T = StopLineBehavior][m[Kâ€™:
[01m[K/opt/ros/humble/include/behaviortree_cpp_v3/bt_factory.h:418:60:[m[K   required from â€˜[01m[Kvoid BT::BehaviorTreeFactory::registerNodeType(const string&) [with T = StopLineBehavior; std::string = std::__cxx11::basic_string<char>][m[Kâ€™
[01m[K/Pav-S_ws/src/navigation2-humble/navigation_manager/src/stop_line_detection.cpp:202:47:[m[K   required from here
[01m[K/opt/ros/humble/include/behaviortree_cpp_v3/bt_factory.h:59:1:[m[K [01;31m[Kerror: [m[Kno type named â€˜[01m[Ktype[m[Kâ€™ in â€˜[01m[Kstruct std::enable_if<false, void>[m[Kâ€™
/opt/ros/humble/include/behaviortree_cpp_v3/bt_factory.h: In instantiation of â€˜[01m[Kvoid BT::BehaviorTreeFactory::registerNodeType(const string&) [with T = StopLineBehavior; std::string = std::__cxx11::basic_string<char>][m[Kâ€™:
[01m[K/Pav-S_ws/src/navigation2-humble/navigation_manager/src/stop_line_detection.cpp:202:47:[m[K   required from here
[01m[K/opt/ros/humble/include/behaviortree_cpp_v3/bt_factory.h:69:1:[m[K [01;36m[Knote: [m[Kcandidate: â€˜[01m[Ktemplate<class T> BT::NodeBuilder BT::CreateBuilder(typename std::enable_if<(std::is_constructible<T, const std::__cxx11::basic_string<char, std::char_traits<char>, std::allocator<char> >&>::value && (! std::is_constructible<T, const std::__cxx11::basic_string<char, std::char_traits<char>, std::allocator<char> >&, const BT::NodeConfiguration&>::value))>::type*)[m[Kâ€™
   69 | [01;36m[KCreateBuilder[m[K(typename std::enable_if<has_default_constructor<T>::value &&
      | [01;36m[K^~~~~~~~~~~~~[m[K
[01m[K/opt/ros/humble/include/behaviortree_cpp_v3/bt_factory.h:69:1:[m[K [01;36m[Knote: [m[K  template argument deduction/substitution failed:
/opt/ros/humble/include/behaviortree_cpp_v3/bt_factory.h: In substitution of â€˜[01m[Ktemplate<class T> BT::NodeBuilder BT::CreateBuilder(typename std::enable_if<(std::is_constructible<T, const std::__cxx11::basic_string<char, std::char_traits<char>, std::allocator<char> >&>::value && (! std::is_constructible<T, const std::__cxx11::basic_string<char, std::char_traits<char>, std::allocator<char> >&, const BT::NodeConfiguration&>::value))>::type*) [with T = StopLineBehavior][m[Kâ€™:
[01m[K/opt/ros/humble/include/behaviortree_cpp_v3/bt_factory.h:418:60:[m[K   required from â€˜[01m[Kvoid BT::BehaviorTreeFactory::registerNodeType(const string&) [with T = StopLineBehavior; std::string = std::__cxx11::basic_string<char>][m[Kâ€™
[01m[K/Pav-S_ws/src/navigation2-humble/navigation_manager/src/stop_line_detection.cpp:202:47:[m[K   required from here
[01m[K/opt/ros/humble/include/behaviortree_cpp_v3/bt_factory.h:69:1:[m[K [01;31m[Kerror: [m[Kno type named â€˜[01m[Ktype[m[Kâ€™ in â€˜[01m[Kstruct std::enable_if<false, void>[m[Kâ€™
[01m[K/Pav-S_ws/src/navigation2-humble/navigation_manager/src/cruise_perception_navigator.cpp:20:1:[m[K [01;31m[Kerror: [m[Kexpected â€˜[01m[K{[m[Kâ€™ before â€˜[01m[Kpublic[m[Kâ€™
   20 | [01;31m[Kpublic[m[K:
      | [01;31m[K^~~~~~[m[K
[01m[K/Pav-S_ws/src/navigation2-humble/navigation_manager/src/cruise_perception_navigator.cpp:20:1:[m[K [01;31m[Kerror: [m[Kexpected unqualified-id before â€˜[01m[Kpublic[m[Kâ€™
[01m[K/Pav-S_ws/src/navigation2-humble/navigation_manager/src/cruise_perception_navigator.cpp:72:1:[m[K [01;31m[Kerror: [m[Kexpected unqualified-id before â€˜[01m[Kprivate[m[Kâ€™
   72 | [01;31m[Kprivate[m[K:
      | [01;31m[K^~~~~~~[m[K
[01m[K/Pav-S_ws/src/navigation2-humble/navigation_manager/src/cruise_perception_navigator.cpp:[m[K In function â€˜[01m[Kvoid handleLaneSituation(std_msgs::msg::String_<std::allocator<void> >::SharedPtr)[m[Kâ€™:
[01m[K/Pav-S_ws/src/navigation2-humble/navigation_manager/src/cruise_perception_navigator.cpp:89:13:[m[K [01;31m[Kerror: [m[Kâ€˜[01m[Klane_blocked_[m[Kâ€™ was not declared in this scope
   89 |             [01;31m[Klane_blocked_[m[K = true;
      |             [01;31m[K^~~~~~~~~~~~~[m[K
In file included from [01m[K/opt/ros/humble/include/rclcpp/rclcpp/client.hpp:40[m[K,
                 from [01m[K/opt/ros/humble/include/rclcpp/rclcpp/callback_group.hpp:24[m[K,
                 from [01m[K/opt/ros/humble/include/rclcpp/rclcpp/any_executable.hpp:20[m[K,
                 from [01m[K/opt/ros/humble/include/rclcpp/rclcpp/memory_strategy.hpp:25[m[K,
                 from [01m[K/opt/ros/humble/include/rclcpp/rclcpp/memory_strategies.hpp:18[m[K,
                 from [01m[K/opt/ros/humble/include/rclcpp/rclcpp/executor_options.hpp:20[m[K,
                 from [01m[K/opt/ros/humble/include/rclcpp/rclcpp/executor.hpp:37[m[K,
                 from [01m[K/opt/ros/humble/include/rclcpp/rclcpp/executors/multi_threaded_executor.hpp:25[m[K,
                 from [01m[K/opt/ros/humble/include/rclcpp/rclcpp/executors.hpp:21[m[K,
                 from [01m[K/opt/ros/humble/include/rclcpp/rclcpp/rclcpp.hpp:155[m[K,
                 from [01m[K/Pav-S_ws/src/navigation2-humble/navigation_manager/src/cruise_perception_navigator.cpp:6[m[K:
[01m[K/Pav-S_ws/src/navigation2-humble/navigation_manager/src/cruise_perception_navigator.cpp:90:25:[m[K [01;31m[Kerror: [m[Kinvalid use of â€˜[01m[Kthis[m[Kâ€™ in non-member function
   90 |             RCLCPP_WARN([01;31m[Kthis[m[K->get_logger(), "å½“å‰è½¦é“è¢«é˜»å¡žï¼Œè€ƒè™‘å˜é“");
      |                         [01;31m[K^~~~[m[K
[01m[K/Pav-S_ws/src/navigation2-humble/navigation_manager/src/cruise_perception_navigator.cpp:90:25:[m[K [01;31m[Kerror: [m[Kinvalid use of â€˜[01m[Kthis[m[Kâ€™ in non-member function
[01m[K/Pav-S_ws/src/navigation2-humble/navigation_manager/src/cruise_perception_navigator.cpp:90:13:[m[K [01;31m[Kerror: [m[Ktemplate argument 1 is invalid
   90 |             [01;31m[KRCLCPP_WARN[m[K(this->get_logger(), "å½“å‰è½¦é“è¢«é˜»å¡žï¼Œè€ƒè™‘å˜é“");
      |             [01;31m[K^~~~~~~~~~~[m[K
In file included from [01m[K/opt/ros/humble/include/rclcpp/rclcpp/logging.hpp:24[m[K,
                 from [01m[K/opt/ros/humble/include/rclcpp/rclcpp/client.hpp:40[m[K,
                 from [01m[K/opt/ros/humble/include/rclcpp/rclcpp/callback_group.hpp:24[m[K,
                 from [01m[K/opt/ros/humble/include/rclcpp/rclcpp/any_executable.hpp:20[m[K,
                 from [01m[K/opt/ros/humble/include/rclcpp/rclcpp/memory_strategy.hpp:25[m[K,
                 from [01m[K/opt/ros/humble/include/rclcpp/rclcpp/memory_strategies.hpp:18[m[K,
                 from [01m[K/opt/ros/humble/include/rclcpp/rclcpp/executor_options.hpp:20[m[K,
                 from [01m[K/opt/ros/humble/include/rclcpp/rclcpp/executor.hpp:37[m[K,
                 from [01m[K/opt/ros/humble/include/rclcpp/rclcpp/executors/multi_threaded_executor.hpp:25[m[K,
                 from [01m[K/opt/ros/humble/include/rclcpp/rclcpp/executors.hpp:21[m[K,
                 from [01m[K/opt/ros/humble/include/rclcpp/rclcpp/rclcpp.hpp:155[m[K,
                 from [01m[K/Pav-S_ws/src/navigation2-humble/navigation_manager/src/cruise_perception_navigator.cpp:6[m[K:
[01m[K/Pav-S_ws/src/navigation2-humble/navigation_manager/src/cruise_perception_navigator.cpp:90:25:[m[K [01;31m[Kerror: [m[Kinvalid use of â€˜[01m[Kthis[m[Kâ€™ in non-member function
   90 |             RCLCPP_WARN([01;31m[Kthis[m[K->get_logger(), "å½“å‰è½¦é“è¢«é˜»å¡žï¼Œè€ƒè™‘å˜é“");
      |                         [01;31m[K^~~~[m[K
[01m[K/Pav-S_ws/src/navigation2-humble/navigation_manager/src/cruise_perception_navigator.cpp:90:25:[m[K [01;31m[Kerror: [m[Kinvalid use of â€˜[01m[Kthis[m[Kâ€™ in non-member function
   90 |             RCLCPP_WARN([01;31m[Kthis[m[K->get_logger(), "å½“å‰è½¦é“è¢«é˜»å¡žï¼Œè€ƒè™‘å˜é“");
      |                         [01;31m[K^~~~[m[K
[01m[K/Pav-S_ws/src/navigation2-humble/navigation_manager/src/cruise_perception_navigator.cpp:92:13:[m[K [01;31m[Kerror: [m[Kâ€˜[01m[Klane_blocked_[m[Kâ€™ was not declared in this scope
   92 |             [01;31m[Klane_blocked_[m[K = false;
      |             [01;31m[K^~~~~~~~~~~~~[m[K
In file included from [01m[K/opt/ros/humble/include/rclcpp/rclcpp/client.hpp:40[m[K,
                 from [01m[K/opt/ros/humble/include/rclcpp/rclcpp/callback_group.hpp:24[m[K,
                 from [01m[K/opt/ros/humble/include/rclcpp/rclcpp/any_executable.hpp:20[m[K,
                 from [01m[K/opt/ros/humble/include/rclcpp/rclcpp/memory_strategy.hpp:25[m[K,
                 from [01m[K/opt/ros/humble/include/rclcpp/rclcpp/memory_strategies.hpp:18[m[K,
                 from [01m[K/opt/ros/humble/include/rclcpp/rclcpp/executor_options.hpp:20[m[K,
                 from [01m[K/opt/ros/humble/include/rclcpp/rclcpp/executor.hpp:37[m[K,
                 from [01m[K/opt/ros/humble/include/rclcpp/rclcpp/executors/multi_threaded_executor.hpp:25[m[K,
                 from [01m[K/opt/ros/humble/include/rclcpp/rclcpp/executors.hpp:21[m[K,
                 from [01m[K/opt/ros/humble/include/rclcpp/rclcpp/rclcpp.hpp:155[m[K,
                 from [01m[K/Pav-S_ws/src/navigation2-humble/navigation_manager/src/cruise_perception_navigator.cpp:6[m[K:
[01m[K/Pav-S_ws/src/navigation2-humble/navigation_manager/src/cruise_perception_navigator.cpp:93:25:[m[K [01;31m[Kerror: [m[Kinvalid use of â€˜[01m[Kthis[m[Kâ€™ in non-member function
   93 |             RCLCPP_INFO([01;31m[Kthis[m[K->get_logger(), "è½¦é“ç•…é€š");
      |                         [01;31m[K^~~~[m[K
[01m[K/Pav-S_ws/src/navigation2-humble/navigation_manager/src/cruise_perception_navigator.cpp:93:25:[m[K [01;31m[Kerror: [m[Kinvalid use of â€˜[01m[Kthis[m[Kâ€™ in non-member function
[01m[K/Pav-S_ws/src/navigation2-humble/navigation_manager/src/cruise_perception_navigator.cpp:93:13:[m[K [01;31m[Kerror: [m[Ktemplate argument 1 is invalid
   93 |             [01;31m[KRCLCPP_INFO[m[K(this->get_logger(), "è½¦é“ç•…é€š");
      |             [01;31m[K^~~~~~~~~~~[m[K
In file included from [01m[K/opt/ros/humble/include/rclcpp/rclcpp/logging.hpp:24[m[K,
                 from [01m[K/opt/ros/humble/include/rclcpp/rclcpp/client.hpp:40[m[K,
                 from [01m[K/opt/ros/humble/include/rclcpp/rclcpp/callback_group.hpp:24[m[K,
                 from [01m[K/opt/ros/humble/include/rclcpp/rclcpp/any_executable.hpp:20[m[K,
                 from [01m[K/opt/ros/humble/include/rclcpp/rclcpp/memory_strategy.hpp:25[m[K,
                 from [01m[K/opt/ros/humble/include/rclcpp/rclcpp/memory_strategies.hpp:18[m[K,
                 from [01m[K/opt/ros/humble/include/rclcpp/rclcpp/executor_options.hpp:20[m[K,
                 from [01m[K/opt/ros/humble/include/rclcpp/rclcpp/executor.hpp:37[m[K,
                 from [01m[K/opt/ros/humble/include/rclcpp/rclcpp/executors/multi_threaded_executor.hpp:25[m[K,
                 from [01m[K/opt/ros/humble/include/rclcpp/rclcpp/executors.hpp:21[m[K,
                 from [01m[K/opt/ros/humble/include/rclcpp/rclcpp/rclcpp.hpp:155[m[K,
                 from [01m[K/Pav-S_ws/src/navigation2-humble/navigation_manager/src/cruise_perception_navigator.cpp:6[m[K:
[01m[K/Pav-S_ws/src/navigation2-humble/navigation_manager/src/cruise_perception_navigator.cpp:93:25:[m[K [01;31m[Kerror: [m[Kinvalid use of â€˜[01m[Kthis[m[Kâ€™ in non-member function
   93 |             RCLCPP_INFO([01;31m[Kthis[m[K->get_logger(), "è½¦é“ç•…é€š");
      |                         [01;31m[K^~~~[m[K
[01m[K/Pav-S_ws/src/navigation2-humble/navigation_manager/src/cruise_perception_navigator.cpp:93:25:[m[K [01;31m[Kerror: [m[Kinvalid use of â€˜[01m[Kthis[m[Kâ€™ in non-member function
   93 |             RCLCPP_INFO([01;31m[Kthis[m[K->get_logger(), "è½¦é“ç•…é€š");
      |                         [01;31m[K^~~~[m[K
[01m[K/Pav-S_ws/src/navigation2-humble/navigation_manager/src/cruise_perception_navigator.cpp:96:9:[m[K [01;31m[Kerror: [m[Kâ€˜[01m[Klast_perception_time_[m[Kâ€™ was not declared in this scope
   96 |         [01;31m[Klast_perception_time_[m[K = this->now();
      |         [01;31m[K^~~~~~~~~~~~~~~~~~~~~[m[K
[01m[K/Pav-S_ws/src/navigation2-humble/navigation_manager/src/cruise_perception_navigator.cpp:96:33:[m[K [01;31m[Kerror: [m[Kinvalid use of â€˜[01m[Kthis[m[Kâ€™ in non-member function
   96 |         last_perception_time_ = [01;31m[Kthis[m[K->now();
      |                                 [01;31m[K^~~~[m[K
[01m[K/Pav-S_ws/src/navigation2-humble/navigation_manager/src/cruise_perception_navigator.cpp:[m[K In function â€˜[01m[Kvoid executeCallback()[m[Kâ€™:
[01m[K/Pav-S_ws/src/navigation2-humble/navigation_manager/src/cruise_perception_navigator.cpp:101:24:[m[K [01;31m[Kerror: [m[Kâ€˜[01m[KgetCurrentRequest[m[Kâ€™ was not declared in this scope
  101 |         auto request = [01;31m[KgetCurrentRequest[m[K();
      |                        [01;31m[K^~~~~~~~~~~~~~~~~[m[K
In file included from [01m[K/opt/ros/humble/include/rclcpp/rclcpp/client.hpp:40[m[K,
                 from [01m[K/opt/ros/humble/include/rclcpp/rclcpp/callback_group.hpp:24[m[K,
                 from [01m[K/opt/ros/humble/include/rclcpp/rclcpp/any_executable.hpp:20[m[K,
                 from [01m[K/opt/ros/humble/include/rclcpp/rclcpp/memory_strategy.hpp:25[m[K,
                 from [01m[K/opt/ros/humble/include/rclcpp/rclcpp/memory_strategies.hpp:18[m[K,
                 from [01m[K/opt/ros/humble/include/rclcpp/rclcpp/executor_options.hpp:20[m[K,
                 from [01m[K/opt/ros/humble/include/rclcpp/rclcpp/executor.hpp:37[m[K,
                 from [01m[K/opt/ros/humble/include/rclcpp/rclcpp/executors/multi_threaded_executor.hpp:25[m[K,
                 from [01m[K/opt/ros/humble/include/rclcpp/rclcpp/executors.hpp:21[m[K,
                 from [01m[K/opt/ros/humble/include/rclcpp/rclcpp/rclcpp.hpp:155[m[K,
                 from [01m[K/Pav-S_ws/src/navigation2-humble/navigation_manager/src/cruise_perception_navigator.cpp:6[m[K:
[01m[K/Pav-S_ws/src/navigation2-humble/navigation_manager/src/cruise_perception_navigator.cpp:103:21:[m[K [01;31m[Kerror: [m[Kinvalid use of â€˜[01m[Kthis[m[Kâ€™ in non-member function
  103 |         RCLCPP_INFO([01;31m[Kthis[m[K->get_logger(), "å¼€å§‹å·¡èˆªå¯¼èˆªä»»åŠ¡åˆ°ä½ç½®: [%.2f, %.2f]",
      |                     [01;31m[K^~~~[m[K
[01m[K/Pav-S_ws/src/navigation2-humble/navigation_manager/src/cruise_perception_navigator.cpp:103:21:[m[K [01;31m[Kerror: [m[Kinvalid use of â€˜[01m[Kthis[m[Kâ€™ in non-member function
[01m[K/Pav-S_ws/src/navigation2-humble/navigation_manager/src/cruise_perception_navigator.cpp:103:9:[m[K [01;31m[Kerror: [m[Ktemplate argument 1 is invalid
  103 |         [01;31m[KRCLCPP_INFO[m[K(this->get_logger(), "å¼€å§‹å·¡èˆªå¯¼èˆªä»»åŠ¡åˆ°ä½ç½®: [%.2f, %.2f]",
      |         [01;31m[K^~~~~~~~~~~[m[K
In file included from [01m[K/opt/ros/humble/include/rclcpp/rclcpp/logging.hpp:24[m[K,
                 from [01m[K/opt/ros/humble/include/rclcpp/rclcpp/client.hpp:40[m[K,
                 from [01m[K/opt/ros/humble/include/rclcpp/rclcpp/callback_group.hpp:24[m[K,
                 from [01m[K/opt/ros/humble/include/rclcpp/rclcpp/any_executable.hpp:20[m[K,
                 from [01m[K/opt/ros/humble/include/rclcpp/rclcpp/memory_strategy.hpp:25[m[K,
                 from [01m[K/opt/ros/humble/include/rclcpp/rclcpp/memory_strategies.hpp:18[m[K,
                 from [01m[K/opt/ros/humble/include/rclcpp/rclcpp/executor_options.hpp:20[m[K,
                 from [01m[K/opt/ros/humble/include/rclcpp/rclcpp/executor.hpp:37[m[K,
                 from [01m[K/opt/ros/humble/include/rclcpp/rclcpp/executors/multi_threaded_executor.hpp:25[m[K,
                 from [01m[K/opt/ros/humble/include/rclcpp/rclcpp/executors.hpp:21[m[K,
                 from [01m[K/opt/ros/humble/include/rclcpp/rclcpp/rclcpp.hpp:155[m[K,
                 from [01m[K/Pav-S_ws/src/navigation2-humble/navigation_manager/src/cruise_perception_navigator.cpp:6[m[K:
[01m[K/Pav-S_ws/src/navigation2-humble/navigation_manager/src/cruise_perception_navigator.cpp:103:21:[m[K [01;31m[Kerror: [m[Kinvalid use of â€˜[01m[Kthis[m[Kâ€™ in non-member function
  103 |         RCLCPP_INFO([01;31m[Kthis[m[K->get_logger(), "å¼€å§‹å·¡èˆªå¯¼èˆªä»»åŠ¡åˆ°ä½ç½®: [%.2f, %.2f]",
      |                     [01;31m[K^~~~[m[K
[01m[K/Pav-S_ws/src/navigation2-humble/navigation_manager/src/cruise_perception_navigator.cpp:103:21:[m[K [01;31m[Kerror: [m[Kinvalid use of â€˜[01m[Kthis[m[Kâ€™ in non-member function
  103 |         RCLCPP_INFO([01;31m[Kthis[m[K->get_logger(), "å¼€å§‹å·¡èˆªå¯¼èˆªä»»åŠ¡åˆ°ä½ç½®: [%.2f, %.2f]",
      |                     [01;31m[K^~~~[m[K
[01m[K/Pav-S_ws/src/navigation2-humble/navigation_manager/src/cruise_perception_navigator.cpp:108:9:[m[K [01;31m[Kerror: [m[Kâ€˜[01m[KexecuteCruiseNavigation[m[Kâ€™ was not declared in this scope
  108 |         [01;31m[KexecuteCruiseNavigation[m[K();
      |         [01;31m[K^~~~~~~~~~~~~~~~~~~~~~~[m[K
[01m[K/Pav-S_ws/src/navigation2-humble/navigation_manager/src/cruise_perception_navigator.cpp:112:9:[m[K [01;31m[Kerror: [m[Kâ€˜[01m[KsetAsSucceeded[m[Kâ€™ was not declared in this scope
  112 |         [01;31m[KsetAsSucceeded[m[K(result);
      |         [01;31m[K^~~~~~~~~~~~~~[m[K
[01m[K/Pav-S_ws/src/navigation2-humble/navigation_manager/src/cruise_perception_navigator.cpp:[m[K In function â€˜[01m[Kvoid executeCruiseNavigation()[m[Kâ€™:
[01m[K/Pav-S_ws/src/navigation2-humble/navigation_manager/src/cruise_perception_navigator.cpp:117:33:[m[K [01;31m[Kerror: [m[Kâ€˜[01m[KisPreemptRequested[m[Kâ€™ was not declared in this scope
  117 |         while (rclcpp::ok() && ![01;31m[KisPreemptRequested[m[K()) {
      |                                 [01;31m[K^~~~~~~~~~~~~~~~~~[m[K
[01m[K/Pav-S_ws/src/navigation2-humble/navigation_manager/src/cruise_perception_navigator.cpp:119:13:[m[K [01;31m[Kerror: [m[Kâ€˜[01m[KupdatePerceptionStatus[m[Kâ€™ was not declared in this scope
  119 |             [01;31m[KupdatePerceptionStatus[m[K();
      |             [01;31m[K^~~~~~~~~~~~~~~~~~~~~~[m[K
[01m[K/Pav-S_ws/src/navigation2-humble/navigation_manager/src/cruise_perception_navigator.cpp:122:13:[m[K [01;31m[Kerror: [m[Kâ€˜[01m[KadjustNavigationStrategy[m[Kâ€™ was not declared in this scope
  122 |             [01;31m[KadjustNavigationStrategy[m[K();
      |             [01;31m[K^~~~~~~~~~~~~~~~~~~~~~~~[m[K
[01m[K/Pav-S_ws/src/navigation2-humble/navigation_manager/src/cruise_perception_navigator.cpp:125:17:[m[K [01;31m[Kerror: [m[Kâ€˜[01m[KcheckGoalReached[m[Kâ€™ was not declared in this scope
  125 |             if ([01;31m[KcheckGoalReached[m[K()) {
      |                 [01;31m[K^~~~~~~~~~~~~~~~[m[K
In file included from [01m[K/opt/ros/humble/include/rclcpp/rclcpp/client.hpp:40[m[K,
                 from [01m[K/opt/ros/humble/include/rclcpp/rclcpp/callback_group.hpp:24[m[K,
                 from [01m[K/opt/ros/humble/include/rclcpp/rclcpp/any_executable.hpp:20[m[K,
                 from [01m[K/opt/ros/humble/include/rclcpp/rclcpp/memory_strategy.hpp:25[m[K,
                 from [01m[K/opt/ros/humble/include/rclcpp/rclcpp/memory_strategies.hpp:18[m[K,
                 from [01m[K/opt/ros/humble/include/rclcpp/rclcpp/executor_options.hpp:20[m[K,
                 from [01m[K/opt/ros/humble/include/rclcpp/rclcpp/executor.hpp:37[m[K,
                 from [01m[K/opt/ros/humble/include/rclcpp/rclcpp/executors/multi_threaded_executor.hpp:25[m[K,
                 from [01m[K/opt/ros/humble/include/rclcpp/rclcpp/executors.hpp:21[m[K,
                 from [01m[K/opt/ros/humble/include/rclcpp/rclcpp/rclcpp.hpp:155[m[K,
                 from [01m[K/Pav-S_ws/src/navigation2-humble/navigation_manager/src/cruise_perception_navigator.cpp:6[m[K:
[01m[K/Pav-S_ws/src/navigation2-humble/navigation_manager/src/cruise_perception_navigator.cpp:126:29:[m[K [01;31m[Kerror: [m[Kinvalid use of â€˜[01m[Kthis[m[Kâ€™ in non-member function
  126 |                 RCLCPP_INFO([01;31m[Kthis[m[K->get_logger(), "å·¡èˆªå¯¼èˆªç›®æ ‡å·²åˆ°è¾¾");
      |                             [01;31m[K^~~~[m[K
[01m[K/Pav-S_ws/src/navigation2-humble/navigation_manager/src/cruise_perception_navigator.cpp:126:29:[m[K [01;31m[Kerror: [m[Kinvalid use of â€˜[01m[Kthis[m[Kâ€™ in non-member function
[01m[K/Pav-S_ws/src/navigation2-humble/navigation_manager/src/cruise_perception_navigator.cpp:126:17:[m[K [01;31m[Kerror: [m[Ktemplate argument 1 is invalid
  126 |                 [01;31m[KRCLCPP_INFO[m[K(this->get_logger(), "å·¡èˆªå¯¼èˆªç›®æ ‡å·²åˆ°è¾¾");
      |                 [01;31m[K^~~~~~~~~~~[m[K
In file included from [01m[K/opt/ros/humble/include/rclcpp/rclcpp/logging.hpp:24[m[K,
                 from [01m[K/opt/ros/humble/include/rclcpp/rclcpp/client.hpp:40[m[K,
                 from [01m[K/opt/ros/humble/include/rclcpp/rclcpp/callback_group.hpp:24[m[K,
                 from [01m[K/opt/ros/humble/include/rclcpp/rclcpp/any_executable.hpp:20[m[K,
                 from [01m[K/opt/ros/humble/include/rclcpp/rclcpp/memory_strategy.hpp:25[m[K,
                 from [01m[K/opt/ros/humble/include/rclcpp/rclcpp/memory_strategies.hpp:18[m[K,
                 from [01m[K/opt/ros/humble/include/rclcpp/rclcpp/executor_options.hpp:20[m[K,
                 from [01m[K/opt/ros/humble/include/rclcpp/rclcpp/executor.hpp:37[m[K,
                 from [01m[K/opt/ros/humble/include/rclcpp/rclcpp/executors/multi_threaded_executor.hpp:25[m[K,
                 from [01m[K/opt/ros/humble/include/rclcpp/rclcpp/executors.hpp:21[m[K,
                 from [01m[K/opt/ros/humble/include/rclcpp/rclcpp/rclcpp.hpp:155[m[K,
                 from [01m[K/Pav-S_ws/src/navigation2-humble/navigation_manager/src/cruise_perception_navigator.cpp:6[m[K:
[01m[K/Pav-S_ws/src/navigation2-humble/navigation_manager/src/cruise_perception_navigator.cpp:126:29:[m[K [01;31m[Kerror: [m[Kinvalid use of â€˜[01m[Kthis[m[Kâ€™ in non-member function
  126 |                 RCLCPP_INFO([01;31m[Kthis[m[K->get_logger(), "å·¡èˆªå¯¼èˆªç›®æ ‡å·²åˆ°è¾¾");
      |                             [01;31m[K^~~~[m[K
[01m[K/Pav-S_ws/src/navigation2-humble/navigation_manager/src/cruise_perception_navigator.cpp:126:29:[m[K [01;31m[Kerror: [m[Kinvalid use of â€˜[01m[Kthis[m[Kâ€™ in non-member function
  126 |                 RCLCPP_INFO([01;31m[Kthis[m[K->get_logger(), "å·¡èˆªå¯¼èˆªç›®æ ‡å·²åˆ°è¾¾");
      |                             [01;31m[K^~~~[m[K
[01m[K/Pav-S_ws/src/navigation2-humble/navigation_manager/src/cruise_perception_navigator.cpp:[m[K In function â€˜[01m[Kvoid monitorPerceptionStatus()[m[Kâ€™:
[01m[K/Pav-S_ws/src/navigation2-humble/navigation_manager/src/cruise_perception_navigator.cpp:138:29:[m[K [01;31m[Kerror: [m[Kinvalid use of â€˜[01m[Kthis[m[Kâ€™ in non-member function
  138 |         auto current_time = [01;31m[Kthis[m[K->now();
      |                             [01;31m[K^~~~[m[K
[01m[K/Pav-S_ws/src/navigation2-humble/navigation_manager/src/cruise_perception_navigator.cpp:139:59:[m[K [01;31m[Kerror: [m[Kâ€˜[01m[Klast_perception_time_[m[Kâ€™ was not declared in this scope
  139 |         auto time_since_last_perception = (current_time - [01;31m[Klast_perception_time_[m[K).seconds();
      |                                                           [01;31m[K^~~~~~~~~~~~~~~~~~~~~[m[K
[01m[K/Pav-S_ws/src/navigation2-humble/navigation_manager/src/cruise_perception_navigator.cpp:141:42:[m[K [01;31m[Kerror: [m[Kâ€˜[01m[Kperception_timeout_[m[Kâ€™ was not declared in this scope
  141 |         if (time_since_last_perception > [01;31m[Kperception_timeout_[m[K) {
      |                                          [01;31m[K^~~~~~~~~~~~~~~~~~~[m[K
In file included from [01m[K/opt/ros/humble/include/rclcpp/rclcpp/client.hpp:40[m[K,
                 from [01m[K/opt/ros/humble/include/rclcpp/rclcpp/callback_group.hpp:24[m[K,
                 from [01m[K/opt/ros/humble/include/rclcpp/rclcpp/any_executable.hpp:20[m[K,
                 from [01m[K/opt/ros/humble/include/rclcpp/rclcpp/memory_strategy.hpp:25[m[K,
                 from [01m[K/opt/ros/humble/include/rclcpp/rclcpp/memory_strategies.hpp:18[m[K,
                 from [01m[K/opt/ros/humble/include/rclcpp/rclcpp/executor_options.hpp:20[m[K,
                 from [01m[K/opt/ros/humble/include/rclcpp/rclcpp/executor.hpp:37[m[K,
                 from [01m[K/opt/ros/humble/include/rclcpp/rclcpp/executors/multi_threaded_executor.hpp:25[m[K,
                 from [01m[K/opt/ros/humble/include/rclcpp/rclcpp/executors.hpp:21[m[K,
                 from [01m[K/opt/ros/humble/include/rclcpp/rclcpp/rclcpp.hpp:155[m[K,
                 from [01m[K/Pav-S_ws/src/navigation2-humble/navigation_manager/src/cruise_perception_navigator.cpp:6[m[K:
[01m[K/Pav-S_ws/src/navigation2-humble/navigation_manager/src/cruise_perception_navigator.cpp:142:25:[m[K [01;31m[Kerror: [m[Kinvalid use of â€˜[01m[Kthis[m[Kâ€™ in non-member function
  142 |             RCLCPP_WARN([01;31m[Kthis[m[K->get_logger(), "æ„ŸçŸ¥æ•°æ®è¶…æ—¶ (%.2fç§’)ï¼Œåˆ‡æ¢åˆ°ä¿å®ˆæ¨¡å¼",
      |                         [01;31m[K^~~~[m[K
[01m[K/Pav-S_ws/src/navigation2-humble/navigation_manager/src/cruise_perception_navigator.cpp:142:25:[m[K [01;31m[Kerror: [m[Kinvalid use of â€˜[01m[Kthis[m[Kâ€™ in non-member function
[01m[K/Pav-S_ws/src/navigation2-humble/navigation_manager/src/cruise_perception_navigator.cpp:142:13:[m[K [01;31m[Kerror: [m[Ktemplate argument 1 is invalid
  142 |             [01;31m[KRCLCPP_WARN[m[K(this->get_logger(), "æ„ŸçŸ¥æ•°æ®è¶…æ—¶ (%.2fç§’)ï¼Œåˆ‡æ¢åˆ°ä¿å®ˆæ¨¡å¼",
      |             [01;31m[K^~~~~~~~~~~[m[K
In file included from [01m[K/opt/ros/humble/include/rclcpp/rclcpp/logging.hpp:24[m[K,
                 from [01m[K/opt/ros/humble/include/rclcpp/rclcpp/client.hpp:40[m[K,
                 from [01m[K/opt/ros/humble/include/rclcpp/rclcpp/callback_group.hpp:24[m[K,
                 from [01m[K/opt/ros/humble/include/rclcpp/rclcpp/any_executable.hpp:20[m[K,
                 from [01m[K/opt/ros/humble/include/rclcpp/rclcpp/memory_strategy.hpp:25[m[K,
                 from [01m[K/opt/ros/humble/include/rclcpp/rclcpp/memory_strategies.hpp:18[m[K,
                 from [01m[K/opt/ros/humble/include/rclcpp/rclcpp/executor_options.hpp:20[m[K,
                 from [01m[K/opt/ros/humble/include/rclcpp/rclcpp/executor.hpp:37[m[K,
                 from [01m[K/opt/ros/humble/include/rclcpp/rclcpp/executors/multi_threaded_executor.hpp:25[m[K,
                 from [01m[K/opt/ros/humble/include/rclcpp/rclcpp/executors.hpp:21[m[K,
                 from [01m[K/opt/ros/humble/include/rclcpp/rclcpp/rclcpp.hpp:155[m[K,
                 from [01m[K/Pav-S_ws/src/navigation2-humble/navigation_manager/src/cruise_perception_navigator.cpp:6[m[K:
[01m[K/Pav-S_ws/src/navigation2-humble/navigation_manager/src/cruise_perception_navigator.cpp:142:25:[m[K [01;31m[Kerror: [m[Kinvalid use of â€˜[01m[Kthis[m[Kâ€™ in non-member function
  142 |             RCLCPP_WARN([01;31m[Kthis[m[K->get_logger(), "æ„ŸçŸ¥æ•°æ®è¶…æ—¶ (%.2fç§’)ï¼Œåˆ‡æ¢åˆ°ä¿å®ˆæ¨¡å¼",
      |                         [01;31m[K^~~~[m[K
[01m[K/Pav-S_ws/src/navigation2-humble/navigation_manager/src/cruise_perception_navigator.cpp:142:25:[m[K [01;31m[Kerror: [m[Kinvalid use of â€˜[01m[Kthis[m[Kâ€™ in non-member function
  142 |             RCLCPP_WARN([01;31m[Kthis[m[K->get_logger(), "æ„ŸçŸ¥æ•°æ®è¶…æ—¶ (%.2fç§’)ï¼Œåˆ‡æ¢åˆ°ä¿å®ˆæ¨¡å¼",
      |                         [01;31m[K^~~~[m[K
[01m[K/Pav-S_ws/src/navigation2-humble/navigation_manager/src/cruise_perception_navigator.cpp:145:13:[m[K [01;31m[Kerror: [m[Kâ€˜[01m[KactivateConservativeMode[m[Kâ€™ was not declared in this scope
  145 |             [01;31m[KactivateConservativeMode[m[K();
      |             [01;31m[K^~~~~~~~~~~~~~~~~~~~~~~~[m[K
[01m[K/Pav-S_ws/src/navigation2-humble/navigation_manager/src/cruise_perception_navigator.cpp:[m[K In function â€˜[01m[Kvoid adjustNavigationStrategy()[m[Kâ€™:
[01m[K/Pav-S_ws/src/navigation2-humble/navigation_manager/src/cruise_perception_navigator.cpp:153:13:[m[K [01;31m[Kerror: [m[Kâ€˜[01m[Kobstacle_detected_[m[Kâ€™ was not declared in this scope
  153 |         if ([01;31m[Kobstacle_detected_[m[K) {
      |             [01;31m[K^~~~~~~~~~~~~~~~~~[m[K
[01m[K/Pav-S_ws/src/navigation2-humble/navigation_manager/src/cruise_perception_navigator.cpp:155:30:[m[K [01;31m[Kerror: [m[Kâ€˜[01m[KgenerateObstacleAvoidanceCommand[m[Kâ€™ was not declared in this scope
  155 |             adjustment_cmd = [01;31m[KgenerateObstacleAvoidanceCommand[m[K();
      |                              [01;31m[K^~~~~~~~~~~~~~~~~~~~~~~~~~~~~~~~[m[K
In file included from [01m[K/opt/ros/humble/include/rclcpp/rclcpp/client.hpp:40[m[K,
                 from [01m[K/opt/ros/humble/include/rclcpp/rclcpp/callback_group.hpp:24[m[K,
                 from [01m[K/opt/ros/humble/include/rclcpp/rclcpp/any_executable.hpp:20[m[K,
                 from [01m[K/opt/ros/humble/include/rclcpp/rclcpp/memory_strategy.hpp:25[m[K,
                 from [01m[K/opt/ros/humble/include/rclcpp/rclcpp/memory_strategies.hpp:18[m[K,
                 from [01m[K/opt/ros/humble/include/rclcpp/rclcpp/executor_options.hpp:20[m[K,
                 from [01m[K/opt/ros/humble/include/rclcpp/rclcpp/executor.hpp:37[m[K,
                 from [01m[K/opt/ros/humble/include/rclcpp/rclcpp/executors/multi_threaded_executor.hpp:25[m[K,
                 from [01m[K/opt/ros/humble/include/rclcpp/rclcpp/executors.hpp:21[m[K,
                 from [01m[K/opt/ros/humble/include/rclcpp/rclcpp/rclcpp.hpp:155[m[K,
                 from [01m[K/Pav-S_ws/src/navigation2-humble/navigation_manager/src/cruise_perception_navigator.cpp:6[m[K:
[01m[K/Pav-S_ws/src/navigation2-humble/navigation_manager/src/cruise_perception_navigator.cpp:156:26:[m[K [01;31m[Kerror: [m[Kinvalid use of â€˜[01m[Kthis[m[Kâ€™ in non-member function
  156 |             RCLCPP_DEBUG([01;31m[Kthis[m[K->get_logger(), "æ‰§è¡Œéšœç¢ç‰©è§„é¿");
      |                          [01;31m[K^~~~[m[K
[01m[K/Pav-S_ws/src/navigation2-humble/navigation_manager/src/cruise_perception_navigator.cpp:156:26:[m[K [01;31m[Kerror: [m[Kinvalid use of â€˜[01m[Kthis[m[Kâ€™ in non-member function
[01m[K/Pav-S_ws/src/navigation2-humble/navigation_manager/src/cruise_perception_navigator.cpp:156:13:[m[K [01;31m[Kerror: [m[Ktemplate argument 1 is invalid
  156 |             [01;31m[KRCLCPP_DEBUG[m[K(this->get_logger(), "æ‰§è¡Œéšœç¢ç‰©è§„é¿");
      |             [01;31m[K^~~~~~~~~~~~[m[K
In file included from [01m[K/opt/ros/humble/include/rclcpp/rclcpp/logging.hpp:24[m[K,
                 from [01m[K/opt/ros/humble/include/rclcpp/rclcpp/client.hpp:40[m[K,
                 from [01m[K/opt/ros/humble/include/rclcpp/rclcpp/callback_group.hpp:24[m[K,
                 from [01m[K/opt/ros/humble/include/rclcpp/rclcpp/any_executable.hpp:20[m[K,
                 from [01m[K/opt/ros/humble/include/rclcpp/rclcpp/memory_strategy.hpp:25[m[K,
                 from [01m[K/opt/ros/humble/include/rclcpp/rclcpp/memory_strategies.hpp:18[m[K,
                 from [01m[K/opt/ros/humble/include/rclcpp/rclcpp/executor_options.hpp:20[m[K,
                 from [01m[K/opt/ros/humble/include/rclcpp/rclcpp/executor.hpp:37[m[K,
                 from [01m[K/opt/ros/humble/include/rclcpp/rclcpp/executors/multi_threaded_executor.hpp:25[m[K,
                 from [01m[K/opt/ros/humble/include/rclcpp/rclcpp/executors.hpp:21[m[K,
                 from [01m[K/opt/ros/humble/include/rclcpp/rclcpp/rclcpp.hpp:155[m[K,
                 from [01m[K/Pav-S_ws/src/navigation2-humble/navigation_manager/src/cruise_perception_navigator.cpp:6[m[K:
[01m[K/Pav-S_ws/src/navigation2-humble/navigation_manager/src/cruise_perception_navigator.cpp:156:26:[m[K [01;31m[Kerror: [m[Kinvalid use of â€˜[01m[Kthis[m[Kâ€™ in non-member function
  156 |             RCLCPP_DEBUG([01;31m[Kthis[m[K->get_logger(), "æ‰§è¡Œéšœç¢ç‰©è§„é¿");
      |                          [01;31m[K^~~~[m[K
[01m[K/Pav-S_ws/src/navigation2-humble/navigation_manager/src/cruise_perception_navigator.cpp:156:26:[m[K [01;31m[Kerror: [m[Kinvalid use of â€˜[01m[Kthis[m[Kâ€™ in non-member function
  156 |             RCLCPP_DEBUG([01;31m[Kthis[m[K->get_logger(), "æ‰§è¡Œéšœç¢ç‰©è§„é¿");
      |                          [01;31m[K^~~~[m[K
[01m[K/Pav-S_ws/src/navigation2-humble/navigation_manager/src/cruise_perception_navigator.cpp:158:18:[m[K [01;31m[Kerror: [m[Kâ€˜[01m[Klane_blocked_[m[Kâ€™ was not declared in this scope
  158 |         else if ([01;31m[Klane_blocked_[m[K) {
      |                  [01;31m[K^~~~~~~~~~~~~[m[K
[01m[K/Pav-S_ws/src/navigation2-humble/navigation_manager/src/cruise_perception_navigator.cpp:160:30:[m[K [01;31m[Kerror: [m[Kâ€˜[01m[KgenerateLaneChangeCommand[m[Kâ€™ was not declared in this scope
  160 |             adjustment_cmd = [01;31m[KgenerateLaneChangeCommand[m[K();
      |                              [01;31m[K^~~~~~~~~~~~~~~~~~~~~~~~~[m[K
In file included from [01m[K/opt/ros/humble/include/rclcpp/rclcpp/client.hpp:40[m[K,
                 from [01m[K/opt/ros/humble/include/rclcpp/rclcpp/callback_group.hpp:24[m[K,
                 from [01m[K/opt/ros/humble/include/rclcpp/rclcpp/any_executable.hpp:20[m[K,
                 from [01m[K/opt/ros/humble/include/rclcpp/rclcpp/memory_strategy.hpp:25[m[K,
                 from [01m[K/opt/ros/humble/include/rclcpp/rclcpp/memory_strategies.hpp:18[m[K,
                 from [01m[K/opt/ros/humble/include/rclcpp/rclcpp/executor_options.hpp:20[m[K,
                 from [01m[K/opt/ros/humble/include/rclcpp/rclcpp/executor.hpp:37[m[K,
                 from [01m[K/opt/ros/humble/include/rclcpp/rclcpp/executors/multi_threaded_executor.hpp:25[m[K,
                 from [01m[K/opt/ros/humble/include/rclcpp/rclcpp/executors.hpp:21[m[K,
                 from [01m[K/opt/ros/humble/include/rclcpp/rclcpp/rclcpp.hpp:155[m[K,
                 from [01m[K/Pav-S_ws/src/navigation2-humble/navigation_manager/src/cruise_perception_navigator.cpp:6[m[K:
[01m[K/Pav-S_ws/src/navigation2-humble/navigation_manager/src/cruise_perception_navigator.cpp:161:26:[m[K [01;31m[Kerror: [m[Kinvalid use of â€˜[01m[Kthis[m[Kâ€™ in non-member function
  161 |             RCLCPP_DEBUG([01;31m[Kthis[m[K->get_logger(), "æ‰§è¡Œå˜é“ç­–ç•¥");
      |                          [01;31m[K^~~~[m[K
[01m[K/Pav-S_ws/src/navigation2-humble/navigation_manager/src/cruise_perception_navigator.cpp:161:26:[m[K [01;31m[Kerror: [m[Kinvalid use of â€˜[01m[Kthis[m[Kâ€™ in non-member function
[01m[K/Pav-S_ws/src/navigation2-humble/navigation_manager/src/cruise_perception_navigator.cpp:161:13:[m[K [01;31m[Kerror: [m[Ktemplate argument 1 is invalid
  161 |             [01;31m[KRCLCPP_DEBUG[m[K(this->get_logger(), "æ‰§è¡Œå˜é“ç­–ç•¥");
      |             [01;31m[K^~~~~~~~~~~~[m[K
In file included from [01m[K/opt/ros/humble/include/rclcpp/rclcpp/logging.hpp:24[m[K,
                 from [01m[K/opt/ros/humble/include/rclcpp/rclcpp/client.hpp:40[m[K,
                 from [01m[K/opt/ros/humble/include/rclcpp/rclcpp/callback_group.hpp:24[m[K,
                 from [01m[K/opt/ros/humble/include/rclcpp/rclcpp/any_executable.hpp:20[m[K,
                 from [01m[K/opt/ros/humble/include/rclcpp/rclcpp/memory_strategy.hpp:25[m[K,
                 from [01m[K/opt/ros/humble/include/rclcpp/rclcpp/memory_strategies.hpp:18[m[K,
                 from [01m[K/opt/ros/humble/include/rclcpp/rclcpp/executor_options.hpp:20[m[K,
                 from [01m[K/opt/ros/humble/include/rclcpp/rclcpp/executor.hpp:37[m[K,
                 from [01m[K/opt/ros/humble/include/rclcpp/rclcpp/executors/multi_threaded_executor.hpp:25[m[K,
                 from [01m[K/opt/ros/humble/include/rclcpp/rclcpp/executors.hpp:21[m[K,
                 from [01m[K/opt/ros/humble/include/rclcpp/rclcpp/rclcpp.hpp:155[m[K,
                 from [01m[K/Pav-S_ws/src/navigation2-humble/navigation_manager/src/cruise_perception_navigator.cpp:6[m[K:
[01m[K/Pav-S_ws/src/navigation2-humble/navigation_manager/src/cruise_perception_navigator.cpp:161:26:[m[K [01;31m[Kerror: [m[Kinvalid use of â€˜[01m[Kthis[m[Kâ€™ in non-member function
  161 |             RCLCPP_DEBUG([01;31m[Kthis[m[K->get_logger(), "æ‰§è¡Œå˜é“ç­–ç•¥");
      |                          [01;31m[K^~~~[m[K
[01m[K/Pav-S_ws/src/navigation2-humble/navigation_manager/src/cruise_perception_navigator.cpp:161:26:[m[K [01;31m[Kerror: [m[Kinvalid use of â€˜[01m[Kthis[m[Kâ€™ in non-member function
  161 |             RCLCPP_DEBUG([01;31m[Kthis[m[K->get_logger(), "æ‰§è¡Œå˜é“ç­–ç•¥");
      |                          [01;31m[K^~~~[m[K
[01m[K/Pav-S_ws/src/navigation2-humble/navigation_manager/src/cruise_perception_navigator.cpp:163:18:[m[K [01;31m[Kerror: [m[Kâ€˜[01m[Kred_traffic_light_[m[Kâ€™ was not declared in this scope
  163 |         else if ([01;31m[Kred_traffic_light_[m[K) {
      |                  [01;31m[K^~~~~~~~~~~~~~~~~~[m[K
[01m[K/Pav-S_ws/src/navigation2-humble/navigation_manager/src/cruise_perception_navigator.cpp:165:30:[m[K [01;31m[Kerror: [m[Kâ€˜[01m[KgenerateStopCommand[m[Kâ€™ was not declared in this scope
  165 |             adjustment_cmd = [01;31m[KgenerateStopCommand[m[K();
      |                              [01;31m[K^~~~~~~~~~~~~~~~~~~[m[K
In file included from [01m[K/opt/ros/humble/include/rclcpp/rclcpp/client.hpp:40[m[K,
                 from [01m[K/opt/ros/humble/include/rclcpp/rclcpp/callback_group.hpp:24[m[K,
                 from [01m[K/opt/ros/humble/include/rclcpp/rclcpp/any_executable.hpp:20[m[K,
                 from [01m[K/opt/ros/humble/include/rclcpp/rclcpp/memory_strategy.hpp:25[m[K,
                 from [01m[K/opt/ros/humble/include/rclcpp/rclcpp/memory_strategies.hpp:18[m[K,
                 from [01m[K/opt/ros/humble/include/rclcpp/rclcpp/executor_options.hpp:20[m[K,
                 from [01m[K/opt/ros/humble/include/rclcpp/rclcpp/executor.hpp:37[m[K,
                 from [01m[K/opt/ros/humble/include/rclcpp/rclcpp/executors/multi_threaded_executor.hpp:25[m[K,
                 from [01m[K/opt/ros/humble/include/rclcpp/rclcpp/executors.hpp:21[m[K,
                 from [01m[K/opt/ros/humble/include/rclcpp/rclcpp/rclcpp.hpp:155[m[K,
                 from [01m[K/Pav-S_ws/src/navigation2-humble/navigation_manager/src/cruise_perception_navigator.cpp:6[m[K:
[01m[K/Pav-S_ws/src/navigation2-humble/navigation_manager/src/cruise_perception_navigator.cpp:166:26:[m[K [01;31m[Kerror: [m[Kinvalid use of â€˜[01m[Kthis[m[Kâ€™ in non-member function
  166 |             RCLCPP_DEBUG([01;31m[Kthis[m[K->get_logger(), "æ‰§è¡Œçº¢ç¯åœè½¦");
      |                          [01;31m[K^~~~[m[K
[01m[K/Pav-S_ws/src/navigation2-humble/navigation_manager/src/cruise_perception_navigator.cpp:166:26:[m[K [01;31m[Kerror: [m[Kinvalid use of â€˜[01m[Kthis[m[Kâ€™ in non-member function
[01m[K/Pav-S_ws/src/navigation2-humble/navigation_manager/src/cruise_perception_navigator.cpp:166:13:[m[K [01;31m[Kerror: [m[Ktemplate argument 1 is invalid
  166 |             [01;31m[KRCLCPP_DEBUG[m[K(this->get_logger(), "æ‰§è¡Œçº¢ç¯åœè½¦");
      |             [01;31m[K^~~~~~~~~~~~[m[K
In file included from [01m[K/opt/ros/humble/include/rclcpp/rclcpp/logging.hpp:24[m[K,
                 from [01m[K/opt/ros/humble/include/rclcpp/rclcpp/client.hpp:40[m[K,
                 from [01m[K/opt/ros/humble/include/rclcpp/rclcpp/callback_group.hpp:24[m[K,
                 from [01m[K/opt/ros/humble/include/rclcpp/rclcpp/any_executable.hpp:20[m[K,
                 from [01m[K/opt/ros/humble/include/rclcpp/rclcpp/memory_strategy.hpp:25[m[K,
                 from [01m[K/opt/ros/humble/include/rclcpp/rclcpp/memory_strategies.hpp:18[m[K,
                 from [01m[K/opt/ros/humble/include/rclcpp/rclcpp/executor_options.hpp:20[m[K,
                 from [01m[K/opt/ros/humble/include/rclcpp/rclcpp/executor.hpp:37[m[K,
                 from [01m[K/opt/ros/humble/include/rclcpp/rclcpp/executors/multi_threaded_executor.hpp:25[m[K,
                 from [01m[K/opt/ros/humble/include/rclcpp/rclcpp/executors.hpp:21[m[K,
                 from [01m[K/opt/ros/humble/include/rclcpp/rclcpp/rclcpp.hpp:155[m[K,
                 from [01m[K/Pav-S_ws/src/navigation2-humble/navigation_manager/src/cruise_perception_navigator.cpp:6[m[K:
[01m[K/Pav-S_ws/src/navigation2-humble/navigation_manager/src/cruise_perception_navigator.cpp:166:26:[m[K [01;31m[Kerror: [m[Kinvalid use of â€˜[01m[Kthis[m[Kâ€™ in non-member function
  166 |             RCLCPP_DEBUG([01;31m[Kthis[m[K->get_logger(), "æ‰§è¡Œçº¢ç¯åœè½¦");
      |                          [01;31m[K^~~~[m[K
[01m[K/Pav-S_ws/src/navigation2-humble/navigation_manager/src/cruise_perception_navigator.cpp:166:26:[m[K [01;31m[Kerror: [m[Kinvalid use of â€˜[01m[Kthis[m[Kâ€™ in non-member function
  166 |             RCLCPP_DEBUG([01;31m[Kthis[m[K->get_logger(), "æ‰§è¡Œçº¢ç¯åœè½¦");
      |                          [01;31m[K^~~~[m[K
[01m[K/Pav-S_ws/src/navigation2-humble/navigation_manager/src/cruise_perception_navigator.cpp:170:30:[m[K [01;31m[Kerror: [m[Kâ€˜[01m[KgenerateNormalCruiseCommand[m[Kâ€™ was not declared in this scope
  170 |             adjustment_cmd = [01;31m[KgenerateNormalCruiseCommand[m[K();
      |                              [01;31m[K^~~~~~~~~~~~~~~~~~~~~~~~~~~[m[K
In file included from [01m[K/opt/ros/humble/include/rclcpp/rclcpp/client.hpp:40[m[K,
                 from [01m[K/opt/ros/humble/include/rclcpp/rclcpp/callback_group.hpp:24[m[K,
                 from [01m[K/opt/ros/humble/include/rclcpp/rclcpp/any_executable.hpp:20[m[K,
                 from [01m[K/opt/ros/humble/include/rclcpp/rclcpp/memory_strategy.hpp:25[m[K,
                 from [01m[K/opt/ros/humble/include/rclcpp/rclcpp/memory_strategies.hpp:18[m[K,
                 from [01m[K/opt/ros/humble/include/rclcpp/rclcpp/executor_options.hpp:20[m[K,
                 from [01m[K/opt/ros/humble/include/rclcpp/rclcpp/executor.hpp:37[m[K,
                 from [01m[K/opt/ros/humble/include/rclcpp/rclcpp/executors/multi_threaded_executor.hpp:25[m[K,
                 from [01m[K/opt/ros/humble/include/rclcpp/rclcpp/executors.hpp:21[m[K,
                 from [01m[K/opt/ros/humble/include/rclcpp/rclcpp/rclcpp.hpp:155[m[K,
                 from [01m[K/Pav-S_ws/src/navigation2-humble/navigation_manager/src/cruise_perception_navigator.cpp:6[m[K:
[01m[K/Pav-S_ws/src/navigation2-humble/navigation_manager/src/cruise_perception_navigator.cpp:171:26:[m[K [01;31m[Kerror: [m[Kinvalid use of â€˜[01m[Kthis[m[Kâ€™ in non-member function
  171 |             RCLCPP_DEBUG([01;31m[Kthis[m[K->get_logger(), "æ­£å¸¸å·¡èˆªæ¨¡å¼");
      |                          [01;31m[K^~~~[m[K
[01m[K/Pav-S_ws/src/navigation2-humble/navigation_manager/src/cruise_perception_navigator.cpp:171:26:[m[K [01;31m[Kerror: [m[Kinvalid use of â€˜[01m[Kthis[m[Kâ€™ in non-member function
[01m[K/Pav-S_ws/src/navigation2-humble/navigation_manager/src/cruise_perception_navigator.cpp:171:13:[m[K [01;31m[Kerror: [m[Ktemplate argument 1 is invalid
  171 |             [01;31m[KRCLCPP_DEBUG[m[K(this->get_logger(), "æ­£å¸¸å·¡èˆªæ¨¡å¼");
      |             [01;31m[K^~~~~~~~~~~~[m[K
In file included from [01m[K/opt/ros/humble/include/rclcpp/rclcpp/logging.hpp:24[m[K,
                 from [01m[K/opt/ros/humble/include/rclcpp/rclcpp/client.hpp:40[m[K,
                 from [01m[K/opt/ros/humble/include/rclcpp/rclcpp/callback_group.hpp:24[m[K,
                 from [01m[K/opt/ros/humble/include/rclcpp/rclcpp/any_executable.hpp:20[m[K,
                 from [01m[K/opt/ros/humble/include/rclcpp/rclcpp/memory_strategy.hpp:25[m[K,
                 from [01m[K/opt/ros/humble/include/rclcpp/rclcpp/memory_strategies.hpp:18[m[K,
                 from [01m[K/opt/ros/humble/include/rclcpp/rclcpp/executor_options.hpp:20[m[K,
                 from [01m[K/opt/ros/humble/include/rclcpp/rclcpp/executor.hpp:37[m[K,
                 from [01m[K/opt/ros/humble/include/rclcpp/rclcpp/executors/multi_threaded_executor.hpp:25[m[K,
                 from [01m[K/opt/ros/humble/include/rclcpp/rclcpp/executors.hpp:21[m[K,
                 from [01m[K/opt/ros/humble/include/rclcpp/rclcpp/rclcpp.hpp:155[m[K,
                 from [01m[K/Pav-S_ws/src/navigation2-humble/navigation_manager/src/cruise_perception_navigator.cpp:6[m[K:
[01m[K/Pav-S_ws/src/navigation2-humble/navigation_manager/src/cruise_perception_navigator.cpp:171:26:[m[K [01;31m[Kerror: [m[Kinvalid use of â€˜[01m[Kthis[m[Kâ€™ in non-member function
  171 |             RCLCPP_DEBUG([01;31m[Kthis[m[K->get_logger(), "æ­£å¸¸å·¡èˆªæ¨¡å¼");
      |                          [01;31m[K^~~~[m[K
[01m[K/Pav-S_ws/src/navigation2-humble/navigation_manager/src/cruise_perception_navigator.cpp:171:26:[m[K [01;31m[Kerror: [m[Kinvalid use of â€˜[01m[Kthis[m[Kâ€™ in non-member function
  171 |             RCLCPP_DEBUG([01;31m[Kthis[m[K->get_logger(), "æ­£å¸¸å·¡èˆªæ¨¡å¼");
      |                          [01;31m[K^~~~[m[K
[01m[K/Pav-S_ws/src/navigation2-humble/navigation_manager/src/cruise_perception_navigator.cpp:175:9:[m[K [01;31m[Kerror: [m[Kâ€˜[01m[Knavigation_adjustment_pub_[m[Kâ€™ was not declared in this scope
  175 |         [01;31m[Knavigation_adjustment_pub_[m[K->publish(adjustment_cmd);
      |         [01;31m[K^~~~~~~~~~~~~~~~~~~~~~~~~~[m[K
In file included from [01m[K/opt/ros/humble/include/rclcpp/rclcpp/client.hpp:40[m[K,
                 from [01m[K/opt/ros/humble/include/rclcpp/rclcpp/callback_group.hpp:24[m[K,
                 from [01m[K/opt/ros/humble/include/rclcpp/rclcpp/any_executable.hpp:20[m[K,
                 from [01m[K/opt/ros/humble/include/rclcpp/rclcpp/memory_strategy.hpp:25[m[K,
                 from [01m[K/opt/ros/humble/include/rclcpp/rclcpp/memory_strategies.hpp:18[m[K,
                 from [01m[K/opt/ros/humble/include/rclcpp/rclcpp/executor_options.hpp:20[m[K,
                 from [01m[K/opt/ros/humble/include/rclcpp/rclcpp/executor.hpp:37[m[K,
                 from [01m[K/opt/ros/humble/include/rclcpp/rclcpp/executors/multi_threaded_executor.hpp:25[m[K,
                 from [01m[K/opt/ros/humble/include/rclcpp/rclcpp/executors.hpp:21[m[K,
                 from [01m[K/opt/ros/humble/include/rclcpp/rclcpp/rclcpp.hpp:155[m[K,
                 from [01m[K/Pav-S_ws/src/navigation2-humble/navigation_manager/src/cruise_perception_navigator.cpp:6[m[K:
[01m[K/Pav-S_ws/src/navigation2-humble/navigation_manager/src/cruise_perception_navigator.cpp:[m[K In function â€˜[01m[Kvoid activateConservativeMode()[m[Kâ€™:
[01m[K/Pav-S_ws/src/navigation2-humble/navigation_manager/src/cruise_perception_navigator.cpp:226:21:[m[K [01;31m[Kerror: [m[Kinvalid use of â€˜[01m[Kthis[m[Kâ€™ in non-member function
  226 |         RCLCPP_WARN([01;31m[Kthis[m[K->get_logger(), "æ¿€æ´»ä¿å®ˆå¯¼èˆªæ¨¡å¼");
      |                     [01;31m[K^~~~[m[K
[01m[K/Pav-S_ws/src/navigation2-humble/navigation_manager/src/cruise_perception_navigator.cpp:226:21:[m[K [01;31m[Kerror: [m[Kinvalid use of â€˜[01m[Kthis[m[Kâ€™ in non-member function
[01m[K/Pav-S_ws/src/navigation2-humble/navigation_manager/src/cruise_perception_navigator.cpp:226:9:[m[K [01;31m[Kerror: [m[Ktemplate argument 1 is invalid
  226 |         [01;31m[KRCLCPP_WARN[m[K(this->get_logger(), "æ¿€æ´»ä¿å®ˆå¯¼èˆªæ¨¡å¼");
      |         [01;31m[K^~~~~~~~~~~[m[K
In file included from [01m[K/opt/ros/humble/include/rclcpp/rclcpp/logging.hpp:24[m[K,
                 from [01m[K/opt/ros/humble/include/rclcpp/rclcpp/client.hpp:40[m[K,
                 from [01m[K/opt/ros/humble/include/rclcpp/rclcpp/callback_group.hpp:24[m[K,
                 from [01m[K/opt/ros/humble/include/rclcpp/rclcpp/any_executable.hpp:20[m[K,
                 from [01m[K/opt/ros/humble/include/rclcpp/rclcpp/memory_strategy.hpp:25[m[K,
                 from [01m[K/opt/ros/humble/include/rclcpp/rclcpp/memory_strategies.hpp:18[m[K,
                 from [01m[K/opt/ros/humble/include/rclcpp/rclcpp/executor_options.hpp:20[m[K,
                 from [01m[K/opt/ros/humble/include/rclcpp/rclcpp/executor.hpp:37[m[K,
                 from [01m[K/opt/ros/humble/include/rclcpp/rclcpp/executors/multi_threaded_executor.hpp:25[m[K,
                 from [01m[K/opt/ros/humble/include/rclcpp/rclcpp/executors.hpp:21[m[K,
                 from [01m[K/opt/ros/humble/include/rclcpp/rclcpp/rclcpp.hpp:155[m[K,
                 from [01m[K/Pav-S_ws/src/navigation2-humble/navigation_manager/src/cruise_perception_navigator.cpp:6[m[K:
[01m[K/Pav-S_ws/src/navigation2-humble/navigation_manager/src/cruise_perception_navigator.cpp:226:21:[m[K [01;31m[Kerror: [m[Kinvalid use of â€˜[01m[Kthis[m[Kâ€™ in non-member function
  226 |         RCLCPP_WARN([01;31m[Kthis[m[K->get_logger(), "æ¿€æ´»ä¿å®ˆå¯¼èˆªæ¨¡å¼");
      |                     [01;31m[K^~~~[m[K
[01m[K/Pav-S_ws/src/navigation2-humble/navigation_manager/src/cruise_perception_navigator.cpp:226:21:[m[K [01;31m[Kerror: [m[Kinvalid use of â€˜[01m[Kthis[m[Kâ€™ in non-member function
  226 |         RCLCPP_WARN([01;31m[Kthis[m[K->get_logger(), "æ¿€æ´»ä¿å®ˆå¯¼èˆªæ¨¡å¼");
      |                     [01;31m[K^~~~[m[K
[01m[K/Pav-S_ws/src/navigation2-humble/navigation_manager/src/cruise_perception_navigator.cpp:232:9:[m[K [01;31m[Kerror: [m[Kâ€˜[01m[Knavigation_adjustment_pub_[m[Kâ€™ was not declared in this scope
  232 |         [01;31m[Knavigation_adjustment_pub_[m[K->publish(cmd);
      |         [01;31m[K^~~~~~~~~~~~~~~~~~~~~~~~~~[m[K
[01m[K/Pav-S_ws/src/navigation2-humble/navigation_manager/src/cruise_perception_navigator.cpp:[m[K In function â€˜[01m[Kvoid updatePerceptionStatus()[m[Kâ€™:
[01m[K/Pav-S_ws/src/navigation2-humble/navigation_manager/src/cruise_perception_navigator.cpp:245:20:[m[K [01;31m[Kerror: [m[Kinvalid use of â€˜[01m[Kthis[m[Kâ€™ in non-member function
  245 |         auto now = [01;31m[Kthis[m[K->now();
      |                    [01;31m[K^~~~[m[K
In file included from [01m[K/opt/ros/humble/include/rclcpp/rclcpp/client.hpp:40[m[K,
                 from [01m[K/opt/ros/humble/include/rclcpp/rclcpp/callback_group.hpp:24[m[K,
                 from [01m[K/opt/ros/humble/include/rclcpp/rclcpp/any_executable.hpp:20[m[K,
                 from [01m[K/opt/ros/humble/include/rclcpp/rclcpp/memory_strategy.hpp:25[m[K,
                 from [01m[K/opt/ros/humble/include/rclcpp/rclcpp/memory_strategies.hpp:18[m[K,
                 from [01m[K/opt/ros/humble/include/rclcpp/rclcpp/executor_options.hpp:20[m[K,
                 from [01m[K/opt/ros/humble/include/rclcpp/rclcpp/executor.hpp:37[m[K,
                 from [01m[K/opt/ros/humble/include/rclcpp/rclcpp/executors/multi_threaded_executor.hpp:25[m[K,
                 from [01m[K/opt/ros/humble/include/rclcpp/rclcpp/executors.hpp:21[m[K,
                 from [01m[K/opt/ros/humble/include/rclcpp/rclcpp/rclcpp.hpp:155[m[K,
                 from [01m[K/Pav-S_ws/src/navigation2-humble/navigation_manager/src/cruise_perception_navigator.cpp:6[m[K:
[01m[K/Pav-S_ws/src/navigation2-humble/navigation_manager/src/cruise_perception_navigator.cpp:247:22:[m[K [01;31m[Kerror: [m[Kinvalid use of â€˜[01m[Kthis[m[Kâ€™ in non-member function
  247 |         RCLCPP_DEBUG([01;31m[Kthis[m[K->get_logger(),
      |                      [01;31m[K^~~~[m[K
[01m[K/Pav-S_ws/src/navigation2-humble/navigation_manager/src/cruise_perception_navigator.cpp:247:22:[m[K [01;31m[Kerror: [m[Kinvalid use of â€˜[01m[Kthis[m[Kâ€™ in non-member function
[01m[K/Pav-S_ws/src/navigation2-humble/navigation_manager/src/cruise_perception_navigator.cpp:247:9:[m[K [01;31m[Kerror: [m[Ktemplate argument 1 is invalid
  247 |         [01;31m[KRCLCPP_DEBUG[m[K(this->get_logger(),
      |         [01;31m[K^~~~~~~~~~~~[m[K
In file included from [01m[K/opt/ros/humble/include/rclcpp/rclcpp/logging.hpp:24[m[K,
                 from [01m[K/opt/ros/humble/include/rclcpp/rclcpp/client.hpp:40[m[K,
                 from [01m[K/opt/ros/humble/include/rclcpp/rclcpp/callback_group.hpp:24[m[K,
                 from [01m[K/opt/ros/humble/include/rclcpp/rclcpp/any_executable.hpp:20[m[K,
                 from [01m[K/opt/ros/humble/include/rclcpp/rclcpp/memory_strategy.hpp:25[m[K,
                 from [01m[K/opt/ros/humble/include/rclcpp/rclcpp/memory_strategies.hpp:18[m[K,
                 from [01m[K/opt/ros/humble/include/rclcpp/rclcpp/executor_options.hpp:20[m[K,
                 from [01m[K/opt/ros/humble/include/rclcpp/rclcpp/executor.hpp:37[m[K,
                 from [01m[K/opt/ros/humble/include/rclcpp/rclcpp/executors/multi_threaded_executor.hpp:25[m[K,
                 from [01m[K/opt/ros/humble/include/rclcpp/rclcpp/executors.hpp:21[m[K,
                 from [01m[K/opt/ros/humble/include/rclcpp/rclcpp/rclcpp.hpp:155[m[K,
                 from [01m[K/Pav-S_ws/src/navigation2-humble/navigation_manager/src/cruise_perception_navigator.cpp:6[m[K:
[01m[K/Pav-S_ws/src/navigation2-humble/navigation_manager/src/cruise_perception_navigator.cpp:247:22:[m[K [01;31m[Kerror: [m[Kinvalid use of â€˜[01m[Kthis[m[Kâ€™ in non-member function
  247 |         RCLCPP_DEBUG([01;31m[Kthis[m[K->get_logger(),
      |                      [01;31m[K^~~~[m[K
[01m[K/Pav-S_ws/src/navigation2-humble/navigation_manager/src/cruise_perception_navigator.cpp:247:22:[m[K [01;31m[Kerror: [m[Kinvalid use of â€˜[01m[Kthis[m[Kâ€™ in non-member function
  247 |         RCLCPP_DEBUG([01;31m[Kthis[m[K->get_logger(),
      |                      [01;31m[K^~~~[m[K
[01m[K/Pav-S_ws/src/navigation2-humble/navigation_manager/src/cruise_perception_navigator.cpp:249:22:[m[K [01;31m[Kerror: [m[Kâ€˜[01m[Kobstacle_detected_[m[Kâ€™ was not declared in this scope
  249 |                      [01;31m[Kobstacle_detected_[m[K ? "æ˜¯" : "å¦",
      |                      [01;31m[K^~~~~~~~~~~~~~~~~~[m[K
[01m[K/Pav-S_ws/src/navigation2-humble/navigation_manager/src/cruise_perception_navigator.cpp:250:22:[m[K [01;31m[Kerror: [m[Kâ€˜[01m[Klane_blocked_[m[Kâ€™ was not declared in this scope
  250 |                      [01;31m[Klane_blocked_[m[K ? "æ˜¯" : "å¦",
      |                      [01;31m[K^~~~~~~~~~~~~[m[K
[01m[K/Pav-S_ws/src/navigation2-humble/navigation_manager/src/cruise_perception_navigator.cpp:251:22:[m[K [01;31m[Kerror: [m[Kâ€˜[01m[Kred_traffic_light_[m[Kâ€™ was not declared in this scope
  251 |                      [01;31m[Kred_traffic_light_[m[K ? "æ˜¯" : "å¦");
      |                      [01;31m[K^~~~~~~~~~~~~~~~~~[m[K
[01m[K/Pav-S_ws/src/navigation2-humble/navigation_manager/src/cruise_perception_navigator.cpp:[m[K At global scope:
[01m[K/Pav-S_ws/src/navigation2-humble/navigation_manager/src/cruise_perception_navigator.cpp:254:17:[m[K [01;31m[Kerror: [m[KISO C++ forbids declaration of â€˜[01m[KhandleTrafficLight[m[Kâ€™ with no type [[01;31m[K]8;;https://gcc.gnu.org/onlinedocs/gcc/Warning-Options.html#index-fpermissive-fpermissive]8;;[m[K]
  254 |                 [01;31m[KhandleTrafficLight[m[K(const std_msgs::msg::String::SharedPtr msg)
      |                 [01;31m[K^~~~~~~~~~~~~~~~~~[m[K
[01m[K/Pav-S_ws/src/navigation2-humble/navigation_manager/src/cruise_perception_navigator.cpp:[m[K In function â€˜[01m[Kint handleTrafficLight(std_msgs::msg::String_<std::allocator<void> >::SharedPtr)[m[Kâ€™:
[01m[K/Pav-S_ws/src/navigation2-humble/navigation_manager/src/cruise_perception_navigator.cpp:257:13:[m[K [01;31m[Kerror: [m[Kâ€˜[01m[Kred_traffic_light_[m[Kâ€™ was not declared in this scope
  257 |             [01;31m[Kred_traffic_light_[m[K = true;
      |             [01;31m[K^~~~~~~~~~~~~~~~~~[m[K
In file included from [01m[K/opt/ros/humble/include/rclcpp/rclcpp/client.hpp:40[m[K,
                 from [01m[K/opt/ros/humble/include/rclcpp/rclcpp/callback_group.hpp:24[m[K,
                 from [01m[K/opt/ros/humble/include/rclcpp/rclcpp/any_executable.hpp:20[m[K,
                 from [01m[K/opt/ros/humble/include/rclcpp/rclcpp/memory_strategy.hpp:25[m[K,
                 from [01m[K/opt/ros/humble/include/rclcpp/rclcpp/memory_strategies.hpp:18[m[K,
                 from [01m[K/opt/ros/humble/include/rclcpp/rclcpp/executor_options.hpp:20[m[K,
                 from [01m[K/opt/ros/humble/include/rclcpp/rclcpp/executor.hpp:37[m[K,
                 from [01m[K/opt/ros/humble/include/rclcpp/rclcpp/executors/multi_threaded_executor.hpp:25[m[K,
                 from [01m[K/opt/ros/humble/include/rclcpp/rclcpp/executors.hpp:21[m[K,
                 from [01m[K/opt/ros/humble/include/rclcpp/rclcpp/rclcpp.hpp:155[m[K,
                 from [01m[K/Pav-S_ws/src/navigation2-humble/navigation_manager/src/cruise_perception_navigator.cpp:6[m[K:
[01m[K/Pav-S_ws/src/navigation2-humble/navigation_manager/src/cruise_perception_navigator.cpp:258:25:[m[K [01;31m[Kerror: [m[Kinvalid use of â€˜[01m[Kthis[m[Kâ€™ in non-member function
  258 |             RCLCPP_WARN([01;31m[Kthis[m[K->get_logger(), "æ£€æµ‹åˆ°çº¢ç¯");
      |                         [01;31m[K^~~~[m[K
[01m[K/Pav-S_ws/src/navigation2-humble/navigation_manager/src/cruise_perception_navigator.cpp:258:25:[m[K [01;31m[Kerror: [m[Kinvalid use of â€˜[01m[Kthis[m[Kâ€™ in non-member function
[01m[K/Pav-S_ws/src/navigation2-humble/navigation_manager/src/cruise_perception_navigator.cpp:258:13:[m[K [01;31m[Kerror: [m[Ktemplate argument 1 is invalid
  258 |             [01;31m[KRCLCPP_WARN[m[K(this->get_logger(), "æ£€æµ‹åˆ°çº¢ç¯");
      |             [01;31m[K^~~~~~~~~~~[m[K
In file included from [01m[K/opt/ros/humble/include/rclcpp/rclcpp/logging.hpp:24[m[K,
                 from [01m[K/opt/ros/humble/include/rclcpp/rclcpp/client.hpp:40[m[K,
                 from [01m[K/opt/ros/humble/include/rclcpp/rclcpp/callback_group.hpp:24[m[K,
                 from [01m[K/opt/ros/humble/include/rclcpp/rclcpp/any_executable.hpp:20[m[K,
                 from [01m[K/opt/ros/humble/include/rclcpp/rclcpp/memory_strategy.hpp:25[m[K,
                 from [01m[K/opt/ros/humble/include/rclcpp/rclcpp/memory_strategies.hpp:18[m[K,
                 from [01m[K/opt/ros/humble/include/rclcpp/rclcpp/executor_options.hpp:20[m[K,
                 from [01m[K/opt/ros/humble/include/rclcpp/rclcpp/executor.hpp:37[m[K,
                 from [01m[K/opt/ros/humble/include/rclcpp/rclcpp/executors/multi_threaded_executor.hpp:25[m[K,
                 from [01m[K/opt/ros/humble/include/rclcpp/rclcpp/executors.hpp:21[m[K,
                 from [01m[K/opt/ros/humble/include/rclcpp/rclcpp/rclcpp.hpp:155[m[K,
                 from [01m[K/Pav-S_ws/src/navigation2-humble/navigation_manager/src/cruise_perception_navigator.cpp:6[m[K:
[01m[K/Pav-S_ws/src/navigation2-humble/navigation_manager/src/cruise_perception_navigator.cpp:258:25:[m[K [01;31m[Kerror: [m[Kinvalid use of â€˜[01m[Kthis[m[Kâ€™ in non-member function
  258 |             RCLCPP_WARN([01;31m[Kthis[m[K->get_logger(), "æ£€æµ‹åˆ°çº¢ç¯");
      |                         [01;31m[K^~~~[m[K
[01m[K/Pav-S_ws/src/navigation2-humble/navigation_manager/src/cruise_perception_navigator.cpp:258:25:[m[K [01;31m[Kerror: [m[Kinvalid use of â€˜[01m[Kthis[m[Kâ€™ in non-member function
  258 |             RCLCPP_WARN([01;31m[Kthis[m[K->get_logger(), "æ£€æµ‹åˆ°çº¢ç¯");
      |                         [01;31m[K^~~~[m[K
[01m[K/Pav-S_ws/src/navigation2-humble/navigation_manager/src/cruise_perception_navigator.cpp:260:13:[m[K [01;31m[Kerror: [m[Kâ€˜[01m[Kred_traffic_light_[m[Kâ€™ was not declared in this scope
  260 |             [01;31m[Kred_traffic_light_[m[K = false;
      |             [01;31m[K^~~~~~~~~~~~~~~~~~[m[K
In file included from [01m[K/opt/ros/humble/include/rclcpp/rclcpp/client.hpp:40[m[K,
                 from [01m[K/opt/ros/humble/include/rclcpp/rclcpp/callback_group.hpp:24[m[K,
                 from [01m[K/opt/ros/humble/include/rclcpp/rclcpp/any_executable.hpp:20[m[K,
                 from [01m[K/opt/ros/humble/include/rclcpp/rclcpp/memory_strategy.hpp:25[m[K,
                 from [01m[K/opt/ros/humble/include/rclcpp/rclcpp/memory_strategies.hpp:18[m[K,
                 from [01m[K/opt/ros/humble/include/rclcpp/rclcpp/executor_options.hpp:20[m[K,
                 from [01m[K/opt/ros/humble/include/rclcpp/rclcpp/executor.hpp:37[m[K,
                 from [01m[K/opt/ros/humble/include/rclcpp/rclcpp/executors/multi_threaded_executor.hpp:25[m[K,
                 from [01m[K/opt/ros/humble/include/rclcpp/rclcpp/executors.hpp:21[m[K,
                 from [01m[K/opt/ros/humble/include/rclcpp/rclcpp/rclcpp.hpp:155[m[K,
                 from [01m[K/Pav-S_ws/src/navigation2-humble/navigation_manager/src/cruise_perception_navigator.cpp:6[m[K:
[01m[K/Pav-S_ws/src/navigation2-humble/navigation_manager/src/cruise_perception_navigator.cpp:261:25:[m[K [01;31m[Kerror: [m[Kinvalid use of â€˜[01m[Kthis[m[Kâ€™ in non-member function
  261 |             RCLCPP_INFO([01;31m[Kthis[m[K->get_logger(), "æ£€æµ‹åˆ°ç»¿ç¯");
      |                         [01;31m[K^~~~[m[K
[01m[K/Pav-S_ws/src/navigation2-humble/navigation_manager/src/cruise_perception_navigator.cpp:261:25:[m[K [01;31m[Kerror: [m[Kinvalid use of â€˜[01m[Kthis[m[Kâ€™ in non-member function
[01m[K/Pav-S_ws/src/navigation2-humble/navigation_manager/src/cruise_perception_navigator.cpp:261:13:[m[K [01;31m[Kerror: [m[Ktemplate argument 1 is invalid
  261 |             [01;31m[KRCLCPP_INFO[m[K(this->get_logger(), "æ£€æµ‹åˆ°ç»¿ç¯");
      |             [01;31m[K^~~~~~~~~~~[m[K
In file included from [01m[K/opt/ros/humble/include/rclcpp/rclcpp/logging.hpp:24[m[K,
                 from [01m[K/opt/ros/humble/include/rclcpp/rclcpp/client.hpp:40[m[K,
                 from [01m[K/opt/ros/humble/include/rclcpp/rclcpp/callback_group.hpp:24[m[K,
                 from [01m[K/opt/ros/humble/include/rclcpp/rclcpp/any_executable.hpp:20[m[K,
                 from [01m[K/opt/ros/humble/include/rclcpp/rclcpp/memory_strategy.hpp:25[m[K,
                 from [01m[K/opt/ros/humble/include/rclcpp/rclcpp/memory_strategies.hpp:18[m[K,
                 from [01m[K/opt/ros/humble/include/rclcpp/rclcpp/executor_options.hpp:20[m[K,
                 from [01m[K/opt/ros/humble/include/rclcpp/rclcpp/executor.hpp:37[m[K,
                 from [01m[K/opt/ros/humble/include/rclcpp/rclcpp/executors/multi_threaded_executor.hpp:25[m[K,
                 from [01m[K/opt/ros/humble/include/rclcpp/rclcpp/executors.hpp:21[m[K,
                 from [01m[K/opt/ros/humble/include/rclcpp/rclcpp/rclcpp.hpp:155[m[K,
                 from [01m[K/Pav-S_ws/src/navigation2-humble/navigation_manager/src/cruise_perception_navigator.cpp:6[m[K:
[01m[K/Pav-S_ws/src/navigation2-humble/navigation_manager/src/cruise_perception_navigator.cpp:261:25:[m[K [01;31m[Kerror: [m[Kinvalid use of â€˜[01m[Kthis[m[Kâ€™ in non-member function
  261 |             RCLCPP_INFO([01;31m[Kthis[m[K->get_logger(), "æ£€æµ‹åˆ°ç»¿ç¯");
      |                         [01;31m[K^~~~[m[K
[01m[K/Pav-S_ws/src/navigation2-humble/navigation_manager/src/cruise_perception_navigator.cpp:261:25:[m[K [01;31m[Kerror: [m[Kinvalid use of â€˜[01m[Kthis[m[Kâ€™ in non-member function
  261 |             RCLCPP_INFO([01;31m[Kthis[m[K->get_logger(), "æ£€æµ‹åˆ°ç»¿ç¯");
      |                         [01;31m[K^~~~[m[K
[01m[K/Pav-S_ws/src/navigation2-humble/navigation_manager/src/cruise_perception_navigator.cpp:264:9:[m[K [01;31m[Kerror: [m[Kâ€˜[01m[Klast_perception_time_[m[Kâ€™ was not declared in this scope
  264 |         [01;31m[Klast_perception_time_[m[K = this->now();
      |         [01;31m[K^~~~~~~~~~~~~~~~~~~~~[m[K
[01m[K/Pav-S_ws/src/navigation2-humble/navigation_manager/src/cruise_perception_navigator.cpp:264:33:[m[K [01;31m[Kerror: [m[Kinvalid use of â€˜[01m[Kthis[m[Kâ€™ in non-member function
  264 |         last_perception_time_ = [01;31m[Kthis[m[K->now();
      |                                 [01;31m[K^~~~[m[K
[01m[K/Pav-S_ws/src/navigation2-humble/navigation_manager/src/cruise_perception_navigator.cpp:265:5:[m[K [01;35m[Kwarning: [m[Kno return statement in function returning non-void [[01;35m[K]8;;https://gcc.gnu.org/onlinedocs/gcc/Warning-Options.html#index-Wreturn-type-Wreturn-type]8;;[m[K]
  265 |     [01;35m[K}[m[K
      |     [01;35m[K^[m[K
[01m[K/Pav-S_ws/src/navigation2-humble/navigation_manager/src/cruise_perception_navigator.cpp:[m[K At global scope:
[01m[K/Pav-S_ws/src/navigation2-humble/navigation_manager/src/cruise_perception_navigator.cpp:280:1:[m[K [01;31m[Kerror: [m[Kexpected declaration before â€˜[01m[K}[m[Kâ€™ token
  280 | [01;31m[K}[m[K;
      | [01;31m[K^[m[K
gmake[2]: *** [CMakeFiles/cruise_perception_navigator.dir/build.make:76: CMakeFiles/cruise_perception_navigator.dir/src/cruise_perception_navigator.cpp.o] Error 1
gmake[1]: *** [CMakeFiles/Makefile2:195: CMakeFiles/cruise_perception_navigator.dir/all] Error 2
gmake[2]: *** [CMakeFiles/stop_line_detection.dir/build.make:76: CMakeFiles/stop_line_detection.dir/src/stop_line_detection.cpp.o] Error 1
gmake[1]: *** [CMakeFiles/Makefile2:143: CMakeFiles/stop_line_detection.dir/all] Error 2
gmake[2]: *** [CMakeFiles/navigation_behavior_nodes.dir/build.make:76: CMakeFiles/navigation_behavior_nodes.dir/src/navigation_behavior_nodes.cpp.o] Error 1
gmake[1]: *** [CMakeFiles/Makefile2:221: CMakeFiles/navigation_behavior_nodes.dir/all] Error 2
gmake: *** [Makefile:146: all] Error 2
