[0.031s] Invoking command in '/Pav-S_ws/build/navigation_manager': CMAKE_PREFIX_PATH=/Pav-S_ws/install/nav2_msgs:/Pav-S_ws/install/nav2_common:/Pav-S_ws/install/nav2_behavior_tree:/Pav-S_ws/install/nav2_dwb_controller:/Pav-S_ws/install/nav2_controller:/Pav-S_ws/install/nav2_planner:/Pav-S_ws/install/dwb_plugins:/Pav-S_ws/install/dwb_critics:/Pav-S_ws/install/dwb_core:/Pav-S_ws/install/nav_2d_utils:/Pav-S_ws/install/nav2_core:/Pav-S_ws/install/costmap_queue:/Pav-S_ws/install/nav2_costmap_2d:/Pav-S_ws/install/nav2_map_server:/Pav-S_ws/install/nav2_lifecycle_manager:/ws_livox/install/pointcloud_to_laserscan:/ws_livox/install/livox_ros_driver2:/Pav-S_ws/install/wheeltec_robot_urdf:/Pav-S_ws/install/turn_on_wheeltec_robot:/Pav-S_ws/install/wheeltec_robot_msg:/Pav-S_ws/install/usb_cam:/Pav-S_ws/install/serial:/Pav-S_ws/install/robot_kcf:/Pav-S_ws/install/dwb_msgs:/Pav-S_ws/install/nav_2d_msgs:/Pav-S_ws/install/nav2_voxel_grid:/Pav-S_ws/install/nav2_util:/Pav-S_ws/install/libuvc:/Pav-S_ws/install/fast_lio:/Pav-S_ws/install/astra_camera:/Pav-S_ws/install/astra_camera_msgs:/Pav-S_ws/install/yolo_detector:/Pav-S_ws/install/yolov5_lib:/Pav-S_ws/install/nav2_simple_commander:/opt/ros/humble LD_LIBRARY_PATH=/Pav-S_ws/install/nav2_msgs/lib:/Pav-S_ws/install/nav2_behavior_tree/lib:/Pav-S_ws/install/nav2_controller/lib:/Pav-S_ws/install/nav2_planner/lib:/Pav-S_ws/install/dwb_plugins/lib:/Pav-S_ws/install/dwb_critics/lib:/Pav-S_ws/install/dwb_core/lib:/Pav-S_ws/install/nav_2d_utils/lib:/Pav-S_ws/install/costmap_queue/lib:/Pav-S_ws/install/nav2_costmap_2d/lib:/Pav-S_ws/install/nav2_map_server/lib:/Pav-S_ws/install/nav2_lifecycle_manager/lib:/usr/local/cuda-12.2/lib64:/ws_livox/install/pointcloud_to_laserscan/lib:/ws_livox/install/livox_ros_driver2/lib:/Pav-S_ws/install/turn_on_wheeltec_robot/lib:/Pav-S_ws/install/wheeltec_robot_msg/lib:/Pav-S_ws/install/usb_cam/lib:/Pav-S_ws/install/serial/lib:/Pav-S_ws/install/dwb_msgs/lib:/Pav-S_ws/install/nav_2d_msgs/lib:/Pav-S_ws/install/nav2_voxel_grid/lib:/Pav-S_ws/install/nav2_util/lib:/Pav-S_ws/install/libuvc/lib:/Pav-S_ws/install/fast_lio/lib:/Pav-S_ws/install/astra_camera/lib:/Pav-S_ws/install/astra_camera_msgs/lib:/opt/ros/humble/opt/rviz_ogre_vendor/lib:/opt/ros/humble/lib/aarch64-linux-gnu:/opt/ros/humble/lib:/usr/local/cuda-12.2/lib64 /usr/bin/cmake --build /Pav-S_ws/build/navigation_manager -- -j6 -l6
[0.146s] [35m[1mConsolidate compiler generated dependencies of target navigation_behavior_nodes[0m
[0.146s] [35m[1mConsolidate compiler generated dependencies of target stop_line_detection[0m
[0.151s] [35m[1mConsolidate compiler generated dependencies of target cruise_perception_navigator[0m
[0.169s] [ 12%] [32mBuilding CXX object CMakeFiles/dynamic_speed_controller.dir/src/dynamic_speed_controller.cpp.o[0m
[0.195s] [ 25%] [32mBuilding CXX object CMakeFiles/stop_line_detection.dir/src/stop_line_detection.cpp.o[0m
[0.196s] [ 37%] [32mBuilding CXX object CMakeFiles/navigation_behavior_nodes.dir/src/navigation_behavior_nodes.cpp.o[0m
[0.204s] [ 50%] [32mBuilding CXX object CMakeFiles/cruise_perception_navigator.dir/src/cruise_perception_navigator.cpp.o[0m
[0.889s] In file included from [01m[K/Pav-S_ws/src/navigation2-humble/navigation_manager/src/cruise_perception_navigator.cpp:11[m[K:
[0.889s] [01m[K/opt/ros/humble/include/tf2_geometry_msgs/tf2_geometry_msgs/tf2_geometry_msgs.h:35:2:[m[K [01;35m[Kwarning: [m[K#warning This header is obsolete, please include tf2_geometry_msgs/tf2_geometry_msgs.hpp instead [[01;35m[K]8;;https://gcc.gnu.org/onlinedocs/gcc/Warning-Options.html#index-Wcpp-Wcpp]8;;[m[K]
[0.890s]    35 | #[01;35m[Kwarning[m[K This header is obsolete, please include tf2_geometry_msgs/tf2_geometry_msgs.hpp instead
[0.890s]       |  [01;35m[K^~~~~~~[m[K
[0.982s] [01m[K/Pav-S_ws/src/navigation2-humble/navigation_manager/src/dynamic_speed_controller.cpp:11:10:[m[K [01;31m[Kfatal error: [m[Knav2_dwb_controller/dwb_controller.hpp: No such file or directory
[0.982s]    11 | #include [01;31m[K<nav2_dwb_controller/dwb_controller.hpp>[m[K
[0.982s]       |          [01;31m[K^~~~~~~~~~~~~~~~~~~~~~~~~~~~~~~~~~~~~~~~[m[K
[0.983s] compilation terminated.
[0.987s] gmake[2]: *** [CMakeFiles/dynamic_speed_controller.dir/build.make:76: CMakeFiles/dynamic_speed_controller.dir/src/dynamic_speed_controller.cpp.o] Error 1
[0.988s] gmake[1]: *** [CMakeFiles/Makefile2:169: CMakeFiles/dynamic_speed_controller.dir/all] Error 2
[0.988s] gmake[1]: *** Waiting for unfinished jobs....
[1.002s] In file included from [01m[K/Pav-S_ws/src/navigation2-humble/navigation_manager/src/stop_line_detection.cpp:14[m[K:
[1.002s] [01m[K/opt/ros/humble/include/tf2_geometry_msgs/tf2_geometry_msgs/tf2_geometry_msgs.h:35:2:[m[K [01;35m[Kwarning: [m[K#warning This header is obsolete, please include tf2_geometry_msgs/tf2_geometry_msgs.hpp instead [[01;35m[K]8;;https://gcc.gnu.org/onlinedocs/gcc/Warning-Options.html#index-Wcpp-Wcpp]8;;[m[K]
[1.002s]    35 | #[01;35m[Kwarning[m[K This header is obsolete, please include tf2_geometry_msgs/tf2_geometry_msgs.hpp instead
[1.002s]       |  [01;35m[K^~~~~~~[m[K
[7.858s] [01m[K/Pav-S_ws/src/navigation2-humble/navigation_manager/src/stop_line_detection.cpp:143:26:[m[K [01;31m[Kerror: [m[K‚Äò[01m[Knav_msgs[m[K‚Äô was not declared in this scope; did you mean ‚Äò[01m[Knav2_msgs[m[K‚Äô?
[7.859s]   143 |     rclcpp::Subscription<[01;31m[Knav_msgs[m[K::msg::Odometry>::SharedPtr odom_sub_;
[7.859s]       |                          [01;31m[K^~~~~~~~[m[K
[7.859s]       |                          [32m[Knav2_msgs[m[K
[7.859s] [01m[K/Pav-S_ws/src/navigation2-humble/navigation_manager/src/stop_line_detection.cpp:143:49:[m[K [01;31m[Kerror: [m[Ktemplate argument 1 is invalid
[7.859s]   143 |     rclcpp::Subscription<nav_msgs::msg::Odometry[01;31m[K>[m[K::SharedPtr odom_sub_;
[7.859s]       |                                                 [01;31m[K^[m[K
[7.859s] [01m[K/Pav-S_ws/src/navigation2-humble/navigation_manager/src/stop_line_detection.cpp:143:49:[m[K [01;31m[Kerror: [m[Ktemplate argument 3 is invalid
[7.859s] [01m[K/Pav-S_ws/src/navigation2-humble/navigation_manager/src/stop_line_detection.cpp:143:49:[m[K [01;31m[Kerror: [m[Ktemplate argument 4 is invalid
[7.860s] [01m[K/Pav-S_ws/src/navigation2-humble/navigation_manager/src/stop_line_detection.cpp:143:49:[m[K [01;31m[Kerror: [m[Ktemplate argument 5 is invalid
[7.860s] [01m[K/Pav-S_ws/src/navigation2-humble/navigation_manager/src/stop_line_detection.cpp:143:52:[m[K [01;31m[Kerror: [m[Kexpected ‚Äò[01m[K;[m[K‚Äô at end of member declaration
[7.860s]   143 |     rclcpp::Subscription<nav_msgs::msg::Odometry>::[01;31m[KSharedPtr[m[K odom_sub_;
[7.860s]       |                                                    [01;31m[K^~~~~~~~~[m[K
[7.860s]       |                                                             [32m[K;[m[K
[7.864s] [01m[K/Pav-S_ws/src/navigation2-humble/navigation_manager/src/stop_line_detection.cpp:143:62:[m[K [01;31m[Kerror: [m[K‚Äò[01m[Kodom_sub_[m[K‚Äô does not name a type
[7.864s]   143 |     rclcpp::Subscription<nav_msgs::msg::Odometry>::SharedPtr [01;31m[Kodom_sub_[m[K;
[7.864s]       |                                                              [01;31m[K^~~~~~~~~[m[K
[7.913s] [01m[K/Pav-S_ws/src/navigation2-humble/navigation_manager/src/stop_line_detection.cpp:[m[K In constructor ‚Äò[01m[KStopLineDetection::StopLineDetection()[m[K‚Äô:
[7.913s] [01m[K/Pav-S_ws/src/navigation2-humble/navigation_manager/src/stop_line_detection.cpp:32:9:[m[K [01;31m[Kerror: [m[K‚Äò[01m[Kodom_sub_[m[K‚Äô was not declared in this scope
[7.914s]    32 |         [01;31m[Kodom_sub_[m[K = create_subscription<nav_msgs::msg::Odometry>(
[7.914s]       |         [01;31m[K^~~~~~~~~[m[K
[7.931s] [01m[K/Pav-S_ws/src/navigation2-humble/navigation_manager/src/stop_line_detection.cpp:32:41:[m[K [01;31m[Kerror: [m[K‚Äò[01m[Knav_msgs[m[K‚Äô was not declared in this scope; did you mean ‚Äò[01m[Knav2_msgs[m[K‚Äô?
[7.931s]    32 |         odom_sub_ = create_subscription<[01;31m[Knav_msgs[m[K::msg::Odometry>(
[7.931s]       |                                         [01;31m[K^~~~~~~~[m[K
[7.931s]       |                                         [32m[Knav2_msgs[m[K
[7.931s] [01m[K/Pav-S_ws/src/navigation2-humble/navigation_manager/src/stop_line_detection.cpp:32:21:[m[K [01;31m[Kerror: [m[Kparse error in template argument list
[7.931s]    32 |         odom_sub_ = [01;31m[Kcreate_subscription<nav_msgs::msg::Odometry>[m[K(
[7.932s]       |                     [01;31m[K^~~~~~~~~~~~~~~~~~~~~~~~~~~~~~~~~~~~~~~~~~~~[m[K
[7.935s] [01m[K/Pav-S_ws/src/navigation2-humble/navigation_manager/src/stop_line_detection.cpp:34:26:[m[K [01;31m[Kerror: [m[K‚Äò[01m[Knav_msgs[m[K‚Äô does not name a type
[7.936s]    34 |             [this](const [01;31m[Knav_msgs[m[K::msg::Odometry::SharedPtr msg) {
[7.936s]       |                          [01;31m[K^~~~~~~~[m[K
[7.936s] [01m[K/Pav-S_ws/src/navigation2-humble/navigation_manager/src/stop_line_detection.cpp:[m[K In lambda function:
[7.936s] [01m[K/Pav-S_ws/src/navigation2-humble/navigation_manager/src/stop_line_detection.cpp:36:15:[m[K [01;31m[Kerror: [m[Kexpected ‚Äò[01m[K{[m[K‚Äô before ‚Äò[01m[K;[m[K‚Äô token
[7.936s]    36 |             })[01;31m[K;[m[K
[7.936s]       |               [01;31m[K^[m[K
[7.936s] [01m[K/Pav-S_ws/src/navigation2-humble/navigation_manager/src/stop_line_detection.cpp:[m[K In constructor ‚Äò[01m[KStopLineDetection::StopLineDetection()[m[K‚Äô:
[7.936s] [01m[K/Pav-S_ws/src/navigation2-humble/navigation_manager/src/stop_line_detection.cpp:36:15:[m[K [01;31m[Kerror: [m[Kexpected ‚Äò[01m[K)[m[K‚Äô before ‚Äò[01m[K;[m[K‚Äô token
[7.936s] [01m[K/Pav-S_ws/src/navigation2-humble/navigation_manager/src/stop_line_detection.cpp:32:65:[m[K [01;36m[Knote: [m[Kto match this ‚Äò[01m[K([m[K‚Äô
[7.937s]    32 |         odom_sub_ = create_subscription<nav_msgs::msg::Odometry>[01;36m[K([m[K
[7.937s]       |                                                                 [01;36m[K^[m[K
[7.966s] [01m[K/Pav-S_ws/src/navigation2-humble/navigation_manager/src/stop_line_detection.cpp:[m[K In member function ‚Äò[01m[Kvoid StopLineDetection::stopSmoothParking()[m[K‚Äô:
[7.966s] [01m[K/Pav-S_ws/src/navigation2-humble/navigation_manager/src/stop_line_detection.cpp:134:34:[m[K [01;31m[Kerror: [m[Kexpected primary-expression before ‚Äò[01m[K>[m[K‚Äô token
[7.966s]   134 |             stop_completed.data =[01;31m[K>[m[K false;
[7.966s]       |                                  [01;31m[K^[m[K
[7.967s] [01m[K/Pav-S_ws/src/navigation2-humble/navigation_manager/src/stop_line_detection.cpp:[m[K At global scope:
[7.967s] [01m[K/Pav-S_ws/src/navigation2-humble/navigation_manager/src/stop_line_detection.cpp:160:65:[m[K [01;31m[Kerror: [m[Kexpected template-name before ‚Äò[01m[K<[m[K‚Äô token
[7.967s]   160 | class StopLineBehavior : public nav2_behavior_tree::BtActionNode[01;31m[K<[m[KNavigateToPose>
[7.967s]       |                                                                 [01;31m[K^[m[K
[7.967s] [01m[K/Pav-S_ws/src/navigation2-humble/navigation_manager/src/stop_line_detection.cpp:160:65:[m[K [01;31m[Kerror: [m[Kexpected ‚Äò[01m[K{[m[K‚Äô before ‚Äò[01m[K<[m[K‚Äô token
[7.967s] [01m[K/Pav-S_ws/src/navigation2-humble/navigation_manager/src/stop_line_detection.cpp:160:65:[m[K [01;31m[Kerror: [m[Kexpected unqualified-id before ‚Äò[01m[K<[m[K‚Äô token
[8.017s] [01m[K/Pav-S_ws/src/navigation2-humble/navigation_manager/src/navigation_behavior_nodes.cpp:[m[K In lambda function:
[8.017s] [01m[K/Pav-S_ws/src/navigation2-humble/navigation_manager/src/navigation_behavior_nodes.cpp:26:47:[m[K [01;31m[Kerror: [m[K‚Äò[01m[Kusing element_type = struct std_msgs::msg::String_<std::allocator<void> >[m[K‚Äô {aka ‚Äò[01m[Kstruct std_msgs::msg::String_<std::allocator<void> >[m[K‚Äô} has no member named ‚Äò[01m[Kstring[m[K‚Äô; did you mean ‚Äò[01m[KString_[m[K‚Äô?
[8.017s]    26 |                 last_stop_line_signal_ = msg->[01;31m[Kstring[m[K;
[8.017s]       |                                               [01;31m[K^~~~~~[m[K
[8.017s]       |                                               [32m[KString_[m[K
[8.036s] [01m[K/Pav-S_ws/src/navigation2-humble/navigation_manager/src/navigation_behavior_nodes.cpp:[m[K At global scope:
[8.036s] [01m[K/Pav-S_ws/src/navigation2-humble/navigation_manager/src/navigation_behavior_nodes.cpp:224:41:[m[K [01;31m[Kerror: [m[K‚Äò[01m[KFloat32[m[K‚Äô is not a member of ‚Äò[01m[Kstd_msgs::msg[m[K‚Äô
[8.037s]   224 |     rclcpp::Subscription<std_msgs::msg::[01;31m[KFloat32[m[K>::SharedPtr obstacle_distance_sub_;
[8.037s]       |                                         [01;31m[K^~~~~~~[m[K
[8.037s] [01m[K/Pav-S_ws/src/navigation2-humble/navigation_manager/src/navigation_behavior_nodes.cpp:224:48:[m[K [01;31m[Kerror: [m[Ktemplate argument 1 is invalid
[8.037s]   224 |     rclcpp::Subscription<std_msgs::msg::Float32[01;31m[K>[m[K::SharedPtr obstacle_distance_sub_;
[8.037s]       |                                                [01;31m[K^[m[K
[8.037s] [01m[K/Pav-S_ws/src/navigation2-humble/navigation_manager/src/navigation_behavior_nodes.cpp:224:48:[m[K [01;31m[Kerror: [m[Ktemplate argument 3 is invalid
[8.037s] [01m[K/Pav-S_ws/src/navigation2-humble/navigation_manager/src/navigation_behavior_nodes.cpp:224:48:[m[K [01;31m[Kerror: [m[Ktemplate argument 4 is invalid
[8.037s] [01m[K/Pav-S_ws/src/navigation2-humble/navigation_manager/src/navigation_behavior_nodes.cpp:224:48:[m[K [01;31m[Kerror: [m[Ktemplate argument 5 is invalid
[8.038s] [01m[K/Pav-S_ws/src/navigation2-humble/navigation_manager/src/navigation_behavior_nodes.cpp:224:51:[m[K [01;31m[Kerror: [m[Kexpected ‚Äò[01m[K;[m[K‚Äô at end of member declaration
[8.038s]   224 |     rclcpp::Subscription<std_msgs::msg::Float32>::[01;31m[KSharedPtr[m[K obstacle_distance_sub_;
[8.038s]       |                                                   [01;31m[K^~~~~~~~~[m[K
[8.038s]       |                                                            [32m[K;[m[K
[8.047s] [01m[K/Pav-S_ws/src/navigation2-humble/navigation_manager/src/navigation_behavior_nodes.cpp:224:61:[m[K [01;31m[Kerror: [m[K‚Äò[01m[Kobstacle_distance_sub_[m[K‚Äô does not name a type
[8.047s]   224 |     rclcpp::Subscription<std_msgs::msg::Float32>::SharedPtr [01;31m[Kobstacle_distance_sub_[m[K;
[8.047s]       |                                                             [01;31m[K^~~~~~~~~~~~~~~~~~~~~~[m[K
[8.071s] [01m[K/Pav-S_ws/src/navigation2-humble/navigation_manager/src/navigation_behavior_nodes.cpp:[m[K In constructor ‚Äò[01m[KDynamicSpeedAdjustNode::DynamicSpeedAdjustNode(const string&, const BT::NodeConfiguration&)[m[K‚Äô:
[8.071s] [01m[K/Pav-S_ws/src/navigation2-humble/navigation_manager/src/navigation_behavior_nodes.cpp:137:9:[m[K [01;31m[Kerror: [m[K‚Äò[01m[Kobstacle_distance_sub_[m[K‚Äô was not declared in this scope; did you mean ‚Äò[01m[Kobstacle_distance_[m[K‚Äô?
[8.071s]   137 |         [01;31m[Kobstacle_distance_sub_[m[K = node_->create_subscription<std_msgs::msg::Float32>(
[8.071s]       |         [01;31m[K^~~~~~~~~~~~~~~~~~~~~~[m[K
[8.071s]       |         [32m[Kobstacle_distance_[m[K
[8.073s] [01m[K/Pav-S_ws/src/navigation2-humble/navigation_manager/src/navigation_behavior_nodes.cpp:137:76:[m[K [01;31m[Kerror: [m[K‚Äò[01m[KFloat32[m[K‚Äô is not a member of ‚Äò[01m[Kstd_msgs::msg[m[K‚Äô
[8.073s]   137 |         obstacle_distance_sub_ = node_->create_subscription<std_msgs::msg::[01;31m[KFloat32[m[K>(
[8.073s]       |                                                                            [01;31m[K^~~~~~~[m[K
[8.074s] [01m[K/Pav-S_ws/src/navigation2-humble/navigation_manager/src/navigation_behavior_nodes.cpp:139:41:[m[K [01;31m[Kerror: [m[K‚Äò[01m[KFloat32[m[K‚Äô in namespace ‚Äò[01m[Kstd_msgs::msg[m[K‚Äô does not name a type
[8.074s]   139 |             [this](const std_msgs::msg::[01;31m[KFloat32[m[K::SharedPtr msg) {
[8.074s]       |                                         [01;31m[K^~~~~~~[m[K
[8.074s] [01m[K/Pav-S_ws/src/navigation2-humble/navigation_manager/src/navigation_behavior_nodes.cpp:[m[K In lambda function:
[8.074s] [01m[K/Pav-S_ws/src/navigation2-humble/navigation_manager/src/navigation_behavior_nodes.cpp:141:15:[m[K [01;31m[Kerror: [m[Kexpected ‚Äò[01m[K{[m[K‚Äô before ‚Äò[01m[K;[m[K‚Äô token
[8.074s]   141 |             })[01;31m[K;[m[K
[8.074s]       |               [01;31m[K^[m[K
[8.074s] [01m[K/Pav-S_ws/src/navigation2-humble/navigation_manager/src/navigation_behavior_nodes.cpp:[m[K In constructor ‚Äò[01m[KDynamicSpeedAdjustNode::DynamicSpeedAdjustNode(const string&, const BT::NodeConfiguration&)[m[K‚Äô:
[8.075s] [01m[K/Pav-S_ws/src/navigation2-humble/navigation_manager/src/navigation_behavior_nodes.cpp:141:15:[m[K [01;31m[Kerror: [m[Kexpected ‚Äò[01m[K)[m[K‚Äô before ‚Äò[01m[K;[m[K‚Äô token
[8.075s] [01m[K/Pav-S_ws/src/navigation2-humble/navigation_manager/src/navigation_behavior_nodes.cpp:137:84:[m[K [01;36m[Knote: [m[Kto match this ‚Äò[01m[K([m[K‚Äô
[8.075s]   137 |         obstacle_distance_sub_ = node_->create_subscription<std_msgs::msg::Float32>[01;36m[K([m[K
[8.075s]       |                                                                                    [01;36m[K^[m[K
[8.444s] In file included from [01m[K/usr/include/c++/11/bits/move.h:57[m[K,
[8.444s]                  from [01m[K/usr/include/c++/11/bits/stl_pair.h:59[m[K,
[8.445s]                  from [01m[K/usr/include/c++/11/bits/stl_algobase.h:64[m[K,
[8.445s]                  from [01m[K/usr/include/c++/11/memory:63[m[K,
[8.445s]                  from [01m[K/opt/ros/humble/include/rclcpp/rclcpp/rclcpp.hpp:153[m[K,
[8.445s]                  from [01m[K/Pav-S_ws/src/navigation2-humble/navigation_manager/src/stop_line_detection.cpp:6[m[K:
[8.445s] /usr/include/c++/11/type_traits: In instantiation of ‚Äò[01m[Kstruct std::is_base_of<BT::ActionNodeBase, StopLineBehavior>[m[K‚Äô:
[8.445s] [01m[K/opt/ros/humble/include/behaviortree_cpp_v3/bt_factory.h:366:55:[m[K   required from ‚Äò[01m[Kvoid BT::BehaviorTreeFactory::registerNodeType(const string&) [with T = StopLineBehavior; std::string = std::__cxx11::basic_string<char>][m[K‚Äô
[8.446s] [01m[K/Pav-S_ws/src/navigation2-humble/navigation_manager/src/stop_line_detection.cpp:202:47:[m[K   required from here
[8.446s] [01m[K/usr/include/c++/11/type_traits:1422:38:[m[K [01;31m[Kerror: [m[Kinvalid use of incomplete type ‚Äò[01m[Kclass StopLineBehavior[m[K‚Äô
[8.446s]  1422 |     : public integral_constant<bool, [01;31m[K__is_base_of(_Base, _Derived)[m[K>
[8.446s]       |                                      [01;31m[K^~~~~~~~~~~~~~~~~~~~~~~~~~~~~[m[K
[8.446s] [01m[K/Pav-S_ws/src/navigation2-humble/navigation_manager/src/stop_line_detection.cpp:160:7:[m[K [01;36m[Knote: [m[Kforward declaration of ‚Äò[01m[Kclass StopLineBehavior[m[K‚Äô
[8.446s]   160 | class [01;36m[KStopLineBehavior[m[K : public nav2_behavior_tree::BtActionNode<NavigateToPose>
[8.446s]       |       [01;36m[K^~~~~~~~~~~~~~~~[m[K
[8.447s] In file included from [01m[K/Pav-S_ws/install/nav2_behavior_tree/include/nav2_behavior_tree/behavior_tree_engine.hpp:24[m[K,
[8.447s]                  from [01m[K/Pav-S_ws/install/nav2_behavior_tree/include/nav2_behavior_tree/bt_action_server.hpp:23[m[K,
[8.447s]                  from [01m[K/Pav-S_ws/src/navigation2-humble/navigation_manager/src/stop_line_detection.cpp:11[m[K:
[8.448s] /opt/ros/humble/include/behaviortree_cpp_v3/bt_factory.h: In instantiation of ‚Äò[01m[Kvoid BT::BehaviorTreeFactory::registerNodeType(const string&) [with T = StopLineBehavior; std::string = std::__cxx11::basic_string<char>][m[K‚Äô:
[8.448s] [01m[K/Pav-S_ws/src/navigation2-humble/navigation_manager/src/stop_line_detection.cpp:202:47:[m[K   required from here
[8.448s] [01m[K/opt/ros/humble/include/behaviortree_cpp_v3/bt_factory.h:366:55:[m[K [01;31m[Kerror: [m[K‚Äò[01m[Kvalue[m[K‚Äô is not a member of ‚Äò[01m[Kstd::is_base_of<BT::ActionNodeBase, StopLineBehavior>[m[K‚Äô
[8.448s]   366 |     static_assert(std::is_base_of<ActionNodeBase, T>::[01;31m[Kvalue[m[K ||
[8.448s]       |                                                       [01;31m[K^~~~~[m[K
[8.448s] In file included from [01m[K/usr/include/c++/11/bits/move.h:57[m[K,
[8.448s]                  from [01m[K/usr/include/c++/11/bits/stl_pair.h:59[m[K,
[8.448s]                  from [01m[K/usr/include/c++/11/bits/stl_algobase.h:64[m[K,
[8.449s]                  from [01m[K/usr/include/c++/11/memory:63[m[K,
[8.449s]                  from [01m[K/opt/ros/humble/include/rclcpp/rclcpp/rclcpp.hpp:153[m[K,
[8.449s]                  from [01m[K/Pav-S_ws/src/navigation2-humble/navigation_manager/src/stop_line_detection.cpp:6[m[K:
[8.449s] /usr/include/c++/11/type_traits: In instantiation of ‚Äò[01m[Kstruct std::is_base_of<BT::ControlNode, StopLineBehavior>[m[K‚Äô:
[8.449s] [01m[K/opt/ros/humble/include/behaviortree_cpp_v3/bt_factory.h:367:56:[m[K   required from ‚Äò[01m[Kvoid BT::BehaviorTreeFactory::registerNodeType(const string&) [with T = StopLineBehavior; std::string = std::__cxx11::basic_string<char>][m[K‚Äô
[8.449s] [01m[K/Pav-S_ws/src/navigation2-humble/navigation_manager/src/stop_line_detection.cpp:202:47:[m[K   required from here
[8.449s] [01m[K/usr/include/c++/11/type_traits:1422:38:[m[K [01;31m[Kerror: [m[Kinvalid use of incomplete type ‚Äò[01m[Kclass StopLineBehavior[m[K‚Äô
[8.449s]  1422 |     : public integral_constant<bool, [01;31m[K__is_base_of(_Base, _Derived)[m[K>
[8.449s]       |                                      [01;31m[K^~~~~~~~~~~~~~~~~~~~~~~~~~~~~[m[K
[8.450s] [01m[K/Pav-S_ws/src/navigation2-humble/navigation_manager/src/stop_line_detection.cpp:160:7:[m[K [01;36m[Knote: [m[Kforward declaration of ‚Äò[01m[Kclass StopLineBehavior[m[K‚Äô
[8.450s]   160 | class [01;36m[KStopLineBehavior[m[K : public nav2_behavior_tree::BtActionNode<NavigateToPose>
[8.450s]       |       [01;36m[K^~~~~~~~~~~~~~~~[m[K
[8.450s] In file included from [01m[K/Pav-S_ws/install/nav2_behavior_tree/include/nav2_behavior_tree/behavior_tree_engine.hpp:24[m[K,
[8.450s]                  from [01m[K/Pav-S_ws/install/nav2_behavior_tree/include/nav2_behavior_tree/bt_action_server.hpp:23[m[K,
[8.450s]                  from [01m[K/Pav-S_ws/src/navigation2-humble/navigation_manager/src/stop_line_detection.cpp:11[m[K:
[8.450s] /opt/ros/humble/include/behaviortree_cpp_v3/bt_factory.h: In instantiation of ‚Äò[01m[Kvoid BT::BehaviorTreeFactory::registerNodeType(const string&) [with T = StopLineBehavior; std::string = std::__cxx11::basic_string<char>][m[K‚Äô:
[8.450s] [01m[K/Pav-S_ws/src/navigation2-humble/navigation_manager/src/stop_line_detection.cpp:202:47:[m[K   required from here
[8.450s] [01m[K/opt/ros/humble/include/behaviortree_cpp_v3/bt_factory.h:367:56:[m[K [01;31m[Kerror: [m[K‚Äò[01m[Kvalue[m[K‚Äô is not a member of ‚Äò[01m[Kstd::is_base_of<BT::ControlNode, StopLineBehavior>[m[K‚Äô
[8.451s]   367 |                       std::is_base_of<ControlNode, T>::[01;31m[Kvalue[m[K ||
[8.451s]       |                                                        [01;31m[K^~~~~[m[K
[8.451s] In file included from [01m[K/usr/include/c++/11/bits/move.h:57[m[K,
[8.451s]                  from [01m[K/usr/include/c++/11/bits/stl_pair.h:59[m[K,
[8.451s]                  from [01m[K/usr/include/c++/11/bits/stl_algobase.h:64[m[K,
[8.451s]                  from [01m[K/usr/include/c++/11/memory:63[m[K,
[8.452s]                  from [01m[K/opt/ros/humble/include/rclcpp/rclcpp/rclcpp.hpp:153[m[K,
[8.452s]                  from [01m[K/Pav-S_ws/src/navigation2-humble/navigation_manager/src/stop_line_detection.cpp:6[m[K:
[8.452s] /usr/include/c++/11/type_traits: In instantiation of ‚Äò[01m[Kstruct std::is_base_of<BT::DecoratorNode, StopLineBehavior>[m[K‚Äô:
[8.452s] [01m[K/opt/ros/humble/include/behaviortree_cpp_v3/bt_factory.h:368:58:[m[K   required from ‚Äò[01m[Kvoid BT::BehaviorTreeFactory::registerNodeType(const string&) [with T = StopLineBehavior; std::string = std::__cxx11::basic_string<char>][m[K‚Äô
[8.452s] [01m[K/Pav-S_ws/src/navigation2-humble/navigation_manager/src/stop_line_detection.cpp:202:47:[m[K   required from here
[8.452s] [01m[K/usr/include/c++/11/type_traits:1422:38:[m[K [01;31m[Kerror: [m[Kinvalid use of incomplete type ‚Äò[01m[Kclass StopLineBehavior[m[K‚Äô
[8.452s]  1422 |     : public integral_constant<bool, [01;31m[K__is_base_of(_Base, _Derived)[m[K>
[8.452s]       |                                      [01;31m[K^~~~~~~~~~~~~~~~~~~~~~~~~~~~~[m[K
[8.452s] [01m[K/Pav-S_ws/src/navigation2-humble/navigation_manager/src/stop_line_detection.cpp:160:7:[m[K [01;36m[Knote: [m[Kforward declaration of ‚Äò[01m[Kclass StopLineBehavior[m[K‚Äô
[8.453s]   160 | class [01;36m[KStopLineBehavior[m[K : public nav2_behavior_tree::BtActionNode<NavigateToPose>
[8.453s]       |       [01;36m[K^~~~~~~~~~~~~~~~[m[K
[8.453s] In file included from [01m[K/Pav-S_ws/install/nav2_behavior_tree/include/nav2_behavior_tree/behavior_tree_engine.hpp:24[m[K,
[8.453s]                  from [01m[K/Pav-S_ws/install/nav2_behavior_tree/include/nav2_behavior_tree/bt_action_server.hpp:23[m[K,
[8.453s]                  from [01m[K/Pav-S_ws/src/navigation2-humble/navigation_manager/src/stop_line_detection.cpp:11[m[K:
[8.453s] /opt/ros/humble/include/behaviortree_cpp_v3/bt_factory.h: In instantiation of ‚Äò[01m[Kvoid BT::BehaviorTreeFactory::registerNodeType(const string&) [with T = StopLineBehavior; std::string = std::__cxx11::basic_string<char>][m[K‚Äô:
[8.453s] [01m[K/Pav-S_ws/src/navigation2-humble/navigation_manager/src/stop_line_detection.cpp:202:47:[m[K   required from here
[8.453s] [01m[K/opt/ros/humble/include/behaviortree_cpp_v3/bt_factory.h:368:58:[m[K [01;31m[Kerror: [m[K‚Äò[01m[Kvalue[m[K‚Äô is not a member of ‚Äò[01m[Kstd::is_base_of<BT::DecoratorNode, StopLineBehavior>[m[K‚Äô
[8.453s]   368 |                       std::is_base_of<DecoratorNode, T>::[01;31m[Kvalue[m[K ||
[8.454s]       |                                                          [01;31m[K^~~~~[m[K
[8.454s] In file included from [01m[K/usr/include/c++/11/bits/move.h:57[m[K,
[8.454s]                  from [01m[K/usr/include/c++/11/bits/stl_pair.h:59[m[K,
[8.454s]                  from [01m[K/usr/include/c++/11/bits/stl_algobase.h:64[m[K,
[8.454s]                  from [01m[K/usr/include/c++/11/memory:63[m[K,
[8.454s]                  from [01m[K/opt/ros/humble/include/rclcpp/rclcpp/rclcpp.hpp:153[m[K,
[8.454s]                  from [01m[K/Pav-S_ws/src/navigation2-humble/navigation_manager/src/stop_line_detection.cpp:6[m[K:
[8.454s] /usr/include/c++/11/type_traits: In instantiation of ‚Äò[01m[Kstruct std::is_base_of<BT::ConditionNode, StopLineBehavior>[m[K‚Äô:
[8.454s] [01m[K/opt/ros/humble/include/behaviortree_cpp_v3/bt_factory.h:369:58:[m[K   required from ‚Äò[01m[Kvoid BT::BehaviorTreeFactory::registerNodeType(const string&) [with T = StopLineBehavior; std::string = std::__cxx11::basic_string<char>][m[K‚Äô
[8.455s] [01m[K/Pav-S_ws/src/navigation2-humble/navigation_manager/src/stop_line_detection.cpp:202:47:[m[K   required from here
[8.455s] [01m[K/usr/include/c++/11/type_traits:1422:38:[m[K [01;31m[Kerror: [m[Kinvalid use of incomplete type ‚Äò[01m[Kclass StopLineBehavior[m[K‚Äô
[8.455s]  1422 |     : public integral_constant<bool, [01;31m[K__is_base_of(_Base, _Derived)[m[K>
[8.455s]       |                                      [01;31m[K^~~~~~~~~~~~~~~~~~~~~~~~~~~~~[m[K
[8.455s] [01m[K/Pav-S_ws/src/navigation2-humble/navigation_manager/src/stop_line_detection.cpp:160:7:[m[K [01;36m[Knote: [m[Kforward declaration of ‚Äò[01m[Kclass StopLineBehavior[m[K‚Äô
[8.455s]   160 | class [01;36m[KStopLineBehavior[m[K : public nav2_behavior_tree::BtActionNode<NavigateToPose>
[8.455s]       |       [01;36m[K^~~~~~~~~~~~~~~~[m[K
[8.455s] In file included from [01m[K/Pav-S_ws/install/nav2_behavior_tree/include/nav2_behavior_tree/behavior_tree_engine.hpp:24[m[K,
[8.455s]                  from [01m[K/Pav-S_ws/install/nav2_behavior_tree/include/nav2_behavior_tree/bt_action_server.hpp:23[m[K,
[8.456s]                  from [01m[K/Pav-S_ws/src/navigation2-humble/navigation_manager/src/stop_line_detection.cpp:11[m[K:
[8.456s] /opt/ros/humble/include/behaviortree_cpp_v3/bt_factory.h: In instantiation of ‚Äò[01m[Kvoid BT::BehaviorTreeFactory::registerNodeType(const string&) [with T = StopLineBehavior; std::string = std::__cxx11::basic_string<char>][m[K‚Äô:
[8.456s] [01m[K/Pav-S_ws/src/navigation2-humble/navigation_manager/src/stop_line_detection.cpp:202:47:[m[K   required from here
[8.456s] [01m[K/opt/ros/humble/include/behaviortree_cpp_v3/bt_factory.h:369:58:[m[K [01;31m[Kerror: [m[K‚Äò[01m[Kvalue[m[K‚Äô is not a member of ‚Äò[01m[Kstd::is_base_of<BT::ConditionNode, StopLineBehavior>[m[K‚Äô
[8.456s]   369 |                       std::is_base_of<ConditionNode, T>::[01;31m[Kvalue[m[K,
[8.456s]       |                                                          [01;31m[K^~~~~[m[K
[8.456s] In file included from [01m[K/usr/include/c++/11/bits/move.h:57[m[K,
[8.456s]                  from [01m[K/usr/include/c++/11/bits/stl_pair.h:59[m[K,
[8.456s]                  from [01m[K/usr/include/c++/11/bits/stl_algobase.h:64[m[K,
[8.457s]                  from [01m[K/usr/include/c++/11/memory:63[m[K,
[8.457s]                  from [01m[K/opt/ros/humble/include/rclcpp/rclcpp/rclcpp.hpp:153[m[K,
[8.457s]                  from [01m[K/Pav-S_ws/src/navigation2-humble/navigation_manager/src/stop_line_detection.cpp:6[m[K:
[8.457s] /usr/include/c++/11/type_traits: In instantiation of ‚Äò[01m[Kstruct std::is_abstract<StopLineBehavior>[m[K‚Äô:
[8.457s] [01m[K/opt/ros/humble/include/behaviortree_cpp_v3/bt_factory.h:374:41:[m[K   required from ‚Äò[01m[Kvoid BT::BehaviorTreeFactory::registerNodeType(const string&) [with T = StopLineBehavior; std::string = std::__cxx11::basic_string<char>][m[K‚Äô
[8.457s] [01m[K/Pav-S_ws/src/navigation2-humble/navigation_manager/src/stop_line_detection.cpp:202:47:[m[K   required from here
[8.457s] [01m[K/usr/include/c++/11/type_traits:778:38:[m[K [01;31m[Kerror: [m[Kinvalid use of incomplete type ‚Äò[01m[Kclass StopLineBehavior[m[K‚Äô
[8.457s]   778 |     : public integral_constant<bool, [01;31m[K__is_abstract(_Tp)[m[K>
[8.457s]       |                                      [01;31m[K^~~~~~~~~~~~~~~~~~[m[K
[8.458s] [01m[K/Pav-S_ws/src/navigation2-humble/navigation_manager/src/stop_line_detection.cpp:160:7:[m[K [01;36m[Knote: [m[Kforward declaration of ‚Äò[01m[Kclass StopLineBehavior[m[K‚Äô
[8.458s]   160 | class [01;36m[KStopLineBehavior[m[K : public nav2_behavior_tree::BtActionNode<NavigateToPose>
[8.458s]       |       [01;36m[K^~~~~~~~~~~~~~~~[m[K
[8.458s] In file included from [01m[K/Pav-S_ws/install/nav2_behavior_tree/include/nav2_behavior_tree/behavior_tree_engine.hpp:24[m[K,
[8.458s]                  from [01m[K/Pav-S_ws/install/nav2_behavior_tree/include/nav2_behavior_tree/bt_action_server.hpp:23[m[K,
[8.458s]                  from [01m[K/Pav-S_ws/src/navigation2-humble/navigation_manager/src/stop_line_detection.cpp:11[m[K:
[8.458s] /opt/ros/humble/include/behaviortree_cpp_v3/bt_factory.h: In instantiation of ‚Äò[01m[Kvoid BT::BehaviorTreeFactory::registerNodeType(const string&) [with T = StopLineBehavior; std::string = std::__cxx11::basic_string<char>][m[K‚Äô:
[8.458s] [01m[K/Pav-S_ws/src/navigation2-humble/navigation_manager/src/stop_line_detection.cpp:202:47:[m[K   required from here
[8.459s] [01m[K/opt/ros/humble/include/behaviortree_cpp_v3/bt_factory.h:374:41:[m[K [01;31m[Kerror: [m[K‚Äò[01m[Kvalue[m[K‚Äô is not a member of ‚Äò[01m[Kstd::is_abstract<StopLineBehavior>[m[K‚Äô
[8.459s]   374 |     static_assert(!std::is_abstract<T>::[01;31m[Kvalue[m[K, "[registerNode]: Some methods are pure "
[8.459s]       |                                         [01;31m[K^~~~~[m[K
[8.459s] In file included from [01m[K/usr/include/c++/11/bits/move.h:57[m[K,
[8.459s]                  from [01m[K/usr/include/c++/11/bits/stl_pair.h:59[m[K,
[8.460s]                  from [01m[K/usr/include/c++/11/bits/stl_algobase.h:64[m[K,
[8.460s]                  from [01m[K/usr/include/c++/11/memory:63[m[K,
[8.460s]                  from [01m[K/opt/ros/humble/include/rclcpp/rclcpp/rclcpp.hpp:153[m[K,
[8.460s]                  from [01m[K/Pav-S_ws/src/navigation2-humble/navigation_manager/src/stop_line_detection.cpp:6[m[K:
[8.460s] /usr/include/c++/11/type_traits: In instantiation of ‚Äò[01m[Kstruct std::is_constructible<StopLineBehavior, const std::__cxx11::basic_string<char, std::char_traits<char>, std::allocator<char> >&>[m[K‚Äô:
[8.460s] [01m[K/opt/ros/humble/include/behaviortree_cpp_v3/bt_factory.h:380:55:[m[K   required from ‚Äò[01m[Kvoid BT::BehaviorTreeFactory::registerNodeType(const string&) [with T = StopLineBehavior; std::string = std::__cxx11::basic_string<char>][m[K‚Äô
[8.460s] [01m[K/Pav-S_ws/src/navigation2-humble/navigation_manager/src/stop_line_detection.cpp:202:47:[m[K   required from here
[8.460s] [01m[K/usr/include/c++/11/type_traits:955:52:[m[K [01;31m[Kerror: [m[Kstatic assertion failed: template argument must be a complete class or an unbounded array
[8.460s]   955 |       static_assert([01;31m[Kstd::__is_complete_or_unbounded(__type_identity<_Tp>{})[m[K,
[8.461s]       |                     [01;31m[K~~~~~~~~~~~~~~~~~~~~~~~~~~~~~~~^~~~~~~~~~~~~~~~~~~~~~~~[m[K
[8.461s] [01m[K/usr/include/c++/11/type_traits:955:52:[m[K [01;36m[Knote: [m[K‚Äò[01m[Kstd::__is_complete_or_unbounded<std::__type_identity<StopLineBehavior> >((std::__type_identity<StopLineBehavior>{}, std::__type_identity<StopLineBehavior>()))[m[K‚Äô evaluates to false
[8.461s] /usr/include/c++/11/type_traits: In instantiation of ‚Äò[01m[Kstruct std::is_constructible<StopLineBehavior, const std::__cxx11::basic_string<char, std::char_traits<char>, std::allocator<char> >&, const BT::NodeConfiguration&>[m[K‚Äô:
[8.461s] [01m[K/opt/ros/humble/include/behaviortree_cpp_v3/bt_factory.h:382:81:[m[K   required from ‚Äò[01m[Kvoid BT::BehaviorTreeFactory::registerNodeType(const string&) [with T = StopLineBehavior; std::string = std::__cxx11::basic_string<char>][m[K‚Äô
[8.461s] [01m[K/Pav-S_ws/src/navigation2-humble/navigation_manager/src/stop_line_detection.cpp:202:47:[m[K   required from here
[8.461s] [01m[K/usr/include/c++/11/type_traits:955:52:[m[K [01;31m[Kerror: [m[Kstatic assertion failed: template argument must be a complete class or an unbounded array
[8.461s] [01m[K/usr/include/c++/11/type_traits:955:52:[m[K [01;36m[Knote: [m[K‚Äò[01m[Kstd::__is_complete_or_unbounded<std::__type_identity<StopLineBehavior> >((std::__type_identity<StopLineBehavior>{}, std::__type_identity<StopLineBehavior>()))[m[K‚Äô evaluates to false
[8.462s] In file included from [01m[K/Pav-S_ws/install/nav2_behavior_tree/include/nav2_behavior_tree/behavior_tree_engine.hpp:24[m[K,
[8.462s]                  from [01m[K/Pav-S_ws/install/nav2_behavior_tree/include/nav2_behavior_tree/bt_action_server.hpp:23[m[K,
[8.462s]                  from [01m[K/Pav-S_ws/src/navigation2-humble/navigation_manager/src/stop_line_detection.cpp:11[m[K:
[8.462s] /opt/ros/humble/include/behaviortree_cpp_v3/bt_factory.h: In instantiation of ‚Äò[01m[Kvoid BT::BehaviorTreeFactory::registerNodeType(const string&) [with T = StopLineBehavior; std::string = std::__cxx11::basic_string<char>][m[K‚Äô:
[8.462s] [01m[K/Pav-S_ws/src/navigation2-humble/navigation_manager/src/stop_line_detection.cpp:202:47:[m[K   required from here
[8.462s] [01m[K/opt/ros/humble/include/behaviortree_cpp_v3/bt_factory.h:385:41:[m[K [01;31m[Kerror: [m[Kstatic assertion failed: [registerNode]: the registered class must have at least one of these two constructors:   (const std::string&, const NodeConfiguration&) or (const std::string&).
[8.462s] Check also if the constructor is public!
[8.462s]   385 |     static_assert([01;31m[Kdefault_constructable || param_constructable[m[K, "[registerNode]: the "
[8.462s]       |                   [01;31m[K~~~~~~~~~~~~~~~~~~~~~~^~~~~~~~~~~~~~~~~~~~~~[m[K
[8.463s] [01m[K/opt/ros/humble/include/behaviortree_cpp_v3/bt_factory.h:385:41:[m[K [01;36m[Knote: [m[K‚Äò[01m[K(((bool)default_constructable) || ((bool)param_constructable))[m[K‚Äô evaluates to false
[8.463s] [01m[K/opt/ros/humble/include/behaviortree_cpp_v3/bt_factory.h:418:60:[m[K [01;31m[Kerror: [m[Kno matching function for call to ‚Äò[01m[KCreateBuilder<StopLineBehavior>()[m[K‚Äô
[8.463s]   418 |     registerBuilder(CreateManifest<T>(ID), [01;31m[KCreateBuilder<T>()[m[K);
[8.463s]       |                                            [01;31m[K~~~~~~~~~~~~~~~~^~[m[K
[8.463s] In file included from [01m[K/Pav-S_ws/install/nav2_behavior_tree/include/nav2_behavior_tree/behavior_tree_engine.hpp:24[m[K,
[8.463s]                  from [01m[K/Pav-S_ws/install/nav2_behavior_tree/include/nav2_behavior_tree/bt_action_server.hpp:23[m[K,
[8.463s]                  from [01m[K/Pav-S_ws/src/navigation2-humble/navigation_manager/src/stop_line_detection.cpp:11[m[K:
[8.463s] [01m[K/opt/ros/humble/include/behaviortree_cpp_v3/bt_factory.h:43:1:[m[K [01;36m[Knote: [m[Kcandidate: ‚Äò[01m[Ktemplate<class T> BT::NodeBuilder BT::CreateBuilder(typename std::enable_if<(std::is_constructible<T, const std::__cxx11::basic_string<char, std::char_traits<char>, std::allocator<char> >&>::value && std::is_constructible<T, const std::__cxx11::basic_string<char, std::char_traits<char>, std::allocator<char> >&, const BT::NodeConfiguration&>::value)>::type*)[m[K‚Äô
[8.463s]    43 | [01;36m[KCreateBuilder[m[K(typename std::enable_if<has_default_constructor<T>::value &&
[8.464s]       | [01;36m[K^~~~~~~~~~~~~[m[K
[8.464s] [01m[K/opt/ros/humble/include/behaviortree_cpp_v3/bt_factory.h:43:1:[m[K [01;36m[Knote: [m[K  template argument deduction/substitution failed:
[8.464s] /opt/ros/humble/include/behaviortree_cpp_v3/bt_factory.h: In substitution of ‚Äò[01m[Ktemplate<class T> BT::NodeBuilder BT::CreateBuilder(typename std::enable_if<(std::is_constructible<T, const std::__cxx11::basic_string<char, std::char_traits<char>, std::allocator<char> >&>::value && std::is_constructible<T, const std::__cxx11::basic_string<char, std::char_traits<char>, std::allocator<char> >&, const BT::NodeConfiguration&>::value)>::type*) [with T = StopLineBehavior][m[K‚Äô:
[8.464s] [01m[K/opt/ros/humble/include/behaviortree_cpp_v3/bt_factory.h:418:60:[m[K   required from ‚Äò[01m[Kvoid BT::BehaviorTreeFactory::registerNodeType(const string&) [with T = StopLineBehavior; std::string = std::__cxx11::basic_string<char>][m[K‚Äô
[8.464s] [01m[K/Pav-S_ws/src/navigation2-humble/navigation_manager/src/stop_line_detection.cpp:202:47:[m[K   required from here
[8.464s] [01m[K/opt/ros/humble/include/behaviortree_cpp_v3/bt_factory.h:43:1:[m[K [01;31m[Kerror: [m[Kno type named ‚Äò[01m[Ktype[m[K‚Äô in ‚Äò[01m[Kstruct std::enable_if<false, void>[m[K‚Äô
[8.464s] /opt/ros/humble/include/behaviortree_cpp_v3/bt_factory.h: In instantiation of ‚Äò[01m[Kvoid BT::BehaviorTreeFactory::registerNodeType(const string&) [with T = StopLineBehavior; std::string = std::__cxx11::basic_string<char>][m[K‚Äô:
[8.464s] [01m[K/Pav-S_ws/src/navigation2-humble/navigation_manager/src/stop_line_detection.cpp:202:47:[m[K   required from here
[8.465s] [01m[K/opt/ros/humble/include/behaviortree_cpp_v3/bt_factory.h:59:1:[m[K [01;36m[Knote: [m[Kcandidate: ‚Äò[01m[Ktemplate<class T> BT::NodeBuilder BT::CreateBuilder(typename std::enable_if<((! std::is_constructible<T, const std::__cxx11::basic_string<char, std::char_traits<char>, std::allocator<char> >&>::value) && std::is_constructible<T, const std::__cxx11::basic_string<char, std::char_traits<char>, std::allocator<char> >&, const BT::NodeConfiguration&>::value)>::type*)[m[K‚Äô
[8.465s]    59 | [01;36m[KCreateBuilder[m[K(typename std::enable_if<!has_default_constructor<T>::value &&
[8.465s]       | [01;36m[K^~~~~~~~~~~~~[m[K
[8.465s] [01m[K/opt/ros/humble/include/behaviortree_cpp_v3/bt_factory.h:59:1:[m[K [01;36m[Knote: [m[K  template argument deduction/substitution failed:
[8.465s] /opt/ros/humble/include/behaviortree_cpp_v3/bt_factory.h: In substitution of ‚Äò[01m[Ktemplate<class T> BT::NodeBuilder BT::CreateBuilder(typename std::enable_if<((! std::is_constructible<T, const std::__cxx11::basic_string<char, std::char_traits<char>, std::allocator<char> >&>::value) && std::is_constructible<T, const std::__cxx11::basic_string<char, std::char_traits<char>, std::allocator<char> >&, const BT::NodeConfiguration&>::value)>::type*) [with T = StopLineBehavior][m[K‚Äô:
[8.465s] [01m[K/opt/ros/humble/include/behaviortree_cpp_v3/bt_factory.h:418:60:[m[K   required from ‚Äò[01m[Kvoid BT::BehaviorTreeFactory::registerNodeType(const string&) [with T = StopLineBehavior; std::string = std::__cxx11::basic_string<char>][m[K‚Äô
[8.465s] [01m[K/Pav-S_ws/src/navigation2-humble/navigation_manager/src/stop_line_detection.cpp:202:47:[m[K   required from here
[8.465s] [01m[K/opt/ros/humble/include/behaviortree_cpp_v3/bt_factory.h:59:1:[m[K [01;31m[Kerror: [m[Kno type named ‚Äò[01m[Ktype[m[K‚Äô in ‚Äò[01m[Kstruct std::enable_if<false, void>[m[K‚Äô
[8.466s] /opt/ros/humble/include/behaviortree_cpp_v3/bt_factory.h: In instantiation of ‚Äò[01m[Kvoid BT::BehaviorTreeFactory::registerNodeType(const string&) [with T = StopLineBehavior; std::string = std::__cxx11::basic_string<char>][m[K‚Äô:
[8.466s] [01m[K/Pav-S_ws/src/navigation2-humble/navigation_manager/src/stop_line_detection.cpp:202:47:[m[K   required from here
[8.466s] [01m[K/opt/ros/humble/include/behaviortree_cpp_v3/bt_factory.h:69:1:[m[K [01;36m[Knote: [m[Kcandidate: ‚Äò[01m[Ktemplate<class T> BT::NodeBuilder BT::CreateBuilder(typename std::enable_if<(std::is_constructible<T, const std::__cxx11::basic_string<char, std::char_traits<char>, std::allocator<char> >&>::value && (! std::is_constructible<T, const std::__cxx11::basic_string<char, std::char_traits<char>, std::allocator<char> >&, const BT::NodeConfiguration&>::value))>::type*)[m[K‚Äô
[8.466s]    69 | [01;36m[KCreateBuilder[m[K(typename std::enable_if<has_default_constructor<T>::value &&
[8.466s]       | [01;36m[K^~~~~~~~~~~~~[m[K
[8.466s] [01m[K/opt/ros/humble/include/behaviortree_cpp_v3/bt_factory.h:69:1:[m[K [01;36m[Knote: [m[K  template argument deduction/substitution failed:
[8.466s] /opt/ros/humble/include/behaviortree_cpp_v3/bt_factory.h: In substitution of ‚Äò[01m[Ktemplate<class T> BT::NodeBuilder BT::CreateBuilder(typename std::enable_if<(std::is_constructible<T, const std::__cxx11::basic_string<char, std::char_traits<char>, std::allocator<char> >&>::value && (! std::is_constructible<T, const std::__cxx11::basic_string<char, std::char_traits<char>, std::allocator<char> >&, const BT::NodeConfiguration&>::value))>::type*) [with T = StopLineBehavior][m[K‚Äô:
[8.466s] [01m[K/opt/ros/humble/include/behaviortree_cpp_v3/bt_factory.h:418:60:[m[K   required from ‚Äò[01m[Kvoid BT::BehaviorTreeFactory::registerNodeType(const string&) [with T = StopLineBehavior; std::string = std::__cxx11::basic_string<char>][m[K‚Äô
[8.466s] [01m[K/Pav-S_ws/src/navigation2-humble/navigation_manager/src/stop_line_detection.cpp:202:47:[m[K   required from here
[8.467s] [01m[K/opt/ros/humble/include/behaviortree_cpp_v3/bt_factory.h:69:1:[m[K [01;31m[Kerror: [m[Kno type named ‚Äò[01m[Ktype[m[K‚Äô in ‚Äò[01m[Kstruct std::enable_if<false, void>[m[K‚Äô
[8.703s] [01m[K/Pav-S_ws/src/navigation2-humble/navigation_manager/src/cruise_perception_navigator.cpp:20:1:[m[K [01;31m[Kerror: [m[Kexpected ‚Äò[01m[K{[m[K‚Äô before ‚Äò[01m[Kpublic[m[K‚Äô
[8.704s]    20 | [01;31m[Kpublic[m[K:
[8.704s]       | [01;31m[K^~~~~~[m[K
[8.704s] [01m[K/Pav-S_ws/src/navigation2-humble/navigation_manager/src/cruise_perception_navigator.cpp:20:1:[m[K [01;31m[Kerror: [m[Kexpected unqualified-id before ‚Äò[01m[Kpublic[m[K‚Äô
[8.704s] [01m[K/Pav-S_ws/src/navigation2-humble/navigation_manager/src/cruise_perception_navigator.cpp:72:1:[m[K [01;31m[Kerror: [m[Kexpected unqualified-id before ‚Äò[01m[Kprivate[m[K‚Äô
[8.704s]    72 | [01;31m[Kprivate[m[K:
[8.704s]       | [01;31m[K^~~~~~~[m[K
[8.725s] [01m[K/Pav-S_ws/src/navigation2-humble/navigation_manager/src/cruise_perception_navigator.cpp:[m[K In function ‚Äò[01m[Kvoid handleLaneSituation(std_msgs::msg::String_<std::allocator<void> >::SharedPtr)[m[K‚Äô:
[8.726s] [01m[K/Pav-S_ws/src/navigation2-humble/navigation_manager/src/cruise_perception_navigator.cpp:89:13:[m[K [01;31m[Kerror: [m[K‚Äò[01m[Klane_blocked_[m[K‚Äô was not declared in this scope
[8.726s]    89 |             [01;31m[Klane_blocked_[m[K = true;
[8.726s]       |             [01;31m[K^~~~~~~~~~~~~[m[K
[8.726s] In file included from [01m[K/opt/ros/humble/include/rclcpp/rclcpp/client.hpp:40[m[K,
[8.726s]                  from [01m[K/opt/ros/humble/include/rclcpp/rclcpp/callback_group.hpp:24[m[K,
[8.726s]                  from [01m[K/opt/ros/humble/include/rclcpp/rclcpp/any_executable.hpp:20[m[K,
[8.726s]                  from [01m[K/opt/ros/humble/include/rclcpp/rclcpp/memory_strategy.hpp:25[m[K,
[8.727s]                  from [01m[K/opt/ros/humble/include/rclcpp/rclcpp/memory_strategies.hpp:18[m[K,
[8.727s]                  from [01m[K/opt/ros/humble/include/rclcpp/rclcpp/executor_options.hpp:20[m[K,
[8.727s]                  from [01m[K/opt/ros/humble/include/rclcpp/rclcpp/executor.hpp:37[m[K,
[8.727s]                  from [01m[K/opt/ros/humble/include/rclcpp/rclcpp/executors/multi_threaded_executor.hpp:25[m[K,
[8.727s]                  from [01m[K/opt/ros/humble/include/rclcpp/rclcpp/executors.hpp:21[m[K,
[8.727s]                  from [01m[K/opt/ros/humble/include/rclcpp/rclcpp/rclcpp.hpp:155[m[K,
[8.727s]                  from [01m[K/Pav-S_ws/src/navigation2-humble/navigation_manager/src/cruise_perception_navigator.cpp:6[m[K:
[8.727s] [01m[K/Pav-S_ws/src/navigation2-humble/navigation_manager/src/cruise_perception_navigator.cpp:90:25:[m[K [01;31m[Kerror: [m[Kinvalid use of ‚Äò[01m[Kthis[m[K‚Äô in non-member function
[8.727s]    90 |             RCLCPP_WARN([01;31m[Kthis[m[K->get_logger(), "ÂΩìÂâçËΩ¶ÈÅìË¢´ÈòªÂ°ûÔºåËÄÉËôëÂèòÈÅì");
[8.728s]       |                         [01;31m[K^~~~[m[K
[8.728s] [01m[K/Pav-S_ws/src/navigation2-humble/navigation_manager/src/cruise_perception_navigator.cpp:90:25:[m[K [01;31m[Kerror: [m[Kinvalid use of ‚Äò[01m[Kthis[m[K‚Äô in non-member function
[8.728s] [01m[K/Pav-S_ws/src/navigation2-humble/navigation_manager/src/cruise_perception_navigator.cpp:90:13:[m[K [01;31m[Kerror: [m[Ktemplate argument 1 is invalid
[8.728s]    90 |             [01;31m[KRCLCPP_WARN[m[K(this->get_logger(), "ÂΩìÂâçËΩ¶ÈÅìË¢´ÈòªÂ°ûÔºåËÄÉËôëÂèòÈÅì");
[8.728s]       |             [01;31m[K^~~~~~~~~~~[m[K
[8.728s] In file included from [01m[K/opt/ros/humble/include/rclcpp/rclcpp/logging.hpp:24[m[K,
[8.728s]                  from [01m[K/opt/ros/humble/include/rclcpp/rclcpp/client.hpp:40[m[K,
[8.728s]                  from [01m[K/opt/ros/humble/include/rclcpp/rclcpp/callback_group.hpp:24[m[K,
[8.728s]                  from [01m[K/opt/ros/humble/include/rclcpp/rclcpp/any_executable.hpp:20[m[K,
[8.729s]                  from [01m[K/opt/ros/humble/include/rclcpp/rclcpp/memory_strategy.hpp:25[m[K,
[8.729s]                  from [01m[K/opt/ros/humble/include/rclcpp/rclcpp/memory_strategies.hpp:18[m[K,
[8.729s]                  from [01m[K/opt/ros/humble/include/rclcpp/rclcpp/executor_options.hpp:20[m[K,
[8.729s]                  from [01m[K/opt/ros/humble/include/rclcpp/rclcpp/executor.hpp:37[m[K,
[8.729s]                  from [01m[K/opt/ros/humble/include/rclcpp/rclcpp/executors/multi_threaded_executor.hpp:25[m[K,
[8.729s]                  from [01m[K/opt/ros/humble/include/rclcpp/rclcpp/executors.hpp:21[m[K,
[8.729s]                  from [01m[K/opt/ros/humble/include/rclcpp/rclcpp/rclcpp.hpp:155[m[K,
[8.729s]                  from [01m[K/Pav-S_ws/src/navigation2-humble/navigation_manager/src/cruise_perception_navigator.cpp:6[m[K:
[8.729s] [01m[K/Pav-S_ws/src/navigation2-humble/navigation_manager/src/cruise_perception_navigator.cpp:90:25:[m[K [01;31m[Kerror: [m[Kinvalid use of ‚Äò[01m[Kthis[m[K‚Äô in non-member function
[8.730s]    90 |             RCLCPP_WARN([01;31m[Kthis[m[K->get_logger(), "ÂΩìÂâçËΩ¶ÈÅìË¢´ÈòªÂ°ûÔºåËÄÉËôëÂèòÈÅì");
[8.730s]       |                         [01;31m[K^~~~[m[K
[8.730s] [01m[K/Pav-S_ws/src/navigation2-humble/navigation_manager/src/cruise_perception_navigator.cpp:90:25:[m[K [01;31m[Kerror: [m[Kinvalid use of ‚Äò[01m[Kthis[m[K‚Äô in non-member function
[8.730s]    90 |             RCLCPP_WARN([01;31m[Kthis[m[K->get_logger(), "ÂΩìÂâçËΩ¶ÈÅìË¢´ÈòªÂ°ûÔºåËÄÉËôëÂèòÈÅì");
[8.730s]       |                         [01;31m[K^~~~[m[K
[8.740s] [01m[K/Pav-S_ws/src/navigation2-humble/navigation_manager/src/cruise_perception_navigator.cpp:92:13:[m[K [01;31m[Kerror: [m[K‚Äò[01m[Klane_blocked_[m[K‚Äô was not declared in this scope
[8.740s]    92 |             [01;31m[Klane_blocked_[m[K = false;
[8.740s]       |             [01;31m[K^~~~~~~~~~~~~[m[K
[8.740s] In file included from [01m[K/opt/ros/humble/include/rclcpp/rclcpp/client.hpp:40[m[K,
[8.740s]                  from [01m[K/opt/ros/humble/include/rclcpp/rclcpp/callback_group.hpp:24[m[K,
[8.741s]                  from [01m[K/opt/ros/humble/include/rclcpp/rclcpp/any_executable.hpp:20[m[K,
[8.741s]                  from [01m[K/opt/ros/humble/include/rclcpp/rclcpp/memory_strategy.hpp:25[m[K,
[8.741s]                  from [01m[K/opt/ros/humble/include/rclcpp/rclcpp/memory_strategies.hpp:18[m[K,
[8.741s]                  from [01m[K/opt/ros/humble/include/rclcpp/rclcpp/executor_options.hpp:20[m[K,
[8.741s]                  from [01m[K/opt/ros/humble/include/rclcpp/rclcpp/executor.hpp:37[m[K,
[8.741s]                  from [01m[K/opt/ros/humble/include/rclcpp/rclcpp/executors/multi_threaded_executor.hpp:25[m[K,
[8.741s]                  from [01m[K/opt/ros/humble/include/rclcpp/rclcpp/executors.hpp:21[m[K,
[8.741s]                  from [01m[K/opt/ros/humble/include/rclcpp/rclcpp/rclcpp.hpp:155[m[K,
[8.742s]                  from [01m[K/Pav-S_ws/src/navigation2-humble/navigation_manager/src/cruise_perception_navigator.cpp:6[m[K:
[8.742s] [01m[K/Pav-S_ws/src/navigation2-humble/navigation_manager/src/cruise_perception_navigator.cpp:93:25:[m[K [01;31m[Kerror: [m[Kinvalid use of ‚Äò[01m[Kthis[m[K‚Äô in non-member function
[8.742s]    93 |             RCLCPP_INFO([01;31m[Kthis[m[K->get_logger(), "ËΩ¶ÈÅìÁïÖÈÄö");
[8.742s]       |                         [01;31m[K^~~~[m[K
[8.742s] [01m[K/Pav-S_ws/src/navigation2-humble/navigation_manager/src/cruise_perception_navigator.cpp:93:25:[m[K [01;31m[Kerror: [m[Kinvalid use of ‚Äò[01m[Kthis[m[K‚Äô in non-member function
[8.742s] [01m[K/Pav-S_ws/src/navigation2-humble/navigation_manager/src/cruise_perception_navigator.cpp:93:13:[m[K [01;31m[Kerror: [m[Ktemplate argument 1 is invalid
[8.742s]    93 |             [01;31m[KRCLCPP_INFO[m[K(this->get_logger(), "ËΩ¶ÈÅìÁïÖÈÄö");
[8.742s]       |             [01;31m[K^~~~~~~~~~~[m[K
[8.742s] In file included from [01m[K/opt/ros/humble/include/rclcpp/rclcpp/logging.hpp:24[m[K,
[8.743s]                  from [01m[K/opt/ros/humble/include/rclcpp/rclcpp/client.hpp:40[m[K,
[8.743s]                  from [01m[K/opt/ros/humble/include/rclcpp/rclcpp/callback_group.hpp:24[m[K,
[8.743s]                  from [01m[K/opt/ros/humble/include/rclcpp/rclcpp/any_executable.hpp:20[m[K,
[8.743s]                  from [01m[K/opt/ros/humble/include/rclcpp/rclcpp/memory_strategy.hpp:25[m[K,
[8.743s]                  from [01m[K/opt/ros/humble/include/rclcpp/rclcpp/memory_strategies.hpp:18[m[K,
[8.743s]                  from [01m[K/opt/ros/humble/include/rclcpp/rclcpp/executor_options.hpp:20[m[K,
[8.743s]                  from [01m[K/opt/ros/humble/include/rclcpp/rclcpp/executor.hpp:37[m[K,
[8.743s]                  from [01m[K/opt/ros/humble/include/rclcpp/rclcpp/executors/multi_threaded_executor.hpp:25[m[K,
[8.743s]                  from [01m[K/opt/ros/humble/include/rclcpp/rclcpp/executors.hpp:21[m[K,
[8.744s]                  from [01m[K/opt/ros/humble/include/rclcpp/rclcpp/rclcpp.hpp:155[m[K,
[8.744s]                  from [01m[K/Pav-S_ws/src/navigation2-humble/navigation_manager/src/cruise_perception_navigator.cpp:6[m[K:
[8.744s] [01m[K/Pav-S_ws/src/navigation2-humble/navigation_manager/src/cruise_perception_navigator.cpp:93:25:[m[K [01;31m[Kerror: [m[Kinvalid use of ‚Äò[01m[Kthis[m[K‚Äô in non-member function
[8.744s]    93 |             RCLCPP_INFO([01;31m[Kthis[m[K->get_logger(), "ËΩ¶ÈÅìÁïÖÈÄö");
[8.744s]       |                         [01;31m[K^~~~[m[K
[8.744s] [01m[K/Pav-S_ws/src/navigation2-humble/navigation_manager/src/cruise_perception_navigator.cpp:93:25:[m[K [01;31m[Kerror: [m[Kinvalid use of ‚Äò[01m[Kthis[m[K‚Äô in non-member function
[8.744s]    93 |             RCLCPP_INFO([01;31m[Kthis[m[K->get_logger(), "ËΩ¶ÈÅìÁïÖÈÄö");
[8.744s]       |                         [01;31m[K^~~~[m[K
[8.757s] [01m[K/Pav-S_ws/src/navigation2-humble/navigation_manager/src/cruise_perception_navigator.cpp:96:9:[m[K [01;31m[Kerror: [m[K‚Äò[01m[Klast_perception_time_[m[K‚Äô was not declared in this scope
[8.758s]    96 |         [01;31m[Klast_perception_time_[m[K = this->now();
[8.758s]       |         [01;31m[K^~~~~~~~~~~~~~~~~~~~~[m[K
[8.758s] [01m[K/Pav-S_ws/src/navigation2-humble/navigation_manager/src/cruise_perception_navigator.cpp:96:33:[m[K [01;31m[Kerror: [m[Kinvalid use of ‚Äò[01m[Kthis[m[K‚Äô in non-member function
[8.758s]    96 |         last_perception_time_ = [01;31m[Kthis[m[K->now();
[8.758s]       |                                 [01;31m[K^~~~[m[K
[8.772s] [01m[K/Pav-S_ws/src/navigation2-humble/navigation_manager/src/cruise_perception_navigator.cpp:[m[K In function ‚Äò[01m[Kvoid executeCallback()[m[K‚Äô:
[8.772s] [01m[K/Pav-S_ws/src/navigation2-humble/navigation_manager/src/cruise_perception_navigator.cpp:101:24:[m[K [01;31m[Kerror: [m[K‚Äò[01m[KgetCurrentRequest[m[K‚Äô was not declared in this scope
[8.773s]   101 |         auto request = [01;31m[KgetCurrentRequest[m[K();
[8.773s]       |                        [01;31m[K^~~~~~~~~~~~~~~~~[m[K
[8.773s] In file included from [01m[K/opt/ros/humble/include/rclcpp/rclcpp/client.hpp:40[m[K,
[8.773s]                  from [01m[K/opt/ros/humble/include/rclcpp/rclcpp/callback_group.hpp:24[m[K,
[8.773s]                  from [01m[K/opt/ros/humble/include/rclcpp/rclcpp/any_executable.hpp:20[m[K,
[8.773s]                  from [01m[K/opt/ros/humble/include/rclcpp/rclcpp/memory_strategy.hpp:25[m[K,
[8.773s]                  from [01m[K/opt/ros/humble/include/rclcpp/rclcpp/memory_strategies.hpp:18[m[K,
[8.773s]                  from [01m[K/opt/ros/humble/include/rclcpp/rclcpp/executor_options.hpp:20[m[K,
[8.774s]                  from [01m[K/opt/ros/humble/include/rclcpp/rclcpp/executor.hpp:37[m[K,
[8.774s]                  from [01m[K/opt/ros/humble/include/rclcpp/rclcpp/executors/multi_threaded_executor.hpp:25[m[K,
[8.774s]                  from [01m[K/opt/ros/humble/include/rclcpp/rclcpp/executors.hpp:21[m[K,
[8.774s]                  from [01m[K/opt/ros/humble/include/rclcpp/rclcpp/rclcpp.hpp:155[m[K,
[8.774s]                  from [01m[K/Pav-S_ws/src/navigation2-humble/navigation_manager/src/cruise_perception_navigator.cpp:6[m[K:
[8.774s] [01m[K/Pav-S_ws/src/navigation2-humble/navigation_manager/src/cruise_perception_navigator.cpp:103:21:[m[K [01;31m[Kerror: [m[Kinvalid use of ‚Äò[01m[Kthis[m[K‚Äô in non-member function
[8.774s]   103 |         RCLCPP_INFO([01;31m[Kthis[m[K->get_logger(), "ÂºÄÂßãÂ∑°Ëà™ÂØºËà™‰ªªÂä°Âà∞‰ΩçÁΩÆ: [%.2f, %.2f]",
[8.774s]       |                     [01;31m[K^~~~[m[K
[8.774s] [01m[K/Pav-S_ws/src/navigation2-humble/navigation_manager/src/cruise_perception_navigator.cpp:103:21:[m[K [01;31m[Kerror: [m[Kinvalid use of ‚Äò[01m[Kthis[m[K‚Äô in non-member function
[8.775s] [01m[K/Pav-S_ws/src/navigation2-humble/navigation_manager/src/cruise_perception_navigator.cpp:103:9:[m[K [01;31m[Kerror: [m[Ktemplate argument 1 is invalid
[8.775s]   103 |         [01;31m[KRCLCPP_INFO[m[K(this->get_logger(), "ÂºÄÂßãÂ∑°Ëà™ÂØºËà™‰ªªÂä°Âà∞‰ΩçÁΩÆ: [%.2f, %.2f]",
[8.775s]       |         [01;31m[K^~~~~~~~~~~[m[K
[8.775s] In file included from [01m[K/opt/ros/humble/include/rclcpp/rclcpp/logging.hpp:24[m[K,
[8.775s]                  from [01m[K/opt/ros/humble/include/rclcpp/rclcpp/client.hpp:40[m[K,
[8.775s]                  from [01m[K/opt/ros/humble/include/rclcpp/rclcpp/callback_group.hpp:24[m[K,
[8.775s]                  from [01m[K/opt/ros/humble/include/rclcpp/rclcpp/any_executable.hpp:20[m[K,
[8.775s]                  from [01m[K/opt/ros/humble/include/rclcpp/rclcpp/memory_strategy.hpp:25[m[K,
[8.775s]                  from [01m[K/opt/ros/humble/include/rclcpp/rclcpp/memory_strategies.hpp:18[m[K,
[8.776s]                  from [01m[K/opt/ros/humble/include/rclcpp/rclcpp/executor_options.hpp:20[m[K,
[8.776s]                  from [01m[K/opt/ros/humble/include/rclcpp/rclcpp/executor.hpp:37[m[K,
[8.776s]                  from [01m[K/opt/ros/humble/include/rclcpp/rclcpp/executors/multi_threaded_executor.hpp:25[m[K,
[8.776s]                  from [01m[K/opt/ros/humble/include/rclcpp/rclcpp/executors.hpp:21[m[K,
[8.776s]                  from [01m[K/opt/ros/humble/include/rclcpp/rclcpp/rclcpp.hpp:155[m[K,
[8.776s]                  from [01m[K/Pav-S_ws/src/navigation2-humble/navigation_manager/src/cruise_perception_navigator.cpp:6[m[K:
[8.776s] [01m[K/Pav-S_ws/src/navigation2-humble/navigation_manager/src/cruise_perception_navigator.cpp:103:21:[m[K [01;31m[Kerror: [m[Kinvalid use of ‚Äò[01m[Kthis[m[K‚Äô in non-member function
[8.776s]   103 |         RCLCPP_INFO([01;31m[Kthis[m[K->get_logger(), "ÂºÄÂßãÂ∑°Ëà™ÂØºËà™‰ªªÂä°Âà∞‰ΩçÁΩÆ: [%.2f, %.2f]",
[8.776s]       |                     [01;31m[K^~~~[m[K
[8.777s] [01m[K/Pav-S_ws/src/navigation2-humble/navigation_manager/src/cruise_perception_navigator.cpp:103:21:[m[K [01;31m[Kerror: [m[Kinvalid use of ‚Äò[01m[Kthis[m[K‚Äô in non-member function
[8.777s]   103 |         RCLCPP_INFO([01;31m[Kthis[m[K->get_logger(), "ÂºÄÂßãÂ∑°Ëà™ÂØºËà™‰ªªÂä°Âà∞‰ΩçÁΩÆ: [%.2f, %.2f]",
[8.777s]       |                     [01;31m[K^~~~[m[K
[8.790s] [01m[K/Pav-S_ws/src/navigation2-humble/navigation_manager/src/cruise_perception_navigator.cpp:108:9:[m[K [01;31m[Kerror: [m[K‚Äò[01m[KexecuteCruiseNavigation[m[K‚Äô was not declared in this scope
[8.790s]   108 |         [01;31m[KexecuteCruiseNavigation[m[K();
[8.791s]       |         [01;31m[K^~~~~~~~~~~~~~~~~~~~~~~[m[K
[8.811s] [01m[K/Pav-S_ws/src/navigation2-humble/navigation_manager/src/cruise_perception_navigator.cpp:112:9:[m[K [01;31m[Kerror: [m[K‚Äò[01m[KsetAsSucceeded[m[K‚Äô was not declared in this scope
[8.811s]   112 |         [01;31m[KsetAsSucceeded[m[K(result);
[8.811s]       |         [01;31m[K^~~~~~~~~~~~~~[m[K
[8.826s] [01m[K/Pav-S_ws/src/navigation2-humble/navigation_manager/src/cruise_perception_navigator.cpp:[m[K In function ‚Äò[01m[Kvoid executeCruiseNavigation()[m[K‚Äô:
[8.827s] [01m[K/Pav-S_ws/src/navigation2-humble/navigation_manager/src/cruise_perception_navigator.cpp:117:33:[m[K [01;31m[Kerror: [m[K‚Äò[01m[KisPreemptRequested[m[K‚Äô was not declared in this scope
[8.827s]   117 |         while (rclcpp::ok() && ![01;31m[KisPreemptRequested[m[K()) {
[8.827s]       |                                 [01;31m[K^~~~~~~~~~~~~~~~~~[m[K
[8.844s] [01m[K/Pav-S_ws/src/navigation2-humble/navigation_manager/src/cruise_perception_navigator.cpp:119:13:[m[K [01;31m[Kerror: [m[K‚Äò[01m[KupdatePerceptionStatus[m[K‚Äô was not declared in this scope
[8.844s]   119 |             [01;31m[KupdatePerceptionStatus[m[K();
[8.844s]       |             [01;31m[K^~~~~~~~~~~~~~~~~~~~~~[m[K
[8.861s] [01m[K/Pav-S_ws/src/navigation2-humble/navigation_manager/src/cruise_perception_navigator.cpp:122:13:[m[K [01;31m[Kerror: [m[K‚Äò[01m[KadjustNavigationStrategy[m[K‚Äô was not declared in this scope
[8.862s]   122 |             [01;31m[KadjustNavigationStrategy[m[K();
[8.862s]       |             [01;31m[K^~~~~~~~~~~~~~~~~~~~~~~~[m[K
[8.876s] [01m[K/Pav-S_ws/src/navigation2-humble/navigation_manager/src/cruise_perception_navigator.cpp:125:17:[m[K [01;31m[Kerror: [m[K‚Äò[01m[KcheckGoalReached[m[K‚Äô was not declared in this scope
[8.876s]   125 |             if ([01;31m[KcheckGoalReached[m[K()) {
[8.876s]       |                 [01;31m[K^~~~~~~~~~~~~~~~[m[K
[8.877s] In file included from [01m[K/opt/ros/humble/include/rclcpp/rclcpp/client.hpp:40[m[K,
[8.877s]                  from [01m[K/opt/ros/humble/include/rclcpp/rclcpp/callback_group.hpp:24[m[K,
[8.877s]                  from [01m[K/opt/ros/humble/include/rclcpp/rclcpp/any_executable.hpp:20[m[K,
[8.877s]                  from [01m[K/opt/ros/humble/include/rclcpp/rclcpp/memory_strategy.hpp:25[m[K,
[8.877s]                  from [01m[K/opt/ros/humble/include/rclcpp/rclcpp/memory_strategies.hpp:18[m[K,
[8.877s]                  from [01m[K/opt/ros/humble/include/rclcpp/rclcpp/executor_options.hpp:20[m[K,
[8.877s]                  from [01m[K/opt/ros/humble/include/rclcpp/rclcpp/executor.hpp:37[m[K,
[8.878s]                  from [01m[K/opt/ros/humble/include/rclcpp/rclcpp/executors/multi_threaded_executor.hpp:25[m[K,
[8.878s]                  from [01m[K/opt/ros/humble/include/rclcpp/rclcpp/executors.hpp:21[m[K,
[8.878s]                  from [01m[K/opt/ros/humble/include/rclcpp/rclcpp/rclcpp.hpp:155[m[K,
[8.878s]                  from [01m[K/Pav-S_ws/src/navigation2-humble/navigation_manager/src/cruise_perception_navigator.cpp:6[m[K:
[8.878s] [01m[K/Pav-S_ws/src/navigation2-humble/navigation_manager/src/cruise_perception_navigator.cpp:126:29:[m[K [01;31m[Kerror: [m[Kinvalid use of ‚Äò[01m[Kthis[m[K‚Äô in non-member function
[8.878s]   126 |                 RCLCPP_INFO([01;31m[Kthis[m[K->get_logger(), "Â∑°Ëà™ÂØºËà™ÁõÆÊ†áÂ∑≤Âà∞Ëææ");
[8.878s]       |                             [01;31m[K^~~~[m[K
[8.878s] [01m[K/Pav-S_ws/src/navigation2-humble/navigation_manager/src/cruise_perception_navigator.cpp:126:29:[m[K [01;31m[Kerror: [m[Kinvalid use of ‚Äò[01m[Kthis[m[K‚Äô in non-member function
[8.879s] [01m[K/Pav-S_ws/src/navigation2-humble/navigation_manager/src/cruise_perception_navigator.cpp:126:17:[m[K [01;31m[Kerror: [m[Ktemplate argument 1 is invalid
[8.879s]   126 |                 [01;31m[KRCLCPP_INFO[m[K(this->get_logger(), "Â∑°Ëà™ÂØºËà™ÁõÆÊ†áÂ∑≤Âà∞Ëææ");
[8.879s]       |                 [01;31m[K^~~~~~~~~~~[m[K
[8.879s] In file included from [01m[K/opt/ros/humble/include/rclcpp/rclcpp/logging.hpp:24[m[K,
[8.879s]                  from [01m[K/opt/ros/humble/include/rclcpp/rclcpp/client.hpp:40[m[K,
[8.879s]                  from [01m[K/opt/ros/humble/include/rclcpp/rclcpp/callback_group.hpp:24[m[K,
[8.879s]                  from [01m[K/opt/ros/humble/include/rclcpp/rclcpp/any_executable.hpp:20[m[K,
[8.879s]                  from [01m[K/opt/ros/humble/include/rclcpp/rclcpp/memory_strategy.hpp:25[m[K,
[8.879s]                  from [01m[K/opt/ros/humble/include/rclcpp/rclcpp/memory_strategies.hpp:18[m[K,
[8.880s]                  from [01m[K/opt/ros/humble/include/rclcpp/rclcpp/executor_options.hpp:20[m[K,
[8.880s]                  from [01m[K/opt/ros/humble/include/rclcpp/rclcpp/executor.hpp:37[m[K,
[8.880s]                  from [01m[K/opt/ros/humble/include/rclcpp/rclcpp/executors/multi_threaded_executor.hpp:25[m[K,
[8.880s]                  from [01m[K/opt/ros/humble/include/rclcpp/rclcpp/executors.hpp:21[m[K,
[8.880s]                  from [01m[K/opt/ros/humble/include/rclcpp/rclcpp/rclcpp.hpp:155[m[K,
[8.880s]                  from [01m[K/Pav-S_ws/src/navigation2-humble/navigation_manager/src/cruise_perception_navigator.cpp:6[m[K:
[8.880s] [01m[K/Pav-S_ws/src/navigation2-humble/navigation_manager/src/cruise_perception_navigator.cpp:126:29:[m[K [01;31m[Kerror: [m[Kinvalid use of ‚Äò[01m[Kthis[m[K‚Äô in non-member function
[8.880s]   126 |                 RCLCPP_INFO([01;31m[Kthis[m[K->get_logger(), "Â∑°Ëà™ÂØºËà™ÁõÆÊ†áÂ∑≤Âà∞Ëææ");
[8.880s]       |                             [01;31m[K^~~~[m[K
[8.881s] [01m[K/Pav-S_ws/src/navigation2-humble/navigation_manager/src/cruise_perception_navigator.cpp:126:29:[m[K [01;31m[Kerror: [m[Kinvalid use of ‚Äò[01m[Kthis[m[K‚Äô in non-member function
[8.881s]   126 |                 RCLCPP_INFO([01;31m[Kthis[m[K->get_logger(), "Â∑°Ëà™ÂØºËà™ÁõÆÊ†áÂ∑≤Âà∞Ëææ");
[8.881s]       |                             [01;31m[K^~~~[m[K
[8.881s] [01m[K/Pav-S_ws/src/navigation2-humble/navigation_manager/src/cruise_perception_navigator.cpp:[m[K In function ‚Äò[01m[Kvoid monitorPerceptionStatus()[m[K‚Äô:
[8.881s] [01m[K/Pav-S_ws/src/navigation2-humble/navigation_manager/src/cruise_perception_navigator.cpp:138:29:[m[K [01;31m[Kerror: [m[Kinvalid use of ‚Äò[01m[Kthis[m[K‚Äô in non-member function
[8.881s]   138 |         auto current_time = [01;31m[Kthis[m[K->now();
[8.881s]       |                             [01;31m[K^~~~[m[K
[8.895s] [01m[K/Pav-S_ws/src/navigation2-humble/navigation_manager/src/cruise_perception_navigator.cpp:139:59:[m[K [01;31m[Kerror: [m[K‚Äò[01m[Klast_perception_time_[m[K‚Äô was not declared in this scope
[8.895s]   139 |         auto time_since_last_perception = (current_time - [01;31m[Klast_perception_time_[m[K).seconds();
[8.896s]       |                                                           [01;31m[K^~~~~~~~~~~~~~~~~~~~~[m[K
[8.911s] [01m[K/Pav-S_ws/src/navigation2-humble/navigation_manager/src/cruise_perception_navigator.cpp:141:42:[m[K [01;31m[Kerror: [m[K‚Äò[01m[Kperception_timeout_[m[K‚Äô was not declared in this scope
[8.911s]   141 |         if (time_since_last_perception > [01;31m[Kperception_timeout_[m[K) {
[8.911s]       |                                          [01;31m[K^~~~~~~~~~~~~~~~~~~[m[K
[8.911s] In file included from [01m[K/opt/ros/humble/include/rclcpp/rclcpp/client.hpp:40[m[K,
[8.912s]                  from [01m[K/opt/ros/humble/include/rclcpp/rclcpp/callback_group.hpp:24[m[K,
[8.912s]                  from [01m[K/opt/ros/humble/include/rclcpp/rclcpp/any_executable.hpp:20[m[K,
[8.912s]                  from [01m[K/opt/ros/humble/include/rclcpp/rclcpp/memory_strategy.hpp:25[m[K,
[8.912s]                  from [01m[K/opt/ros/humble/include/rclcpp/rclcpp/memory_strategies.hpp:18[m[K,
[8.912s]                  from [01m[K/opt/ros/humble/include/rclcpp/rclcpp/executor_options.hpp:20[m[K,
[8.912s]                  from [01m[K/opt/ros/humble/include/rclcpp/rclcpp/executor.hpp:37[m[K,
[8.912s]                  from [01m[K/opt/ros/humble/include/rclcpp/rclcpp/executors/multi_threaded_executor.hpp:25[m[K,
[8.912s]                  from [01m[K/opt/ros/humble/include/rclcpp/rclcpp/executors.hpp:21[m[K,
[8.913s]                  from [01m[K/opt/ros/humble/include/rclcpp/rclcpp/rclcpp.hpp:155[m[K,
[8.913s]                  from [01m[K/Pav-S_ws/src/navigation2-humble/navigation_manager/src/cruise_perception_navigator.cpp:6[m[K:
[8.913s] [01m[K/Pav-S_ws/src/navigation2-humble/navigation_manager/src/cruise_perception_navigator.cpp:142:25:[m[K [01;31m[Kerror: [m[Kinvalid use of ‚Äò[01m[Kthis[m[K‚Äô in non-member function
[8.913s]   142 |             RCLCPP_WARN([01;31m[Kthis[m[K->get_logger(), "ÊÑüÁü•Êï∞ÊçÆË∂ÖÊó∂ (%.2fÁßí)ÔºåÂàáÊç¢Âà∞‰øùÂÆàÊ®°Âºè",
[8.913s]       |                         [01;31m[K^~~~[m[K
[8.913s] [01m[K/Pav-S_ws/src/navigation2-humble/navigation_manager/src/cruise_perception_navigator.cpp:142:25:[m[K [01;31m[Kerror: [m[Kinvalid use of ‚Äò[01m[Kthis[m[K‚Äô in non-member function
[8.913s] [01m[K/Pav-S_ws/src/navigation2-humble/navigation_manager/src/cruise_perception_navigator.cpp:142:13:[m[K [01;31m[Kerror: [m[Ktemplate argument 1 is invalid
[8.913s]   142 |             [01;31m[KRCLCPP_WARN[m[K(this->get_logger(), "ÊÑüÁü•Êï∞ÊçÆË∂ÖÊó∂ (%.2fÁßí)ÔºåÂàáÊç¢Âà∞‰øùÂÆàÊ®°Âºè",
[8.913s]       |             [01;31m[K^~~~~~~~~~~[m[K
[8.914s] In file included from [01m[K/opt/ros/humble/include/rclcpp/rclcpp/logging.hpp:24[m[K,
[8.914s]                  from [01m[K/opt/ros/humble/include/rclcpp/rclcpp/client.hpp:40[m[K,
[8.914s]                  from [01m[K/opt/ros/humble/include/rclcpp/rclcpp/callback_group.hpp:24[m[K,
[8.914s]                  from [01m[K/opt/ros/humble/include/rclcpp/rclcpp/any_executable.hpp:20[m[K,
[8.914s]                  from [01m[K/opt/ros/humble/include/rclcpp/rclcpp/memory_strategy.hpp:25[m[K,
[8.914s]                  from [01m[K/opt/ros/humble/include/rclcpp/rclcpp/memory_strategies.hpp:18[m[K,
[8.914s]                  from [01m[K/opt/ros/humble/include/rclcpp/rclcpp/executor_options.hpp:20[m[K,
[8.914s]                  from [01m[K/opt/ros/humble/include/rclcpp/rclcpp/executor.hpp:37[m[K,
[8.914s]                  from [01m[K/opt/ros/humble/include/rclcpp/rclcpp/executors/multi_threaded_executor.hpp:25[m[K,
[8.915s]                  from [01m[K/opt/ros/humble/include/rclcpp/rclcpp/executors.hpp:21[m[K,
[8.915s]                  from [01m[K/opt/ros/humble/include/rclcpp/rclcpp/rclcpp.hpp:155[m[K,
[8.915s]                  from [01m[K/Pav-S_ws/src/navigation2-humble/navigation_manager/src/cruise_perception_navigator.cpp:6[m[K:
[8.915s] [01m[K/Pav-S_ws/src/navigation2-humble/navigation_manager/src/cruise_perception_navigator.cpp:142:25:[m[K [01;31m[Kerror: [m[Kinvalid use of ‚Äò[01m[Kthis[m[K‚Äô in non-member function
[8.915s]   142 |             RCLCPP_WARN([01;31m[Kthis[m[K->get_logger(), "ÊÑüÁü•Êï∞ÊçÆË∂ÖÊó∂ (%.2fÁßí)ÔºåÂàáÊç¢Âà∞‰øùÂÆàÊ®°Âºè",
[8.915s]       |                         [01;31m[K^~~~[m[K
[8.915s] [01m[K/Pav-S_ws/src/navigation2-humble/navigation_manager/src/cruise_perception_navigator.cpp:142:25:[m[K [01;31m[Kerror: [m[Kinvalid use of ‚Äò[01m[Kthis[m[K‚Äô in non-member function
[8.915s]   142 |             RCLCPP_WARN([01;31m[Kthis[m[K->get_logger(), "ÊÑüÁü•Êï∞ÊçÆË∂ÖÊó∂ (%.2fÁßí)ÔºåÂàáÊç¢Âà∞‰øùÂÆàÊ®°Âºè",
[8.915s]       |                         [01;31m[K^~~~[m[K
[8.932s] [01m[K/Pav-S_ws/src/navigation2-humble/navigation_manager/src/cruise_perception_navigator.cpp:145:13:[m[K [01;31m[Kerror: [m[K‚Äò[01m[KactivateConservativeMode[m[K‚Äô was not declared in this scope
[8.932s]   145 |             [01;31m[KactivateConservativeMode[m[K();
[8.932s]       |             [01;31m[K^~~~~~~~~~~~~~~~~~~~~~~~[m[K
[8.948s] [01m[K/Pav-S_ws/src/navigation2-humble/navigation_manager/src/cruise_perception_navigator.cpp:[m[K In function ‚Äò[01m[Kvoid adjustNavigationStrategy()[m[K‚Äô:
[8.948s] [01m[K/Pav-S_ws/src/navigation2-humble/navigation_manager/src/cruise_perception_navigator.cpp:153:13:[m[K [01;31m[Kerror: [m[K‚Äò[01m[Kobstacle_detected_[m[K‚Äô was not declared in this scope
[8.948s]   153 |         if ([01;31m[Kobstacle_detected_[m[K) {
[8.948s]       |             [01;31m[K^~~~~~~~~~~~~~~~~~[m[K
[8.970s] [01m[K/Pav-S_ws/src/navigation2-humble/navigation_manager/src/cruise_perception_navigator.cpp:155:30:[m[K [01;31m[Kerror: [m[K‚Äò[01m[KgenerateObstacleAvoidanceCommand[m[K‚Äô was not declared in this scope
[8.971s]   155 |             adjustment_cmd = [01;31m[KgenerateObstacleAvoidanceCommand[m[K();
[8.971s]       |                              [01;31m[K^~~~~~~~~~~~~~~~~~~~~~~~~~~~~~~~[m[K
[8.971s] In file included from [01m[K/opt/ros/humble/include/rclcpp/rclcpp/client.hpp:40[m[K,
[8.971s]                  from [01m[K/opt/ros/humble/include/rclcpp/rclcpp/callback_group.hpp:24[m[K,
[8.971s]                  from [01m[K/opt/ros/humble/include/rclcpp/rclcpp/any_executable.hpp:20[m[K,
[8.971s]                  from [01m[K/opt/ros/humble/include/rclcpp/rclcpp/memory_strategy.hpp:25[m[K,
[8.971s]                  from [01m[K/opt/ros/humble/include/rclcpp/rclcpp/memory_strategies.hpp:18[m[K,
[8.972s]                  from [01m[K/opt/ros/humble/include/rclcpp/rclcpp/executor_options.hpp:20[m[K,
[8.972s]                  from [01m[K/opt/ros/humble/include/rclcpp/rclcpp/executor.hpp:37[m[K,
[8.972s]                  from [01m[K/opt/ros/humble/include/rclcpp/rclcpp/executors/multi_threaded_executor.hpp:25[m[K,
[8.972s]                  from [01m[K/opt/ros/humble/include/rclcpp/rclcpp/executors.hpp:21[m[K,
[8.972s]                  from [01m[K/opt/ros/humble/include/rclcpp/rclcpp/rclcpp.hpp:155[m[K,
[8.972s]                  from [01m[K/Pav-S_ws/src/navigation2-humble/navigation_manager/src/cruise_perception_navigator.cpp:6[m[K:
[8.972s] [01m[K/Pav-S_ws/src/navigation2-humble/navigation_manager/src/cruise_perception_navigator.cpp:156:26:[m[K [01;31m[Kerror: [m[Kinvalid use of ‚Äò[01m[Kthis[m[K‚Äô in non-member function
[8.972s]   156 |             RCLCPP_DEBUG([01;31m[Kthis[m[K->get_logger(), "ÊâßË°åÈöúÁ¢çÁâ©ËßÑÈÅø");
[8.972s]       |                          [01;31m[K^~~~[m[K
[8.973s] [01m[K/Pav-S_ws/src/navigation2-humble/navigation_manager/src/cruise_perception_navigator.cpp:156:26:[m[K [01;31m[Kerror: [m[Kinvalid use of ‚Äò[01m[Kthis[m[K‚Äô in non-member function
[8.973s] [01m[K/Pav-S_ws/src/navigation2-humble/navigation_manager/src/cruise_perception_navigator.cpp:156:13:[m[K [01;31m[Kerror: [m[Ktemplate argument 1 is invalid
[8.973s]   156 |             [01;31m[KRCLCPP_DEBUG[m[K(this->get_logger(), "ÊâßË°åÈöúÁ¢çÁâ©ËßÑÈÅø");
[8.973s]       |             [01;31m[K^~~~~~~~~~~~[m[K
[8.973s] In file included from [01m[K/opt/ros/humble/include/rclcpp/rclcpp/logging.hpp:24[m[K,
[8.973s]                  from [01m[K/opt/ros/humble/include/rclcpp/rclcpp/client.hpp:40[m[K,
[8.973s]                  from [01m[K/opt/ros/humble/include/rclcpp/rclcpp/callback_group.hpp:24[m[K,
[8.973s]                  from [01m[K/opt/ros/humble/include/rclcpp/rclcpp/any_executable.hpp:20[m[K,
[8.973s]                  from [01m[K/opt/ros/humble/include/rclcpp/rclcpp/memory_strategy.hpp:25[m[K,
[8.974s]                  from [01m[K/opt/ros/humble/include/rclcpp/rclcpp/memory_strategies.hpp:18[m[K,
[8.974s]                  from [01m[K/opt/ros/humble/include/rclcpp/rclcpp/executor_options.hpp:20[m[K,
[8.974s]                  from [01m[K/opt/ros/humble/include/rclcpp/rclcpp/executor.hpp:37[m[K,
[8.974s]                  from [01m[K/opt/ros/humble/include/rclcpp/rclcpp/executors/multi_threaded_executor.hpp:25[m[K,
[8.974s]                  from [01m[K/opt/ros/humble/include/rclcpp/rclcpp/executors.hpp:21[m[K,
[8.974s]                  from [01m[K/opt/ros/humble/include/rclcpp/rclcpp/rclcpp.hpp:155[m[K,
[8.974s]                  from [01m[K/Pav-S_ws/src/navigation2-humble/navigation_manager/src/cruise_perception_navigator.cpp:6[m[K:
[8.974s] [01m[K/Pav-S_ws/src/navigation2-humble/navigation_manager/src/cruise_perception_navigator.cpp:156:26:[m[K [01;31m[Kerror: [m[Kinvalid use of ‚Äò[01m[Kthis[m[K‚Äô in non-member function
[8.974s]   156 |             RCLCPP_DEBUG([01;31m[Kthis[m[K->get_logger(), "ÊâßË°åÈöúÁ¢çÁâ©ËßÑÈÅø");
[8.975s]       |                          [01;31m[K^~~~[m[K
[8.975s] [01m[K/Pav-S_ws/src/navigation2-humble/navigation_manager/src/cruise_perception_navigator.cpp:156:26:[m[K [01;31m[Kerror: [m[Kinvalid use of ‚Äò[01m[Kthis[m[K‚Äô in non-member function
[8.975s]   156 |             RCLCPP_DEBUG([01;31m[Kthis[m[K->get_logger(), "ÊâßË°åÈöúÁ¢çÁâ©ËßÑÈÅø");
[8.975s]       |                          [01;31m[K^~~~[m[K
[8.984s] [01m[K/Pav-S_ws/src/navigation2-humble/navigation_manager/src/cruise_perception_navigator.cpp:158:18:[m[K [01;31m[Kerror: [m[K‚Äò[01m[Klane_blocked_[m[K‚Äô was not declared in this scope
[8.985s]   158 |         else if ([01;31m[Klane_blocked_[m[K) {
[8.985s]       |                  [01;31m[K^~~~~~~~~~~~~[m[K
[9.004s] [01m[K/Pav-S_ws/src/navigation2-humble/navigation_manager/src/cruise_perception_navigator.cpp:160:30:[m[K [01;31m[Kerror: [m[K‚Äò[01m[KgenerateLaneChangeCommand[m[K‚Äô was not declared in this scope
[9.005s]   160 |             adjustment_cmd = [01;31m[KgenerateLaneChangeCommand[m[K();
[9.005s]       |                              [01;31m[K^~~~~~~~~~~~~~~~~~~~~~~~~[m[K
[9.005s] In file included from [01m[K/opt/ros/humble/include/rclcpp/rclcpp/client.hpp:40[m[K,
[9.005s]                  from [01m[K/opt/ros/humble/include/rclcpp/rclcpp/callback_group.hpp:24[m[K,
[9.005s]                  from [01m[K/opt/ros/humble/include/rclcpp/rclcpp/any_executable.hpp:20[m[K,
[9.005s]                  from [01m[K/opt/ros/humble/include/rclcpp/rclcpp/memory_strategy.hpp:25[m[K,
[9.005s]                  from [01m[K/opt/ros/humble/include/rclcpp/rclcpp/memory_strategies.hpp:18[m[K,
[9.006s]                  from [01m[K/opt/ros/humble/include/rclcpp/rclcpp/executor_options.hpp:20[m[K,
[9.006s]                  from [01m[K/opt/ros/humble/include/rclcpp/rclcpp/executor.hpp:37[m[K,
[9.006s]                  from [01m[K/opt/ros/humble/include/rclcpp/rclcpp/executors/multi_threaded_executor.hpp:25[m[K,
[9.006s]                  from [01m[K/opt/ros/humble/include/rclcpp/rclcpp/executors.hpp:21[m[K,
[9.006s]                  from [01m[K/opt/ros/humble/include/rclcpp/rclcpp/rclcpp.hpp:155[m[K,
[9.006s]                  from [01m[K/Pav-S_ws/src/navigation2-humble/navigation_manager/src/cruise_perception_navigator.cpp:6[m[K:
[9.006s] [01m[K/Pav-S_ws/src/navigation2-humble/navigation_manager/src/cruise_perception_navigator.cpp:161:26:[m[K [01;31m[Kerror: [m[Kinvalid use of ‚Äò[01m[Kthis[m[K‚Äô in non-member function
[9.006s]   161 |             RCLCPP_DEBUG([01;31m[Kthis[m[K->get_logger(), "ÊâßË°åÂèòÈÅìÁ≠ñÁï•");
[9.006s]       |                          [01;31m[K^~~~[m[K
[9.007s] [01m[K/Pav-S_ws/src/navigation2-humble/navigation_manager/src/cruise_perception_navigator.cpp:161:26:[m[K [01;31m[Kerror: [m[Kinvalid use of ‚Äò[01m[Kthis[m[K‚Äô in non-member function
[9.007s] [01m[K/Pav-S_ws/src/navigation2-humble/navigation_manager/src/cruise_perception_navigator.cpp:161:13:[m[K [01;31m[Kerror: [m[Ktemplate argument 1 is invalid
[9.007s]   161 |             [01;31m[KRCLCPP_DEBUG[m[K(this->get_logger(), "ÊâßË°åÂèòÈÅìÁ≠ñÁï•");
[9.007s]       |             [01;31m[K^~~~~~~~~~~~[m[K
[9.007s] In file included from [01m[K/opt/ros/humble/include/rclcpp/rclcpp/logging.hpp:24[m[K,
[9.007s]                  from [01m[K/opt/ros/humble/include/rclcpp/rclcpp/client.hpp:40[m[K,
[9.007s]                  from [01m[K/opt/ros/humble/include/rclcpp/rclcpp/callback_group.hpp:24[m[K,
[9.007s]                  from [01m[K/opt/ros/humble/include/rclcpp/rclcpp/any_executable.hpp:20[m[K,
[9.008s]                  from [01m[K/opt/ros/humble/include/rclcpp/rclcpp/memory_strategy.hpp:25[m[K,
[9.008s]                  from [01m[K/opt/ros/humble/include/rclcpp/rclcpp/memory_strategies.hpp:18[m[K,
[9.008s]                  from [01m[K/opt/ros/humble/include/rclcpp/rclcpp/executor_options.hpp:20[m[K,
[9.008s]                  from [01m[K/opt/ros/humble/include/rclcpp/rclcpp/executor.hpp:37[m[K,
[9.008s]                  from [01m[K/opt/ros/humble/include/rclcpp/rclcpp/executors/multi_threaded_executor.hpp:25[m[K,
[9.008s]                  from [01m[K/opt/ros/humble/include/rclcpp/rclcpp/executors.hpp:21[m[K,
[9.008s]                  from [01m[K/opt/ros/humble/include/rclcpp/rclcpp/rclcpp.hpp:155[m[K,
[9.008s]                  from [01m[K/Pav-S_ws/src/navigation2-humble/navigation_manager/src/cruise_perception_navigator.cpp:6[m[K:
[9.008s] [01m[K/Pav-S_ws/src/navigation2-humble/navigation_manager/src/cruise_perception_navigator.cpp:161:26:[m[K [01;31m[Kerror: [m[Kinvalid use of ‚Äò[01m[Kthis[m[K‚Äô in non-member function
[9.009s]   161 |             RCLCPP_DEBUG([01;31m[Kthis[m[K->get_logger(), "ÊâßË°åÂèòÈÅìÁ≠ñÁï•");
[9.009s]       |                          [01;31m[K^~~~[m[K
[9.009s] [01m[K/Pav-S_ws/src/navigation2-humble/navigation_manager/src/cruise_perception_navigator.cpp:161:26:[m[K [01;31m[Kerror: [m[Kinvalid use of ‚Äò[01m[Kthis[m[K‚Äô in non-member function
[9.009s]   161 |             RCLCPP_DEBUG([01;31m[Kthis[m[K->get_logger(), "ÊâßË°åÂèòÈÅìÁ≠ñÁï•");
[9.009s]       |                          [01;31m[K^~~~[m[K
[9.021s] [01m[K/Pav-S_ws/src/navigation2-humble/navigation_manager/src/cruise_perception_navigator.cpp:163:18:[m[K [01;31m[Kerror: [m[K‚Äò[01m[Kred_traffic_light_[m[K‚Äô was not declared in this scope
[9.022s]   163 |         else if ([01;31m[Kred_traffic_light_[m[K) {
[9.022s]       |                  [01;31m[K^~~~~~~~~~~~~~~~~~[m[K
[9.038s] [01m[K/Pav-S_ws/src/navigation2-humble/navigation_manager/src/cruise_perception_navigator.cpp:165:30:[m[K [01;31m[Kerror: [m[K‚Äò[01m[KgenerateStopCommand[m[K‚Äô was not declared in this scope
[9.038s]   165 |             adjustment_cmd = [01;31m[KgenerateStopCommand[m[K();
[9.038s]       |                              [01;31m[K^~~~~~~~~~~~~~~~~~~[m[K
[9.038s] In file included from [01m[K/opt/ros/humble/include/rclcpp/rclcpp/client.hpp:40[m[K,
[9.038s]                  from [01m[K/opt/ros/humble/include/rclcpp/rclcpp/callback_group.hpp:24[m[K,
[9.038s]                  from [01m[K/opt/ros/humble/include/rclcpp/rclcpp/any_executable.hpp:20[m[K,
[9.038s]                  from [01m[K/opt/ros/humble/include/rclcpp/rclcpp/memory_strategy.hpp:25[m[K,
[9.039s]                  from [01m[K/opt/ros/humble/include/rclcpp/rclcpp/memory_strategies.hpp:18[m[K,
[9.039s]                  from [01m[K/opt/ros/humble/include/rclcpp/rclcpp/executor_options.hpp:20[m[K,
[9.039s]                  from [01m[K/opt/ros/humble/include/rclcpp/rclcpp/executor.hpp:37[m[K,
[9.039s]                  from [01m[K/opt/ros/humble/include/rclcpp/rclcpp/executors/multi_threaded_executor.hpp:25[m[K,
[9.039s]                  from [01m[K/opt/ros/humble/include/rclcpp/rclcpp/executors.hpp:21[m[K,
[9.039s]                  from [01m[K/opt/ros/humble/include/rclcpp/rclcpp/rclcpp.hpp:155[m[K,
[9.039s]                  from [01m[K/Pav-S_ws/src/navigation2-humble/navigation_manager/src/cruise_perception_navigator.cpp:6[m[K:
[9.039s] [01m[K/Pav-S_ws/src/navigation2-humble/navigation_manager/src/cruise_perception_navigator.cpp:166:26:[m[K [01;31m[Kerror: [m[Kinvalid use of ‚Äò[01m[Kthis[m[K‚Äô in non-member function
[9.039s]   166 |             RCLCPP_DEBUG([01;31m[Kthis[m[K->get_logger(), "ÊâßË°åÁ∫¢ÁÅØÂÅúËΩ¶");
[9.040s]       |                          [01;31m[K^~~~[m[K
[9.040s] [01m[K/Pav-S_ws/src/navigation2-humble/navigation_manager/src/cruise_perception_navigator.cpp:166:26:[m[K [01;31m[Kerror: [m[Kinvalid use of ‚Äò[01m[Kthis[m[K‚Äô in non-member function
[9.040s] [01m[K/Pav-S_ws/src/navigation2-humble/navigation_manager/src/cruise_perception_navigator.cpp:166:13:[m[K [01;31m[Kerror: [m[Ktemplate argument 1 is invalid
[9.040s]   166 |             [01;31m[KRCLCPP_DEBUG[m[K(this->get_logger(), "ÊâßË°åÁ∫¢ÁÅØÂÅúËΩ¶");
[9.040s]       |             [01;31m[K^~~~~~~~~~~~[m[K
[9.040s] In file included from [01m[K/opt/ros/humble/include/rclcpp/rclcpp/logging.hpp:24[m[K,
[9.040s]                  from [01m[K/opt/ros/humble/include/rclcpp/rclcpp/client.hpp:40[m[K,
[9.040s]                  from [01m[K/opt/ros/humble/include/rclcpp/rclcpp/callback_group.hpp:24[m[K,
[9.040s]                  from [01m[K/opt/ros/humble/include/rclcpp/rclcpp/any_executable.hpp:20[m[K,
[9.041s]                  from [01m[K/opt/ros/humble/include/rclcpp/rclcpp/memory_strategy.hpp:25[m[K,
[9.041s]                  from [01m[K/opt/ros/humble/include/rclcpp/rclcpp/memory_strategies.hpp:18[m[K,
[9.041s]                  from [01m[K/opt/ros/humble/include/rclcpp/rclcpp/executor_options.hpp:20[m[K,
[9.041s]                  from [01m[K/opt/ros/humble/include/rclcpp/rclcpp/executor.hpp:37[m[K,
[9.041s]                  from [01m[K/opt/ros/humble/include/rclcpp/rclcpp/executors/multi_threaded_executor.hpp:25[m[K,
[9.041s]                  from [01m[K/opt/ros/humble/include/rclcpp/rclcpp/executors.hpp:21[m[K,
[9.041s]                  from [01m[K/opt/ros/humble/include/rclcpp/rclcpp/rclcpp.hpp:155[m[K,
[9.041s]                  from [01m[K/Pav-S_ws/src/navigation2-humble/navigation_manager/src/cruise_perception_navigator.cpp:6[m[K:
[9.042s] [01m[K/Pav-S_ws/src/navigation2-humble/navigation_manager/src/cruise_perception_navigator.cpp:166:26:[m[K [01;31m[Kerror: [m[Kinvalid use of ‚Äò[01m[Kthis[m[K‚Äô in non-member function
[9.042s]   166 |             RCLCPP_DEBUG([01;31m[Kthis[m[K->get_logger(), "ÊâßË°åÁ∫¢ÁÅØÂÅúËΩ¶");
[9.042s]       |                          [01;31m[K^~~~[m[K
[9.042s] [01m[K/Pav-S_ws/src/navigation2-humble/navigation_manager/src/cruise_perception_navigator.cpp:166:26:[m[K [01;31m[Kerror: [m[Kinvalid use of ‚Äò[01m[Kthis[m[K‚Äô in non-member function
[9.042s]   166 |             RCLCPP_DEBUG([01;31m[Kthis[m[K->get_logger(), "ÊâßË°åÁ∫¢ÁÅØÂÅúËΩ¶");
[9.042s]       |                          [01;31m[K^~~~[m[K
[9.060s] [01m[K/Pav-S_ws/src/navigation2-humble/navigation_manager/src/cruise_perception_navigator.cpp:170:30:[m[K [01;31m[Kerror: [m[K‚Äò[01m[KgenerateNormalCruiseCommand[m[K‚Äô was not declared in this scope
[9.061s]   170 |             adjustment_cmd = [01;31m[KgenerateNormalCruiseCommand[m[K();
[9.061s]       |                              [01;31m[K^~~~~~~~~~~~~~~~~~~~~~~~~~~[m[K
[9.061s] In file included from [01m[K/opt/ros/humble/include/rclcpp/rclcpp/client.hpp:40[m[K,
[9.061s]                  from [01m[K/opt/ros/humble/include/rclcpp/rclcpp/callback_group.hpp:24[m[K,
[9.061s]                  from [01m[K/opt/ros/humble/include/rclcpp/rclcpp/any_executable.hpp:20[m[K,
[9.062s]                  from [01m[K/opt/ros/humble/include/rclcpp/rclcpp/memory_strategy.hpp:25[m[K,
[9.062s]                  from [01m[K/opt/ros/humble/include/rclcpp/rclcpp/memory_strategies.hpp:18[m[K,
[9.062s]                  from [01m[K/opt/ros/humble/include/rclcpp/rclcpp/executor_options.hpp:20[m[K,
[9.062s]                  from [01m[K/opt/ros/humble/include/rclcpp/rclcpp/executor.hpp:37[m[K,
[9.062s]                  from [01m[K/opt/ros/humble/include/rclcpp/rclcpp/executors/multi_threaded_executor.hpp:25[m[K,
[9.062s]                  from [01m[K/opt/ros/humble/include/rclcpp/rclcpp/executors.hpp:21[m[K,
[9.062s]                  from [01m[K/opt/ros/humble/include/rclcpp/rclcpp/rclcpp.hpp:155[m[K,
[9.062s]                  from [01m[K/Pav-S_ws/src/navigation2-humble/navigation_manager/src/cruise_perception_navigator.cpp:6[m[K:
[9.062s] [01m[K/Pav-S_ws/src/navigation2-humble/navigation_manager/src/cruise_perception_navigator.cpp:171:26:[m[K [01;31m[Kerror: [m[Kinvalid use of ‚Äò[01m[Kthis[m[K‚Äô in non-member function
[9.063s]   171 |             RCLCPP_DEBUG([01;31m[Kthis[m[K->get_logger(), "Ê≠£Â∏∏Â∑°Ëà™Ê®°Âºè");
[9.063s]       |                          [01;31m[K^~~~[m[K
[9.063s] [01m[K/Pav-S_ws/src/navigation2-humble/navigation_manager/src/cruise_perception_navigator.cpp:171:26:[m[K [01;31m[Kerror: [m[Kinvalid use of ‚Äò[01m[Kthis[m[K‚Äô in non-member function
[9.063s] [01m[K/Pav-S_ws/src/navigation2-humble/navigation_manager/src/cruise_perception_navigator.cpp:171:13:[m[K [01;31m[Kerror: [m[Ktemplate argument 1 is invalid
[9.063s]   171 |             [01;31m[KRCLCPP_DEBUG[m[K(this->get_logger(), "Ê≠£Â∏∏Â∑°Ëà™Ê®°Âºè");
[9.063s]       |             [01;31m[K^~~~~~~~~~~~[m[K
[9.063s] In file included from [01m[K/opt/ros/humble/include/rclcpp/rclcpp/logging.hpp:24[m[K,
[9.063s]                  from [01m[K/opt/ros/humble/include/rclcpp/rclcpp/client.hpp:40[m[K,
[9.063s]                  from [01m[K/opt/ros/humble/include/rclcpp/rclcpp/callback_group.hpp:24[m[K,
[9.064s]                  from [01m[K/opt/ros/humble/include/rclcpp/rclcpp/any_executable.hpp:20[m[K,
[9.064s]                  from [01m[K/opt/ros/humble/include/rclcpp/rclcpp/memory_strategy.hpp:25[m[K,
[9.064s]                  from [01m[K/opt/ros/humble/include/rclcpp/rclcpp/memory_strategies.hpp:18[m[K,
[9.064s]                  from [01m[K/opt/ros/humble/include/rclcpp/rclcpp/executor_options.hpp:20[m[K,
[9.064s]                  from [01m[K/opt/ros/humble/include/rclcpp/rclcpp/executor.hpp:37[m[K,
[9.064s]                  from [01m[K/opt/ros/humble/include/rclcpp/rclcpp/executors/multi_threaded_executor.hpp:25[m[K,
[9.064s]                  from [01m[K/opt/ros/humble/include/rclcpp/rclcpp/executors.hpp:21[m[K,
[9.064s]                  from [01m[K/opt/ros/humble/include/rclcpp/rclcpp/rclcpp.hpp:155[m[K,
[9.064s]                  from [01m[K/Pav-S_ws/src/navigation2-humble/navigation_manager/src/cruise_perception_navigator.cpp:6[m[K:
[9.065s] [01m[K/Pav-S_ws/src/navigation2-humble/navigation_manager/src/cruise_perception_navigator.cpp:171:26:[m[K [01;31m[Kerror: [m[Kinvalid use of ‚Äò[01m[Kthis[m[K‚Äô in non-member function
[9.065s]   171 |             RCLCPP_DEBUG([01;31m[Kthis[m[K->get_logger(), "Ê≠£Â∏∏Â∑°Ëà™Ê®°Âºè");
[9.065s]       |                          [01;31m[K^~~~[m[K
[9.065s] [01m[K/Pav-S_ws/src/navigation2-humble/navigation_manager/src/cruise_perception_navigator.cpp:171:26:[m[K [01;31m[Kerror: [m[Kinvalid use of ‚Äò[01m[Kthis[m[K‚Äô in non-member function
[9.065s]   171 |             RCLCPP_DEBUG([01;31m[Kthis[m[K->get_logger(), "Ê≠£Â∏∏Â∑°Ëà™Ê®°Âºè");
[9.065s]       |                          [01;31m[K^~~~[m[K
[9.082s] [01m[K/Pav-S_ws/src/navigation2-humble/navigation_manager/src/cruise_perception_navigator.cpp:175:9:[m[K [01;31m[Kerror: [m[K‚Äò[01m[Knavigation_adjustment_pub_[m[K‚Äô was not declared in this scope
[9.082s]   175 |         [01;31m[Knavigation_adjustment_pub_[m[K->publish(adjustment_cmd);
[9.082s]       |         [01;31m[K^~~~~~~~~~~~~~~~~~~~~~~~~~[m[K
[9.083s] In file included from [01m[K/opt/ros/humble/include/rclcpp/rclcpp/client.hpp:40[m[K,
[9.083s]                  from [01m[K/opt/ros/humble/include/rclcpp/rclcpp/callback_group.hpp:24[m[K,
[9.084s]                  from [01m[K/opt/ros/humble/include/rclcpp/rclcpp/any_executable.hpp:20[m[K,
[9.084s]                  from [01m[K/opt/ros/humble/include/rclcpp/rclcpp/memory_strategy.hpp:25[m[K,
[9.084s]                  from [01m[K/opt/ros/humble/include/rclcpp/rclcpp/memory_strategies.hpp:18[m[K,
[9.084s]                  from [01m[K/opt/ros/humble/include/rclcpp/rclcpp/executor_options.hpp:20[m[K,
[9.084s]                  from [01m[K/opt/ros/humble/include/rclcpp/rclcpp/executor.hpp:37[m[K,
[9.084s]                  from [01m[K/opt/ros/humble/include/rclcpp/rclcpp/executors/multi_threaded_executor.hpp:25[m[K,
[9.084s]                  from [01m[K/opt/ros/humble/include/rclcpp/rclcpp/executors.hpp:21[m[K,
[9.085s]                  from [01m[K/opt/ros/humble/include/rclcpp/rclcpp/rclcpp.hpp:155[m[K,
[9.085s]                  from [01m[K/Pav-S_ws/src/navigation2-humble/navigation_manager/src/cruise_perception_navigator.cpp:6[m[K:
[9.085s] [01m[K/Pav-S_ws/src/navigation2-humble/navigation_manager/src/cruise_perception_navigator.cpp:[m[K In function ‚Äò[01m[Kvoid activateConservativeMode()[m[K‚Äô:
[9.085s] [01m[K/Pav-S_ws/src/navigation2-humble/navigation_manager/src/cruise_perception_navigator.cpp:226:21:[m[K [01;31m[Kerror: [m[Kinvalid use of ‚Äò[01m[Kthis[m[K‚Äô in non-member function
[9.085s]   226 |         RCLCPP_WARN([01;31m[Kthis[m[K->get_logger(), "ÊøÄÊ¥ª‰øùÂÆàÂØºËà™Ê®°Âºè");
[9.085s]       |                     [01;31m[K^~~~[m[K
[9.085s] [01m[K/Pav-S_ws/src/navigation2-humble/navigation_manager/src/cruise_perception_navigator.cpp:226:21:[m[K [01;31m[Kerror: [m[Kinvalid use of ‚Äò[01m[Kthis[m[K‚Äô in non-member function
[9.085s] [01m[K/Pav-S_ws/src/navigation2-humble/navigation_manager/src/cruise_perception_navigator.cpp:226:9:[m[K [01;31m[Kerror: [m[Ktemplate argument 1 is invalid
[9.086s]   226 |         [01;31m[KRCLCPP_WARN[m[K(this->get_logger(), "ÊøÄÊ¥ª‰øùÂÆàÂØºËà™Ê®°Âºè");
[9.086s]       |         [01;31m[K^~~~~~~~~~~[m[K
[9.086s] In file included from [01m[K/opt/ros/humble/include/rclcpp/rclcpp/logging.hpp:24[m[K,
[9.086s]                  from [01m[K/opt/ros/humble/include/rclcpp/rclcpp/client.hpp:40[m[K,
[9.086s]                  from [01m[K/opt/ros/humble/include/rclcpp/rclcpp/callback_group.hpp:24[m[K,
[9.086s]                  from [01m[K/opt/ros/humble/include/rclcpp/rclcpp/any_executable.hpp:20[m[K,
[9.086s]                  from [01m[K/opt/ros/humble/include/rclcpp/rclcpp/memory_strategy.hpp:25[m[K,
[9.086s]                  from [01m[K/opt/ros/humble/include/rclcpp/rclcpp/memory_strategies.hpp:18[m[K,
[9.086s]                  from [01m[K/opt/ros/humble/include/rclcpp/rclcpp/executor_options.hpp:20[m[K,
[9.087s]                  from [01m[K/opt/ros/humble/include/rclcpp/rclcpp/executor.hpp:37[m[K,
[9.087s]                  from [01m[K/opt/ros/humble/include/rclcpp/rclcpp/executors/multi_threaded_executor.hpp:25[m[K,
[9.087s]                  from [01m[K/opt/ros/humble/include/rclcpp/rclcpp/executors.hpp:21[m[K,
[9.087s]                  from [01m[K/opt/ros/humble/include/rclcpp/rclcpp/rclcpp.hpp:155[m[K,
[9.087s]                  from [01m[K/Pav-S_ws/src/navigation2-humble/navigation_manager/src/cruise_perception_navigator.cpp:6[m[K:
[9.087s] [01m[K/Pav-S_ws/src/navigation2-humble/navigation_manager/src/cruise_perception_navigator.cpp:226:21:[m[K [01;31m[Kerror: [m[Kinvalid use of ‚Äò[01m[Kthis[m[K‚Äô in non-member function
[9.087s]   226 |         RCLCPP_WARN([01;31m[Kthis[m[K->get_logger(), "ÊøÄÊ¥ª‰øùÂÆàÂØºËà™Ê®°Âºè");
[9.087s]       |                     [01;31m[K^~~~[m[K
[9.087s] [01m[K/Pav-S_ws/src/navigation2-humble/navigation_manager/src/cruise_perception_navigator.cpp:226:21:[m[K [01;31m[Kerror: [m[Kinvalid use of ‚Äò[01m[Kthis[m[K‚Äô in non-member function
[9.088s]   226 |         RCLCPP_WARN([01;31m[Kthis[m[K->get_logger(), "ÊøÄÊ¥ª‰øùÂÆàÂØºËà™Ê®°Âºè");
[9.088s]       |                     [01;31m[K^~~~[m[K
[9.106s] [01m[K/Pav-S_ws/src/navigation2-humble/navigation_manager/src/cruise_perception_navigator.cpp:232:9:[m[K [01;31m[Kerror: [m[K‚Äò[01m[Knavigation_adjustment_pub_[m[K‚Äô was not declared in this scope
[9.106s]   232 |         [01;31m[Knavigation_adjustment_pub_[m[K->publish(cmd);
[9.106s]       |         [01;31m[K^~~~~~~~~~~~~~~~~~~~~~~~~~[m[K
[9.106s] [01m[K/Pav-S_ws/src/navigation2-humble/navigation_manager/src/cruise_perception_navigator.cpp:[m[K In function ‚Äò[01m[Kvoid updatePerceptionStatus()[m[K‚Äô:
[9.106s] [01m[K/Pav-S_ws/src/navigation2-humble/navigation_manager/src/cruise_perception_navigator.cpp:245:20:[m[K [01;31m[Kerror: [m[Kinvalid use of ‚Äò[01m[Kthis[m[K‚Äô in non-member function
[9.107s]   245 |         auto now = [01;31m[Kthis[m[K->now();
[9.107s]       |                    [01;31m[K^~~~[m[K
[9.107s] In file included from [01m[K/opt/ros/humble/include/rclcpp/rclcpp/client.hpp:40[m[K,
[9.107s]                  from [01m[K/opt/ros/humble/include/rclcpp/rclcpp/callback_group.hpp:24[m[K,
[9.107s]                  from [01m[K/opt/ros/humble/include/rclcpp/rclcpp/any_executable.hpp:20[m[K,
[9.107s]                  from [01m[K/opt/ros/humble/include/rclcpp/rclcpp/memory_strategy.hpp:25[m[K,
[9.107s]                  from [01m[K/opt/ros/humble/include/rclcpp/rclcpp/memory_strategies.hpp:18[m[K,
[9.108s]                  from [01m[K/opt/ros/humble/include/rclcpp/rclcpp/executor_options.hpp:20[m[K,
[9.108s]                  from [01m[K/opt/ros/humble/include/rclcpp/rclcpp/executor.hpp:37[m[K,
[9.108s]                  from [01m[K/opt/ros/humble/include/rclcpp/rclcpp/executors/multi_threaded_executor.hpp:25[m[K,
[9.108s]                  from [01m[K/opt/ros/humble/include/rclcpp/rclcpp/executors.hpp:21[m[K,
[9.108s]                  from [01m[K/opt/ros/humble/include/rclcpp/rclcpp/rclcpp.hpp:155[m[K,
[9.108s]                  from [01m[K/Pav-S_ws/src/navigation2-humble/navigation_manager/src/cruise_perception_navigator.cpp:6[m[K:
[9.108s] [01m[K/Pav-S_ws/src/navigation2-humble/navigation_manager/src/cruise_perception_navigator.cpp:247:22:[m[K [01;31m[Kerror: [m[Kinvalid use of ‚Äò[01m[Kthis[m[K‚Äô in non-member function
[9.108s]   247 |         RCLCPP_DEBUG([01;31m[Kthis[m[K->get_logger(),
[9.108s]       |                      [01;31m[K^~~~[m[K
[9.109s] [01m[K/Pav-S_ws/src/navigation2-humble/navigation_manager/src/cruise_perception_navigator.cpp:247:22:[m[K [01;31m[Kerror: [m[Kinvalid use of ‚Äò[01m[Kthis[m[K‚Äô in non-member function
[9.109s] [01m[K/Pav-S_ws/src/navigation2-humble/navigation_manager/src/cruise_perception_navigator.cpp:247:9:[m[K [01;31m[Kerror: [m[Ktemplate argument 1 is invalid
[9.109s]   247 |         [01;31m[KRCLCPP_DEBUG[m[K(this->get_logger(),
[9.109s]       |         [01;31m[K^~~~~~~~~~~~[m[K
[9.109s] In file included from [01m[K/opt/ros/humble/include/rclcpp/rclcpp/logging.hpp:24[m[K,
[9.109s]                  from [01m[K/opt/ros/humble/include/rclcpp/rclcpp/client.hpp:40[m[K,
[9.109s]                  from [01m[K/opt/ros/humble/include/rclcpp/rclcpp/callback_group.hpp:24[m[K,
[9.109s]                  from [01m[K/opt/ros/humble/include/rclcpp/rclcpp/any_executable.hpp:20[m[K,
[9.109s]                  from [01m[K/opt/ros/humble/include/rclcpp/rclcpp/memory_strategy.hpp:25[m[K,
[9.110s]                  from [01m[K/opt/ros/humble/include/rclcpp/rclcpp/memory_strategies.hpp:18[m[K,
[9.110s]                  from [01m[K/opt/ros/humble/include/rclcpp/rclcpp/executor_options.hpp:20[m[K,
[9.110s]                  from [01m[K/opt/ros/humble/include/rclcpp/rclcpp/executor.hpp:37[m[K,
[9.110s]                  from [01m[K/opt/ros/humble/include/rclcpp/rclcpp/executors/multi_threaded_executor.hpp:25[m[K,
[9.110s]                  from [01m[K/opt/ros/humble/include/rclcpp/rclcpp/executors.hpp:21[m[K,
[9.110s]                  from [01m[K/opt/ros/humble/include/rclcpp/rclcpp/rclcpp.hpp:155[m[K,
[9.110s]                  from [01m[K/Pav-S_ws/src/navigation2-humble/navigation_manager/src/cruise_perception_navigator.cpp:6[m[K:
[9.110s] [01m[K/Pav-S_ws/src/navigation2-humble/navigation_manager/src/cruise_perception_navigator.cpp:247:22:[m[K [01;31m[Kerror: [m[Kinvalid use of ‚Äò[01m[Kthis[m[K‚Äô in non-member function
[9.110s]   247 |         RCLCPP_DEBUG([01;31m[Kthis[m[K->get_logger(),
[9.111s]       |                      [01;31m[K^~~~[m[K
[9.111s] [01m[K/Pav-S_ws/src/navigation2-humble/navigation_manager/src/cruise_perception_navigator.cpp:247:22:[m[K [01;31m[Kerror: [m[Kinvalid use of ‚Äò[01m[Kthis[m[K‚Äô in non-member function
[9.111s]   247 |         RCLCPP_DEBUG([01;31m[Kthis[m[K->get_logger(),
[9.111s]       |                      [01;31m[K^~~~[m[K
[9.123s] [01m[K/Pav-S_ws/src/navigation2-humble/navigation_manager/src/cruise_perception_navigator.cpp:249:22:[m[K [01;31m[Kerror: [m[K‚Äò[01m[Kobstacle_detected_[m[K‚Äô was not declared in this scope
[9.123s]   249 |                      [01;31m[Kobstacle_detected_[m[K ? "ÊòØ" : "Âê¶",
[9.123s]       |                      [01;31m[K^~~~~~~~~~~~~~~~~~[m[K
[9.135s] [01m[K/Pav-S_ws/src/navigation2-humble/navigation_manager/src/cruise_perception_navigator.cpp:250:22:[m[K [01;31m[Kerror: [m[K‚Äò[01m[Klane_blocked_[m[K‚Äô was not declared in this scope
[9.135s]   250 |                      [01;31m[Klane_blocked_[m[K ? "ÊòØ" : "Âê¶",
[9.135s]       |                      [01;31m[K^~~~~~~~~~~~~[m[K
[9.150s] [01m[K/Pav-S_ws/src/navigation2-humble/navigation_manager/src/cruise_perception_navigator.cpp:251:22:[m[K [01;31m[Kerror: [m[K‚Äò[01m[Kred_traffic_light_[m[K‚Äô was not declared in this scope
[9.150s]   251 |                      [01;31m[Kred_traffic_light_[m[K ? "ÊòØ" : "Âê¶");
[9.150s]       |                      [01;31m[K^~~~~~~~~~~~~~~~~~[m[K
[9.150s] [01m[K/Pav-S_ws/src/navigation2-humble/navigation_manager/src/cruise_perception_navigator.cpp:[m[K At global scope:
[9.150s] [01m[K/Pav-S_ws/src/navigation2-humble/navigation_manager/src/cruise_perception_navigator.cpp:254:17:[m[K [01;31m[Kerror: [m[KISO C++ forbids declaration of ‚Äò[01m[KhandleTrafficLight[m[K‚Äô with no type [[01;31m[K]8;;https://gcc.gnu.org/onlinedocs/gcc/Warning-Options.html#index-fpermissive-fpermissive]8;;[m[K]
[9.150s]   254 |                 [01;31m[KhandleTrafficLight[m[K(const std_msgs::msg::String::SharedPtr msg)
[9.151s]       |                 [01;31m[K^~~~~~~~~~~~~~~~~~[m[K
[9.167s] [01m[K/Pav-S_ws/src/navigation2-humble/navigation_manager/src/cruise_perception_navigator.cpp:[m[K In function ‚Äò[01m[Kint handleTrafficLight(std_msgs::msg::String_<std::allocator<void> >::SharedPtr)[m[K‚Äô:
[9.167s] [01m[K/Pav-S_ws/src/navigation2-humble/navigation_manager/src/cruise_perception_navigator.cpp:257:13:[m[K [01;31m[Kerror: [m[K‚Äò[01m[Kred_traffic_light_[m[K‚Äô was not declared in this scope
[9.167s]   257 |             [01;31m[Kred_traffic_light_[m[K = true;
[9.167s]       |             [01;31m[K^~~~~~~~~~~~~~~~~~[m[K
[9.168s] In file included from [01m[K/opt/ros/humble/include/rclcpp/rclcpp/client.hpp:40[m[K,
[9.168s]                  from [01m[K/opt/ros/humble/include/rclcpp/rclcpp/callback_group.hpp:24[m[K,
[9.168s]                  from [01m[K/opt/ros/humble/include/rclcpp/rclcpp/any_executable.hpp:20[m[K,
[9.168s]                  from [01m[K/opt/ros/humble/include/rclcpp/rclcpp/memory_strategy.hpp:25[m[K,
[9.168s]                  from [01m[K/opt/ros/humble/include/rclcpp/rclcpp/memory_strategies.hpp:18[m[K,
[9.168s]                  from [01m[K/opt/ros/humble/include/rclcpp/rclcpp/executor_options.hpp:20[m[K,
[9.168s]                  from [01m[K/opt/ros/humble/include/rclcpp/rclcpp/executor.hpp:37[m[K,
[9.168s]                  from [01m[K/opt/ros/humble/include/rclcpp/rclcpp/executors/multi_threaded_executor.hpp:25[m[K,
[9.169s]                  from [01m[K/opt/ros/humble/include/rclcpp/rclcpp/executors.hpp:21[m[K,
[9.169s]                  from [01m[K/opt/ros/humble/include/rclcpp/rclcpp/rclcpp.hpp:155[m[K,
[9.169s]                  from [01m[K/Pav-S_ws/src/navigation2-humble/navigation_manager/src/cruise_perception_navigator.cpp:6[m[K:
[9.169s] [01m[K/Pav-S_ws/src/navigation2-humble/navigation_manager/src/cruise_perception_navigator.cpp:258:25:[m[K [01;31m[Kerror: [m[Kinvalid use of ‚Äò[01m[Kthis[m[K‚Äô in non-member function
[9.169s]   258 |             RCLCPP_WARN([01;31m[Kthis[m[K->get_logger(), "Ê£ÄÊµãÂà∞Á∫¢ÁÅØ");
[9.169s]       |                         [01;31m[K^~~~[m[K
[9.169s] [01m[K/Pav-S_ws/src/navigation2-humble/navigation_manager/src/cruise_perception_navigator.cpp:258:25:[m[K [01;31m[Kerror: [m[Kinvalid use of ‚Äò[01m[Kthis[m[K‚Äô in non-member function
[9.169s] [01m[K/Pav-S_ws/src/navigation2-humble/navigation_manager/src/cruise_perception_navigator.cpp:258:13:[m[K [01;31m[Kerror: [m[Ktemplate argument 1 is invalid
[9.169s]   258 |             [01;31m[KRCLCPP_WARN[m[K(this->get_logger(), "Ê£ÄÊµãÂà∞Á∫¢ÁÅØ");
[9.170s]       |             [01;31m[K^~~~~~~~~~~[m[K
[9.170s] In file included from [01m[K/opt/ros/humble/include/rclcpp/rclcpp/logging.hpp:24[m[K,
[9.170s]                  from [01m[K/opt/ros/humble/include/rclcpp/rclcpp/client.hpp:40[m[K,
[9.170s]                  from [01m[K/opt/ros/humble/include/rclcpp/rclcpp/callback_group.hpp:24[m[K,
[9.170s]                  from [01m[K/opt/ros/humble/include/rclcpp/rclcpp/any_executable.hpp:20[m[K,
[9.170s]                  from [01m[K/opt/ros/humble/include/rclcpp/rclcpp/memory_strategy.hpp:25[m[K,
[9.170s]                  from [01m[K/opt/ros/humble/include/rclcpp/rclcpp/memory_strategies.hpp:18[m[K,
[9.170s]                  from [01m[K/opt/ros/humble/include/rclcpp/rclcpp/executor_options.hpp:20[m[K,
[9.170s]                  from [01m[K/opt/ros/humble/include/rclcpp/rclcpp/executor.hpp:37[m[K,
[9.171s]                  from [01m[K/opt/ros/humble/include/rclcpp/rclcpp/executors/multi_threaded_executor.hpp:25[m[K,
[9.171s]                  from [01m[K/opt/ros/humble/include/rclcpp/rclcpp/executors.hpp:21[m[K,
[9.171s]                  from [01m[K/opt/ros/humble/include/rclcpp/rclcpp/rclcpp.hpp:155[m[K,
[9.171s]                  from [01m[K/Pav-S_ws/src/navigation2-humble/navigation_manager/src/cruise_perception_navigator.cpp:6[m[K:
[9.171s] [01m[K/Pav-S_ws/src/navigation2-humble/navigation_manager/src/cruise_perception_navigator.cpp:258:25:[m[K [01;31m[Kerror: [m[Kinvalid use of ‚Äò[01m[Kthis[m[K‚Äô in non-member function
[9.171s]   258 |             RCLCPP_WARN([01;31m[Kthis[m[K->get_logger(), "Ê£ÄÊµãÂà∞Á∫¢ÁÅØ");
[9.171s]       |                         [01;31m[K^~~~[m[K
[9.171s] [01m[K/Pav-S_ws/src/navigation2-humble/navigation_manager/src/cruise_perception_navigator.cpp:258:25:[m[K [01;31m[Kerror: [m[Kinvalid use of ‚Äò[01m[Kthis[m[K‚Äô in non-member function
[9.171s]   258 |             RCLCPP_WARN([01;31m[Kthis[m[K->get_logger(), "Ê£ÄÊµãÂà∞Á∫¢ÁÅØ");
[9.172s]       |                         [01;31m[K^~~~[m[K
[9.184s] [01m[K/Pav-S_ws/src/navigation2-humble/navigation_manager/src/cruise_perception_navigator.cpp:260:13:[m[K [01;31m[Kerror: [m[K‚Äò[01m[Kred_traffic_light_[m[K‚Äô was not declared in this scope
[9.184s]   260 |             [01;31m[Kred_traffic_light_[m[K = false;
[9.185s]       |             [01;31m[K^~~~~~~~~~~~~~~~~~[m[K
[9.185s] In file included from [01m[K/opt/ros/humble/include/rclcpp/rclcpp/client.hpp:40[m[K,
[9.185s]                  from [01m[K/opt/ros/humble/include/rclcpp/rclcpp/callback_group.hpp:24[m[K,
[9.185s]                  from [01m[K/opt/ros/humble/include/rclcpp/rclcpp/any_executable.hpp:20[m[K,
[9.185s]                  from [01m[K/opt/ros/humble/include/rclcpp/rclcpp/memory_strategy.hpp:25[m[K,
[9.185s]                  from [01m[K/opt/ros/humble/include/rclcpp/rclcpp/memory_strategies.hpp:18[m[K,
[9.186s]                  from [01m[K/opt/ros/humble/include/rclcpp/rclcpp/executor_options.hpp:20[m[K,
[9.186s]                  from [01m[K/opt/ros/humble/include/rclcpp/rclcpp/executor.hpp:37[m[K,
[9.186s]                  from [01m[K/opt/ros/humble/include/rclcpp/rclcpp/executors/multi_threaded_executor.hpp:25[m[K,
[9.186s]                  from [01m[K/opt/ros/humble/include/rclcpp/rclcpp/executors.hpp:21[m[K,
[9.186s]                  from [01m[K/opt/ros/humble/include/rclcpp/rclcpp/rclcpp.hpp:155[m[K,
[9.186s]                  from [01m[K/Pav-S_ws/src/navigation2-humble/navigation_manager/src/cruise_perception_navigator.cpp:6[m[K:
[9.186s] [01m[K/Pav-S_ws/src/navigation2-humble/navigation_manager/src/cruise_perception_navigator.cpp:261:25:[m[K [01;31m[Kerror: [m[Kinvalid use of ‚Äò[01m[Kthis[m[K‚Äô in non-member function
[9.186s]   261 |             RCLCPP_INFO([01;31m[Kthis[m[K->get_logger(), "Ê£ÄÊµãÂà∞ÁªøÁÅØ");
[9.186s]       |                         [01;31m[K^~~~[m[K
[9.187s] [01m[K/Pav-S_ws/src/navigation2-humble/navigation_manager/src/cruise_perception_navigator.cpp:261:25:[m[K [01;31m[Kerror: [m[Kinvalid use of ‚Äò[01m[Kthis[m[K‚Äô in non-member function
[9.187s] [01m[K/Pav-S_ws/src/navigation2-humble/navigation_manager/src/cruise_perception_navigator.cpp:261:13:[m[K [01;31m[Kerror: [m[Ktemplate argument 1 is invalid
[9.187s]   261 |             [01;31m[KRCLCPP_INFO[m[K(this->get_logger(), "Ê£ÄÊµãÂà∞ÁªøÁÅØ");
[9.187s]       |             [01;31m[K^~~~~~~~~~~[m[K
[9.187s] In file included from [01m[K/opt/ros/humble/include/rclcpp/rclcpp/logging.hpp:24[m[K,
[9.187s]                  from [01m[K/opt/ros/humble/include/rclcpp/rclcpp/client.hpp:40[m[K,
[9.187s]                  from [01m[K/opt/ros/humble/include/rclcpp/rclcpp/callback_group.hpp:24[m[K,
[9.187s]                  from [01m[K/opt/ros/humble/include/rclcpp/rclcpp/any_executable.hpp:20[m[K,
[9.187s]                  from [01m[K/opt/ros/humble/include/rclcpp/rclcpp/memory_strategy.hpp:25[m[K,
[9.188s]                  from [01m[K/opt/ros/humble/include/rclcpp/rclcpp/memory_strategies.hpp:18[m[K,
[9.188s]                  from [01m[K/opt/ros/humble/include/rclcpp/rclcpp/executor_options.hpp:20[m[K,
[9.188s]                  from [01m[K/opt/ros/humble/include/rclcpp/rclcpp/executor.hpp:37[m[K,
[9.188s]                  from [01m[K/opt/ros/humble/include/rclcpp/rclcpp/executors/multi_threaded_executor.hpp:25[m[K,
[9.188s]                  from [01m[K/opt/ros/humble/include/rclcpp/rclcpp/executors.hpp:21[m[K,
[9.188s]                  from [01m[K/opt/ros/humble/include/rclcpp/rclcpp/rclcpp.hpp:155[m[K,
[9.188s]                  from [01m[K/Pav-S_ws/src/navigation2-humble/navigation_manager/src/cruise_perception_navigator.cpp:6[m[K:
[9.188s] [01m[K/Pav-S_ws/src/navigation2-humble/navigation_manager/src/cruise_perception_navigator.cpp:261:25:[m[K [01;31m[Kerror: [m[Kinvalid use of ‚Äò[01m[Kthis[m[K‚Äô in non-member function
[9.188s]   261 |             RCLCPP_INFO([01;31m[Kthis[m[K->get_logger(), "Ê£ÄÊµãÂà∞ÁªøÁÅØ");
[9.188s]       |                         [01;31m[K^~~~[m[K
[9.189s] [01m[K/Pav-S_ws/src/navigation2-humble/navigation_manager/src/cruise_perception_navigator.cpp:261:25:[m[K [01;31m[Kerror: [m[Kinvalid use of ‚Äò[01m[Kthis[m[K‚Äô in non-member function
[9.189s]   261 |             RCLCPP_INFO([01;31m[Kthis[m[K->get_logger(), "Ê£ÄÊµãÂà∞ÁªøÁÅØ");
[9.189s]       |                         [01;31m[K^~~~[m[K
[9.202s] [01m[K/Pav-S_ws/src/navigation2-humble/navigation_manager/src/cruise_perception_navigator.cpp:264:9:[m[K [01;31m[Kerror: [m[K‚Äò[01m[Klast_perception_time_[m[K‚Äô was not declared in this scope
[9.202s]   264 |         [01;31m[Klast_perception_time_[m[K = this->now();
[9.202s]       |         [01;31m[K^~~~~~~~~~~~~~~~~~~~~[m[K
[9.203s] [01m[K/Pav-S_ws/src/navigation2-humble/navigation_manager/src/cruise_perception_navigator.cpp:264:33:[m[K [01;31m[Kerror: [m[Kinvalid use of ‚Äò[01m[Kthis[m[K‚Äô in non-member function
[9.203s]   264 |         last_perception_time_ = [01;31m[Kthis[m[K->now();
[9.203s]       |                                 [01;31m[K^~~~[m[K
[9.203s] [01m[K/Pav-S_ws/src/navigation2-humble/navigation_manager/src/cruise_perception_navigator.cpp:265:5:[m[K [01;35m[Kwarning: [m[Kno return statement in function returning non-void [[01;35m[K]8;;https://gcc.gnu.org/onlinedocs/gcc/Warning-Options.html#index-Wreturn-type-Wreturn-type]8;;[m[K]
[9.203s]   265 |     [01;35m[K}[m[K
[9.203s]       |     [01;35m[K^[m[K
[9.316s] [01m[K/Pav-S_ws/src/navigation2-humble/navigation_manager/src/cruise_perception_navigator.cpp:[m[K At global scope:
[9.316s] [01m[K/Pav-S_ws/src/navigation2-humble/navigation_manager/src/cruise_perception_navigator.cpp:280:1:[m[K [01;31m[Kerror: [m[Kexpected declaration before ‚Äò[01m[K}[m[K‚Äô token
[9.317s]   280 | [01;31m[K}[m[K;
[9.317s]       | [01;31m[K^[m[K
[13.623s] gmake[2]: *** [CMakeFiles/cruise_perception_navigator.dir/build.make:76: CMakeFiles/cruise_perception_navigator.dir/src/cruise_perception_navigator.cpp.o] Error 1
[13.623s] gmake[1]: *** [CMakeFiles/Makefile2:195: CMakeFiles/cruise_perception_navigator.dir/all] Error 2
[15.318s] gmake[2]: *** [CMakeFiles/stop_line_detection.dir/build.make:76: CMakeFiles/stop_line_detection.dir/src/stop_line_detection.cpp.o] Error 1
[15.319s] gmake[1]: *** [CMakeFiles/Makefile2:143: CMakeFiles/stop_line_detection.dir/all] Error 2
[15.717s] gmake[2]: *** [CMakeFiles/navigation_behavior_nodes.dir/build.make:76: CMakeFiles/navigation_behavior_nodes.dir/src/navigation_behavior_nodes.cpp.o] Error 1
[15.717s] gmake[1]: *** [CMakeFiles/Makefile2:221: CMakeFiles/navigation_behavior_nodes.dir/all] Error 2
[15.718s] gmake: *** [Makefile:146: all] Error 2
[15.724s] Invoked command in '/Pav-S_ws/build/navigation_manager' returned '2': CMAKE_PREFIX_PATH=/Pav-S_ws/install/nav2_msgs:/Pav-S_ws/install/nav2_common:/Pav-S_ws/install/nav2_behavior_tree:/Pav-S_ws/install/nav2_dwb_controller:/Pav-S_ws/install/nav2_controller:/Pav-S_ws/install/nav2_planner:/Pav-S_ws/install/dwb_plugins:/Pav-S_ws/install/dwb_critics:/Pav-S_ws/install/dwb_core:/Pav-S_ws/install/nav_2d_utils:/Pav-S_ws/install/nav2_core:/Pav-S_ws/install/costmap_queue:/Pav-S_ws/install/nav2_costmap_2d:/Pav-S_ws/install/nav2_map_server:/Pav-S_ws/install/nav2_lifecycle_manager:/ws_livox/install/pointcloud_to_laserscan:/ws_livox/install/livox_ros_driver2:/Pav-S_ws/install/wheeltec_robot_urdf:/Pav-S_ws/install/turn_on_wheeltec_robot:/Pav-S_ws/install/wheeltec_robot_msg:/Pav-S_ws/install/usb_cam:/Pav-S_ws/install/serial:/Pav-S_ws/install/robot_kcf:/Pav-S_ws/install/dwb_msgs:/Pav-S_ws/install/nav_2d_msgs:/Pav-S_ws/install/nav2_voxel_grid:/Pav-S_ws/install/nav2_util:/Pav-S_ws/install/libuvc:/Pav-S_ws/install/fast_lio:/Pav-S_ws/install/astra_camera:/Pav-S_ws/install/astra_camera_msgs:/Pav-S_ws/install/yolo_detector:/Pav-S_ws/install/yolov5_lib:/Pav-S_ws/install/nav2_simple_commander:/opt/ros/humble LD_LIBRARY_PATH=/Pav-S_ws/install/nav2_msgs/lib:/Pav-S_ws/install/nav2_behavior_tree/lib:/Pav-S_ws/install/nav2_controller/lib:/Pav-S_ws/install/nav2_planner/lib:/Pav-S_ws/install/dwb_plugins/lib:/Pav-S_ws/install/dwb_critics/lib:/Pav-S_ws/install/dwb_core/lib:/Pav-S_ws/install/nav_2d_utils/lib:/Pav-S_ws/install/costmap_queue/lib:/Pav-S_ws/install/nav2_costmap_2d/lib:/Pav-S_ws/install/nav2_map_server/lib:/Pav-S_ws/install/nav2_lifecycle_manager/lib:/usr/local/cuda-12.2/lib64:/ws_livox/install/pointcloud_to_laserscan/lib:/ws_livox/install/livox_ros_driver2/lib:/Pav-S_ws/install/turn_on_wheeltec_robot/lib:/Pav-S_ws/install/wheeltec_robot_msg/lib:/Pav-S_ws/install/usb_cam/lib:/Pav-S_ws/install/serial/lib:/Pav-S_ws/install/dwb_msgs/lib:/Pav-S_ws/install/nav_2d_msgs/lib:/Pav-S_ws/install/nav2_voxel_grid/lib:/Pav-S_ws/install/nav2_util/lib:/Pav-S_ws/install/libuvc/lib:/Pav-S_ws/install/fast_lio/lib:/Pav-S_ws/install/astra_camera/lib:/Pav-S_ws/install/astra_camera_msgs/lib:/opt/ros/humble/opt/rviz_ogre_vendor/lib:/opt/ros/humble/lib/aarch64-linux-gnu:/opt/ros/humble/lib:/usr/local/cuda-12.2/lib64 /usr/bin/cmake --build /Pav-S_ws/build/navigation_manager -- -j6 -l6
