[0.031s] Invoking command in '/Pav-S_ws/build/navigation_manager': CMAKE_PREFIX_PATH=/Pav-S_ws/install/nav2_msgs:/Pav-S_ws/install/nav2_common:/Pav-S_ws/install/nav2_behavior_tree:/Pav-S_ws/install/nav2_dwb_controller:/Pav-S_ws/install/nav2_controller:/Pav-S_ws/install/nav2_planner:/Pav-S_ws/install/dwb_plugins:/Pav-S_ws/install/dwb_critics:/Pav-S_ws/install/dwb_core:/Pav-S_ws/install/nav_2d_utils:/Pav-S_ws/install/nav2_core:/Pav-S_ws/install/costmap_queue:/Pav-S_ws/install/nav2_costmap_2d:/Pav-S_ws/install/nav2_map_server:/Pav-S_ws/install/nav2_lifecycle_manager:/ws_livox/install/pointcloud_to_laserscan:/ws_livox/install/livox_ros_driver2:/Pav-S_ws/install/wheeltec_robot_urdf:/Pav-S_ws/install/turn_on_wheeltec_robot:/Pav-S_ws/install/wheeltec_robot_msg:/Pav-S_ws/install/usb_cam:/Pav-S_ws/install/serial:/Pav-S_ws/install/robot_kcf:/Pav-S_ws/install/dwb_msgs:/Pav-S_ws/install/nav_2d_msgs:/Pav-S_ws/install/nav2_voxel_grid:/Pav-S_ws/install/nav2_util:/Pav-S_ws/install/libuvc:/Pav-S_ws/install/fast_lio:/Pav-S_ws/install/astra_camera:/Pav-S_ws/install/astra_camera_msgs:/Pav-S_ws/install/yolo_detector:/Pav-S_ws/install/yolov5_lib:/Pav-S_ws/install/nav2_simple_commander:/opt/ros/humble LD_LIBRARY_PATH=/Pav-S_ws/install/nav2_msgs/lib:/Pav-S_ws/install/nav2_behavior_tree/lib:/Pav-S_ws/install/nav2_controller/lib:/Pav-S_ws/install/nav2_planner/lib:/Pav-S_ws/install/dwb_plugins/lib:/Pav-S_ws/install/dwb_critics/lib:/Pav-S_ws/install/dwb_core/lib:/Pav-S_ws/install/nav_2d_utils/lib:/Pav-S_ws/install/costmap_queue/lib:/Pav-S_ws/install/nav2_costmap_2d/lib:/Pav-S_ws/install/nav2_map_server/lib:/Pav-S_ws/install/nav2_lifecycle_manager/lib:/usr/local/cuda-12.2/lib64:/ws_livox/install/pointcloud_to_laserscan/lib:/ws_livox/install/livox_ros_driver2/lib:/Pav-S_ws/install/turn_on_wheeltec_robot/lib:/Pav-S_ws/install/wheeltec_robot_msg/lib:/Pav-S_ws/install/usb_cam/lib:/Pav-S_ws/install/serial/lib:/Pav-S_ws/install/dwb_msgs/lib:/Pav-S_ws/install/nav_2d_msgs/lib:/Pav-S_ws/install/nav2_voxel_grid/lib:/Pav-S_ws/install/nav2_util/lib:/Pav-S_ws/install/libuvc/lib:/Pav-S_ws/install/fast_lio/lib:/Pav-S_ws/install/astra_camera/lib:/Pav-S_ws/install/astra_camera_msgs/lib:/opt/ros/humble/opt/rviz_ogre_vendor/lib:/opt/ros/humble/lib/aarch64-linux-gnu:/opt/ros/humble/lib:/usr/local/cuda-12.2/lib64 /usr/bin/cmake --build /Pav-S_ws/build/navigation_manager -- -j6 -l6
[0.149s] [35m[1mConsolidate compiler generated dependencies of target navigation_behavior_nodes[0m
[0.150s] [35m[1mConsolidate compiler generated dependencies of target stop_line_detection[0m
[0.156s] [35m[1mConsolidate compiler generated dependencies of target cruise_perception_navigator[0m
[0.173s] [ 12%] [32mBuilding CXX object CMakeFiles/dynamic_speed_controller.dir/src/dynamic_speed_controller.cpp.o[0m
[0.198s] [ 25%] [32mBuilding CXX object CMakeFiles/navigation_behavior_nodes.dir/src/navigation_behavior_nodes.cpp.o[0m
[0.203s] [ 37%] [32mBuilding CXX object CMakeFiles/stop_line_detection.dir/src/stop_line_detection.cpp.o[0m
[0.212s] [ 50%] [32mBuilding CXX object CMakeFiles/cruise_perception_navigator.dir/src/cruise_perception_navigator.cpp.o[0m
[0.901s] In file included from [01m[K/Pav-S_ws/src/navigation2-humble/navigation_manager/src/cruise_perception_navigator.cpp:11[m[K:
[0.901s] [01m[K/opt/ros/humble/include/tf2_geometry_msgs/tf2_geometry_msgs/tf2_geometry_msgs.h:35:2:[m[K [01;35m[Kwarning: [m[K#warning This header is obsolete, please include tf2_geometry_msgs/tf2_geometry_msgs.hpp instead [[01;35m[K]8;;https://gcc.gnu.org/onlinedocs/gcc/Warning-Options.html#index-Wcpp-Wcpp]8;;[m[K]
[0.902s]    35 | #[01;35m[Kwarning[m[K This header is obsolete, please include tf2_geometry_msgs/tf2_geometry_msgs.hpp instead
[0.902s]       |  [01;35m[K^~~~~~~[m[K
[0.984s] [01m[K/Pav-S_ws/src/navigation2-humble/navigation_manager/src/dynamic_speed_controller.cpp:11:10:[m[K [01;31m[Kfatal error: [m[Knav2_dwb_controller/dwb_controller.hpp: No such file or directory
[0.985s]    11 | #include [01;31m[K<nav2_dwb_controller/dwb_controller.hpp>[m[K
[0.985s]       |          [01;31m[K^~~~~~~~~~~~~~~~~~~~~~~~~~~~~~~~~~~~~~~~[m[K
[0.985s] compilation terminated.
[0.992s] gmake[2]: *** [CMakeFiles/dynamic_speed_controller.dir/build.make:76: CMakeFiles/dynamic_speed_controller.dir/src/dynamic_speed_controller.cpp.o] Error 1
[0.992s] In file included from [01m[K/Pav-S_ws/src/navigation2-humble/navigation_manager/src/stop_line_detection.cpp:14[m[K:
[0.993s] [01m[K/opt/ros/humble/include/tf2_geometry_msgs/tf2_geometry_msgs/tf2_geometry_msgs.h:35:2:[m[K [01;35m[Kwarning: [m[K#warning This header is obsolete, please include tf2_geometry_msgs/tf2_geometry_msgs.hpp instead [[01;35m[K]8;;https://gcc.gnu.org/onlinedocs/gcc/Warning-Options.html#index-Wcpp-Wcpp]8;;[m[K]
[0.993s]    35 | #[01;35m[Kwarning[m[K This header is obsolete, please include tf2_geometry_msgs/tf2_geometry_msgs.hpp instead
[0.993s]       |  [01;35m[K^~~~~~~[m[K
[0.993s] gmake[1]: *** [CMakeFiles/Makefile2:169: CMakeFiles/dynamic_speed_controller.dir/all] Error 2
[0.993s] gmake[1]: *** Waiting for unfinished jobs....
[7.793s] [01m[K/Pav-S_ws/src/navigation2-humble/navigation_manager/src/navigation_behavior_nodes.cpp:[m[K In lambda function:
[7.793s] [01m[K/Pav-S_ws/src/navigation2-humble/navigation_manager/src/navigation_behavior_nodes.cpp:26:47:[m[K [01;31m[Kerror: [m[Kâ€˜[01m[Kusing element_type = struct std_msgs::msg::String_<std::allocator<void> >[m[Kâ€™ {aka â€˜[01m[Kstruct std_msgs::msg::String_<std::allocator<void> >[m[Kâ€™} has no member named â€˜[01m[Kstring[m[Kâ€™; did you mean â€˜[01m[KString_[m[Kâ€™?
[7.793s]    26 |                 last_stop_line_signal_ = msg->[01;31m[Kstring[m[K;
[7.793s]       |                                               [01;31m[K^~~~~~[m[K
[7.793s]       |                                               [32m[KString_[m[K
[7.811s] [01m[K/Pav-S_ws/src/navigation2-humble/navigation_manager/src/navigation_behavior_nodes.cpp:[m[K At global scope:
[7.812s] [01m[K/Pav-S_ws/src/navigation2-humble/navigation_manager/src/navigation_behavior_nodes.cpp:224:41:[m[K [01;31m[Kerror: [m[Kâ€˜[01m[KFloat32[m[Kâ€™ is not a member of â€˜[01m[Kstd_msgs::msg[m[Kâ€™
[7.812s]   224 |     rclcpp::Subscription<std_msgs::msg::[01;31m[KFloat32[m[K>::SharedPtr obstacle_distance_sub_;
[7.812s]       |                                         [01;31m[K^~~~~~~[m[K
[7.812s] [01m[K/Pav-S_ws/src/navigation2-humble/navigation_manager/src/navigation_behavior_nodes.cpp:224:48:[m[K [01;31m[Kerror: [m[Ktemplate argument 1 is invalid
[7.812s]   224 |     rclcpp::Subscription<std_msgs::msg::Float32[01;31m[K>[m[K::SharedPtr obstacle_distance_sub_;
[7.812s]       |                                                [01;31m[K^[m[K
[7.812s] [01m[K/Pav-S_ws/src/navigation2-humble/navigation_manager/src/navigation_behavior_nodes.cpp:224:48:[m[K [01;31m[Kerror: [m[Ktemplate argument 3 is invalid
[7.813s] [01m[K/Pav-S_ws/src/navigation2-humble/navigation_manager/src/navigation_behavior_nodes.cpp:224:48:[m[K [01;31m[Kerror: [m[Ktemplate argument 4 is invalid
[7.813s] [01m[K/Pav-S_ws/src/navigation2-humble/navigation_manager/src/navigation_behavior_nodes.cpp:224:48:[m[K [01;31m[Kerror: [m[Ktemplate argument 5 is invalid
[7.813s] [01m[K/Pav-S_ws/src/navigation2-humble/navigation_manager/src/navigation_behavior_nodes.cpp:224:51:[m[K [01;31m[Kerror: [m[Kexpected â€˜[01m[K;[m[Kâ€™ at end of member declaration
[7.813s]   224 |     rclcpp::Subscription<std_msgs::msg::Float32>::[01;31m[KSharedPtr[m[K obstacle_distance_sub_;
[7.813s]       |                                                   [01;31m[K^~~~~~~~~[m[K
[7.813s]       |                                                            [32m[K;[m[K
[7.822s] [01m[K/Pav-S_ws/src/navigation2-humble/navigation_manager/src/navigation_behavior_nodes.cpp:224:61:[m[K [01;31m[Kerror: [m[Kâ€˜[01m[Kobstacle_distance_sub_[m[Kâ€™ does not name a type
[7.822s]   224 |     rclcpp::Subscription<std_msgs::msg::Float32>::SharedPtr [01;31m[Kobstacle_distance_sub_[m[K;
[7.822s]       |                                                             [01;31m[K^~~~~~~~~~~~~~~~~~~~~~[m[K
[7.835s] [01m[K/Pav-S_ws/src/navigation2-humble/navigation_manager/src/stop_line_detection.cpp:143:26:[m[K [01;31m[Kerror: [m[Kâ€˜[01m[Knav_msgs[m[Kâ€™ was not declared in this scope; did you mean â€˜[01m[Knav2_msgs[m[Kâ€™?
[7.835s]   143 |     rclcpp::Subscription<[01;31m[Knav_msgs[m[K::msg::Odometry>::SharedPtr odom_sub_;
[7.835s]       |                          [01;31m[K^~~~~~~~[m[K
[7.835s]       |                          [32m[Knav2_msgs[m[K
[7.835s] [01m[K/Pav-S_ws/src/navigation2-humble/navigation_manager/src/stop_line_detection.cpp:143:49:[m[K [01;31m[Kerror: [m[Ktemplate argument 1 is invalid
[7.835s]   143 |     rclcpp::Subscription<nav_msgs::msg::Odometry[01;31m[K>[m[K::SharedPtr odom_sub_;
[7.836s]       |                                                 [01;31m[K^[m[K
[7.836s] [01m[K/Pav-S_ws/src/navigation2-humble/navigation_manager/src/stop_line_detection.cpp:143:49:[m[K [01;31m[Kerror: [m[Ktemplate argument 3 is invalid
[7.836s] [01m[K/Pav-S_ws/src/navigation2-humble/navigation_manager/src/stop_line_detection.cpp:143:49:[m[K [01;31m[Kerror: [m[Ktemplate argument 4 is invalid
[7.836s] [01m[K/Pav-S_ws/src/navigation2-humble/navigation_manager/src/stop_line_detection.cpp:143:49:[m[K [01;31m[Kerror: [m[Ktemplate argument 5 is invalid
[7.836s] [01m[K/Pav-S_ws/src/navigation2-humble/navigation_manager/src/stop_line_detection.cpp:143:52:[m[K [01;31m[Kerror: [m[Kexpected â€˜[01m[K;[m[Kâ€™ at end of member declaration
[7.836s]   143 |     rclcpp::Subscription<nav_msgs::msg::Odometry>::[01;31m[KSharedPtr[m[K odom_sub_;
[7.836s]       |                                                    [01;31m[K^~~~~~~~~[m[K
[7.836s]       |                                                             [32m[K;[m[K
[7.840s] [01m[K/Pav-S_ws/src/navigation2-humble/navigation_manager/src/stop_line_detection.cpp:143:62:[m[K [01;31m[Kerror: [m[Kâ€˜[01m[Kodom_sub_[m[Kâ€™ does not name a type
[7.840s]   143 |     rclcpp::Subscription<nav_msgs::msg::Odometry>::SharedPtr [01;31m[Kodom_sub_[m[K;
[7.840s]       |                                                              [01;31m[K^~~~~~~~~[m[K
[7.843s] [01m[K/Pav-S_ws/src/navigation2-humble/navigation_manager/src/navigation_behavior_nodes.cpp:[m[K In constructor â€˜[01m[KDynamicSpeedAdjustNode::DynamicSpeedAdjustNode(const string&, const BT::NodeConfiguration&)[m[Kâ€™:
[7.843s] [01m[K/Pav-S_ws/src/navigation2-humble/navigation_manager/src/navigation_behavior_nodes.cpp:137:9:[m[K [01;31m[Kerror: [m[Kâ€˜[01m[Kobstacle_distance_sub_[m[Kâ€™ was not declared in this scope; did you mean â€˜[01m[Kobstacle_distance_[m[Kâ€™?
[7.843s]   137 |         [01;31m[Kobstacle_distance_sub_[m[K = node_->create_subscription<std_msgs::msg::Float32>(
[7.843s]       |         [01;31m[K^~~~~~~~~~~~~~~~~~~~~~[m[K
[7.843s]       |         [32m[Kobstacle_distance_[m[K
[7.845s] [01m[K/Pav-S_ws/src/navigation2-humble/navigation_manager/src/navigation_behavior_nodes.cpp:137:76:[m[K [01;31m[Kerror: [m[Kâ€˜[01m[KFloat32[m[Kâ€™ is not a member of â€˜[01m[Kstd_msgs::msg[m[Kâ€™
[7.846s]   137 |         obstacle_distance_sub_ = node_->create_subscription<std_msgs::msg::[01;31m[KFloat32[m[K>(
[7.846s]       |                                                                            [01;31m[K^~~~~~~[m[K
[7.846s] [01m[K/Pav-S_ws/src/navigation2-humble/navigation_manager/src/navigation_behavior_nodes.cpp:139:41:[m[K [01;31m[Kerror: [m[Kâ€˜[01m[KFloat32[m[Kâ€™ in namespace â€˜[01m[Kstd_msgs::msg[m[Kâ€™ does not name a type
[7.846s]   139 |             [this](const std_msgs::msg::[01;31m[KFloat32[m[K::SharedPtr msg) {
[7.846s]       |                                         [01;31m[K^~~~~~~[m[K
[7.847s] [01m[K/Pav-S_ws/src/navigation2-humble/navigation_manager/src/navigation_behavior_nodes.cpp:[m[K In lambda function:
[7.847s] [01m[K/Pav-S_ws/src/navigation2-humble/navigation_manager/src/navigation_behavior_nodes.cpp:141:15:[m[K [01;31m[Kerror: [m[Kexpected â€˜[01m[K{[m[Kâ€™ before â€˜[01m[K;[m[Kâ€™ token
[7.847s]   141 |             })[01;31m[K;[m[K
[7.847s]       |               [01;31m[K^[m[K
[7.847s] [01m[K/Pav-S_ws/src/navigation2-humble/navigation_manager/src/navigation_behavior_nodes.cpp:[m[K In constructor â€˜[01m[KDynamicSpeedAdjustNode::DynamicSpeedAdjustNode(const string&, const BT::NodeConfiguration&)[m[Kâ€™:
[7.847s] [01m[K/Pav-S_ws/src/navigation2-humble/navigation_manager/src/navigation_behavior_nodes.cpp:141:15:[m[K [01;31m[Kerror: [m[Kexpected â€˜[01m[K)[m[Kâ€™ before â€˜[01m[K;[m[Kâ€™ token
[7.847s] [01m[K/Pav-S_ws/src/navigation2-humble/navigation_manager/src/navigation_behavior_nodes.cpp:137:84:[m[K [01;36m[Knote: [m[Kto match this â€˜[01m[K([m[Kâ€™
[7.847s]   137 |         obstacle_distance_sub_ = node_->create_subscription<std_msgs::msg::Float32>[01;36m[K([m[K
[7.848s]       |                                                                                    [01;36m[K^[m[K
[7.889s] [01m[K/Pav-S_ws/src/navigation2-humble/navigation_manager/src/stop_line_detection.cpp:[m[K In constructor â€˜[01m[KStopLineDetection::StopLineDetection()[m[Kâ€™:
[7.889s] [01m[K/Pav-S_ws/src/navigation2-humble/navigation_manager/src/stop_line_detection.cpp:32:9:[m[K [01;31m[Kerror: [m[Kâ€˜[01m[Kodom_sub_[m[Kâ€™ was not declared in this scope
[7.889s]    32 |         [01;31m[Kodom_sub_[m[K = create_subscription<nav_msgs::msg::Odometry>(
[7.889s]       |         [01;31m[K^~~~~~~~~[m[K
[7.906s] [01m[K/Pav-S_ws/src/navigation2-humble/navigation_manager/src/stop_line_detection.cpp:32:41:[m[K [01;31m[Kerror: [m[Kâ€˜[01m[Knav_msgs[m[Kâ€™ was not declared in this scope; did you mean â€˜[01m[Knav2_msgs[m[Kâ€™?
[7.906s]    32 |         odom_sub_ = create_subscription<[01;31m[Knav_msgs[m[K::msg::Odometry>(
[7.906s]       |                                         [01;31m[K^~~~~~~~[m[K
[7.906s]       |                                         [32m[Knav2_msgs[m[K
[7.907s] [01m[K/Pav-S_ws/src/navigation2-humble/navigation_manager/src/stop_line_detection.cpp:32:21:[m[K [01;31m[Kerror: [m[Kparse error in template argument list
[7.907s]    32 |         odom_sub_ = [01;31m[Kcreate_subscription<nav_msgs::msg::Odometry>[m[K(
[7.907s]       |                     [01;31m[K^~~~~~~~~~~~~~~~~~~~~~~~~~~~~~~~~~~~~~~~~~~~[m[K
[7.910s] [01m[K/Pav-S_ws/src/navigation2-humble/navigation_manager/src/stop_line_detection.cpp:34:26:[m[K [01;31m[Kerror: [m[Kâ€˜[01m[Knav_msgs[m[Kâ€™ does not name a type
[7.911s]    34 |             [this](const [01;31m[Knav_msgs[m[K::msg::Odometry::SharedPtr msg) {
[7.911s]       |                          [01;31m[K^~~~~~~~[m[K
[7.911s] [01m[K/Pav-S_ws/src/navigation2-humble/navigation_manager/src/stop_line_detection.cpp:[m[K In lambda function:
[7.911s] [01m[K/Pav-S_ws/src/navigation2-humble/navigation_manager/src/stop_line_detection.cpp:36:15:[m[K [01;31m[Kerror: [m[Kexpected â€˜[01m[K{[m[Kâ€™ before â€˜[01m[K;[m[Kâ€™ token
[7.911s]    36 |             })[01;31m[K;[m[K
[7.911s]       |               [01;31m[K^[m[K
[7.911s] [01m[K/Pav-S_ws/src/navigation2-humble/navigation_manager/src/stop_line_detection.cpp:[m[K In constructor â€˜[01m[KStopLineDetection::StopLineDetection()[m[Kâ€™:
[7.912s] [01m[K/Pav-S_ws/src/navigation2-humble/navigation_manager/src/stop_line_detection.cpp:36:15:[m[K [01;31m[Kerror: [m[Kexpected â€˜[01m[K)[m[Kâ€™ before â€˜[01m[K;[m[Kâ€™ token
[7.912s] [01m[K/Pav-S_ws/src/navigation2-humble/navigation_manager/src/stop_line_detection.cpp:32:65:[m[K [01;36m[Knote: [m[Kto match this â€˜[01m[K([m[Kâ€™
[7.912s]    32 |         odom_sub_ = create_subscription<nav_msgs::msg::Odometry>[01;36m[K([m[K
[7.912s]       |                                                                 [01;36m[K^[m[K
[7.940s] [01m[K/Pav-S_ws/src/navigation2-humble/navigation_manager/src/stop_line_detection.cpp:[m[K In member function â€˜[01m[Kvoid StopLineDetection::stopSmoothParking()[m[Kâ€™:
[7.941s] [01m[K/Pav-S_ws/src/navigation2-humble/navigation_manager/src/stop_line_detection.cpp:134:34:[m[K [01;31m[Kerror: [m[Kexpected primary-expression before â€˜[01m[K>[m[Kâ€™ token
[7.941s]   134 |             stop_completed.data =[01;31m[K>[m[K false;
[7.941s]       |                                  [01;31m[K^[m[K
[7.941s] [01m[K/Pav-S_ws/src/navigation2-humble/navigation_manager/src/stop_line_detection.cpp:[m[K At global scope:
[7.941s] [01m[K/Pav-S_ws/src/navigation2-humble/navigation_manager/src/stop_line_detection.cpp:160:65:[m[K [01;31m[Kerror: [m[Kexpected template-name before â€˜[01m[K<[m[Kâ€™ token
[7.942s]   160 | class StopLineBehavior : public nav2_behavior_tree::BtActionNode[01;31m[K<[m[KNavigateToPose>
[7.942s]       |                                                                 [01;31m[K^[m[K
[7.942s] [01m[K/Pav-S_ws/src/navigation2-humble/navigation_manager/src/stop_line_detection.cpp:160:65:[m[K [01;31m[Kerror: [m[Kexpected â€˜[01m[K{[m[Kâ€™ before â€˜[01m[K<[m[Kâ€™ token
[7.942s] [01m[K/Pav-S_ws/src/navigation2-humble/navigation_manager/src/stop_line_detection.cpp:160:65:[m[K [01;31m[Kerror: [m[Kexpected unqualified-id before â€˜[01m[K<[m[Kâ€™ token
[8.420s] In file included from [01m[K/usr/include/c++/11/bits/move.h:57[m[K,
[8.420s]                  from [01m[K/usr/include/c++/11/bits/stl_pair.h:59[m[K,
[8.420s]                  from [01m[K/usr/include/c++/11/bits/stl_algobase.h:64[m[K,
[8.420s]                  from [01m[K/usr/include/c++/11/memory:63[m[K,
[8.420s]                  from [01m[K/opt/ros/humble/include/rclcpp/rclcpp/rclcpp.hpp:153[m[K,
[8.421s]                  from [01m[K/Pav-S_ws/src/navigation2-humble/navigation_manager/src/stop_line_detection.cpp:6[m[K:
[8.421s] /usr/include/c++/11/type_traits: In instantiation of â€˜[01m[Kstruct std::is_base_of<BT::ActionNodeBase, StopLineBehavior>[m[Kâ€™:
[8.421s] [01m[K/opt/ros/humble/include/behaviortree_cpp_v3/bt_factory.h:366:55:[m[K   required from â€˜[01m[Kvoid BT::BehaviorTreeFactory::registerNodeType(const string&) [with T = StopLineBehavior; std::string = std::__cxx11::basic_string<char>][m[Kâ€™
[8.421s] [01m[K/Pav-S_ws/src/navigation2-humble/navigation_manager/src/stop_line_detection.cpp:202:47:[m[K   required from here
[8.421s] [01m[K/usr/include/c++/11/type_traits:1422:38:[m[K [01;31m[Kerror: [m[Kinvalid use of incomplete type â€˜[01m[Kclass StopLineBehavior[m[Kâ€™
[8.422s]  1422 |     : public integral_constant<bool, [01;31m[K__is_base_of(_Base, _Derived)[m[K>
[8.422s]       |                                      [01;31m[K^~~~~~~~~~~~~~~~~~~~~~~~~~~~~[m[K
[8.422s] [01m[K/Pav-S_ws/src/navigation2-humble/navigation_manager/src/stop_line_detection.cpp:160:7:[m[K [01;36m[Knote: [m[Kforward declaration of â€˜[01m[Kclass StopLineBehavior[m[Kâ€™
[8.422s]   160 | class [01;36m[KStopLineBehavior[m[K : public nav2_behavior_tree::BtActionNode<NavigateToPose>
[8.422s]       |       [01;36m[K^~~~~~~~~~~~~~~~[m[K
[8.422s] In file included from [01m[K/Pav-S_ws/install/nav2_behavior_tree/include/nav2_behavior_tree/behavior_tree_engine.hpp:24[m[K,
[8.422s]                  from [01m[K/Pav-S_ws/install/nav2_behavior_tree/include/nav2_behavior_tree/bt_action_server.hpp:23[m[K,
[8.423s]                  from [01m[K/Pav-S_ws/src/navigation2-humble/navigation_manager/src/stop_line_detection.cpp:11[m[K:
[8.423s] /opt/ros/humble/include/behaviortree_cpp_v3/bt_factory.h: In instantiation of â€˜[01m[Kvoid BT::BehaviorTreeFactory::registerNodeType(const string&) [with T = StopLineBehavior; std::string = std::__cxx11::basic_string<char>][m[Kâ€™:
[8.423s] [01m[K/Pav-S_ws/src/navigation2-humble/navigation_manager/src/stop_line_detection.cpp:202:47:[m[K   required from here
[8.423s] [01m[K/opt/ros/humble/include/behaviortree_cpp_v3/bt_factory.h:366:55:[m[K [01;31m[Kerror: [m[Kâ€˜[01m[Kvalue[m[Kâ€™ is not a member of â€˜[01m[Kstd::is_base_of<BT::ActionNodeBase, StopLineBehavior>[m[Kâ€™
[8.424s]   366 |     static_assert(std::is_base_of<ActionNodeBase, T>::[01;31m[Kvalue[m[K ||
[8.424s]       |                                                       [01;31m[K^~~~~[m[K
[8.424s] In file included from [01m[K/usr/include/c++/11/bits/move.h:57[m[K,
[8.424s]                  from [01m[K/usr/include/c++/11/bits/stl_pair.h:59[m[K,
[8.424s]                  from [01m[K/usr/include/c++/11/bits/stl_algobase.h:64[m[K,
[8.424s]                  from [01m[K/usr/include/c++/11/memory:63[m[K,
[8.424s]                  from [01m[K/opt/ros/humble/include/rclcpp/rclcpp/rclcpp.hpp:153[m[K,
[8.424s]                  from [01m[K/Pav-S_ws/src/navigation2-humble/navigation_manager/src/stop_line_detection.cpp:6[m[K:
[8.425s] /usr/include/c++/11/type_traits: In instantiation of â€˜[01m[Kstruct std::is_base_of<BT::ControlNode, StopLineBehavior>[m[Kâ€™:
[8.425s] [01m[K/opt/ros/humble/include/behaviortree_cpp_v3/bt_factory.h:367:56:[m[K   required from â€˜[01m[Kvoid BT::BehaviorTreeFactory::registerNodeType(const string&) [with T = StopLineBehavior; std::string = std::__cxx11::basic_string<char>][m[Kâ€™
[8.425s] [01m[K/Pav-S_ws/src/navigation2-humble/navigation_manager/src/stop_line_detection.cpp:202:47:[m[K   required from here
[8.425s] [01m[K/usr/include/c++/11/type_traits:1422:38:[m[K [01;31m[Kerror: [m[Kinvalid use of incomplete type â€˜[01m[Kclass StopLineBehavior[m[Kâ€™
[8.425s]  1422 |     : public integral_constant<bool, [01;31m[K__is_base_of(_Base, _Derived)[m[K>
[8.425s]       |                                      [01;31m[K^~~~~~~~~~~~~~~~~~~~~~~~~~~~~[m[K
[8.425s] [01m[K/Pav-S_ws/src/navigation2-humble/navigation_manager/src/stop_line_detection.cpp:160:7:[m[K [01;36m[Knote: [m[Kforward declaration of â€˜[01m[Kclass StopLineBehavior[m[Kâ€™
[8.425s]   160 | class [01;36m[KStopLineBehavior[m[K : public nav2_behavior_tree::BtActionNode<NavigateToPose>
[8.425s]       |       [01;36m[K^~~~~~~~~~~~~~~~[m[K
[8.426s] In file included from [01m[K/Pav-S_ws/install/nav2_behavior_tree/include/nav2_behavior_tree/behavior_tree_engine.hpp:24[m[K,
[8.426s]                  from [01m[K/Pav-S_ws/install/nav2_behavior_tree/include/nav2_behavior_tree/bt_action_server.hpp:23[m[K,
[8.426s]                  from [01m[K/Pav-S_ws/src/navigation2-humble/navigation_manager/src/stop_line_detection.cpp:11[m[K:
[8.426s] /opt/ros/humble/include/behaviortree_cpp_v3/bt_factory.h: In instantiation of â€˜[01m[Kvoid BT::BehaviorTreeFactory::registerNodeType(const string&) [with T = StopLineBehavior; std::string = std::__cxx11::basic_string<char>][m[Kâ€™:
[8.426s] [01m[K/Pav-S_ws/src/navigation2-humble/navigation_manager/src/stop_line_detection.cpp:202:47:[m[K   required from here
[8.426s] [01m[K/opt/ros/humble/include/behaviortree_cpp_v3/bt_factory.h:367:56:[m[K [01;31m[Kerror: [m[Kâ€˜[01m[Kvalue[m[Kâ€™ is not a member of â€˜[01m[Kstd::is_base_of<BT::ControlNode, StopLineBehavior>[m[Kâ€™
[8.426s]   367 |                       std::is_base_of<ControlNode, T>::[01;31m[Kvalue[m[K ||
[8.426s]       |                                                        [01;31m[K^~~~~[m[K
[8.426s] In file included from [01m[K/usr/include/c++/11/bits/move.h:57[m[K,
[8.427s]                  from [01m[K/usr/include/c++/11/bits/stl_pair.h:59[m[K,
[8.427s]                  from [01m[K/usr/include/c++/11/bits/stl_algobase.h:64[m[K,
[8.427s]                  from [01m[K/usr/include/c++/11/memory:63[m[K,
[8.427s]                  from [01m[K/opt/ros/humble/include/rclcpp/rclcpp/rclcpp.hpp:153[m[K,
[8.427s]                  from [01m[K/Pav-S_ws/src/navigation2-humble/navigation_manager/src/stop_line_detection.cpp:6[m[K:
[8.427s] /usr/include/c++/11/type_traits: In instantiation of â€˜[01m[Kstruct std::is_base_of<BT::DecoratorNode, StopLineBehavior>[m[Kâ€™:
[8.427s] [01m[K/opt/ros/humble/include/behaviortree_cpp_v3/bt_factory.h:368:58:[m[K   required from â€˜[01m[Kvoid BT::BehaviorTreeFactory::registerNodeType(const string&) [with T = StopLineBehavior; std::string = std::__cxx11::basic_string<char>][m[Kâ€™
[8.427s] [01m[K/Pav-S_ws/src/navigation2-humble/navigation_manager/src/stop_line_detection.cpp:202:47:[m[K   required from here
[8.428s] [01m[K/usr/include/c++/11/type_traits:1422:38:[m[K [01;31m[Kerror: [m[Kinvalid use of incomplete type â€˜[01m[Kclass StopLineBehavior[m[Kâ€™
[8.428s]  1422 |     : public integral_constant<bool, [01;31m[K__is_base_of(_Base, _Derived)[m[K>
[8.428s]       |                                      [01;31m[K^~~~~~~~~~~~~~~~~~~~~~~~~~~~~[m[K
[8.428s] [01m[K/Pav-S_ws/src/navigation2-humble/navigation_manager/src/stop_line_detection.cpp:160:7:[m[K [01;36m[Knote: [m[Kforward declaration of â€˜[01m[Kclass StopLineBehavior[m[Kâ€™
[8.428s]   160 | class [01;36m[KStopLineBehavior[m[K : public nav2_behavior_tree::BtActionNode<NavigateToPose>
[8.428s]       |       [01;36m[K^~~~~~~~~~~~~~~~[m[K
[8.428s] In file included from [01m[K/Pav-S_ws/install/nav2_behavior_tree/include/nav2_behavior_tree/behavior_tree_engine.hpp:24[m[K,
[8.428s]                  from [01m[K/Pav-S_ws/install/nav2_behavior_tree/include/nav2_behavior_tree/bt_action_server.hpp:23[m[K,
[8.428s]                  from [01m[K/Pav-S_ws/src/navigation2-humble/navigation_manager/src/stop_line_detection.cpp:11[m[K:
[8.429s] /opt/ros/humble/include/behaviortree_cpp_v3/bt_factory.h: In instantiation of â€˜[01m[Kvoid BT::BehaviorTreeFactory::registerNodeType(const string&) [with T = StopLineBehavior; std::string = std::__cxx11::basic_string<char>][m[Kâ€™:
[8.429s] [01m[K/Pav-S_ws/src/navigation2-humble/navigation_manager/src/stop_line_detection.cpp:202:47:[m[K   required from here
[8.429s] [01m[K/opt/ros/humble/include/behaviortree_cpp_v3/bt_factory.h:368:58:[m[K [01;31m[Kerror: [m[Kâ€˜[01m[Kvalue[m[Kâ€™ is not a member of â€˜[01m[Kstd::is_base_of<BT::DecoratorNode, StopLineBehavior>[m[Kâ€™
[8.429s]   368 |                       std::is_base_of<DecoratorNode, T>::[01;31m[Kvalue[m[K ||
[8.429s]       |                                                          [01;31m[K^~~~~[m[K
[8.429s] In file included from [01m[K/usr/include/c++/11/bits/move.h:57[m[K,
[8.429s]                  from [01m[K/usr/include/c++/11/bits/stl_pair.h:59[m[K,
[8.429s]                  from [01m[K/usr/include/c++/11/bits/stl_algobase.h:64[m[K,
[8.429s]                  from [01m[K/usr/include/c++/11/memory:63[m[K,
[8.430s]                  from [01m[K/opt/ros/humble/include/rclcpp/rclcpp/rclcpp.hpp:153[m[K,
[8.430s]                  from [01m[K/Pav-S_ws/src/navigation2-humble/navigation_manager/src/stop_line_detection.cpp:6[m[K:
[8.430s] /usr/include/c++/11/type_traits: In instantiation of â€˜[01m[Kstruct std::is_base_of<BT::ConditionNode, StopLineBehavior>[m[Kâ€™:
[8.430s] [01m[K/opt/ros/humble/include/behaviortree_cpp_v3/bt_factory.h:369:58:[m[K   required from â€˜[01m[Kvoid BT::BehaviorTreeFactory::registerNodeType(const string&) [with T = StopLineBehavior; std::string = std::__cxx11::basic_string<char>][m[Kâ€™
[8.430s] [01m[K/Pav-S_ws/src/navigation2-humble/navigation_manager/src/stop_line_detection.cpp:202:47:[m[K   required from here
[8.430s] [01m[K/usr/include/c++/11/type_traits:1422:38:[m[K [01;31m[Kerror: [m[Kinvalid use of incomplete type â€˜[01m[Kclass StopLineBehavior[m[Kâ€™
[8.430s]  1422 |     : public integral_constant<bool, [01;31m[K__is_base_of(_Base, _Derived)[m[K>
[8.430s]       |                                      [01;31m[K^~~~~~~~~~~~~~~~~~~~~~~~~~~~~[m[K
[8.430s] [01m[K/Pav-S_ws/src/navigation2-humble/navigation_manager/src/stop_line_detection.cpp:160:7:[m[K [01;36m[Knote: [m[Kforward declaration of â€˜[01m[Kclass StopLineBehavior[m[Kâ€™
[8.431s]   160 | class [01;36m[KStopLineBehavior[m[K : public nav2_behavior_tree::BtActionNode<NavigateToPose>
[8.431s]       |       [01;36m[K^~~~~~~~~~~~~~~~[m[K
[8.431s] In file included from [01m[K/Pav-S_ws/install/nav2_behavior_tree/include/nav2_behavior_tree/behavior_tree_engine.hpp:24[m[K,
[8.431s]                  from [01m[K/Pav-S_ws/install/nav2_behavior_tree/include/nav2_behavior_tree/bt_action_server.hpp:23[m[K,
[8.431s]                  from [01m[K/Pav-S_ws/src/navigation2-humble/navigation_manager/src/stop_line_detection.cpp:11[m[K:
[8.431s] /opt/ros/humble/include/behaviortree_cpp_v3/bt_factory.h: In instantiation of â€˜[01m[Kvoid BT::BehaviorTreeFactory::registerNodeType(const string&) [with T = StopLineBehavior; std::string = std::__cxx11::basic_string<char>][m[Kâ€™:
[8.431s] [01m[K/Pav-S_ws/src/navigation2-humble/navigation_manager/src/stop_line_detection.cpp:202:47:[m[K   required from here
[8.431s] [01m[K/opt/ros/humble/include/behaviortree_cpp_v3/bt_factory.h:369:58:[m[K [01;31m[Kerror: [m[Kâ€˜[01m[Kvalue[m[Kâ€™ is not a member of â€˜[01m[Kstd::is_base_of<BT::ConditionNode, StopLineBehavior>[m[Kâ€™
[8.432s]   369 |                       std::is_base_of<ConditionNode, T>::[01;31m[Kvalue[m[K,
[8.432s]       |                                                          [01;31m[K^~~~~[m[K
[8.432s] In file included from [01m[K/usr/include/c++/11/bits/move.h:57[m[K,
[8.432s]                  from [01m[K/usr/include/c++/11/bits/stl_pair.h:59[m[K,
[8.432s]                  from [01m[K/usr/include/c++/11/bits/stl_algobase.h:64[m[K,
[8.432s]                  from [01m[K/usr/include/c++/11/memory:63[m[K,
[8.432s]                  from [01m[K/opt/ros/humble/include/rclcpp/rclcpp/rclcpp.hpp:153[m[K,
[8.432s]                  from [01m[K/Pav-S_ws/src/navigation2-humble/navigation_manager/src/stop_line_detection.cpp:6[m[K:
[8.432s] /usr/include/c++/11/type_traits: In instantiation of â€˜[01m[Kstruct std::is_abstract<StopLineBehavior>[m[Kâ€™:
[8.432s] [01m[K/opt/ros/humble/include/behaviortree_cpp_v3/bt_factory.h:374:41:[m[K   required from â€˜[01m[Kvoid BT::BehaviorTreeFactory::registerNodeType(const string&) [with T = StopLineBehavior; std::string = std::__cxx11::basic_string<char>][m[Kâ€™
[8.433s] [01m[K/Pav-S_ws/src/navigation2-humble/navigation_manager/src/stop_line_detection.cpp:202:47:[m[K   required from here
[8.433s] [01m[K/usr/include/c++/11/type_traits:778:38:[m[K [01;31m[Kerror: [m[Kinvalid use of incomplete type â€˜[01m[Kclass StopLineBehavior[m[Kâ€™
[8.433s]   778 |     : public integral_constant<bool, [01;31m[K__is_abstract(_Tp)[m[K>
[8.433s]       |                                      [01;31m[K^~~~~~~~~~~~~~~~~~[m[K
[8.433s] [01m[K/Pav-S_ws/src/navigation2-humble/navigation_manager/src/stop_line_detection.cpp:160:7:[m[K [01;36m[Knote: [m[Kforward declaration of â€˜[01m[Kclass StopLineBehavior[m[Kâ€™
[8.433s]   160 | class [01;36m[KStopLineBehavior[m[K : public nav2_behavior_tree::BtActionNode<NavigateToPose>
[8.433s]       |       [01;36m[K^~~~~~~~~~~~~~~~[m[K
[8.433s] In file included from [01m[K/Pav-S_ws/install/nav2_behavior_tree/include/nav2_behavior_tree/behavior_tree_engine.hpp:24[m[K,
[8.433s]                  from [01m[K/Pav-S_ws/install/nav2_behavior_tree/include/nav2_behavior_tree/bt_action_server.hpp:23[m[K,
[8.434s]                  from [01m[K/Pav-S_ws/src/navigation2-humble/navigation_manager/src/stop_line_detection.cpp:11[m[K:
[8.434s] /opt/ros/humble/include/behaviortree_cpp_v3/bt_factory.h: In instantiation of â€˜[01m[Kvoid BT::BehaviorTreeFactory::registerNodeType(const string&) [with T = StopLineBehavior; std::string = std::__cxx11::basic_string<char>][m[Kâ€™:
[8.434s] [01m[K/Pav-S_ws/src/navigation2-humble/navigation_manager/src/stop_line_detection.cpp:202:47:[m[K   required from here
[8.434s] [01m[K/opt/ros/humble/include/behaviortree_cpp_v3/bt_factory.h:374:41:[m[K [01;31m[Kerror: [m[Kâ€˜[01m[Kvalue[m[Kâ€™ is not a member of â€˜[01m[Kstd::is_abstract<StopLineBehavior>[m[Kâ€™
[8.434s]   374 |     static_assert(!std::is_abstract<T>::[01;31m[Kvalue[m[K, "[registerNode]: Some methods are pure "
[8.434s]       |                                         [01;31m[K^~~~~[m[K
[8.434s] In file included from [01m[K/usr/include/c++/11/bits/move.h:57[m[K,
[8.434s]                  from [01m[K/usr/include/c++/11/bits/stl_pair.h:59[m[K,
[8.434s]                  from [01m[K/usr/include/c++/11/bits/stl_algobase.h:64[m[K,
[8.435s]                  from [01m[K/usr/include/c++/11/memory:63[m[K,
[8.435s]                  from [01m[K/opt/ros/humble/include/rclcpp/rclcpp/rclcpp.hpp:153[m[K,
[8.435s]                  from [01m[K/Pav-S_ws/src/navigation2-humble/navigation_manager/src/stop_line_detection.cpp:6[m[K:
[8.435s] /usr/include/c++/11/type_traits: In instantiation of â€˜[01m[Kstruct std::is_constructible<StopLineBehavior, const std::__cxx11::basic_string<char, std::char_traits<char>, std::allocator<char> >&>[m[Kâ€™:
[8.435s] [01m[K/opt/ros/humble/include/behaviortree_cpp_v3/bt_factory.h:380:55:[m[K   required from â€˜[01m[Kvoid BT::BehaviorTreeFactory::registerNodeType(const string&) [with T = StopLineBehavior; std::string = std::__cxx11::basic_string<char>][m[Kâ€™
[8.435s] [01m[K/Pav-S_ws/src/navigation2-humble/navigation_manager/src/stop_line_detection.cpp:202:47:[m[K   required from here
[8.435s] [01m[K/usr/include/c++/11/type_traits:955:52:[m[K [01;31m[Kerror: [m[Kstatic assertion failed: template argument must be a complete class or an unbounded array
[8.435s]   955 |       static_assert([01;31m[Kstd::__is_complete_or_unbounded(__type_identity<_Tp>{})[m[K,
[8.436s]       |                     [01;31m[K~~~~~~~~~~~~~~~~~~~~~~~~~~~~~~~^~~~~~~~~~~~~~~~~~~~~~~~[m[K
[8.436s] [01m[K/usr/include/c++/11/type_traits:955:52:[m[K [01;36m[Knote: [m[Kâ€˜[01m[Kstd::__is_complete_or_unbounded<std::__type_identity<StopLineBehavior> >((std::__type_identity<StopLineBehavior>{}, std::__type_identity<StopLineBehavior>()))[m[Kâ€™ evaluates to false
[8.436s] /usr/include/c++/11/type_traits: In instantiation of â€˜[01m[Kstruct std::is_constructible<StopLineBehavior, const std::__cxx11::basic_string<char, std::char_traits<char>, std::allocator<char> >&, const BT::NodeConfiguration&>[m[Kâ€™:
[8.436s] [01m[K/opt/ros/humble/include/behaviortree_cpp_v3/bt_factory.h:382:81:[m[K   required from â€˜[01m[Kvoid BT::BehaviorTreeFactory::registerNodeType(const string&) [with T = StopLineBehavior; std::string = std::__cxx11::basic_string<char>][m[Kâ€™
[8.436s] [01m[K/Pav-S_ws/src/navigation2-humble/navigation_manager/src/stop_line_detection.cpp:202:47:[m[K   required from here
[8.436s] [01m[K/usr/include/c++/11/type_traits:955:52:[m[K [01;31m[Kerror: [m[Kstatic assertion failed: template argument must be a complete class or an unbounded array
[8.436s] [01m[K/usr/include/c++/11/type_traits:955:52:[m[K [01;36m[Knote: [m[Kâ€˜[01m[Kstd::__is_complete_or_unbounded<std::__type_identity<StopLineBehavior> >((std::__type_identity<StopLineBehavior>{}, std::__type_identity<StopLineBehavior>()))[m[Kâ€™ evaluates to false
[8.436s] In file included from [01m[K/Pav-S_ws/install/nav2_behavior_tree/include/nav2_behavior_tree/behavior_tree_engine.hpp:24[m[K,
[8.436s]                  from [01m[K/Pav-S_ws/install/nav2_behavior_tree/include/nav2_behavior_tree/bt_action_server.hpp:23[m[K,
[8.437s]                  from [01m[K/Pav-S_ws/src/navigation2-humble/navigation_manager/src/stop_line_detection.cpp:11[m[K:
[8.437s] /opt/ros/humble/include/behaviortree_cpp_v3/bt_factory.h: In instantiation of â€˜[01m[Kvoid BT::BehaviorTreeFactory::registerNodeType(const string&) [with T = StopLineBehavior; std::string = std::__cxx11::basic_string<char>][m[Kâ€™:
[8.437s] [01m[K/Pav-S_ws/src/navigation2-humble/navigation_manager/src/stop_line_detection.cpp:202:47:[m[K   required from here
[8.437s] [01m[K/opt/ros/humble/include/behaviortree_cpp_v3/bt_factory.h:385:41:[m[K [01;31m[Kerror: [m[Kstatic assertion failed: [registerNode]: the registered class must have at least one of these two constructors:   (const std::string&, const NodeConfiguration&) or (const std::string&).
[8.437s] Check also if the constructor is public!
[8.437s]   385 |     static_assert([01;31m[Kdefault_constructable || param_constructable[m[K, "[registerNode]: the "
[8.437s]       |                   [01;31m[K~~~~~~~~~~~~~~~~~~~~~~^~~~~~~~~~~~~~~~~~~~~~[m[K
[8.437s] [01m[K/opt/ros/humble/include/behaviortree_cpp_v3/bt_factory.h:385:41:[m[K [01;36m[Knote: [m[Kâ€˜[01m[K(((bool)default_constructable) || ((bool)param_constructable))[m[Kâ€™ evaluates to false
[8.437s] [01m[K/opt/ros/humble/include/behaviortree_cpp_v3/bt_factory.h:418:60:[m[K [01;31m[Kerror: [m[Kno matching function for call to â€˜[01m[KCreateBuilder<StopLineBehavior>()[m[Kâ€™
[8.438s]   418 |     registerBuilder(CreateManifest<T>(ID), [01;31m[KCreateBuilder<T>()[m[K);
[8.438s]       |                                            [01;31m[K~~~~~~~~~~~~~~~~^~[m[K
[8.438s] In file included from [01m[K/Pav-S_ws/install/nav2_behavior_tree/include/nav2_behavior_tree/behavior_tree_engine.hpp:24[m[K,
[8.438s]                  from [01m[K/Pav-S_ws/install/nav2_behavior_tree/include/nav2_behavior_tree/bt_action_server.hpp:23[m[K,
[8.438s]                  from [01m[K/Pav-S_ws/src/navigation2-humble/navigation_manager/src/stop_line_detection.cpp:11[m[K:
[8.438s] [01m[K/opt/ros/humble/include/behaviortree_cpp_v3/bt_factory.h:43:1:[m[K [01;36m[Knote: [m[Kcandidate: â€˜[01m[Ktemplate<class T> BT::NodeBuilder BT::CreateBuilder(typename std::enable_if<(std::is_constructible<T, const std::__cxx11::basic_string<char, std::char_traits<char>, std::allocator<char> >&>::value && std::is_constructible<T, const std::__cxx11::basic_string<char, std::char_traits<char>, std::allocator<char> >&, const BT::NodeConfiguration&>::value)>::type*)[m[Kâ€™
[8.438s]    43 | [01;36m[KCreateBuilder[m[K(typename std::enable_if<has_default_constructor<T>::value &&
[8.438s]       | [01;36m[K^~~~~~~~~~~~~[m[K
[8.438s] [01m[K/opt/ros/humble/include/behaviortree_cpp_v3/bt_factory.h:43:1:[m[K [01;36m[Knote: [m[K  template argument deduction/substitution failed:
[8.439s] /opt/ros/humble/include/behaviortree_cpp_v3/bt_factory.h: In substitution of â€˜[01m[Ktemplate<class T> BT::NodeBuilder BT::CreateBuilder(typename std::enable_if<(std::is_constructible<T, const std::__cxx11::basic_string<char, std::char_traits<char>, std::allocator<char> >&>::value && std::is_constructible<T, const std::__cxx11::basic_string<char, std::char_traits<char>, std::allocator<char> >&, const BT::NodeConfiguration&>::value)>::type*) [with T = StopLineBehavior][m[Kâ€™:
[8.439s] [01m[K/opt/ros/humble/include/behaviortree_cpp_v3/bt_factory.h:418:60:[m[K   required from â€˜[01m[Kvoid BT::BehaviorTreeFactory::registerNodeType(const string&) [with T = StopLineBehavior; std::string = std::__cxx11::basic_string<char>][m[Kâ€™
[8.439s] [01m[K/Pav-S_ws/src/navigation2-humble/navigation_manager/src/stop_line_detection.cpp:202:47:[m[K   required from here
[8.439s] [01m[K/opt/ros/humble/include/behaviortree_cpp_v3/bt_factory.h:43:1:[m[K [01;31m[Kerror: [m[Kno type named â€˜[01m[Ktype[m[Kâ€™ in â€˜[01m[Kstruct std::enable_if<false, void>[m[Kâ€™
[8.439s] /opt/ros/humble/include/behaviortree_cpp_v3/bt_factory.h: In instantiation of â€˜[01m[Kvoid BT::BehaviorTreeFactory::registerNodeType(const string&) [with T = StopLineBehavior; std::string = std::__cxx11::basic_string<char>][m[Kâ€™:
[8.439s] [01m[K/Pav-S_ws/src/navigation2-humble/navigation_manager/src/stop_line_detection.cpp:202:47:[m[K   required from here
[8.439s] [01m[K/opt/ros/humble/include/behaviortree_cpp_v3/bt_factory.h:59:1:[m[K [01;36m[Knote: [m[Kcandidate: â€˜[01m[Ktemplate<class T> BT::NodeBuilder BT::CreateBuilder(typename std::enable_if<((! std::is_constructible<T, const std::__cxx11::basic_string<char, std::char_traits<char>, std::allocator<char> >&>::value) && std::is_constructible<T, const std::__cxx11::basic_string<char, std::char_traits<char>, std::allocator<char> >&, const BT::NodeConfiguration&>::value)>::type*)[m[Kâ€™
[8.439s]    59 | [01;36m[KCreateBuilder[m[K(typename std::enable_if<!has_default_constructor<T>::value &&
[8.439s]       | [01;36m[K^~~~~~~~~~~~~[m[K
[8.440s] [01m[K/opt/ros/humble/include/behaviortree_cpp_v3/bt_factory.h:59:1:[m[K [01;36m[Knote: [m[K  template argument deduction/substitution failed:
[8.440s] /opt/ros/humble/include/behaviortree_cpp_v3/bt_factory.h: In substitution of â€˜[01m[Ktemplate<class T> BT::NodeBuilder BT::CreateBuilder(typename std::enable_if<((! std::is_constructible<T, const std::__cxx11::basic_string<char, std::char_traits<char>, std::allocator<char> >&>::value) && std::is_constructible<T, const std::__cxx11::basic_string<char, std::char_traits<char>, std::allocator<char> >&, const BT::NodeConfiguration&>::value)>::type*) [with T = StopLineBehavior][m[Kâ€™:
[8.440s] [01m[K/opt/ros/humble/include/behaviortree_cpp_v3/bt_factory.h:418:60:[m[K   required from â€˜[01m[Kvoid BT::BehaviorTreeFactory::registerNodeType(const string&) [with T = StopLineBehavior; std::string = std::__cxx11::basic_string<char>][m[Kâ€™
[8.440s] [01m[K/Pav-S_ws/src/navigation2-humble/navigation_manager/src/stop_line_detection.cpp:202:47:[m[K   required from here
[8.440s] [01m[K/opt/ros/humble/include/behaviortree_cpp_v3/bt_factory.h:59:1:[m[K [01;31m[Kerror: [m[Kno type named â€˜[01m[Ktype[m[Kâ€™ in â€˜[01m[Kstruct std::enable_if<false, void>[m[Kâ€™
[8.440s] /opt/ros/humble/include/behaviortree_cpp_v3/bt_factory.h: In instantiation of â€˜[01m[Kvoid BT::BehaviorTreeFactory::registerNodeType(const string&) [with T = StopLineBehavior; std::string = std::__cxx11::basic_string<char>][m[Kâ€™:
[8.440s] [01m[K/Pav-S_ws/src/navigation2-humble/navigation_manager/src/stop_line_detection.cpp:202:47:[m[K   required from here
[8.440s] [01m[K/opt/ros/humble/include/behaviortree_cpp_v3/bt_factory.h:69:1:[m[K [01;36m[Knote: [m[Kcandidate: â€˜[01m[Ktemplate<class T> BT::NodeBuilder BT::CreateBuilder(typename std::enable_if<(std::is_constructible<T, const std::__cxx11::basic_string<char, std::char_traits<char>, std::allocator<char> >&>::value && (! std::is_constructible<T, const std::__cxx11::basic_string<char, std::char_traits<char>, std::allocator<char> >&, const BT::NodeConfiguration&>::value))>::type*)[m[Kâ€™
[8.441s]    69 | [01;36m[KCreateBuilder[m[K(typename std::enable_if<has_default_constructor<T>::value &&
[8.441s]       | [01;36m[K^~~~~~~~~~~~~[m[K
[8.441s] [01m[K/opt/ros/humble/include/behaviortree_cpp_v3/bt_factory.h:69:1:[m[K [01;36m[Knote: [m[K  template argument deduction/substitution failed:
[8.441s] /opt/ros/humble/include/behaviortree_cpp_v3/bt_factory.h: In substitution of â€˜[01m[Ktemplate<class T> BT::NodeBuilder BT::CreateBuilder(typename std::enable_if<(std::is_constructible<T, const std::__cxx11::basic_string<char, std::char_traits<char>, std::allocator<char> >&>::value && (! std::is_constructible<T, const std::__cxx11::basic_string<char, std::char_traits<char>, std::allocator<char> >&, const BT::NodeConfiguration&>::value))>::type*) [with T = StopLineBehavior][m[Kâ€™:
[8.441s] [01m[K/opt/ros/humble/include/behaviortree_cpp_v3/bt_factory.h:418:60:[m[K   required from â€˜[01m[Kvoid BT::BehaviorTreeFactory::registerNodeType(const string&) [with T = StopLineBehavior; std::string = std::__cxx11::basic_string<char>][m[Kâ€™
[8.441s] [01m[K/Pav-S_ws/src/navigation2-humble/navigation_manager/src/stop_line_detection.cpp:202:47:[m[K   required from here
[8.441s] [01m[K/opt/ros/humble/include/behaviortree_cpp_v3/bt_factory.h:69:1:[m[K [01;31m[Kerror: [m[Kno type named â€˜[01m[Ktype[m[Kâ€™ in â€˜[01m[Kstruct std::enable_if<false, void>[m[Kâ€™
[9.082s] [01m[K/Pav-S_ws/src/navigation2-humble/navigation_manager/src/cruise_perception_navigator.cpp:257:17:[m[K [01;31m[Kerror: [m[KISO C++ forbids declaration of â€˜[01m[KhandleTrafficLight[m[Kâ€™ with no type [[01;31m[K]8;;https://gcc.gnu.org/onlinedocs/gcc/Warning-Options.html#index-fpermissive-fpermissive]8;;[m[K]
[9.082s]   257 |                 [01;31m[KhandleTrafficLight[m[K(const std_msgs::msg::String::SharedPtr msg)
[9.082s]       |                 [01;31m[K^~~~~~~~~~~~~~~~~~[m[K
[9.194s] [01m[K/Pav-S_ws/src/navigation2-humble/navigation_manager/src/cruise_perception_navigator.cpp:[m[K In constructor â€˜[01m[KCruisePerceptionNavigator::CruisePerceptionNavigator()[m[Kâ€™:
[9.194s] [01m[K/Pav-S_ws/src/navigation2-humble/navigation_manager/src/cruise_perception_navigator.cpp:24:11:[m[K [01;31m[Kerror: [m[Kclass â€˜[01m[KCruisePerceptionNavigator[m[Kâ€™ does not have any field named â€˜[01m[Kbt_action_server_[m[Kâ€™
[9.194s]    24 |           [01;31m[Kbt_action_server_[m[K(std::make_shared<nav2_behavior_tree::BtActionServer<NavigateToPose>>(
[9.194s]       |           [01;31m[K^~~~~~~~~~~~~~~~~[m[K
[9.195s] In file included from [01m[K/usr/include/c++/11/pstl/glue_algorithm_defs.h:13[m[K,
[9.196s]                  from [01m[K/usr/include/c++/11/algorithm:74[m[K,
[9.196s]                  from [01m[K/opt/ros/humble/include/rclcpp/rclcpp/executor.hpp:18[m[K,
[9.196s]                  from [01m[K/opt/ros/humble/include/rclcpp/rclcpp/executors/multi_threaded_executor.hpp:25[m[K,
[9.196s]                  from [01m[K/opt/ros/humble/include/rclcpp/rclcpp/executors.hpp:21[m[K,
[9.196s]                  from [01m[K/opt/ros/humble/include/rclcpp/rclcpp/rclcpp.hpp:155[m[K,
[9.196s]                  from [01m[K/Pav-S_ws/src/navigation2-humble/navigation_manager/src/cruise_perception_navigator.cpp:6[m[K:
[9.196s] /usr/include/c++/11/functional: In instantiation of â€˜[01m[Kstruct std::_Bind_check_arity<void (CruisePerceptionNavigator::*)(), CruisePerceptionNavigator*, const std::_Placeholder<1>&>[m[Kâ€™:
[9.196s] [01m[K/usr/include/c++/11/functional:768:12:[m[K   required from â€˜[01m[Kstruct std::_Bind_helper<false, void (CruisePerceptionNavigator::*)(), CruisePerceptionNavigator*, const std::_Placeholder<1>&>[m[Kâ€™
[9.197s] [01m[K/usr/include/c++/11/functional:789:5:[m[K   required by substitution of â€˜[01m[Ktemplate<class _Func, class ... _BoundArgs> typename std::_Bind_helper<std::__is_socketlike<_Func>::value, _Func, _BoundArgs ...>::type std::bind(_Func&&, _BoundArgs&& ...) [with _Func = void (CruisePerceptionNavigator::*)(); _BoundArgs = {CruisePerceptionNavigator*, const std::_Placeholder<1>&}][m[Kâ€™
[9.197s] [01m[K/Pav-S_ws/src/navigation2-humble/navigation_manager/src/cruise_perception_navigator.cpp:27:26:[m[K   required from here
[9.197s] [01m[K/usr/include/c++/11/functional:756:21:[m[K [01;31m[Kerror: [m[Kstatic assertion failed: Wrong number of arguments for pointer-to-member
[9.197s]   755 |       static_assert(_Varargs::[01;31m[Kvalue[m[K
[9.197s]       |                               [01;31m[K~~~~~[m[K
[9.197s]   756 | [01;31m[K                    ? sizeof...(_BoundArgs) >= _Arity::value + 1[m[K
[9.197s]       |                     [01;31m[K^~~~~~~~~~~~~~~~~~~~~~~~~~~~~~~~~~~~~~~~~~~~[m[K
[9.197s]   757 | [01;31m[K                    : sizeof...(_BoundArgs) == _Arity::value + 1[m[K,
[9.197s]       |                     [01;31m[K~~~~~~~~~~~~~~~~~~~~~~~~~~~~~~~~~~~~~~~~~~~~[m[K
[9.198s] [01m[K/usr/include/c++/11/functional:756:21:[m[K [01;36m[Knote: [m[Kâ€˜[01m[K(false ? (2 >= (((long unsigned int)std::integral_constant<long unsigned int, 0>::value) + 1)) : (2 == (((long unsigned int)std::integral_constant<long unsigned int, 0>::value) + 1)))[m[Kâ€™ evaluates to false
[9.222s] [01m[K/Pav-S_ws/src/navigation2-humble/navigation_manager/src/cruise_perception_navigator.cpp:49:81:[m[K [01;31m[Kerror: [m[Kno matching function for call to â€˜[01m[KCruisePerceptionNavigator::create_publisher<geometry_msgs::msg::Twist>(const char [30])[m[Kâ€™
[9.222s]    49 |         navigation_adjustment_pub_ = [01;31m[Kcreate_publisher<geometry_msgs::msg::Twist>([m[K
[9.223s]       |                                      [01;31m[K~~~~~~~~~~~~~~~~~~~~~~~~~~~~~~~~~~~~~~~~~~~^[m[K
[9.223s]    50 | [01;31m[K            "/navigation/cruise_adjustment")[m[K;
[9.223s]       |             [01;31m[K~~~~~~~~~~~~~~~~~~~~~~~~~~~~~~~~[m[K                                     
[9.223s] In file included from [01m[K/opt/ros/humble/include/rclcpp/rclcpp/node.hpp:1321[m[K,
[9.223s]                  from [01m[K/opt/ros/humble/include/rclcpp/rclcpp/executors/single_threaded_executor.hpp:28[m[K,
[9.223s]                  from [01m[K/opt/ros/humble/include/rclcpp/rclcpp/executors.hpp:22[m[K,
[9.223s]                  from [01m[K/opt/ros/humble/include/rclcpp/rclcpp/rclcpp.hpp:155[m[K,
[9.223s]                  from [01m[K/Pav-S_ws/src/navigation2-humble/navigation_manager/src/cruise_perception_navigator.cpp:6[m[K:
[9.223s] [01m[K/opt/ros/humble/include/rclcpp/rclcpp/node_impl.hpp:73:1:[m[K [01;36m[Knote: [m[Kcandidate: â€˜[01m[Ktemplate<class MessageT, class AllocatorT, class PublisherT> std::shared_ptr<PublisherT> rclcpp::Node::create_publisher(const string&, const rclcpp::QoS&, const rclcpp::PublisherOptionsWithAllocator<AllocatorT>&)[m[Kâ€™
[9.224s]    73 | [01;36m[KNode[m[K::create_publisher(
[9.224s]       | [01;36m[K^~~~[m[K
[9.224s] [01m[K/opt/ros/humble/include/rclcpp/rclcpp/node_impl.hpp:73:1:[m[K [01;36m[Knote: [m[K  template argument deduction/substitution failed:
[9.224s] [01m[K/Pav-S_ws/src/navigation2-humble/navigation_manager/src/cruise_perception_navigator.cpp:49:81:[m[K [01;36m[Knote: [m[K  candidate expects 3 arguments, 1 provided
[9.224s]    49 |         navigation_adjustment_pub_ = [01;36m[Kcreate_publisher<geometry_msgs::msg::Twist>([m[K
[9.224s]       |                                      [01;36m[K~~~~~~~~~~~~~~~~~~~~~~~~~~~~~~~~~~~~~~~~~~~^[m[K
[9.224s]    50 | [01;36m[K            "/navigation/cruise_adjustment")[m[K;
[9.224s]       |             [01;36m[K~~~~~~~~~~~~~~~~~~~~~~~~~~~~~~~~[m[K                                     
[10.224s] [01m[K/Pav-S_ws/src/navigation2-humble/navigation_manager/src/cruise_perception_navigator.cpp:[m[K In member function â€˜[01m[Kvoid CruisePerceptionNavigator::executeCallback()[m[Kâ€™:
[10.224s] [01m[K/Pav-S_ws/src/navigation2-humble/navigation_manager/src/cruise_perception_navigator.cpp:104:24:[m[K [01;31m[Kerror: [m[Kâ€˜[01m[KgetCurrentRequest[m[Kâ€™ was not declared in this scope
[10.224s]   104 |         auto request = [01;31m[KgetCurrentRequest[m[K();
[10.225s]       |                        [01;31m[K^~~~~~~~~~~~~~~~~[m[K
[10.256s] [01m[K/Pav-S_ws/src/navigation2-humble/navigation_manager/src/cruise_perception_navigator.cpp:115:9:[m[K [01;31m[Kerror: [m[Kâ€˜[01m[KsetAsSucceeded[m[Kâ€™ was not declared in this scope
[10.256s]   115 |         [01;31m[KsetAsSucceeded[m[K(result);
[10.257s]       |         [01;31m[K^~~~~~~~~~~~~~[m[K
[10.283s] [01m[K/Pav-S_ws/src/navigation2-humble/navigation_manager/src/cruise_perception_navigator.cpp:[m[K In member function â€˜[01m[Kvoid CruisePerceptionNavigator::executeCruiseNavigation()[m[Kâ€™:
[10.283s] [01m[K/Pav-S_ws/src/navigation2-humble/navigation_manager/src/cruise_perception_navigator.cpp:120:33:[m[K [01;31m[Kerror: [m[Kâ€˜[01m[KisPreemptRequested[m[Kâ€™ was not declared in this scope
[10.283s]   120 |         while (rclcpp::ok() && ![01;31m[KisPreemptRequested[m[K()) {
[10.283s]       |                                 [01;31m[K^~~~~~~~~~~~~~~~~~[m[K
[10.294s] [01m[K/Pav-S_ws/src/navigation2-humble/navigation_manager/src/cruise_perception_navigator.cpp:[m[K In member function â€˜[01m[Kint CruisePerceptionNavigator::handleTrafficLight(std_msgs::msg::String_<std::allocator<void> >::SharedPtr)[m[Kâ€™:
[10.294s] [01m[K/Pav-S_ws/src/navigation2-humble/navigation_manager/src/cruise_perception_navigator.cpp:268:5:[m[K [01;35m[Kwarning: [m[Kno return statement in function returning non-void [[01;35m[K]8;;https://gcc.gnu.org/onlinedocs/gcc/Warning-Options.html#index-Wreturn-type-Wreturn-type]8;;[m[K]
[10.295s]   268 |     [01;35m[K}[m[K
[10.295s]       |     [01;35m[K^[m[K
[13.177s] In file included from [01m[K/usr/include/aarch64-linux-gnu/c++/11/bits/c++allocator.h:33[m[K,
[13.178s]                  from [01m[K/usr/include/c++/11/bits/allocator.h:46[m[K,
[13.178s]                  from [01m[K/usr/include/c++/11/memory:64[m[K,
[13.178s]                  from [01m[K/opt/ros/humble/include/rclcpp/rclcpp/rclcpp.hpp:153[m[K,
[13.178s]                  from [01m[K/Pav-S_ws/src/navigation2-humble/navigation_manager/src/cruise_perception_navigator.cpp:6[m[K:
[13.178s] /usr/include/c++/11/ext/new_allocator.h: In instantiation of â€˜[01m[Kvoid __gnu_cxx::new_allocator<_Tp>::construct(_Up*, _Args&& ...) [with _Up = nav2_behavior_tree::BtActionServer<nav2_msgs::action::NavigateToPose>; _Args = {CruisePerceptionNavigator*, const char (&)[28], std::_Bind<void (CruisePerceptionNavigator::*(CruisePerceptionNavigator*, std::_Placeholder<1>))()>}; _Tp = nav2_behavior_tree::BtActionServer<nav2_msgs::action::NavigateToPose>][m[Kâ€™:
[13.179s] [01m[K/usr/include/c++/11/bits/alloc_traits.h:516:17:[m[K   required from â€˜[01m[Kstatic void std::allocator_traits<std::allocator<_Tp1> >::construct(std::allocator_traits<std::allocator<_Tp1> >::allocator_type&, _Up*, _Args&& ...) [with _Up = nav2_behavior_tree::BtActionServer<nav2_msgs::action::NavigateToPose>; _Args = {CruisePerceptionNavigator*, const char (&)[28], std::_Bind<void (CruisePerceptionNavigator::*(CruisePerceptionNavigator*, std::_Placeholder<1>))()>}; _Tp = nav2_behavior_tree::BtActionServer<nav2_msgs::action::NavigateToPose>; std::allocator_traits<std::allocator<_Tp1> >::allocator_type = std::allocator<nav2_behavior_tree::BtActionServer<nav2_msgs::action::NavigateToPose> >][m[Kâ€™
[13.179s] [01m[K/usr/include/c++/11/bits/shared_ptr_base.h:519:39:[m[K   required from â€˜[01m[Kstd::_Sp_counted_ptr_inplace<_Tp, _Alloc, _Lp>::_Sp_counted_ptr_inplace(_Alloc, _Args&& ...) [with _Args = {CruisePerceptionNavigator*, const char (&)[28], std::_Bind<void (CruisePerceptionNavigator::*(CruisePerceptionNavigator*, std::_Placeholder<1>))()>}; _Tp = nav2_behavior_tree::BtActionServer<nav2_msgs::action::NavigateToPose>; _Alloc = std::allocator<nav2_behavior_tree::BtActionServer<nav2_msgs::action::NavigateToPose> >; __gnu_cxx::_Lock_policy _Lp = __gnu_cxx::_S_atomic][m[Kâ€™
[13.179s] [01m[K/usr/include/c++/11/bits/shared_ptr_base.h:650:16:[m[K   required from â€˜[01m[Kstd::__shared_count<_Lp>::__shared_count(_Tp*&, std::_Sp_alloc_shared_tag<_Alloc>, _Args&& ...) [with _Tp = nav2_behavior_tree::BtActionServer<nav2_msgs::action::NavigateToPose>; _Alloc = std::allocator<nav2_behavior_tree::BtActionServer<nav2_msgs::action::NavigateToPose> >; _Args = {CruisePerceptionNavigator*, const char (&)[28], std::_Bind<void (CruisePerceptionNavigator::*(CruisePerceptionNavigator*, std::_Placeholder<1>))()>}; __gnu_cxx::_Lock_policy _Lp = __gnu_cxx::_S_atomic][m[Kâ€™
[13.179s] [01m[K/usr/include/c++/11/bits/shared_ptr_base.h:1342:14:[m[K   required from â€˜[01m[Kstd::__shared_ptr<_Tp, _Lp>::__shared_ptr(std::_Sp_alloc_shared_tag<_Tp>, _Args&& ...) [with _Alloc = std::allocator<nav2_behavior_tree::BtActionServer<nav2_msgs::action::NavigateToPose> >; _Args = {CruisePerceptionNavigator*, const char (&)[28], std::_Bind<void (CruisePerceptionNavigator::*(CruisePerceptionNavigator*, std::_Placeholder<1>))()>}; _Tp = nav2_behavior_tree::BtActionServer<nav2_msgs::action::NavigateToPose>; __gnu_cxx::_Lock_policy _Lp = __gnu_cxx::_S_atomic][m[Kâ€™
[13.179s] [01m[K/usr/include/c++/11/bits/shared_ptr.h:409:59:[m[K   required from â€˜[01m[Kstd::shared_ptr<_Tp>::shared_ptr(std::_Sp_alloc_shared_tag<_Tp>, _Args&& ...) [with _Alloc = std::allocator<nav2_behavior_tree::BtActionServer<nav2_msgs::action::NavigateToPose> >; _Args = {CruisePerceptionNavigator*, const char (&)[28], std::_Bind<void (CruisePerceptionNavigator::*(CruisePerceptionNavigator*, std::_Placeholder<1>))()>}; _Tp = nav2_behavior_tree::BtActionServer<nav2_msgs::action::NavigateToPose>][m[Kâ€™
[13.179s] [01m[K/usr/include/c++/11/bits/shared_ptr.h:862:14:[m[K   required from â€˜[01m[Kstd::shared_ptr<_Tp> std::allocate_shared(const _Alloc&, _Args&& ...) [with _Tp = nav2_behavior_tree::BtActionServer<nav2_msgs::action::NavigateToPose>; _Alloc = std::allocator<nav2_behavior_tree::BtActionServer<nav2_msgs::action::NavigateToPose> >; _Args = {CruisePerceptionNavigator*, const char (&)[28], std::_Bind<void (CruisePerceptionNavigator::*(CruisePerceptionNavigator*, std::_Placeholder<1>))()>}][m[Kâ€™
[13.179s] [01m[K/usr/include/c++/11/bits/shared_ptr.h:878:39:[m[K   required from â€˜[01m[Kstd::shared_ptr<_Tp> std::make_shared(_Args&& ...) [with _Tp = nav2_behavior_tree::BtActionServer<nav2_msgs::action::NavigateToPose>; _Args = {CruisePerceptionNavigator*, const char (&)[28], std::_Bind<void (CruisePerceptionNavigator::*(CruisePerceptionNavigator*, std::_Placeholder<1>))()>}][m[Kâ€™
[13.179s] [01m[K/Pav-S_ws/src/navigation2-humble/navigation_manager/src/cruise_perception_navigator.cpp:24:97:[m[K   required from here
[13.180s] [01m[K/usr/include/c++/11/ext/new_allocator.h:162:11:[m[K [01;31m[Kerror: [m[Kno matching function for call to â€˜[01m[Knav2_behavior_tree::BtActionServer<nav2_msgs::action::NavigateToPose>::BtActionServer(CruisePerceptionNavigator*, const char [28], std::_Bind<void (CruisePerceptionNavigator::*(CruisePerceptionNavigator*, std::_Placeholder<1>))()>)[m[Kâ€™
[13.180s]   162 |         { [01;31m[K::new((void *)__p) _Up(std::forward<_Args>(__args)...)[m[K; }
[13.180s]       |           [01;31m[K^~~~~~~~~~~~~~~~~~~~~~~~~~~~~~~~~~~~~~~~~~~~~~~~~~~~~~[m[K
[13.180s] In file included from [01m[K/Pav-S_ws/install/nav2_behavior_tree/include/nav2_behavior_tree/bt_action_server.hpp:250[m[K,
[13.180s]                  from [01m[K/Pav-S_ws/src/navigation2-humble/navigation_manager/src/cruise_perception_navigator.cpp:13[m[K:
[13.180s] [01m[K/Pav-S_ws/install/nav2_behavior_tree/include/nav2_behavior_tree/bt_action_server_impl.hpp:34:1:[m[K [01;36m[Knote: [m[Kcandidate: â€˜[01m[Knav2_behavior_tree::BtActionServer<ActionT>::BtActionServer(const WeakPtr&, const string&, const std::vector<std::__cxx11::basic_string<char> >&, const string&, nav2_behavior_tree::BtActionServer<ActionT>::OnGoalReceivedCallback, nav2_behavior_tree::BtActionServer<ActionT>::OnLoopCallback, nav2_behavior_tree::BtActionServer<ActionT>::OnPreemptCallback, nav2_behavior_tree::BtActionServer<ActionT>::OnCompletionCallback) [with ActionT = nav2_msgs::action::NavigateToPose; rclcpp_lifecycle::LifecycleNode::WeakPtr = std::weak_ptr<rclcpp_lifecycle::LifecycleNode>; std::string = std::__cxx11::basic_string<char>; nav2_behavior_tree::BtActionServer<ActionT>::OnGoalReceivedCallback = std::function<bool(std::shared_ptr<const nav2_msgs::action::NavigateToPose_Goal_<std::allocator<void> > >)>; nav2_behavior_tree::BtActionServer<ActionT>::OnLoopCallback = std::function<void()>; nav2_behavior_tree::BtActionServer<ActionT>::OnPreemptCallback = std::function<void(std::shared_ptr<const nav2_msgs::action::NavigateToPose_Goal_<std::allocator<void> > >)>; nav2_behavior_tree::BtActionServer<ActionT>::OnCompletionCallback = std::function<void(std::shared_ptr<nav2_msgs::action::NavigateToPose_Result_<std::allocator<void> > >, nav2_behavior_tree::BtStatus)>][m[Kâ€™
[13.180s]    34 | [01;36m[KBtActionServer<ActionT>[m[K::BtActionServer(
[13.180s]       | [01;36m[K^~~~~~~~~~~~~~~~~~~~~~~[m[K
[13.181s] [01m[K/Pav-S_ws/install/nav2_behavior_tree/include/nav2_behavior_tree/bt_action_server_impl.hpp:34:1:[m[K [01;36m[Knote: [m[K  candidate expects 8 arguments, 3 provided
[15.327s] gmake[2]: *** [CMakeFiles/navigation_behavior_nodes.dir/build.make:76: CMakeFiles/navigation_behavior_nodes.dir/src/navigation_behavior_nodes.cpp.o] Error 1
[15.327s] gmake[1]: *** [CMakeFiles/Makefile2:221: CMakeFiles/navigation_behavior_nodes.dir/all] Error 2
[15.360s] gmake[2]: *** [CMakeFiles/stop_line_detection.dir/build.make:76: CMakeFiles/stop_line_detection.dir/src/stop_line_detection.cpp.o] Error 1
[15.361s] gmake[1]: *** [CMakeFiles/Makefile2:143: CMakeFiles/stop_line_detection.dir/all] Error 2
[17.329s] gmake[2]: *** [CMakeFiles/cruise_perception_navigator.dir/build.make:76: CMakeFiles/cruise_perception_navigator.dir/src/cruise_perception_navigator.cpp.o] Error 1
[17.329s] gmake[1]: *** [CMakeFiles/Makefile2:195: CMakeFiles/cruise_perception_navigator.dir/all] Error 2
[17.330s] gmake: *** [Makefile:146: all] Error 2
[17.337s] Invoked command in '/Pav-S_ws/build/navigation_manager' returned '2': CMAKE_PREFIX_PATH=/Pav-S_ws/install/nav2_msgs:/Pav-S_ws/install/nav2_common:/Pav-S_ws/install/nav2_behavior_tree:/Pav-S_ws/install/nav2_dwb_controller:/Pav-S_ws/install/nav2_controller:/Pav-S_ws/install/nav2_planner:/Pav-S_ws/install/dwb_plugins:/Pav-S_ws/install/dwb_critics:/Pav-S_ws/install/dwb_core:/Pav-S_ws/install/nav_2d_utils:/Pav-S_ws/install/nav2_core:/Pav-S_ws/install/costmap_queue:/Pav-S_ws/install/nav2_costmap_2d:/Pav-S_ws/install/nav2_map_server:/Pav-S_ws/install/nav2_lifecycle_manager:/ws_livox/install/pointcloud_to_laserscan:/ws_livox/install/livox_ros_driver2:/Pav-S_ws/install/wheeltec_robot_urdf:/Pav-S_ws/install/turn_on_wheeltec_robot:/Pav-S_ws/install/wheeltec_robot_msg:/Pav-S_ws/install/usb_cam:/Pav-S_ws/install/serial:/Pav-S_ws/install/robot_kcf:/Pav-S_ws/install/dwb_msgs:/Pav-S_ws/install/nav_2d_msgs:/Pav-S_ws/install/nav2_voxel_grid:/Pav-S_ws/install/nav2_util:/Pav-S_ws/install/libuvc:/Pav-S_ws/install/fast_lio:/Pav-S_ws/install/astra_camera:/Pav-S_ws/install/astra_camera_msgs:/Pav-S_ws/install/yolo_detector:/Pav-S_ws/install/yolov5_lib:/Pav-S_ws/install/nav2_simple_commander:/opt/ros/humble LD_LIBRARY_PATH=/Pav-S_ws/install/nav2_msgs/lib:/Pav-S_ws/install/nav2_behavior_tree/lib:/Pav-S_ws/install/nav2_controller/lib:/Pav-S_ws/install/nav2_planner/lib:/Pav-S_ws/install/dwb_plugins/lib:/Pav-S_ws/install/dwb_critics/lib:/Pav-S_ws/install/dwb_core/lib:/Pav-S_ws/install/nav_2d_utils/lib:/Pav-S_ws/install/costmap_queue/lib:/Pav-S_ws/install/nav2_costmap_2d/lib:/Pav-S_ws/install/nav2_map_server/lib:/Pav-S_ws/install/nav2_lifecycle_manager/lib:/usr/local/cuda-12.2/lib64:/ws_livox/install/pointcloud_to_laserscan/lib:/ws_livox/install/livox_ros_driver2/lib:/Pav-S_ws/install/turn_on_wheeltec_robot/lib:/Pav-S_ws/install/wheeltec_robot_msg/lib:/Pav-S_ws/install/usb_cam/lib:/Pav-S_ws/install/serial/lib:/Pav-S_ws/install/dwb_msgs/lib:/Pav-S_ws/install/nav_2d_msgs/lib:/Pav-S_ws/install/nav2_voxel_grid/lib:/Pav-S_ws/install/nav2_util/lib:/Pav-S_ws/install/libuvc/lib:/Pav-S_ws/install/fast_lio/lib:/Pav-S_ws/install/astra_camera/lib:/Pav-S_ws/install/astra_camera_msgs/lib:/opt/ros/humble/opt/rviz_ogre_vendor/lib:/opt/ros/humble/lib/aarch64-linux-gnu:/opt/ros/humble/lib:/usr/local/cuda-12.2/lib64 /usr/bin/cmake --build /Pav-S_ws/build/navigation_manager -- -j6 -l6
